

================================================================
== Vitis HLS Report for 'ConvertWidthC'
================================================================
* Date:           Mon Nov 11 16:40:26 2024

* Version:        2024.1 (Build 5069499 on May 21 2024)
* Project:        MatrixMultiplication
* Solution:       xcu250-figd2104-2L-e (Vitis Kernel Flow Target)
* Product family: virtexuplus
* Target device:  xcu250-figd2104-2L-e


================================================================
== Performance Estimates
================================================================
+ Timing: 
    * Summary: 
    +--------+----------+----------+------------+
    |  Clock |  Target  | Estimated| Uncertainty|
    +--------+----------+----------+------------+
    |ap_clk  |  10.00 ns|  4.681 ns|     2.70 ns|
    +--------+----------+----------+------------+

+ Latency: 
    * Summary: 
    +---------+---------+----------+----------+-----+-----+---------+
    |  Latency (cycles) |  Latency (absolute) |  Interval | Pipeline|
    |   min   |   max   |    min   |    max   | min | max |   Type  |
    +---------+---------+----------+----------+-----+-----+---------+
    |        ?|        ?|         ?|         ?|    ?|    ?|       no|
    +---------+---------+----------+----------+-----+-----+---------+

    + Detail: 
        * Instance: 
        N/A

        * Loop: 
        N/A

============================================================
+ Verbose Summary: Synthesis Manager
============================================================
InlineROM: 1
ExposeGlobal: 0
============================================================
+ Verbose Summary: CDFG Model
============================================================
IsTopModel: 0
ResetActiveHigh: 1
IsCombinational: 2
IsDatapathOnly: 0
HasWiredReturn: 1
HasMFsm: 0
HasVarLatency: 1
IsPipeline: 0
IsRtlPipelined: 0
IsInstanceOverlapped: 0
IsDontTouch: 0
HasImplIP: 0
IsGatedGlobalClock: 0


============================================================
+ Verbose Summary: Schedule
============================================================
* Number of FSM states : 3
* Pipeline : 0
* Dataflow Pipeline: 0

* FSM state transitions: 
1 --> 2 
2 --> 3 
3 --> 

* FSM state operations: 

State 1 <SV = 0> <Delay = 2.79>
ST_1 : Operation 4 [1/1] (1.39ns)   --->   "%size_m_read = read i32 @_ssdm_op_Read.ap_fifo.i32P0A, i32 %size_m"   --->   Operation 4 'read' 'size_m_read' <Predicate = true> <Delay = 1.39> <CoreInst = "FIFO_SRL">   --->   Core 80 'FIFO_SRL' <Latency = 0> <II = 1> <Delay = 1.39> <Storage> <Opcode : 'read' 'write' 'nbread' 'nbwrite'> <Ports = 0> <Width = 32> <Depth = 2> <FIFO>
ST_1 : Operation 5 [1/1] (1.39ns)   --->   "%write_ln0 = write void @_ssdm_op_Write.ap_fifo.i32P0A, i32 %size_m_c, i32 %size_m_read"   --->   Operation 5 'write' 'write_ln0' <Predicate = true> <Delay = 1.39> <CoreInst = "FIFO_SRL">   --->   Core 80 'FIFO_SRL' <Latency = 0> <II = 1> <Delay = 1.39> <Storage> <Opcode : 'read' 'write' 'nbread' 'nbwrite'> <Ports = 0> <Width = 32> <Depth = 2> <FIFO>
ST_1 : Operation 6 [1/1] (1.39ns)   --->   "%size_n_read = read i32 @_ssdm_op_Read.ap_fifo.i32P0A, i32 %size_n"   --->   Operation 6 'read' 'size_n_read' <Predicate = true> <Delay = 1.39> <CoreInst = "FIFO_SRL">   --->   Core 80 'FIFO_SRL' <Latency = 0> <II = 1> <Delay = 1.39> <Storage> <Opcode : 'read' 'write' 'nbread' 'nbwrite'> <Ports = 0> <Width = 32> <Depth = 2> <FIFO>
ST_1 : Operation 7 [1/1] (1.39ns)   --->   "%write_ln0 = write void @_ssdm_op_Write.ap_fifo.i32P0A, i32 %size_n_c, i32 %size_n_read"   --->   Operation 7 'write' 'write_ln0' <Predicate = true> <Delay = 1.39> <CoreInst = "FIFO_SRL">   --->   Core 80 'FIFO_SRL' <Latency = 0> <II = 1> <Delay = 1.39> <Storage> <Opcode : 'read' 'write' 'nbread' 'nbwrite'> <Ports = 0> <Width = 32> <Depth = 2> <FIFO>
ST_1 : Operation 8 [1/1] (0.00ns)   --->   "%size_n_cast = zext i32 %size_n_read"   --->   Operation 8 'zext' 'size_n_cast' <Predicate = true> <Delay = 0.00>
ST_1 : Operation 9 [1/1] (0.88ns)   --->   "%sub_i = add i33 %size_n_cast, i33 511"   --->   Operation 9 'add' 'sub_i' <Predicate = true> <Delay = 0.88> <CoreInst = "Adder">   --->   Core 1 'Adder' <Latency = 0> <II = 1> <Delay = 0.88> <FuncUnit> <Opcode : 'add' 'sub'> <InPorts = 2> <OutPorts = 1>
ST_1 : Operation 10 [1/1] (0.00ns)   --->   "%tmp_s = partselect i24 @_ssdm_op_PartSelect.i24.i33.i32.i32, i33 %sub_i, i32 9, i32 32"   --->   Operation 10 'partselect' 'tmp_s' <Predicate = true> <Delay = 0.00>
ST_1 : Operation 11 [1/1] (0.00ns)   --->   "%size_m_cast = zext i32 %size_m_read"   --->   Operation 11 'zext' 'size_m_cast' <Predicate = true> <Delay = 0.00>
ST_1 : Operation 12 [1/1] (0.88ns)   --->   "%sub_i2 = add i33 %size_m_cast, i33 511"   --->   Operation 12 'add' 'sub_i2' <Predicate = true> <Delay = 0.88> <CoreInst = "Adder">   --->   Core 1 'Adder' <Latency = 0> <II = 1> <Delay = 0.88> <FuncUnit> <Opcode : 'add' 'sub'> <InPorts = 2> <OutPorts = 1>
ST_1 : Operation 13 [1/1] (0.00ns)   --->   "%tmp_455 = partselect i24 @_ssdm_op_PartSelect.i24.i33.i32.i32, i33 %sub_i2, i32 9, i32 32"   --->   Operation 13 'partselect' 'tmp_455' <Predicate = true> <Delay = 0.00>

State 2 <SV = 1> <Delay = 3.14>
ST_2 : Operation 14 [1/1] (0.00ns)   --->   "%div_i = bitconcatenate i33 @_ssdm_op_BitConcatenate.i33.i24.i9, i24 %tmp_s, i9 0"   --->   Operation 14 'bitconcatenate' 'div_i' <Predicate = true> <Delay = 0.00>
ST_2 : Operation 15 [1/1] (0.00ns)   --->   "%tmp_456 = bitconcatenate i30 @_ssdm_op_BitConcatenate.i30.i24.i6, i24 %tmp_455, i6 0"   --->   Operation 15 'bitconcatenate' 'tmp_456' <Predicate = true> <Delay = 0.00>
ST_2 : Operation 16 [1/1] (0.00ns)   --->   "%div_i_cast = zext i33 %div_i"   --->   Operation 16 'zext' 'div_i_cast' <Predicate = true> <Delay = 0.00>
ST_2 : Operation 17 [1/1] (0.00ns)   --->   "%tmp_543_cast = zext i30 %tmp_456"   --->   Operation 17 'zext' 'tmp_543_cast' <Predicate = true> <Delay = 0.00>
ST_2 : Operation 18 [1/1] (3.14ns)   --->   "%bound4 = mul i63 %div_i_cast, i63 %tmp_543_cast"   --->   Operation 18 'mul' 'bound4' <Predicate = true> <Delay = 3.14> <CoreInst = "Multiplier">   --->   Core 3 'Multiplier' <Latency = 0> <II = 1> <Delay = 3.14> <FuncUnit> <Opcode : 'mul'> <InPorts = 2> <OutPorts = 1>
ST_2 : Operation 19 [1/1] (0.00ns)   --->   "%empty = wait i32 @_ssdm_op_Wait"   --->   Operation 19 'wait' 'empty' <Predicate = true> <Delay = 0.00>
ST_2 : Operation 20 [2/2] (0.00ns)   --->   "%call_ln0 = call void @ConvertWidthC_Pipeline_ConvertWidthC_N_ConvertWidthC_M_VITIS_LOOP_339_1, i63 %bound4, i30 %tmp_456, i256 %cPipes_0, i512 %cMemory"   --->   Operation 20 'call' 'call_ln0' <Predicate = true> <Delay = 0.00> <CoreType = "Generic">   --->   Core 0 '' <Latency = 0> <II = 1> <Delay = 1.00> <Generic> <Opcode : >

State 3 <SV = 2> <Delay = 1.52>
ST_3 : Operation 21 [1/1] (0.00ns)   --->   "%specinterface_ln0 = specinterface void @_ssdm_op_SpecInterface, i32 %size_m, void @ap_fifo_str, i32 0, i32 0, void @p_str, i32 0, i32 0, void @p_str, void @p_str, void @p_str, i32 2, i32 2, i32 16, i32 16, void @p_str, void @ScalarProp_str, i32 4294967295, i32 0, i32 0"   --->   Operation 21 'specinterface' 'specinterface_ln0' <Predicate = true> <Delay = 0.00>
ST_3 : Operation 22 [1/1] (0.00ns)   --->   "%specinterface_ln0 = specinterface void @_ssdm_op_SpecInterface, i32 %size_m_c, void @ap_fifo_str, i32 0, i32 0, void @p_str, i32 0, i32 0, void @p_str, void @p_str, void @p_str, i32 2, i32 2, i32 16, i32 16, void @p_str, void @ScalarProp_str, i32 4294967295, i32 0, i32 0"   --->   Operation 22 'specinterface' 'specinterface_ln0' <Predicate = true> <Delay = 0.00>
ST_3 : Operation 23 [1/1] (0.00ns)   --->   "%specinterface_ln0 = specinterface void @_ssdm_op_SpecInterface, i32 %size_n, void @ap_fifo_str, i32 0, i32 0, void @p_str, i32 0, i32 0, void @p_str, void @p_str, void @p_str, i32 2, i32 2, i32 16, i32 16, void @p_str, void @ScalarProp_str, i32 4294967295, i32 0, i32 0"   --->   Operation 23 'specinterface' 'specinterface_ln0' <Predicate = true> <Delay = 0.00>
ST_3 : Operation 24 [1/1] (0.00ns)   --->   "%specinterface_ln0 = specinterface void @_ssdm_op_SpecInterface, i32 %size_n_c, void @ap_fifo_str, i32 0, i32 0, void @p_str, i32 0, i32 0, void @p_str, void @p_str, void @p_str, i32 2, i32 2, i32 16, i32 16, void @p_str, void @ScalarProp_str, i32 4294967295, i32 0, i32 0"   --->   Operation 24 'specinterface' 'specinterface_ln0' <Predicate = true> <Delay = 0.00>
ST_3 : Operation 25 [1/1] (0.00ns)   --->   "%specinterface_ln0 = specinterface void @_ssdm_op_SpecInterface, i512 %cMemory, void @empty_16, i32 0, i32 0, void @empty_24, i32 0, i32 0, void @empty_24, void @empty_24, void @empty_24, i32 0, i32 0, i32 0, i32 0, void @empty_24, void @empty_24, i32 4294967295, i32 0, i32 0"   --->   Operation 25 'specinterface' 'specinterface_ln0' <Predicate = true> <Delay = 0.00>
ST_3 : Operation 26 [1/1] (0.00ns)   --->   "%specinterface_ln0 = specinterface void @_ssdm_op_SpecInterface, i256 %cPipes_0, void @empty_16, i32 0, i32 0, void @empty_24, i32 0, i32 0, void @empty_24, void @empty_24, void @empty_24, i32 0, i32 0, i32 0, i32 0, void @empty_24, void @empty_24, i32 4294967295, i32 0, i32 0"   --->   Operation 26 'specinterface' 'specinterface_ln0' <Predicate = true> <Delay = 0.00>
ST_3 : Operation 27 [1/2] (1.52ns)   --->   "%call_ln0 = call void @ConvertWidthC_Pipeline_ConvertWidthC_N_ConvertWidthC_M_VITIS_LOOP_339_1, i63 %bound4, i30 %tmp_456, i256 %cPipes_0, i512 %cMemory"   --->   Operation 27 'call' 'call_ln0' <Predicate = true> <Delay = 1.52> <CoreType = "Generic">   --->   Core 0 '' <Latency = 0> <II = 1> <Delay = 1.00> <Generic> <Opcode : >
ST_3 : Operation 28 [1/1] (0.00ns)   --->   "%ret_ln359 = ret" [../kernel/Memory.cpp:359]   --->   Operation 28 'ret' 'ret_ln359' <Predicate = true> <Delay = 0.00>


============================================================
+ Verbose Summary: Timing violations
============================================================
Target clock period: 10.000ns, clock uncertainty: 2.700ns.

 <State 1>: 2.796ns
The critical path consists of the following:
	fifo read operation ('size_m_read') on port 'size_m' [8]  (1.398 ns)
	fifo write operation ('write_ln0') on port 'size_m_c' [10]  (1.398 ns)

 <State 2>: 3.145ns
The critical path consists of the following:
	'mul' operation 63 bit ('bound4') [27]  (3.145 ns)

 <State 3>: 1.521ns
The critical path consists of the following:
	'call' operation 0 bit ('call_ln0') to 'ConvertWidthC_Pipeline_ConvertWidthC_N_ConvertWidthC_M_VITIS_LOOP_339_1' [29]  (1.521 ns)


============================================================
+ Verbose Summary: Binding
============================================================
N/A
* FSMD analyzer results:
  - Output states:
 - Input state : 
  - Chain level:
	State 1
	State 2
	State 3


============================================================
+ Verbose Summary: Datapath Resource usage 
============================================================
N/A
