

================================================================
== Vitis HLS Report for 'ConvertWidthB'
================================================================
* Date:           Mon Nov 11 16:39:24 2024

* Version:        2024.1 (Build 5069499 on May 21 2024)
* Project:        MatrixMultiplication
* Solution:       xcu250-figd2104-2L-e (Vitis Kernel Flow Target)
* Product family: virtexuplus
* Target device:  xcu250-figd2104-2L-e


================================================================
== Performance Estimates
================================================================
+ Timing: 
    * Summary: 
    +--------+----------+----------+------------+
    |  Clock |  Target  | Estimated| Uncertainty|
    +--------+----------+----------+------------+
    |ap_clk  |  10.00 ns|  5.448 ns|     2.70 ns|
    +--------+----------+----------+------------+

+ Latency: 
    * Summary: 
    +---------+---------+----------+----------+-----+-----+---------+
    |  Latency (cycles) |  Latency (absolute) |  Interval | Pipeline|
    |   min   |   max   |    min   |    max   | min | max |   Type  |
    +---------+---------+----------+----------+-----+-----+---------+
    |        ?|        ?|         ?|         ?|    ?|    ?|       no|
    +---------+---------+----------+----------+-----+-----+---------+

    + Detail: 
        * Instance: 
        N/A

        * Loop: 
        N/A

============================================================
+ Verbose Summary: Synthesis Manager
============================================================
InlineROM: 1
ExposeGlobal: 0
============================================================
+ Verbose Summary: CDFG Model
============================================================
IsTopModel: 0
ResetActiveHigh: 1
IsCombinational: 2
IsDatapathOnly: 0
HasWiredReturn: 1
HasMFsm: 0
HasVarLatency: 1
IsPipeline: 0
IsRtlPipelined: 0
IsInstanceOverlapped: 0
IsDontTouch: 0
HasImplIP: 0
IsGatedGlobalClock: 0


============================================================
+ Verbose Summary: Schedule
============================================================
* Number of FSM states : 3
* Pipeline : 0
* Dataflow Pipeline: 0

* FSM state transitions: 
1 --> 2 
2 --> 3 
3 --> 

* FSM state operations: 

State 1 <SV = 0> <Delay = 5.44>
ST_1 : Operation 4 [1/1] (1.39ns)   --->   "%size_m_6 = read i32 @_ssdm_op_Read.ap_fifo.i32P0A, i32 %size_m"   --->   Operation 4 'read' 'size_m_6' <Predicate = true> <Delay = 1.39> <CoreInst = "FIFO_SRL">   --->   Core 80 'FIFO_SRL' <Latency = 0> <II = 1> <Delay = 1.39> <Storage> <Opcode : 'read' 'write' 'nbread' 'nbwrite'> <Ports = 0> <Width = 32> <Depth = 2> <FIFO>
ST_1 : Operation 5 [1/1] (1.39ns)   --->   "%write_ln0 = write void @_ssdm_op_Write.ap_fifo.i32P0A, i32 %size_m_c11, i32 %size_m_6"   --->   Operation 5 'write' 'write_ln0' <Predicate = true> <Delay = 1.39> <CoreInst = "FIFO_SRL">   --->   Core 80 'FIFO_SRL' <Latency = 0> <II = 1> <Delay = 1.39> <Storage> <Opcode : 'read' 'write' 'nbread' 'nbwrite'> <Ports = 0> <Width = 32> <Depth = 2> <FIFO>
ST_1 : Operation 6 [1/1] (1.39ns)   --->   "%size_k_3 = read i32 @_ssdm_op_Read.ap_fifo.i32P0A, i32 %size_k"   --->   Operation 6 'read' 'size_k_3' <Predicate = true> <Delay = 1.39> <CoreInst = "FIFO_SRL">   --->   Core 80 'FIFO_SRL' <Latency = 0> <II = 1> <Delay = 1.39> <Storage> <Opcode : 'read' 'write' 'nbread' 'nbwrite'> <Ports = 0> <Width = 32> <Depth = 2> <FIFO>
ST_1 : Operation 7 [1/1] (1.39ns)   --->   "%write_ln0 = write void @_ssdm_op_Write.ap_fifo.i32P0A, i32 %size_k_c6, i32 %size_k_3"   --->   Operation 7 'write' 'write_ln0' <Predicate = true> <Delay = 1.39> <CoreInst = "FIFO_SRL">   --->   Core 80 'FIFO_SRL' <Latency = 0> <II = 1> <Delay = 1.39> <Storage> <Opcode : 'read' 'write' 'nbread' 'nbwrite'> <Ports = 0> <Width = 32> <Depth = 2> <FIFO>
ST_1 : Operation 8 [1/1] (1.39ns)   --->   "%size_n_6 = read i32 @_ssdm_op_Read.ap_fifo.i32P0A, i32 %size_n"   --->   Operation 8 'read' 'size_n_6' <Predicate = true> <Delay = 1.39> <CoreInst = "FIFO_SRL">   --->   Core 80 'FIFO_SRL' <Latency = 0> <II = 1> <Delay = 1.39> <Storage> <Opcode : 'read' 'write' 'nbread' 'nbwrite'> <Ports = 0> <Width = 32> <Depth = 2> <FIFO>
ST_1 : Operation 9 [1/1] (1.39ns)   --->   "%write_ln0 = write void @_ssdm_op_Write.ap_fifo.i32P0A, i32 %size_n_c3, i32 %size_n_6"   --->   Operation 9 'write' 'write_ln0' <Predicate = true> <Delay = 1.39> <CoreInst = "FIFO_SRL">   --->   Core 80 'FIFO_SRL' <Latency = 0> <II = 1> <Delay = 1.39> <Storage> <Opcode : 'read' 'write' 'nbread' 'nbwrite'> <Ports = 0> <Width = 32> <Depth = 2> <FIFO>
ST_1 : Operation 10 [1/1] (0.00ns)   --->   "%zext_ln111 = zext i32 %size_n_6" [/home/minghe/gemm_hls/include/MatrixMultiplication.h:111->/home/minghe/gemm_hls/include/MatrixMultiplication.h:131->../kernel/Memory.cpp:294]   --->   Operation 10 'zext' 'zext_ln111' <Predicate = true> <Delay = 0.00>
ST_1 : Operation 11 [1/1] (0.88ns)   --->   "%add_ln111 = add i33 %zext_ln111, i33 511" [/home/minghe/gemm_hls/include/MatrixMultiplication.h:111->/home/minghe/gemm_hls/include/MatrixMultiplication.h:131->../kernel/Memory.cpp:294]   --->   Operation 11 'add' 'add_ln111' <Predicate = true> <Delay = 0.88> <CoreInst = "Adder">   --->   Core 1 'Adder' <Latency = 0> <II = 1> <Delay = 0.88> <FuncUnit> <Opcode : 'add' 'sub'> <InPorts = 2> <OutPorts = 1>
ST_1 : Operation 12 [1/1] (0.00ns)   --->   "%lshr_ln = partselect i24 @_ssdm_op_PartSelect.i24.i33.i32.i32, i33 %add_ln111, i32 9, i32 32" [/home/minghe/gemm_hls/include/MatrixMultiplication.h:111->/home/minghe/gemm_hls/include/MatrixMultiplication.h:131->../kernel/Memory.cpp:294]   --->   Operation 12 'partselect' 'lshr_ln' <Predicate = true> <Delay = 0.00>
ST_1 : Operation 13 [1/1] (0.00ns)   --->   "%zext_ln116 = zext i32 %size_m_6" [/home/minghe/gemm_hls/include/MatrixMultiplication.h:116->/home/minghe/gemm_hls/include/MatrixMultiplication.h:131->../kernel/Memory.cpp:294]   --->   Operation 13 'zext' 'zext_ln116' <Predicate = true> <Delay = 0.00>
ST_1 : Operation 14 [1/1] (0.88ns)   --->   "%add_ln116 = add i33 %zext_ln116, i33 511" [/home/minghe/gemm_hls/include/MatrixMultiplication.h:116->/home/minghe/gemm_hls/include/MatrixMultiplication.h:131->../kernel/Memory.cpp:294]   --->   Operation 14 'add' 'add_ln116' <Predicate = true> <Delay = 0.88> <CoreInst = "Adder">   --->   Core 1 'Adder' <Latency = 0> <II = 1> <Delay = 0.88> <FuncUnit> <Opcode : 'add' 'sub'> <InPorts = 2> <OutPorts = 1>
ST_1 : Operation 15 [1/1] (0.00ns)   --->   "%lshr_ln3 = partselect i24 @_ssdm_op_PartSelect.i24.i33.i32.i32, i33 %add_ln116, i32 9, i32 32" [/home/minghe/gemm_hls/include/MatrixMultiplication.h:116->/home/minghe/gemm_hls/include/MatrixMultiplication.h:131->../kernel/Memory.cpp:294]   --->   Operation 15 'partselect' 'lshr_ln3' <Predicate = true> <Delay = 0.00>
ST_1 : Operation 16 [1/1] (0.00ns)   --->   "%zext_ln132_2 = zext i24 %lshr_ln3" [/home/minghe/gemm_hls/include/MatrixMultiplication.h:132->../kernel/Memory.cpp:294]   --->   Operation 16 'zext' 'zext_ln132_2' <Predicate = true> <Delay = 0.00>
ST_1 : Operation 17 [1/1] (0.00ns)   --->   "%zext_ln132 = zext i32 %size_k_3" [/home/minghe/gemm_hls/include/MatrixMultiplication.h:132->../kernel/Memory.cpp:294]   --->   Operation 17 'zext' 'zext_ln132' <Predicate = true> <Delay = 0.00>
ST_1 : Operation 18 [1/1] (3.17ns)   --->   "%mul_ln132 = mul i55 %zext_ln132_2, i55 %zext_ln132" [/home/minghe/gemm_hls/include/MatrixMultiplication.h:132->../kernel/Memory.cpp:294]   --->   Operation 18 'mul' 'mul_ln132' <Predicate = true> <Delay = 3.17> <CoreInst = "Multiplier">   --->   Core 3 'Multiplier' <Latency = 0> <II = 1> <Delay = 3.17> <FuncUnit> <Opcode : 'mul'> <InPorts = 2> <OutPorts = 1>

State 2 <SV = 1> <Delay = 3.79>
ST_2 : Operation 19 [1/1] (0.00ns)   --->   "%zext_ln132_1 = zext i24 %lshr_ln" [/home/minghe/gemm_hls/include/MatrixMultiplication.h:132->../kernel/Memory.cpp:294]   --->   Operation 19 'zext' 'zext_ln132_1' <Predicate = true> <Delay = 0.00>
ST_2 : Operation 20 [1/1] (3.79ns)   --->   "%mul_ln132_1 = mul i55 %mul_ln132, i55 %zext_ln132_1" [/home/minghe/gemm_hls/include/MatrixMultiplication.h:132->../kernel/Memory.cpp:294]   --->   Operation 20 'mul' 'mul_ln132_1' <Predicate = true> <Delay = 3.79> <CoreInst = "Multiplier">   --->   Core 3 'Multiplier' <Latency = 0> <II = 1> <Delay = 3.79> <FuncUnit> <Opcode : 'mul'> <InPorts = 2> <OutPorts = 1>
ST_2 : Operation 21 [1/1] (0.00ns)   --->   "%tmp_s = bitconcatenate i61 @_ssdm_op_BitConcatenate.i61.i55.i6, i55 %mul_ln132_1, i6 0" [/home/minghe/gemm_hls/include/MatrixMultiplication.h:132->../kernel/Memory.cpp:294]   --->   Operation 21 'bitconcatenate' 'tmp_s' <Predicate = true> <Delay = 0.00>
ST_2 : Operation 22 [1/1] (0.00ns)   --->   "%empty = wait i32 @_ssdm_op_Wait"   --->   Operation 22 'wait' 'empty' <Predicate = true> <Delay = 0.00>
ST_2 : Operation 23 [2/2] (0.00ns)   --->   "%call_ln132 = call void @ConvertWidthB_Pipeline_ConvertWidthB_Outer_ConvertWidthB_Memory, i61 %tmp_s, i256 %bFeed, i512 %bMemory" [/home/minghe/gemm_hls/include/MatrixMultiplication.h:132->../kernel/Memory.cpp:294]   --->   Operation 23 'call' 'call_ln132' <Predicate = true> <Delay = 0.00> <CoreType = "Generic">   --->   Core 0 '' <Latency = 0> <II = 1> <Delay = 1.00> <Generic> <Opcode : >

State 3 <SV = 2> <Delay = 0.00>
ST_3 : Operation 24 [1/1] (0.00ns)   --->   "%specinterface_ln0 = specinterface void @_ssdm_op_SpecInterface, i32 %size_m, void @ap_fifo_str, i32 0, i32 0, void @p_str, i32 0, i32 0, void @p_str, void @p_str, void @p_str, i32 2, i32 2, i32 16, i32 16, void @p_str, void @ScalarProp_str, i32 4294967295, i32 0, i32 0"   --->   Operation 24 'specinterface' 'specinterface_ln0' <Predicate = true> <Delay = 0.00>
ST_3 : Operation 25 [1/1] (0.00ns)   --->   "%specinterface_ln0 = specinterface void @_ssdm_op_SpecInterface, i32 %size_m_c11, void @ap_fifo_str, i32 0, i32 0, void @p_str, i32 0, i32 0, void @p_str, void @p_str, void @p_str, i32 2, i32 2, i32 16, i32 16, void @p_str, void @ScalarProp_str, i32 4294967295, i32 0, i32 0"   --->   Operation 25 'specinterface' 'specinterface_ln0' <Predicate = true> <Delay = 0.00>
ST_3 : Operation 26 [1/1] (0.00ns)   --->   "%specinterface_ln0 = specinterface void @_ssdm_op_SpecInterface, i32 %size_k, void @ap_fifo_str, i32 0, i32 0, void @p_str, i32 0, i32 0, void @p_str, void @p_str, void @p_str, i32 2, i32 2, i32 16, i32 16, void @p_str, void @ScalarProp_str, i32 4294967295, i32 0, i32 0"   --->   Operation 26 'specinterface' 'specinterface_ln0' <Predicate = true> <Delay = 0.00>
ST_3 : Operation 27 [1/1] (0.00ns)   --->   "%specinterface_ln0 = specinterface void @_ssdm_op_SpecInterface, i32 %size_k_c6, void @ap_fifo_str, i32 0, i32 0, void @p_str, i32 0, i32 0, void @p_str, void @p_str, void @p_str, i32 2, i32 2, i32 16, i32 16, void @p_str, void @ScalarProp_str, i32 4294967295, i32 0, i32 0"   --->   Operation 27 'specinterface' 'specinterface_ln0' <Predicate = true> <Delay = 0.00>
ST_3 : Operation 28 [1/1] (0.00ns)   --->   "%specinterface_ln0 = specinterface void @_ssdm_op_SpecInterface, i32 %size_n, void @ap_fifo_str, i32 0, i32 0, void @p_str, i32 0, i32 0, void @p_str, void @p_str, void @p_str, i32 2, i32 2, i32 16, i32 16, void @p_str, void @ScalarProp_str, i32 4294967295, i32 0, i32 0"   --->   Operation 28 'specinterface' 'specinterface_ln0' <Predicate = true> <Delay = 0.00>
ST_3 : Operation 29 [1/1] (0.00ns)   --->   "%specinterface_ln0 = specinterface void @_ssdm_op_SpecInterface, i32 %size_n_c3, void @ap_fifo_str, i32 0, i32 0, void @p_str, i32 0, i32 0, void @p_str, void @p_str, void @p_str, i32 2, i32 2, i32 16, i32 16, void @p_str, void @ScalarProp_str, i32 4294967295, i32 0, i32 0"   --->   Operation 29 'specinterface' 'specinterface_ln0' <Predicate = true> <Delay = 0.00>
ST_3 : Operation 30 [1/1] (0.00ns)   --->   "%specinterface_ln0 = specinterface void @_ssdm_op_SpecInterface, i256 %bFeed, void @empty_16, i32 0, i32 0, void @empty_24, i32 0, i32 0, void @empty_24, void @empty_24, void @empty_24, i32 0, i32 0, i32 0, i32 0, void @empty_24, void @empty_24, i32 4294967295, i32 0, i32 0"   --->   Operation 30 'specinterface' 'specinterface_ln0' <Predicate = true> <Delay = 0.00>
ST_3 : Operation 31 [1/1] (0.00ns)   --->   "%specinterface_ln0 = specinterface void @_ssdm_op_SpecInterface, i512 %bMemory, void @empty_16, i32 0, i32 0, void @empty_24, i32 0, i32 0, void @empty_24, void @empty_24, void @empty_24, i32 0, i32 0, i32 0, i32 0, void @empty_24, void @empty_24, i32 4294967295, i32 0, i32 0"   --->   Operation 31 'specinterface' 'specinterface_ln0' <Predicate = true> <Delay = 0.00>
ST_3 : Operation 32 [1/2] (0.00ns)   --->   "%call_ln132 = call void @ConvertWidthB_Pipeline_ConvertWidthB_Outer_ConvertWidthB_Memory, i61 %tmp_s, i256 %bFeed, i512 %bMemory" [/home/minghe/gemm_hls/include/MatrixMultiplication.h:132->../kernel/Memory.cpp:294]   --->   Operation 32 'call' 'call_ln132' <Predicate = true> <Delay = 0.00> <CoreType = "Generic">   --->   Core 0 '' <Latency = 0> <II = 1> <Delay = 1.00> <Generic> <Opcode : >
ST_3 : Operation 33 [1/1] (0.00ns)   --->   "%ret_ln321 = ret" [../kernel/Memory.cpp:321]   --->   Operation 33 'ret' 'ret_ln321' <Predicate = true> <Delay = 0.00>


============================================================
+ Verbose Summary: Timing violations
============================================================
Target clock period: 10.000ns, clock uncertainty: 2.700ns.

 <State 1>: 5.448ns
The critical path consists of the following:
	fifo read operation ('size_m') on port 'size_m' [10]  (1.398 ns)
	'add' operation 33 bit ('add_ln116', /home/minghe/gemm_hls/include/MatrixMultiplication.h:116->/home/minghe/gemm_hls/include/MatrixMultiplication.h:131->../kernel/Memory.cpp:294) [28]  (0.880 ns)
	'mul' operation 55 bit ('mul_ln132', /home/minghe/gemm_hls/include/MatrixMultiplication.h:132->../kernel/Memory.cpp:294) [32]  (3.170 ns)

 <State 2>: 3.790ns
The critical path consists of the following:
	'mul' operation 55 bit ('mul_ln132_1', /home/minghe/gemm_hls/include/MatrixMultiplication.h:132->../kernel/Memory.cpp:294) [33]  (3.790 ns)

 <State 3>: 0.000ns
The critical path consists of the following:


============================================================
+ Verbose Summary: Binding
============================================================
N/A
* FSMD analyzer results:
  - Output states:
 - Input state : 
  - Chain level:
	State 1
	State 2
	State 3


============================================================
+ Verbose Summary: Datapath Resource usage 
============================================================
N/A
