/home/minghe/gemm_hls/build/MatrixMultiplication/xcu250-figd2104-2L-e/.autopilot/db/Memory.pp.0.cpp:4282:5: warning: Added loop label VITIS_LOOP_110_1:   [xilinx-label-all-loops]
    for (int w = 0; w < width; ++w) {
    ^~~
    VITIS_LOOP_110_1: 
/home/minghe/gemm_hls/build/MatrixMultiplication/xcu250-figd2104-2L-e/.autopilot/db/Memory.pp.0.cpp:4282:5: note: FIX-IT applied suggested code changes
/home/minghe/gemm_hls/build/MatrixMultiplication/xcu250-figd2104-2L-e/.autopilot/db/Memory.pp.0.cpp:4291:5: warning: Added loop label VITIS_LOOP_119_1:   [xilinx-label-all-loops]
    for (int w = 0; w < width; ++w) {
    ^~~
    VITIS_LOOP_119_1: 
/home/minghe/gemm_hls/build/MatrixMultiplication/xcu250-figd2104-2L-e/.autopilot/db/Memory.pp.0.cpp:4291:5: note: FIX-IT applied suggested code changes
/home/minghe/gemm_hls/build/MatrixMultiplication/xcu250-figd2104-2L-e/.autopilot/db/Memory.pp.0.cpp:28462:7: warning: Added loop label VITIS_LOOP_1223_1:   [xilinx-label-all-loops]
      for (i = 0; i < __N - 1; ++i) {
      ^~~
      VITIS_LOOP_1223_1: 
/home/minghe/gemm_hls/build/MatrixMultiplication/xcu250-figd2104-2L-e/.autopilot/db/Memory.pp.0.cpp:28462:7: note: FIX-IT applied suggested code changes
/home/minghe/gemm_hls/build/MatrixMultiplication/xcu250-figd2104-2L-e/.autopilot/db/Memory.pp.0.cpp:29436:5: warning: Added loop label VITIS_LOOP_676_1:   [xilinx-label-all-loops]
    for (unsigned i = low; i != high; ++i) {
    ^~~
    VITIS_LOOP_676_1: 
/home/minghe/gemm_hls/build/MatrixMultiplication/xcu250-figd2104-2L-e/.autopilot/db/Memory.pp.0.cpp:29436:5: note: FIX-IT applied suggested code changes
/home/minghe/gemm_hls/build/MatrixMultiplication/xcu250-figd2104-2L-e/.autopilot/db/Memory.pp.0.cpp:29450:5: warning: Added loop label VITIS_LOOP_690_1:   [xilinx-label-all-loops]
    for (unsigned i = low; i != high; ++i) {
    ^~~
    VITIS_LOOP_690_1: 
/home/minghe/gemm_hls/build/MatrixMultiplication/xcu250-figd2104-2L-e/.autopilot/db/Memory.pp.0.cpp:29450:5: note: FIX-IT applied suggested code changes
/home/minghe/gemm_hls/build/MatrixMultiplication/xcu250-figd2104-2L-e/.autopilot/db/Memory.pp.0.cpp:29464:5: warning: Added loop label VITIS_LOOP_704_1:   [xilinx-label-all-loops]
    for (unsigned i = low; i != high; ++i) {
    ^~~
    VITIS_LOOP_704_1: 
/home/minghe/gemm_hls/build/MatrixMultiplication/xcu250-figd2104-2L-e/.autopilot/db/Memory.pp.0.cpp:29464:5: note: FIX-IT applied suggested code changes
/home/minghe/gemm_hls/build/MatrixMultiplication/xcu250-figd2104-2L-e/.autopilot/db/Memory.pp.0.cpp:31081:7: warning: Added loop label VITIS_LOOP_1247_1:   [xilinx-label-all-loops]
      for (i = 0; i < __N - 1; ++i) {
      ^~~
      VITIS_LOOP_1247_1: 
/home/minghe/gemm_hls/build/MatrixMultiplication/xcu250-figd2104-2L-e/.autopilot/db/Memory.pp.0.cpp:31081:7: note: FIX-IT applied suggested code changes
/home/minghe/gemm_hls/build/MatrixMultiplication/xcu250-figd2104-2L-e/.autopilot/db/Memory.pp.0.cpp:33060:5: warning: Added loop label VITIS_LOOP_220_1:   [xilinx-label-all-loops]
    for (int i = 0; i < outWidth; ++i) {
    ^~~
    VITIS_LOOP_220_1: 
/home/minghe/gemm_hls/build/MatrixMultiplication/xcu250-figd2104-2L-e/.autopilot/db/Memory.pp.0.cpp:33060:5: note: FIX-IT applied suggested code changes
/home/minghe/gemm_hls/build/MatrixMultiplication/xcu250-figd2104-2L-e/.autopilot/db/Memory.pp.0.cpp:33177:3: warning: Added loop label VITIS_LOOP_337_1:   [xilinx-label-all-loops]
  for (int i = 1; i < width; ++i) {
  ^~~
  VITIS_LOOP_337_1: 
/home/minghe/gemm_hls/build/MatrixMultiplication/xcu250-figd2104-2L-e/.autopilot/db/Memory.pp.0.cpp:33177:3: note: FIX-IT applied suggested code changes
/home/minghe/gemm_hls/build/MatrixMultiplication/xcu250-figd2104-2L-e/.autopilot/db/Memory.pp.0.cpp:33188:34: warning: Added loop label VITIS_LOOP_414_1:   [xilinx-label-all-loops]
 hlslib::DataPack<T, width> res; for (int i = 0; i < width; ++i) {
                                 ^~~
                                 VITIS_LOOP_414_1: 
/home/minghe/gemm_hls/build/MatrixMultiplication/xcu250-figd2104-2L-e/.autopilot/db/Memory.pp.0.cpp:33188:34: note: FIX-IT applied suggested code changes
/home/minghe/gemm_hls/build/MatrixMultiplication/xcu250-figd2104-2L-e/.autopilot/db/Memory.pp.0.cpp:33196:34: warning: Added loop label VITIS_LOOP_414_1:   [xilinx-label-all-loops]
 hlslib::DataPack<T, width> res; for (int i = 0; i < width; ++i) {
                                 ^~~
                                 VITIS_LOOP_414_1: 
/home/minghe/gemm_hls/build/MatrixMultiplication/xcu250-figd2104-2L-e/.autopilot/db/Memory.pp.0.cpp:33196:34: note: FIX-IT applied suggested code changes
/home/minghe/gemm_hls/build/MatrixMultiplication/xcu250-figd2104-2L-e/.autopilot/db/Memory.pp.0.cpp:33204:34: warning: Added loop label VITIS_LOOP_414_1:   [xilinx-label-all-loops]
 hlslib::DataPack<T, width> res; for (int i = 0; i < width; ++i) {
                                 ^~~
                                 VITIS_LOOP_414_1: 
/home/minghe/gemm_hls/build/MatrixMultiplication/xcu250-figd2104-2L-e/.autopilot/db/Memory.pp.0.cpp:33204:34: note: FIX-IT applied suggested code changes
/home/minghe/gemm_hls/build/MatrixMultiplication/xcu250-figd2104-2L-e/.autopilot/db/Memory.pp.0.cpp:33212:2: warning: Added loop label VITIS_LOOP_414_1:   [xilinx-label-all-loops]
 for (int i = 0; i < width; ++i) {
 ^~~
 VITIS_LOOP_414_1: 
/home/minghe/gemm_hls/build/MatrixMultiplication/xcu250-figd2104-2L-e/.autopilot/db/Memory.pp.0.cpp:33212:2: note: FIX-IT applied suggested code changes
/home/minghe/gemm_hls/build/MatrixMultiplication/xcu250-figd2104-2L-e/.autopilot/db/Memory.pp.0.cpp:33220:2: warning: Added loop label VITIS_LOOP_414_1:   [xilinx-label-all-loops]
 for (int i = 0; i < width; ++i) {
 ^~~
 VITIS_LOOP_414_1: 
/home/minghe/gemm_hls/build/MatrixMultiplication/xcu250-figd2104-2L-e/.autopilot/db/Memory.pp.0.cpp:33220:2: note: FIX-IT applied suggested code changes
/home/minghe/gemm_hls/build/MatrixMultiplication/xcu250-figd2104-2L-e/.autopilot/db/Memory.pp.0.cpp:33228:2: warning: Added loop label VITIS_LOOP_414_1:   [xilinx-label-all-loops]
 for (int i = 0; i < width; ++i) {
 ^~~
 VITIS_LOOP_414_1: 
/home/minghe/gemm_hls/build/MatrixMultiplication/xcu250-figd2104-2L-e/.autopilot/db/Memory.pp.0.cpp:33228:2: note: FIX-IT applied suggested code changes
/home/minghe/gemm_hls/build/MatrixMultiplication/xcu250-figd2104-2L-e/.autopilot/db/Memory.pp.0.cpp:33237:34: warning: Added loop label VITIS_LOOP_415_1:   [xilinx-label-all-loops]
 hlslib::DataPack<T, width> res; for (int i = 0; i < width; ++i) {
                                 ^~~
                                 VITIS_LOOP_415_1: 
/home/minghe/gemm_hls/build/MatrixMultiplication/xcu250-figd2104-2L-e/.autopilot/db/Memory.pp.0.cpp:33237:34: note: FIX-IT applied suggested code changes
/home/minghe/gemm_hls/build/MatrixMultiplication/xcu250-figd2104-2L-e/.autopilot/db/Memory.pp.0.cpp:33245:34: warning: Added loop label VITIS_LOOP_415_1:   [xilinx-label-all-loops]
 hlslib::DataPack<T, width> res; for (int i = 0; i < width; ++i) {
                                 ^~~
                                 VITIS_LOOP_415_1: 
/home/minghe/gemm_hls/build/MatrixMultiplication/xcu250-figd2104-2L-e/.autopilot/db/Memory.pp.0.cpp:33245:34: note: FIX-IT applied suggested code changes
/home/minghe/gemm_hls/build/MatrixMultiplication/xcu250-figd2104-2L-e/.autopilot/db/Memory.pp.0.cpp:33253:34: warning: Added loop label VITIS_LOOP_415_1:   [xilinx-label-all-loops]
 hlslib::DataPack<T, width> res; for (int i = 0; i < width; ++i) {
                                 ^~~
                                 VITIS_LOOP_415_1: 
/home/minghe/gemm_hls/build/MatrixMultiplication/xcu250-figd2104-2L-e/.autopilot/db/Memory.pp.0.cpp:33253:34: note: FIX-IT applied suggested code changes
/home/minghe/gemm_hls/build/MatrixMultiplication/xcu250-figd2104-2L-e/.autopilot/db/Memory.pp.0.cpp:33261:2: warning: Added loop label VITIS_LOOP_415_1:   [xilinx-label-all-loops]
 for (int i = 0; i < width; ++i) {
 ^~~
 VITIS_LOOP_415_1: 
/home/minghe/gemm_hls/build/MatrixMultiplication/xcu250-figd2104-2L-e/.autopilot/db/Memory.pp.0.cpp:33261:2: note: FIX-IT applied suggested code changes
/home/minghe/gemm_hls/build/MatrixMultiplication/xcu250-figd2104-2L-e/.autopilot/db/Memory.pp.0.cpp:33269:2: warning: Added loop label VITIS_LOOP_415_1:   [xilinx-label-all-loops]
 for (int i = 0; i < width; ++i) {
 ^~~
 VITIS_LOOP_415_1: 
/home/minghe/gemm_hls/build/MatrixMultiplication/xcu250-figd2104-2L-e/.autopilot/db/Memory.pp.0.cpp:33269:2: note: FIX-IT applied suggested code changes
/home/minghe/gemm_hls/build/MatrixMultiplication/xcu250-figd2104-2L-e/.autopilot/db/Memory.pp.0.cpp:33277:2: warning: Added loop label VITIS_LOOP_415_1:   [xilinx-label-all-loops]
 for (int i = 0; i < width; ++i) {
 ^~~
 VITIS_LOOP_415_1: 
/home/minghe/gemm_hls/build/MatrixMultiplication/xcu250-figd2104-2L-e/.autopilot/db/Memory.pp.0.cpp:33277:2: note: FIX-IT applied suggested code changes
/home/minghe/gemm_hls/build/MatrixMultiplication/xcu250-figd2104-2L-e/.autopilot/db/Memory.pp.0.cpp:33286:34: warning: Added loop label VITIS_LOOP_416_1:   [xilinx-label-all-loops]
 hlslib::DataPack<T, width> res; for (int i = 0; i < width; ++i) {
                                 ^~~
                                 VITIS_LOOP_416_1: 
/home/minghe/gemm_hls/build/MatrixMultiplication/xcu250-figd2104-2L-e/.autopilot/db/Memory.pp.0.cpp:33286:34: note: FIX-IT applied suggested code changes
/home/minghe/gemm_hls/build/MatrixMultiplication/xcu250-figd2104-2L-e/.autopilot/db/Memory.pp.0.cpp:33294:34: warning: Added loop label VITIS_LOOP_416_1:   [xilinx-label-all-loops]
 hlslib::DataPack<T, width> res; for (int i = 0; i < width; ++i) {
                                 ^~~
                                 VITIS_LOOP_416_1: 
/home/minghe/gemm_hls/build/MatrixMultiplication/xcu250-figd2104-2L-e/.autopilot/db/Memory.pp.0.cpp:33294:34: note: FIX-IT applied suggested code changes
/home/minghe/gemm_hls/build/MatrixMultiplication/xcu250-figd2104-2L-e/.autopilot/db/Memory.pp.0.cpp:33302:34: warning: Added loop label VITIS_LOOP_416_1:   [xilinx-label-all-loops]
 hlslib::DataPack<T, width> res; for (int i = 0; i < width; ++i) {
                                 ^~~
                                 VITIS_LOOP_416_1: 
/home/minghe/gemm_hls/build/MatrixMultiplication/xcu250-figd2104-2L-e/.autopilot/db/Memory.pp.0.cpp:33302:34: note: FIX-IT applied suggested code changes
/home/minghe/gemm_hls/build/MatrixMultiplication/xcu250-figd2104-2L-e/.autopilot/db/Memory.pp.0.cpp:33310:2: warning: Added loop label VITIS_LOOP_416_1:   [xilinx-label-all-loops]
 for (int i = 0; i < width; ++i) {
 ^~~
 VITIS_LOOP_416_1: 
/home/minghe/gemm_hls/build/MatrixMultiplication/xcu250-figd2104-2L-e/.autopilot/db/Memory.pp.0.cpp:33310:2: note: FIX-IT applied suggested code changes
/home/minghe/gemm_hls/build/MatrixMultiplication/xcu250-figd2104-2L-e/.autopilot/db/Memory.pp.0.cpp:33318:2: warning: Added loop label VITIS_LOOP_416_1:   [xilinx-label-all-loops]
 for (int i = 0; i < width; ++i) {
 ^~~
 VITIS_LOOP_416_1: 
/home/minghe/gemm_hls/build/MatrixMultiplication/xcu250-figd2104-2L-e/.autopilot/db/Memory.pp.0.cpp:33318:2: note: FIX-IT applied suggested code changes
/home/minghe/gemm_hls/build/MatrixMultiplication/xcu250-figd2104-2L-e/.autopilot/db/Memory.pp.0.cpp:33326:2: warning: Added loop label VITIS_LOOP_416_1:   [xilinx-label-all-loops]
 for (int i = 0; i < width; ++i) {
 ^~~
 VITIS_LOOP_416_1: 
/home/minghe/gemm_hls/build/MatrixMultiplication/xcu250-figd2104-2L-e/.autopilot/db/Memory.pp.0.cpp:33326:2: note: FIX-IT applied suggested code changes
/home/minghe/gemm_hls/build/MatrixMultiplication/xcu250-figd2104-2L-e/.autopilot/db/Memory.pp.0.cpp:33335:34: warning: Added loop label VITIS_LOOP_417_1:   [xilinx-label-all-loops]
 hlslib::DataPack<T, width> res; for (int i = 0; i < width; ++i) {
                                 ^~~
                                 VITIS_LOOP_417_1: 
/home/minghe/gemm_hls/build/MatrixMultiplication/xcu250-figd2104-2L-e/.autopilot/db/Memory.pp.0.cpp:33335:34: note: FIX-IT applied suggested code changes
/home/minghe/gemm_hls/build/MatrixMultiplication/xcu250-figd2104-2L-e/.autopilot/db/Memory.pp.0.cpp:33343:34: warning: Added loop label VITIS_LOOP_417_1:   [xilinx-label-all-loops]
 hlslib::DataPack<T, width> res; for (int i = 0; i < width; ++i) {
                                 ^~~
                                 VITIS_LOOP_417_1: 
/home/minghe/gemm_hls/build/MatrixMultiplication/xcu250-figd2104-2L-e/.autopilot/db/Memory.pp.0.cpp:33343:34: note: FIX-IT applied suggested code changes
/home/minghe/gemm_hls/build/MatrixMultiplication/xcu250-figd2104-2L-e/.autopilot/db/Memory.pp.0.cpp:33351:34: warning: Added loop label VITIS_LOOP_417_1:   [xilinx-label-all-loops]
 hlslib::DataPack<T, width> res; for (int i = 0; i < width; ++i) {
                                 ^~~
                                 VITIS_LOOP_417_1: 
/home/minghe/gemm_hls/build/MatrixMultiplication/xcu250-figd2104-2L-e/.autopilot/db/Memory.pp.0.cpp:33351:34: note: FIX-IT applied suggested code changes
/home/minghe/gemm_hls/build/MatrixMultiplication/xcu250-figd2104-2L-e/.autopilot/db/Memory.pp.0.cpp:33359:2: warning: Added loop label VITIS_LOOP_417_1:   [xilinx-label-all-loops]
 for (int i = 0; i < width; ++i) {
 ^~~
 VITIS_LOOP_417_1: 
/home/minghe/gemm_hls/build/MatrixMultiplication/xcu250-figd2104-2L-e/.autopilot/db/Memory.pp.0.cpp:33359:2: note: FIX-IT applied suggested code changes
/home/minghe/gemm_hls/build/MatrixMultiplication/xcu250-figd2104-2L-e/.autopilot/db/Memory.pp.0.cpp:33367:2: warning: Added loop label VITIS_LOOP_417_1:   [xilinx-label-all-loops]
 for (int i = 0; i < width; ++i) {
 ^~~
 VITIS_LOOP_417_1: 
/home/minghe/gemm_hls/build/MatrixMultiplication/xcu250-figd2104-2L-e/.autopilot/db/Memory.pp.0.cpp:33367:2: note: FIX-IT applied suggested code changes
/home/minghe/gemm_hls/build/MatrixMultiplication/xcu250-figd2104-2L-e/.autopilot/db/Memory.pp.0.cpp:33375:2: warning: Added loop label VITIS_LOOP_417_1:   [xilinx-label-all-loops]
 for (int i = 0; i < width; ++i) {
 ^~~
 VITIS_LOOP_417_1: 
/home/minghe/gemm_hls/build/MatrixMultiplication/xcu250-figd2104-2L-e/.autopilot/db/Memory.pp.0.cpp:33375:2: note: FIX-IT applied suggested code changes
/home/minghe/gemm_hls/build/MatrixMultiplication/xcu250-figd2104-2L-e/.autopilot/db/Memory.pp.0.cpp:33384:34: warning: Added loop label VITIS_LOOP_418_1:   [xilinx-label-all-loops]
 hlslib::DataPack<T, width> res; for (int i = 0; i < width; ++i) {
                                 ^~~
                                 VITIS_LOOP_418_1: 
/home/minghe/gemm_hls/build/MatrixMultiplication/xcu250-figd2104-2L-e/.autopilot/db/Memory.pp.0.cpp:33384:34: note: FIX-IT applied suggested code changes
/home/minghe/gemm_hls/build/MatrixMultiplication/xcu250-figd2104-2L-e/.autopilot/db/Memory.pp.0.cpp:33392:34: warning: Added loop label VITIS_LOOP_418_1:   [xilinx-label-all-loops]
 hlslib::DataPack<T, width> res; for (int i = 0; i < width; ++i) {
                                 ^~~
                                 VITIS_LOOP_418_1: 
/home/minghe/gemm_hls/build/MatrixMultiplication/xcu250-figd2104-2L-e/.autopilot/db/Memory.pp.0.cpp:33392:34: note: FIX-IT applied suggested code changes
/home/minghe/gemm_hls/build/MatrixMultiplication/xcu250-figd2104-2L-e/.autopilot/db/Memory.pp.0.cpp:33400:34: warning: Added loop label VITIS_LOOP_418_1:   [xilinx-label-all-loops]
 hlslib::DataPack<T, width> res; for (int i = 0; i < width; ++i) {
                                 ^~~
                                 VITIS_LOOP_418_1: 
/home/minghe/gemm_hls/build/MatrixMultiplication/xcu250-figd2104-2L-e/.autopilot/db/Memory.pp.0.cpp:33400:34: note: FIX-IT applied suggested code changes
/home/minghe/gemm_hls/build/MatrixMultiplication/xcu250-figd2104-2L-e/.autopilot/db/Memory.pp.0.cpp:33408:2: warning: Added loop label VITIS_LOOP_418_1:   [xilinx-label-all-loops]
 for (int i = 0; i < width; ++i) {
 ^~~
 VITIS_LOOP_418_1: 
/home/minghe/gemm_hls/build/MatrixMultiplication/xcu250-figd2104-2L-e/.autopilot/db/Memory.pp.0.cpp:33408:2: note: FIX-IT applied suggested code changes
/home/minghe/gemm_hls/build/MatrixMultiplication/xcu250-figd2104-2L-e/.autopilot/db/Memory.pp.0.cpp:33416:2: warning: Added loop label VITIS_LOOP_418_1:   [xilinx-label-all-loops]
 for (int i = 0; i < width; ++i) {
 ^~~
 VITIS_LOOP_418_1: 
/home/minghe/gemm_hls/build/MatrixMultiplication/xcu250-figd2104-2L-e/.autopilot/db/Memory.pp.0.cpp:33416:2: note: FIX-IT applied suggested code changes
/home/minghe/gemm_hls/build/MatrixMultiplication/xcu250-figd2104-2L-e/.autopilot/db/Memory.pp.0.cpp:33424:2: warning: Added loop label VITIS_LOOP_418_1:   [xilinx-label-all-loops]
 for (int i = 0; i < width; ++i) {
 ^~~
 VITIS_LOOP_418_1: 
/home/minghe/gemm_hls/build/MatrixMultiplication/xcu250-figd2104-2L-e/.autopilot/db/Memory.pp.0.cpp:33424:2: note: FIX-IT applied suggested code changes
/home/minghe/gemm_hls/build/MatrixMultiplication/xcu250-figd2104-2L-e/.autopilot/db/Memory.pp.0.cpp:33433:34: warning: Added loop label VITIS_LOOP_419_1:   [xilinx-label-all-loops]
 hlslib::DataPack<T, width> res; for (int i = 0; i < width; ++i) {
                                 ^~~
                                 VITIS_LOOP_419_1: 
/home/minghe/gemm_hls/build/MatrixMultiplication/xcu250-figd2104-2L-e/.autopilot/db/Memory.pp.0.cpp:33433:34: note: FIX-IT applied suggested code changes
/home/minghe/gemm_hls/build/MatrixMultiplication/xcu250-figd2104-2L-e/.autopilot/db/Memory.pp.0.cpp:33441:34: warning: Added loop label VITIS_LOOP_419_1:   [xilinx-label-all-loops]
 hlslib::DataPack<T, width> res; for (int i = 0; i < width; ++i) {
                                 ^~~
                                 VITIS_LOOP_419_1: 
/home/minghe/gemm_hls/build/MatrixMultiplication/xcu250-figd2104-2L-e/.autopilot/db/Memory.pp.0.cpp:33441:34: note: FIX-IT applied suggested code changes
/home/minghe/gemm_hls/build/MatrixMultiplication/xcu250-figd2104-2L-e/.autopilot/db/Memory.pp.0.cpp:33449:34: warning: Added loop label VITIS_LOOP_419_1:   [xilinx-label-all-loops]
 hlslib::DataPack<T, width> res; for (int i = 0; i < width; ++i) {
                                 ^~~
                                 VITIS_LOOP_419_1: 
/home/minghe/gemm_hls/build/MatrixMultiplication/xcu250-figd2104-2L-e/.autopilot/db/Memory.pp.0.cpp:33449:34: note: FIX-IT applied suggested code changes
/home/minghe/gemm_hls/build/MatrixMultiplication/xcu250-figd2104-2L-e/.autopilot/db/Memory.pp.0.cpp:33457:2: warning: Added loop label VITIS_LOOP_419_1:   [xilinx-label-all-loops]
 for (int i = 0; i < width; ++i) {
 ^~~
 VITIS_LOOP_419_1: 
/home/minghe/gemm_hls/build/MatrixMultiplication/xcu250-figd2104-2L-e/.autopilot/db/Memory.pp.0.cpp:33457:2: note: FIX-IT applied suggested code changes
/home/minghe/gemm_hls/build/MatrixMultiplication/xcu250-figd2104-2L-e/.autopilot/db/Memory.pp.0.cpp:33465:2: warning: Added loop label VITIS_LOOP_419_1:   [xilinx-label-all-loops]
 for (int i = 0; i < width; ++i) {
 ^~~
 VITIS_LOOP_419_1: 
/home/minghe/gemm_hls/build/MatrixMultiplication/xcu250-figd2104-2L-e/.autopilot/db/Memory.pp.0.cpp:33465:2: note: FIX-IT applied suggested code changes
/home/minghe/gemm_hls/build/MatrixMultiplication/xcu250-figd2104-2L-e/.autopilot/db/Memory.pp.0.cpp:33473:2: warning: Added loop label VITIS_LOOP_419_1:   [xilinx-label-all-loops]
 for (int i = 0; i < width; ++i) {
 ^~~
 VITIS_LOOP_419_1: 
/home/minghe/gemm_hls/build/MatrixMultiplication/xcu250-figd2104-2L-e/.autopilot/db/Memory.pp.0.cpp:33473:2: note: FIX-IT applied suggested code changes
/home/minghe/gemm_hls/build/MatrixMultiplication/xcu250-figd2104-2L-e/.autopilot/db/Memory.pp.0.cpp:33482:34: warning: Added loop label VITIS_LOOP_420_1:   [xilinx-label-all-loops]
 hlslib::DataPack<T, width> res; for (int i = 0; i < width; ++i) {
                                 ^~~
                                 VITIS_LOOP_420_1: 
/home/minghe/gemm_hls/build/MatrixMultiplication/xcu250-figd2104-2L-e/.autopilot/db/Memory.pp.0.cpp:33482:34: note: FIX-IT applied suggested code changes
/home/minghe/gemm_hls/build/MatrixMultiplication/xcu250-figd2104-2L-e/.autopilot/db/Memory.pp.0.cpp:33490:34: warning: Added loop label VITIS_LOOP_420_1:   [xilinx-label-all-loops]
 hlslib::DataPack<T, width> res; for (int i = 0; i < width; ++i) {
                                 ^~~
                                 VITIS_LOOP_420_1: 
/home/minghe/gemm_hls/build/MatrixMultiplication/xcu250-figd2104-2L-e/.autopilot/db/Memory.pp.0.cpp:33490:34: note: FIX-IT applied suggested code changes
/home/minghe/gemm_hls/build/MatrixMultiplication/xcu250-figd2104-2L-e/.autopilot/db/Memory.pp.0.cpp:33498:34: warning: Added loop label VITIS_LOOP_420_1:   [xilinx-label-all-loops]
 hlslib::DataPack<T, width> res; for (int i = 0; i < width; ++i) {
                                 ^~~
                                 VITIS_LOOP_420_1: 
/home/minghe/gemm_hls/build/MatrixMultiplication/xcu250-figd2104-2L-e/.autopilot/db/Memory.pp.0.cpp:33498:34: note: FIX-IT applied suggested code changes
/home/minghe/gemm_hls/build/MatrixMultiplication/xcu250-figd2104-2L-e/.autopilot/db/Memory.pp.0.cpp:33506:2: warning: Added loop label VITIS_LOOP_420_1:   [xilinx-label-all-loops]
 for (int i = 0; i < width; ++i) {
 ^~~
 VITIS_LOOP_420_1: 
/home/minghe/gemm_hls/build/MatrixMultiplication/xcu250-figd2104-2L-e/.autopilot/db/Memory.pp.0.cpp:33506:2: note: FIX-IT applied suggested code changes
/home/minghe/gemm_hls/build/MatrixMultiplication/xcu250-figd2104-2L-e/.autopilot/db/Memory.pp.0.cpp:33514:2: warning: Added loop label VITIS_LOOP_420_1:   [xilinx-label-all-loops]
 for (int i = 0; i < width; ++i) {
 ^~~
 VITIS_LOOP_420_1: 
/home/minghe/gemm_hls/build/MatrixMultiplication/xcu250-figd2104-2L-e/.autopilot/db/Memory.pp.0.cpp:33514:2: note: FIX-IT applied suggested code changes
/home/minghe/gemm_hls/build/MatrixMultiplication/xcu250-figd2104-2L-e/.autopilot/db/Memory.pp.0.cpp:33522:2: warning: Added loop label VITIS_LOOP_420_1:   [xilinx-label-all-loops]
 for (int i = 0; i < width; ++i) {
 ^~~
 VITIS_LOOP_420_1: 
/home/minghe/gemm_hls/build/MatrixMultiplication/xcu250-figd2104-2L-e/.autopilot/db/Memory.pp.0.cpp:33522:2: note: FIX-IT applied suggested code changes
/home/minghe/gemm_hls/build/MatrixMultiplication/xcu250-figd2104-2L-e/.autopilot/db/Memory.pp.0.cpp:33943:54: error: Invalid Directive: for current device, FIFO + BRAM is invalid combination for BIND_STORAGE's option 'type + impl' [clang-diagnostic-error]
#pragma HLS bind_storage variable=this->stream_ type=FIFO impl=BRAM
                                                     ^
/home/minghe/gemm_hls/build/MatrixMultiplication/xcu250-figd2104-2L-e/.autopilot/db/Memory.pp.0.cpp:33945:54: error: Invalid Directive: for current device, FIFO + LUTRAM is invalid combination for BIND_STORAGE's option 'type + impl' [clang-diagnostic-error]
#pragma HLS bind_storage variable=this->stream_ type=FIFO impl=LUTRAM
                                                     ^
/home/minghe/gemm_hls/build/MatrixMultiplication/xcu250-figd2104-2L-e/.autopilot/db/Memory.pp.0.cpp:33947:54: error: Invalid Directive: for current device, FIFO + SRL is invalid combination for BIND_STORAGE's option 'type + impl' [clang-diagnostic-error]
#pragma HLS bind_storage variable=this->stream_ type=FIFO impl=SRL
                                                     ^
/home/minghe/gemm_hls/build/MatrixMultiplication/xcu250-figd2104-2L-e/.autopilot/db/Memory.pp.0.cpp:34247:2: warning: Added loop label VITIS_LOOP_134_1:   [xilinx-label-all-loops]
 for (unsigned n1 = 0; n1 < kOuterTileSizeN / kComputeTileSizeN; ++n1) {
 ^~~
 VITIS_LOOP_134_1: 
/home/minghe/gemm_hls/build/MatrixMultiplication/xcu250-figd2104-2L-e/.autopilot/db/Memory.pp.0.cpp:34247:2: note: FIX-IT applied suggested code changes
/home/minghe/gemm_hls/build/MatrixMultiplication/xcu250-figd2104-2L-e/.autopilot/db/Memory.pp.0.cpp:34266:2: warning: Added loop label VITIS_LOOP_153_1:   [xilinx-label-all-loops]
 for (unsigned n1 = 0; n1 < kOuterTileSizeN; ++n1) {
 ^~~
 VITIS_LOOP_153_1: 
/home/minghe/gemm_hls/build/MatrixMultiplication/xcu250-figd2104-2L-e/.autopilot/db/Memory.pp.0.cpp:34266:2: note: FIX-IT applied suggested code changes
/home/minghe/gemm_hls/build/MatrixMultiplication/xcu250-figd2104-2L-e/.autopilot/db/Memory.pp.0.cpp:34370:7: warning: Added loop label VITIS_LOOP_339_1:   [xilinx-label-all-loops]
      for (unsigned j = 0; j < kMemoryWidthM / ComputePackM_t::kWidth; ++j) {
      ^~~
      VITIS_LOOP_339_1: 
/home/minghe/gemm_hls/build/MatrixMultiplication/xcu250-figd2104-2L-e/.autopilot/db/Memory.pp.0.cpp:34370:7: note: FIX-IT applied suggested code changes
