

================================================================
== Vitis HLS Report for 'ProcessingElement_26'
================================================================
* Date:           Mon Nov 11 16:40:07 2024

* Version:        2024.1 (Build 5069499 on May 21 2024)
* Project:        MatrixMultiplication
* Solution:       xcu250-figd2104-2L-e (Vitis Kernel Flow Target)
* Product family: virtexuplus
* Target device:  xcu250-figd2104-2L-e


================================================================
== Performance Estimates
================================================================
+ Timing: 
    * Summary: 
    +--------+----------+----------+------------+
    |  Clock |  Target  | Estimated| Uncertainty|
    +--------+----------+----------+------------+
    |ap_clk  |  10.00 ns|  6.376 ns|     2.70 ns|
    +--------+----------+----------+------------+

+ Latency: 
    * Summary: 
    +---------+---------+----------+----------+-----+-----+---------+
    |  Latency (cycles) |  Latency (absolute) |  Interval | Pipeline|
    |   min   |   max   |    min   |    max   | min | max |   Type  |
    +---------+---------+----------+----------+-----+-----+---------+
    |        ?|        ?|         ?|         ?|    ?|    ?|       no|
    +---------+---------+----------+----------+-----+-----+---------+

    + Detail: 
        * Instance: 
        +------------------------------------------------------------------------------------------+-------------------------------------------------------------------------------+---------+---------+-----------+-----------+------+------+-----------------------------------------------+
        |                                                                                          |                                                                               |  Latency (cycles) |   Latency (absolute)  |   Interval  |                    Pipeline                   |
        |                                         Instance                                         |                                     Module                                    |   min   |   max   |    min    |    max    |  min |  max |                      Type                     |
        +------------------------------------------------------------------------------------------+-------------------------------------------------------------------------------+---------+---------+-----------+-----------+------+------+-----------------------------------------------+
        |grp_ProcessingElement_26_Pipeline_1_fu_136                                                |ProcessingElement_26_Pipeline_1                                                |       33|       33|   0.330 us|   0.330 us|    32|    32|  loop auto-rewind stp(delay=0 clock cycles(s))|
        |grp_ProcessingElement_26_Pipeline_2_fu_142                                                |ProcessingElement_26_Pipeline_2                                                |     1025|     1025|  10.250 us|  10.250 us|  1024|  1024|  loop auto-rewind stp(delay=0 clock cycles(s))|
        |grp_ProcessingElement_26_Pipeline_InitializeABuffer_Inner_InitializeABuffer_Outer_fu_148  |ProcessingElement_26_Pipeline_InitializeABuffer_Inner_InitializeABuffer_Outer  |      114|      114|   1.140 us|   1.140 us|   113|   113|  loop auto-rewind stp(delay=0 clock cycles(s))|
        |grp_ProcessingElement_26_Pipeline_Pipeline_N_Pipeline_M_fu_157                            |ProcessingElement_26_Pipeline_Pipeline_N_Pipeline_M                            |     1033|     1033|  10.330 us|  10.330 us|  1025|  1025|  loop auto-rewind stp(delay=0 clock cycles(s))|
        |grp_ProcessingElement_26_Pipeline_WriteC_Flattened_fu_179                                 |ProcessingElement_26_Pipeline_WriteC_Flattened                                 |     7170|     7170|  71.700 us|  71.700 us|  7169|  7169|  loop auto-rewind stp(delay=0 clock cycles(s))|
        +------------------------------------------------------------------------------------------+-------------------------------------------------------------------------------+---------+---------+-----------+-----------+------+------+-----------------------------------------------+

        * Loop: 
        +-----------------+---------+---------+----------+-----------+-----------+-------------+----------+
        |                 |  Latency (cycles) | Iteration|  Initiation Interval  |     Trip    |          |
        |    Loop Name    |   min   |   max   |  Latency |  achieved |   target  |    Count    | Pipelined|
        +-----------------+---------+---------+----------+-----------+-----------+-------------+----------+
        |- OuterTile_N    |        ?|        ?|         ?|          -|          -|  0 ~ 8388608|        no|
        | + OuterTile_M   |        ?|        ?|         ?|          -|          -|  0 ~ 8388608|        no|
        |  ++ Collapse_K  |        ?|        ?|      1035|          -|          -|            ?|        no|
        +-----------------+---------+---------+----------+-----------+-----------+-------------+----------+

============================================================
+ Verbose Summary: Synthesis Manager
============================================================
InlineROM: 1
ExposeGlobal: 0
============================================================
+ Verbose Summary: CDFG Model
============================================================
IsTopModel: 0
ResetActiveHigh: 1
IsCombinational: 2
IsDatapathOnly: 0
HasWiredReturn: 1
HasMFsm: 0
HasVarLatency: 1
IsPipeline: 0
IsRtlPipelined: 0
IsInstanceOverlapped: 0
IsDontTouch: 0
HasImplIP: 0
IsGatedGlobalClock: 0


============================================================
+ Verbose Summary: Schedule
============================================================
* Number of FSM states : 10
* Pipeline : 0
* Dataflow Pipeline: 0

* FSM state transitions: 
1 --> 2 
2 --> 3 
3 --> 4 
4 --> 5 
5 --> 6 
6 --> 7 
7 --> 8 6 
8 --> 9 10 
9 --> 8 
10 --> 7 

* FSM state operations: 

State 1 <SV = 0> <Delay = 1.20>
ST_1 : Operation 11 [1/1] (0.00ns)   --->   "%n0 = alloca i32 1" [../kernel/Compute.cpp:54]   --->   Operation 11 'alloca' 'n0' <Predicate = true> <Delay = 0.00>
ST_1 : Operation 12 [1/1] (0.69ns)   --->   "%aBuffer = alloca i64 1" [../kernel/Compute.cpp:23]   --->   Operation 12 'alloca' 'aBuffer' <Predicate = true> <Delay = 0.69>
ST_1 : Operation 13 [1/1] (1.20ns)   --->   "%cBuffer = alloca i64 1" [../kernel/Compute.cpp:26]   --->   Operation 13 'alloca' 'cBuffer' <Predicate = true> <Delay = 1.20>
ST_1 : Operation 14 [2/2] (0.00ns)   --->   "%call_ln0 = call void @ProcessingElement.26_Pipeline_1, i32 %aBuffer"   --->   Operation 14 'call' 'call_ln0' <Predicate = true> <Delay = 0.00> <CoreType = "Generic">   --->   Core 0 '' <Latency = 0> <II = 1> <Delay = 1.00> <Generic> <Opcode : >
ST_1 : Operation 15 [2/2] (0.00ns)   --->   "%call_ln0 = call void @ProcessingElement.26_Pipeline_2, i256 %cBuffer"   --->   Operation 15 'call' 'call_ln0' <Predicate = true> <Delay = 0.00> <CoreType = "Generic">   --->   Core 0 '' <Latency = 0> <II = 1> <Delay = 1.00> <Generic> <Opcode : >
ST_1 : Operation 16 [1/1] (0.38ns)   --->   "%store_ln54 = store i24 0, i24 %n0" [../kernel/Compute.cpp:54]   --->   Operation 16 'store' 'store_ln54' <Predicate = true> <Delay = 0.38>

State 2 <SV = 1> <Delay = 1.49>
ST_2 : Operation 17 [1/1] (0.00ns)   --->   "%size_m_read = read i32 @_ssdm_op_Read.ap_auto.i32, i32 %size_m"   --->   Operation 17 'read' 'size_m_read' <Predicate = true> <Delay = 0.00>
ST_2 : Operation 18 [1/1] (0.00ns)   --->   "%size_k_read = read i32 @_ssdm_op_Read.ap_auto.i32, i32 %size_k"   --->   Operation 18 'read' 'size_k_read' <Predicate = true> <Delay = 0.00>
ST_2 : Operation 19 [1/1] (0.00ns)   --->   "%size_n_read = read i32 @_ssdm_op_Read.ap_auto.i32, i32 %size_n"   --->   Operation 19 'read' 'size_n_read' <Predicate = true> <Delay = 0.00>
ST_2 : Operation 20 [1/2] (1.48ns)   --->   "%call_ln0 = call void @ProcessingElement.26_Pipeline_1, i32 %aBuffer"   --->   Operation 20 'call' 'call_ln0' <Predicate = true> <Delay = 1.48> <CoreType = "Generic">   --->   Core 0 '' <Latency = 0> <II = 1> <Delay = 1.00> <Generic> <Opcode : >
ST_2 : Operation 21 [1/2] (1.49ns)   --->   "%call_ln0 = call void @ProcessingElement.26_Pipeline_2, i256 %cBuffer"   --->   Operation 21 'call' 'call_ln0' <Predicate = true> <Delay = 1.49> <CoreType = "Generic">   --->   Core 0 '' <Latency = 0> <II = 1> <Delay = 1.00> <Generic> <Opcode : >

State 3 <SV = 2> <Delay = 0.00>
ST_3 : Operation 22 [1/1] (0.00ns)   --->   "%empty = wait i32 @_ssdm_op_Wait"   --->   Operation 22 'wait' 'empty' <Predicate = true> <Delay = 0.00>
ST_3 : Operation 23 [2/2] (0.00ns)   --->   "%call_ln0 = call void @ProcessingElement.26_Pipeline_InitializeABuffer_Inner_InitializeABuffer_Outer, i32 %aBuffer, i32 %aPipes_25, i32 %aPipes_26"   --->   Operation 23 'call' 'call_ln0' <Predicate = true> <Delay = 0.00> <CoreType = "Generic">   --->   Core 0 '' <Latency = 0> <II = 1> <Delay = 1.00> <Generic> <Opcode : >

State 4 <SV = 3> <Delay = 1.47>
ST_4 : Operation 24 [1/2] (1.47ns)   --->   "%call_ln0 = call void @ProcessingElement.26_Pipeline_InitializeABuffer_Inner_InitializeABuffer_Outer, i32 %aBuffer, i32 %aPipes_25, i32 %aPipes_26"   --->   Operation 24 'call' 'call_ln0' <Predicate = true> <Delay = 1.47> <CoreType = "Generic">   --->   Core 0 '' <Latency = 0> <II = 1> <Delay = 1.00> <Generic> <Opcode : >

State 5 <SV = 4> <Delay = 1.71>
ST_5 : Operation 25 [1/1] (0.00ns)   --->   "%specinterface_ln0 = specinterface void @_ssdm_op_SpecInterface, i256 %cPipes_26, void @empty_16, i32 0, i32 0, void @empty_24, i32 0, i32 0, void @empty_24, void @empty_24, void @empty_24, i32 0, i32 0, i32 0, i32 0, void @empty_24, void @empty_24, i32 4294967295, i32 0, i32 0"   --->   Operation 25 'specinterface' 'specinterface_ln0' <Predicate = true> <Delay = 0.00>
ST_5 : Operation 26 [1/1] (0.00ns)   --->   "%specinterface_ln0 = specinterface void @_ssdm_op_SpecInterface, i256 %cPipes_25, void @empty_16, i32 0, i32 0, void @empty_24, i32 0, i32 0, void @empty_24, void @empty_24, void @empty_24, i32 0, i32 0, i32 0, i32 0, void @empty_24, void @empty_24, i32 4294967295, i32 0, i32 0"   --->   Operation 26 'specinterface' 'specinterface_ln0' <Predicate = true> <Delay = 0.00>
ST_5 : Operation 27 [1/1] (0.00ns)   --->   "%specinterface_ln0 = specinterface void @_ssdm_op_SpecInterface, i256 %bPipes_26, void @empty_16, i32 0, i32 0, void @empty_24, i32 0, i32 0, void @empty_24, void @empty_24, void @empty_24, i32 0, i32 0, i32 0, i32 0, void @empty_24, void @empty_24, i32 4294967295, i32 0, i32 0"   --->   Operation 27 'specinterface' 'specinterface_ln0' <Predicate = true> <Delay = 0.00>
ST_5 : Operation 28 [1/1] (0.00ns)   --->   "%specinterface_ln0 = specinterface void @_ssdm_op_SpecInterface, i256 %bPipes_25, void @empty_16, i32 0, i32 0, void @empty_24, i32 0, i32 0, void @empty_24, void @empty_24, void @empty_24, i32 0, i32 0, i32 0, i32 0, void @empty_24, void @empty_24, i32 4294967295, i32 0, i32 0"   --->   Operation 28 'specinterface' 'specinterface_ln0' <Predicate = true> <Delay = 0.00>
ST_5 : Operation 29 [1/1] (0.00ns)   --->   "%specinterface_ln0 = specinterface void @_ssdm_op_SpecInterface, i32 %aPipes_26, void @empty_16, i32 0, i32 0, void @empty_24, i32 0, i32 0, void @empty_24, void @empty_24, void @empty_24, i32 0, i32 0, i32 0, i32 0, void @empty_24, void @empty_24, i32 4294967295, i32 0, i32 0"   --->   Operation 29 'specinterface' 'specinterface_ln0' <Predicate = true> <Delay = 0.00>
ST_5 : Operation 30 [1/1] (0.00ns)   --->   "%specinterface_ln0 = specinterface void @_ssdm_op_SpecInterface, i32 %aPipes_25, void @empty_16, i32 0, i32 0, void @empty_24, i32 0, i32 0, void @empty_24, void @empty_24, void @empty_24, i32 0, i32 0, i32 0, i32 0, void @empty_24, void @empty_24, i32 4294967295, i32 0, i32 0"   --->   Operation 30 'specinterface' 'specinterface_ln0' <Predicate = true> <Delay = 0.00>
ST_5 : Operation 31 [1/1] (0.00ns)   --->   "%empty_222 = wait i32 @_ssdm_op_Wait"   --->   Operation 31 'wait' 'empty_222' <Predicate = true> <Delay = 0.00>
ST_5 : Operation 32 [1/1] (0.00ns)   --->   "%size_n_cast = zext i32 %size_n_read"   --->   Operation 32 'zext' 'size_n_cast' <Predicate = true> <Delay = 0.00>
ST_5 : Operation 33 [1/1] (0.88ns)   --->   "%sub_i = add i33 %size_n_cast, i33 511"   --->   Operation 33 'add' 'sub_i' <Predicate = true> <Delay = 0.88> <CoreInst = "Adder">   --->   Core 1 'Adder' <Latency = 0> <II = 1> <Delay = 0.88> <FuncUnit> <Opcode : 'add' 'sub'> <InPorts = 2> <OutPorts = 1>
ST_5 : Operation 34 [1/1] (0.00ns)   --->   "%div_i_cast1 = partselect i24 @_ssdm_op_PartSelect.i24.i33.i32.i32, i33 %sub_i, i32 9, i32 32"   --->   Operation 34 'partselect' 'div_i_cast1' <Predicate = true> <Delay = 0.00>
ST_5 : Operation 35 [1/1] (0.00ns)   --->   "%size_m_cast = zext i32 %size_m_read"   --->   Operation 35 'zext' 'size_m_cast' <Predicate = true> <Delay = 0.00>
ST_5 : Operation 36 [1/1] (0.88ns)   --->   "%sub_i103 = add i33 %size_m_cast, i33 511"   --->   Operation 36 'add' 'sub_i103' <Predicate = true> <Delay = 0.88> <CoreInst = "Adder">   --->   Core 1 'Adder' <Latency = 0> <II = 1> <Delay = 0.88> <FuncUnit> <Opcode : 'add' 'sub'> <InPorts = 2> <OutPorts = 1>
ST_5 : Operation 37 [1/1] (0.00ns)   --->   "%div_i104_cast3 = partselect i24 @_ssdm_op_PartSelect.i24.i33.i32.i32, i33 %sub_i103, i32 9, i32 32"   --->   Operation 37 'partselect' 'div_i104_cast3' <Predicate = true> <Delay = 0.00>
ST_5 : Operation 38 [1/1] (0.83ns)   --->   "%sub60 = add i24 %div_i_cast1, i24 16777215"   --->   Operation 38 'add' 'sub60' <Predicate = true> <Delay = 0.83> <CoreInst = "Adder">   --->   Core 1 'Adder' <Latency = 0> <II = 1> <Delay = 0.83> <FuncUnit> <Opcode : 'add' 'sub'> <InPorts = 2> <OutPorts = 1>
ST_5 : Operation 39 [1/1] (0.83ns)   --->   "%sub63 = add i24 %div_i104_cast3, i24 16777215"   --->   Operation 39 'add' 'sub63' <Predicate = true> <Delay = 0.83> <CoreInst = "Adder">   --->   Core 1 'Adder' <Latency = 0> <II = 1> <Delay = 0.83> <FuncUnit> <Opcode : 'add' 'sub'> <InPorts = 2> <OutPorts = 1>
ST_5 : Operation 40 [1/1] (0.88ns)   --->   "%sub66 = add i32 %size_k_read, i32 4294967295"   --->   Operation 40 'add' 'sub66' <Predicate = true> <Delay = 0.88> <CoreInst = "Adder">   --->   Core 1 'Adder' <Latency = 0> <II = 1> <Delay = 0.88> <FuncUnit> <Opcode : 'add' 'sub'> <InPorts = 2> <OutPorts = 1>
ST_5 : Operation 41 [1/1] (0.00ns)   --->   "%br_ln54 = br void %OuterTile_M" [../kernel/Compute.cpp:54]   --->   Operation 41 'br' 'br_ln54' <Predicate = true> <Delay = 0.00>

State 6 <SV = 5> <Delay = 1.21>
ST_6 : Operation 42 [1/1] (0.00ns)   --->   "%n0_13 = load i24 %n0"   --->   Operation 42 'load' 'n0_13' <Predicate = true> <Delay = 0.00>
ST_6 : Operation 43 [1/1] (0.83ns)   --->   "%icmp_ln54 = icmp_eq  i24 %n0_13, i24 %div_i_cast1" [../kernel/Compute.cpp:54]   --->   Operation 43 'icmp' 'icmp_ln54' <Predicate = true> <Delay = 0.83> <CoreInst = "Cmp">   --->   Core 9 'Cmp' <Latency = 0> <II = 1> <Delay = 0.83> <FuncUnit> <Opcode : 'seteq' 'setne' 'setle' 'setge' 'setlt' 'setgt'> <InPorts = 2> <OutPorts = 1>
ST_6 : Operation 44 [1/1] (0.83ns)   --->   "%add_ln54 = add i24 %n0_13, i24 1" [../kernel/Compute.cpp:54]   --->   Operation 44 'add' 'add_ln54' <Predicate = true> <Delay = 0.83> <CoreInst = "Adder">   --->   Core 1 'Adder' <Latency = 0> <II = 1> <Delay = 0.83> <FuncUnit> <Opcode : 'add' 'sub'> <InPorts = 2> <OutPorts = 1>
ST_6 : Operation 45 [1/1] (0.00ns)   --->   "%br_ln54 = br i1 %icmp_ln54, void %OuterTile_M.split, void %for.end230.loopexit" [../kernel/Compute.cpp:54]   --->   Operation 45 'br' 'br_ln54' <Predicate = true> <Delay = 0.00>
ST_6 : Operation 46 [1/1] (0.00ns)   --->   "%speclooptripcount_ln54 = speclooptripcount void @_ssdm_op_SpecLoopTripCount, i64 0, i64 8388608, i64 4194304" [../kernel/Compute.cpp:54]   --->   Operation 46 'speclooptripcount' 'speclooptripcount_ln54' <Predicate = (!icmp_ln54)> <Delay = 0.00>
ST_6 : Operation 47 [1/1] (0.00ns)   --->   "%specloopname_ln54 = specloopname void @_ssdm_op_SpecLoopName, void @empty_5" [../kernel/Compute.cpp:54]   --->   Operation 47 'specloopname' 'specloopname_ln54' <Predicate = (!icmp_ln54)> <Delay = 0.00>
ST_6 : Operation 48 [1/1] (0.83ns)   --->   "%cmp61 = icmp_ult  i24 %n0_13, i24 %sub60"   --->   Operation 48 'icmp' 'cmp61' <Predicate = (!icmp_ln54)> <Delay = 0.83> <CoreInst = "Cmp">   --->   Core 9 'Cmp' <Latency = 0> <II = 1> <Delay = 0.83> <FuncUnit> <Opcode : 'seteq' 'setne' 'setle' 'setge' 'setlt' 'setgt'> <InPorts = 2> <OutPorts = 1>
ST_6 : Operation 49 [1/1] (0.00ns)   --->   "%empty_223 = trunc i24 %n0_13"   --->   Operation 49 'trunc' 'empty_223' <Predicate = (!icmp_ln54)> <Delay = 0.00>
ST_6 : Operation 50 [1/1] (0.00ns)   --->   "%mul = bitconcatenate i27 @_ssdm_op_BitConcatenate.i27.i23.i4, i23 %empty_223, i4 0"   --->   Operation 50 'bitconcatenate' 'mul' <Predicate = (!icmp_ln54)> <Delay = 0.00>
ST_6 : Operation 51 [1/1] (0.38ns)   --->   "%br_ln56 = br void %Collapse_K" [../kernel/Compute.cpp:56]   --->   Operation 51 'br' 'br_ln56' <Predicate = (!icmp_ln54)> <Delay = 0.38>
ST_6 : Operation 52 [1/1] (0.00ns)   --->   "%ret_ln231 = ret" [../kernel/Compute.cpp:231]   --->   Operation 52 'ret' 'ret_ln231' <Predicate = (icmp_ln54)> <Delay = 0.00>

State 7 <SV = 6> <Delay = 1.21>
ST_7 : Operation 53 [1/1] (0.00ns)   --->   "%m0 = phi i24 0, void %OuterTile_M.split, i24 %add_ln56, void %for.body187.preheader" [../kernel/Compute.cpp:56]   --->   Operation 53 'phi' 'm0' <Predicate = true> <Delay = 0.00>
ST_7 : Operation 54 [1/1] (0.83ns)   --->   "%icmp_ln56 = icmp_eq  i24 %m0, i24 %div_i104_cast3" [../kernel/Compute.cpp:56]   --->   Operation 54 'icmp' 'icmp_ln56' <Predicate = true> <Delay = 0.83> <CoreInst = "Cmp">   --->   Core 9 'Cmp' <Latency = 0> <II = 1> <Delay = 0.83> <FuncUnit> <Opcode : 'seteq' 'setne' 'setle' 'setge' 'setlt' 'setgt'> <InPorts = 2> <OutPorts = 1>
ST_7 : Operation 55 [1/1] (0.83ns)   --->   "%add_ln56 = add i24 %m0, i24 1" [../kernel/Compute.cpp:56]   --->   Operation 55 'add' 'add_ln56' <Predicate = true> <Delay = 0.83> <CoreInst = "Adder">   --->   Core 1 'Adder' <Latency = 0> <II = 1> <Delay = 0.83> <FuncUnit> <Opcode : 'add' 'sub'> <InPorts = 2> <OutPorts = 1>
ST_7 : Operation 56 [1/1] (0.00ns)   --->   "%br_ln56 = br i1 %icmp_ln56, void %Collapse_K.split, void %for.inc228.loopexit" [../kernel/Compute.cpp:56]   --->   Operation 56 'br' 'br_ln56' <Predicate = true> <Delay = 0.00>
ST_7 : Operation 57 [1/1] (0.00ns)   --->   "%trunc_ln56 = trunc i24 %m0" [../kernel/Compute.cpp:56]   --->   Operation 57 'trunc' 'trunc_ln56' <Predicate = (!icmp_ln56)> <Delay = 0.00>
ST_7 : Operation 58 [1/1] (0.00ns)   --->   "%speclooptripcount_ln56 = speclooptripcount void @_ssdm_op_SpecLoopTripCount, i64 0, i64 8388608, i64 4194304" [../kernel/Compute.cpp:56]   --->   Operation 58 'speclooptripcount' 'speclooptripcount_ln56' <Predicate = (!icmp_ln56)> <Delay = 0.00>
ST_7 : Operation 59 [1/1] (0.00ns)   --->   "%specloopname_ln56 = specloopname void @_ssdm_op_SpecLoopName, void @empty_6" [../kernel/Compute.cpp:56]   --->   Operation 59 'specloopname' 'specloopname_ln56' <Predicate = (!icmp_ln56)> <Delay = 0.00>
ST_7 : Operation 60 [1/1] (0.83ns)   --->   "%cmp64 = icmp_ult  i24 %m0, i24 %sub63" [../kernel/Compute.cpp:56]   --->   Operation 60 'icmp' 'cmp64' <Predicate = (!icmp_ln56)> <Delay = 0.83> <CoreInst = "Cmp">   --->   Core 9 'Cmp' <Latency = 0> <II = 1> <Delay = 0.83> <FuncUnit> <Opcode : 'seteq' 'setne' 'setle' 'setge' 'setlt' 'setgt'> <InPorts = 2> <OutPorts = 1>
ST_7 : Operation 61 [1/1] (0.38ns)   --->   "%br_ln60 = br void %Pipeline_N" [../kernel/Compute.cpp:60]   --->   Operation 61 'br' 'br_ln60' <Predicate = (!icmp_ln56)> <Delay = 0.38>
ST_7 : Operation 62 [1/1] (0.38ns)   --->   "%store_ln54 = store i24 %add_ln54, i24 %n0" [../kernel/Compute.cpp:54]   --->   Operation 62 'store' 'store_ln54' <Predicate = (icmp_ln56)> <Delay = 0.38>
ST_7 : Operation 63 [1/1] (0.00ns)   --->   "%br_ln54 = br void %OuterTile_M" [../kernel/Compute.cpp:54]   --->   Operation 63 'br' 'br_ln54' <Predicate = (icmp_ln56)> <Delay = 0.00>

State 8 <SV = 7> <Delay = 1.12>
ST_8 : Operation 64 [1/1] (0.00ns)   --->   "%k = phi i32 0, void %Collapse_K.split, i32 %k_13, void %Pipeline_N.split"   --->   Operation 64 'phi' 'k' <Predicate = true> <Delay = 0.00>
ST_8 : Operation 65 [1/1] (0.88ns)   --->   "%icmp_ln60 = icmp_eq  i32 %k, i32 %size_k_read" [../kernel/Compute.cpp:60]   --->   Operation 65 'icmp' 'icmp_ln60' <Predicate = true> <Delay = 0.88> <CoreInst = "Cmp">   --->   Core 9 'Cmp' <Latency = 0> <II = 1> <Delay = 0.88> <FuncUnit> <Opcode : 'seteq' 'setne' 'setle' 'setge' 'setlt' 'setgt'> <InPorts = 2> <OutPorts = 1>
ST_8 : Operation 66 [1/1] (0.88ns)   --->   "%k_13 = add i32 %k, i32 1" [../kernel/Compute.cpp:60]   --->   Operation 66 'add' 'k_13' <Predicate = true> <Delay = 0.88> <CoreInst = "Adder">   --->   Core 1 'Adder' <Latency = 0> <II = 1> <Delay = 0.88> <FuncUnit> <Opcode : 'add' 'sub'> <InPorts = 2> <OutPorts = 1>
ST_8 : Operation 67 [1/1] (0.00ns)   --->   "%br_ln60 = br i1 %icmp_ln60, void %Pipeline_N.split, void %for.body187.preheader" [../kernel/Compute.cpp:60]   --->   Operation 67 'br' 'br_ln60' <Predicate = true> <Delay = 0.00>
ST_8 : Operation 68 [1/1] (0.00ns)   --->   "%trunc_ln60 = trunc i32 %k" [../kernel/Compute.cpp:60]   --->   Operation 68 'trunc' 'trunc_ln60' <Predicate = (!icmp_ln60)> <Delay = 0.00>
ST_8 : Operation 69 [1/1] (0.27ns)   --->   "%cond90 = select i1 %trunc_ln60, i5 16, i5 0" [../kernel/Compute.cpp:60]   --->   Operation 69 'select' 'cond90' <Predicate = (!icmp_ln60)> <Delay = 0.27> <CoreInst = "Sel">   --->   Core 73 'Sel' <Latency = 0> <II = 1> <Delay = 0.27> <FuncUnit> <Opcode : 'select'> <InPorts = 3> <OutPorts = 1>
ST_8 : Operation 70 [1/1] (0.88ns)   --->   "%cmp111 = icmp_eq  i32 %k, i32 0" [../kernel/Compute.cpp:60]   --->   Operation 70 'icmp' 'cmp111' <Predicate = (!icmp_ln60)> <Delay = 0.88> <CoreInst = "Cmp">   --->   Core 9 'Cmp' <Latency = 0> <II = 1> <Delay = 0.88> <FuncUnit> <Opcode : 'seteq' 'setne' 'setle' 'setge' 'setlt' 'setgt'> <InPorts = 2> <OutPorts = 1>
ST_8 : Operation 71 [1/1] (0.88ns)   --->   "%cmp67 = icmp_ult  i32 %k, i32 %sub66" [../kernel/Compute.cpp:60]   --->   Operation 71 'icmp' 'cmp67' <Predicate = (!icmp_ln60)> <Delay = 0.88> <CoreInst = "Cmp">   --->   Core 9 'Cmp' <Latency = 0> <II = 1> <Delay = 0.88> <FuncUnit> <Opcode : 'seteq' 'setne' 'setle' 'setge' 'setlt' 'setgt'> <InPorts = 2> <OutPorts = 1>
ST_8 : Operation 72 [1/1] (0.27ns)   --->   "%cond = select i1 %trunc_ln60, i5 0, i5 16" [../kernel/Compute.cpp:60]   --->   Operation 72 'select' 'cond' <Predicate = (!icmp_ln60)> <Delay = 0.27> <CoreInst = "Sel">   --->   Core 73 'Sel' <Latency = 0> <II = 1> <Delay = 0.27> <FuncUnit> <Opcode : 'select'> <InPorts = 3> <OutPorts = 1>
ST_8 : Operation 73 [1/1] (0.00ns) (grouped into LUT with out node brmerge282)   --->   "%tmp1 = or i1 %cmp64, i1 %cmp67" [../kernel/Compute.cpp:56]   --->   Operation 73 'or' 'tmp1' <Predicate = (!icmp_ln60)> <Delay = 0.00> <CoreInst = "LogicGate">   --->   Core 74 'LogicGate' <Latency = 0> <II = 1> <Delay = 0.12> <FuncUnit> <Opcode : 'and' 'or' 'xor'> <InPorts = 2> <OutPorts = 1>
ST_8 : Operation 74 [1/1] (0.12ns) (out node of the LUT)   --->   "%brmerge282 = or i1 %tmp1, i1 %cmp61" [../kernel/Compute.cpp:56]   --->   Operation 74 'or' 'brmerge282' <Predicate = (!icmp_ln60)> <Delay = 0.12> <CoreInst = "LogicGate">   --->   Core 74 'LogicGate' <Latency = 0> <II = 1> <Delay = 0.12> <FuncUnit> <Opcode : 'and' 'or' 'xor'> <InPorts = 2> <OutPorts = 1>
ST_8 : Operation 75 [1/1] (0.00ns)   --->   "%empty_225 = wait i32 @_ssdm_op_Wait"   --->   Operation 75 'wait' 'empty_225' <Predicate = (!icmp_ln60)> <Delay = 0.00>
ST_8 : Operation 76 [2/2] (0.12ns)   --->   "%call_ln56 = call void @ProcessingElement.26_Pipeline_Pipeline_N_Pipeline_M, i256 %bPipes_25, i256 %bPipes_26, i23 %trunc_ln56, i256 %cBuffer, i1 %cmp111, i32 %size_m_read, i5 %cond90, i32 %aBuffer, i27 %mul, i5 %cond, i32 %size_n_read, i1 %brmerge282, i32 %aPipes_25, i32 %aPipes_26" [../kernel/Compute.cpp:56]   --->   Operation 76 'call' 'call_ln56' <Predicate = (!icmp_ln60)> <Delay = 0.12> <CoreType = "Generic">   --->   Core 0 '' <Latency = 0> <II = 1> <Delay = 1.00> <Generic> <Opcode : >
ST_8 : Operation 77 [1/1] (0.00ns)   --->   "%empty_224 = wait i32 @_ssdm_op_Wait"   --->   Operation 77 'wait' 'empty_224' <Predicate = (icmp_ln60)> <Delay = 0.00>
ST_8 : Operation 78 [2/2] (0.00ns)   --->   "%call_ln0 = call void @ProcessingElement.26_Pipeline_WriteC_Flattened, i256 %cBuffer, i256 %cPipes_25, i256 %cPipes_26"   --->   Operation 78 'call' 'call_ln0' <Predicate = (icmp_ln60)> <Delay = 0.00> <CoreType = "Generic">   --->   Core 0 '' <Latency = 0> <II = 1> <Delay = 1.00> <Generic> <Opcode : >

State 9 <SV = 8> <Delay = 0.00>
ST_9 : Operation 79 [1/1] (0.00ns)   --->   "%specloopname_ln60 = specloopname void @_ssdm_op_SpecLoopName, void @empty_8" [../kernel/Compute.cpp:60]   --->   Operation 79 'specloopname' 'specloopname_ln60' <Predicate = true> <Delay = 0.00>
ST_9 : Operation 80 [1/2] (0.00ns)   --->   "%call_ln56 = call void @ProcessingElement.26_Pipeline_Pipeline_N_Pipeline_M, i256 %bPipes_25, i256 %bPipes_26, i23 %trunc_ln56, i256 %cBuffer, i1 %cmp111, i32 %size_m_read, i5 %cond90, i32 %aBuffer, i27 %mul, i5 %cond, i32 %size_n_read, i1 %brmerge282, i32 %aPipes_25, i32 %aPipes_26" [../kernel/Compute.cpp:56]   --->   Operation 80 'call' 'call_ln56' <Predicate = true> <Delay = 0.00> <CoreType = "Generic">   --->   Core 0 '' <Latency = 0> <II = 1> <Delay = 1.00> <Generic> <Opcode : >
ST_9 : Operation 81 [1/1] (0.00ns)   --->   "%br_ln60 = br void %Pipeline_N" [../kernel/Compute.cpp:60]   --->   Operation 81 'br' 'br_ln60' <Predicate = true> <Delay = 0.00>

State 10 <SV = 8> <Delay = 1.14>
ST_10 : Operation 82 [1/2] (1.14ns)   --->   "%call_ln0 = call void @ProcessingElement.26_Pipeline_WriteC_Flattened, i256 %cBuffer, i256 %cPipes_25, i256 %cPipes_26"   --->   Operation 82 'call' 'call_ln0' <Predicate = true> <Delay = 1.14> <CoreType = "Generic">   --->   Core 0 '' <Latency = 0> <II = 1> <Delay = 1.00> <Generic> <Opcode : >
ST_10 : Operation 83 [1/1] (0.00ns)   --->   "%br_ln56 = br void %Collapse_K" [../kernel/Compute.cpp:56]   --->   Operation 83 'br' 'br_ln56' <Predicate = true> <Delay = 0.00>


============================================================
+ Verbose Summary: Binding
============================================================
STG Binding: 
---------------- STG Properties BEGIN ----------------
- Is combinational: 0
- Is one-state seq: 0
- Is datapath-only: 0
- Is pipelined: 0
- Is top level: 0
Port [ Return ] is wired: 1; IO mode=ap_ctrl_hs:ce=0
Port [ aPipes_25]:  wired=1; compound=1; hidden=0; nouse=0; global=0; static=0; extern=0; dir=0; type=3; pingpong=0; private_global=0; IO mode=ap_fifo:ce=0
Port [ aPipes_26]:  wired=1; compound=1; hidden=0; nouse=0; global=0; static=0; extern=0; dir=1; type=3; pingpong=0; private_global=0; IO mode=ap_fifo:ce=0
Port [ bPipes_25]:  wired=1; compound=1; hidden=0; nouse=0; global=0; static=0; extern=0; dir=0; type=3; pingpong=0; private_global=0; IO mode=ap_fifo:ce=0
Port [ bPipes_26]:  wired=1; compound=1; hidden=0; nouse=0; global=0; static=0; extern=0; dir=1; type=3; pingpong=0; private_global=0; IO mode=ap_fifo:ce=0
Port [ cPipes_25]:  wired=1; compound=1; hidden=0; nouse=0; global=0; static=0; extern=0; dir=1; type=3; pingpong=0; private_global=0; IO mode=ap_fifo:ce=0
Port [ cPipes_26]:  wired=1; compound=1; hidden=0; nouse=0; global=0; static=0; extern=0; dir=0; type=3; pingpong=0; private_global=0; IO mode=ap_fifo:ce=0
Port [ size_n]:  wired=1; compound=0; hidden=0; nouse=0; global=0; static=0; extern=0; dir=0; type=0; pingpong=0; private_global=0; IO mode=ap_none:ce=0
Port [ size_k]:  wired=1; compound=0; hidden=0; nouse=0; global=0; static=0; extern=0; dir=0; type=0; pingpong=0; private_global=0; IO mode=ap_none:ce=0
Port [ size_m]:  wired=1; compound=0; hidden=0; nouse=0; global=0; static=0; extern=0; dir=0; type=0; pingpong=0; private_global=0; IO mode=ap_none:ce=0
---------------- STG Properties END ------------------

---------------- Datapath Model BEGIN ----------------

<LifeTime>
<method=bitvector/>
n0                     (alloca           ) [ 01111111111]
aBuffer                (alloca           ) [ 00111111111]
cBuffer                (alloca           ) [ 00111111111]
store_ln54             (store            ) [ 00000000000]
size_m_read            (read             ) [ 00011111111]
size_k_read            (read             ) [ 00011111111]
size_n_read            (read             ) [ 00011111111]
call_ln0               (call             ) [ 00000000000]
call_ln0               (call             ) [ 00000000000]
empty                  (wait             ) [ 00000000000]
call_ln0               (call             ) [ 00000000000]
specinterface_ln0      (specinterface    ) [ 00000000000]
specinterface_ln0      (specinterface    ) [ 00000000000]
specinterface_ln0      (specinterface    ) [ 00000000000]
specinterface_ln0      (specinterface    ) [ 00000000000]
specinterface_ln0      (specinterface    ) [ 00000000000]
specinterface_ln0      (specinterface    ) [ 00000000000]
empty_222              (wait             ) [ 00000000000]
size_n_cast            (zext             ) [ 00000000000]
sub_i                  (add              ) [ 00000000000]
div_i_cast1            (partselect       ) [ 00000011111]
size_m_cast            (zext             ) [ 00000000000]
sub_i103               (add              ) [ 00000000000]
div_i104_cast3         (partselect       ) [ 00000011111]
sub60                  (add              ) [ 00000011111]
sub63                  (add              ) [ 00000011111]
sub66                  (add              ) [ 00000011111]
br_ln54                (br               ) [ 00000000000]
n0_13                  (load             ) [ 00000000000]
icmp_ln54              (icmp             ) [ 00000011111]
add_ln54               (add              ) [ 00000001111]
br_ln54                (br               ) [ 00000000000]
speclooptripcount_ln54 (speclooptripcount) [ 00000000000]
specloopname_ln54      (specloopname     ) [ 00000000000]
cmp61                  (icmp             ) [ 00000001111]
empty_223              (trunc            ) [ 00000000000]
mul                    (bitconcatenate   ) [ 00000001111]
br_ln56                (br               ) [ 00000011111]
ret_ln231              (ret              ) [ 00000000000]
m0                     (phi              ) [ 00000001000]
icmp_ln56              (icmp             ) [ 00000011111]
add_ln56               (add              ) [ 00000011111]
br_ln56                (br               ) [ 00000000000]
trunc_ln56             (trunc            ) [ 00000000110]
speclooptripcount_ln56 (speclooptripcount) [ 00000000000]
specloopname_ln56      (specloopname     ) [ 00000000000]
cmp64                  (icmp             ) [ 00000000110]
br_ln60                (br               ) [ 00000011111]
store_ln54             (store            ) [ 00000000000]
br_ln54                (br               ) [ 00000000000]
k                      (phi              ) [ 00000000100]
icmp_ln60              (icmp             ) [ 00000011111]
k_13                   (add              ) [ 00000011111]
br_ln60                (br               ) [ 00000000000]
trunc_ln60             (trunc            ) [ 00000000000]
cond90                 (select           ) [ 00000000010]
cmp111                 (icmp             ) [ 00000000010]
cmp67                  (icmp             ) [ 00000000000]
cond                   (select           ) [ 00000000010]
tmp1                   (or               ) [ 00000000000]
brmerge282             (or               ) [ 00000000010]
empty_225              (wait             ) [ 00000000000]
empty_224              (wait             ) [ 00000000000]
specloopname_ln60      (specloopname     ) [ 00000000000]
call_ln56              (call             ) [ 00000000000]
br_ln60                (br               ) [ 00000011111]
call_ln0               (call             ) [ 00000000000]
br_ln56                (br               ) [ 00000011111]
</LifeTime>

<model>

<comp_list>
<comp id="0" class="1000" name="aPipes_25">
<pin_list>
<pin id="1" dir="1" index="0" bw="1" slack="0"/>
</pin_list>
<bind>
<StgValue><ssdm name="aPipes_25"/></StgValue>
</bind>
</comp>

<comp id="2" class="1000" name="aPipes_26">
<pin_list>
<pin id="3" dir="1" index="0" bw="1" slack="0"/>
</pin_list>
<bind>
<StgValue><ssdm name="aPipes_26"/></StgValue>
</bind>
</comp>

<comp id="4" class="1000" name="bPipes_25">
<pin_list>
<pin id="5" dir="1" index="0" bw="1" slack="0"/>
</pin_list>
<bind>
<StgValue><ssdm name="bPipes_25"/></StgValue>
</bind>
</comp>

<comp id="6" class="1000" name="bPipes_26">
<pin_list>
<pin id="7" dir="1" index="0" bw="1" slack="0"/>
</pin_list>
<bind>
<StgValue><ssdm name="bPipes_26"/></StgValue>
</bind>
</comp>

<comp id="8" class="1000" name="cPipes_25">
<pin_list>
<pin id="9" dir="1" index="0" bw="1" slack="0"/>
</pin_list>
<bind>
<StgValue><ssdm name="cPipes_25"/></StgValue>
</bind>
</comp>

<comp id="10" class="1000" name="cPipes_26">
<pin_list>
<pin id="11" dir="1" index="0" bw="1" slack="0"/>
</pin_list>
<bind>
<StgValue><ssdm name="cPipes_26"/></StgValue>
</bind>
</comp>

<comp id="12" class="1000" name="size_n">
<pin_list>
<pin id="13" dir="1" index="0" bw="1" slack="0"/>
</pin_list>
<bind>
<StgValue><ssdm name="size_n"/></StgValue>
</bind>
</comp>

<comp id="14" class="1000" name="size_k">
<pin_list>
<pin id="15" dir="1" index="0" bw="1" slack="0"/>
</pin_list>
<bind>
<StgValue><ssdm name="size_k"/></StgValue>
</bind>
</comp>

<comp id="16" class="1000" name="size_m">
<pin_list>
<pin id="17" dir="1" index="0" bw="1" slack="0"/>
</pin_list>
<bind>
<StgValue><ssdm name="size_m"/></StgValue>
</bind>
</comp>

<comp id="18" class="1001" name="const_18">
<pin_list>
<pin id="19" dir="1" index="0" bw="1" slack="0"/>
</pin_list>
<bind>
<StgValue><ssdm name=""/></StgValue>
</bind>
</comp>

<comp id="20" class="1001" name="const_20">
<pin_list>
<pin id="21" dir="1" index="0" bw="1" slack="0"/>
</pin_list>
<bind>
<StgValue><ssdm name=""/></StgValue>
</bind>
</comp>

<comp id="22" class="1001" name="const_22">
<pin_list>
<pin id="23" dir="1" index="0" bw="1" slack="0"/>
</pin_list>
<bind>
<StgValue><ssdm name="ProcessingElement.26_Pipeline_1"/></StgValue>
</bind>
</comp>

<comp id="24" class="1001" name="const_24">
<pin_list>
<pin id="25" dir="1" index="0" bw="1" slack="0"/>
</pin_list>
<bind>
<StgValue><ssdm name="ProcessingElement.26_Pipeline_2"/></StgValue>
</bind>
</comp>

<comp id="26" class="1001" name="const_26">
<pin_list>
<pin id="27" dir="1" index="0" bw="1" slack="0"/>
</pin_list>
<bind>
<StgValue><ssdm name=""/></StgValue>
</bind>
</comp>

<comp id="28" class="1001" name="const_28">
<pin_list>
<pin id="29" dir="1" index="0" bw="1" slack="0"/>
</pin_list>
<bind>
<StgValue><ssdm name="_ssdm_op_Read.ap_auto.i32"/></StgValue>
</bind>
</comp>

<comp id="30" class="1001" name="const_30">
<pin_list>
<pin id="31" dir="1" index="0" bw="1" slack="2147483647"/>
</pin_list>
<bind>
<StgValue><ssdm name="_ssdm_op_Wait"/></StgValue>
</bind>
</comp>

<comp id="32" class="1001" name="const_32">
<pin_list>
<pin id="33" dir="1" index="0" bw="1" slack="0"/>
</pin_list>
<bind>
<StgValue><ssdm name="ProcessingElement.26_Pipeline_InitializeABuffer_Inner_InitializeABuffer_Outer"/></StgValue>
</bind>
</comp>

<comp id="34" class="1001" name="const_34">
<pin_list>
<pin id="35" dir="1" index="0" bw="1" slack="2147483647"/>
</pin_list>
<bind>
<StgValue><ssdm name="_ssdm_op_SpecInterface"/></StgValue>
</bind>
</comp>

<comp id="36" class="1001" name="const_36">
<pin_list>
<pin id="37" dir="1" index="0" bw="1" slack="2147483647"/>
</pin_list>
<bind>
<StgValue><ssdm name="empty_16"/></StgValue>
</bind>
</comp>

<comp id="38" class="1001" name="const_38">
<pin_list>
<pin id="39" dir="1" index="0" bw="1" slack="0"/>
</pin_list>
<bind>
<StgValue><ssdm name=""/></StgValue>
</bind>
</comp>

<comp id="40" class="1001" name="const_40">
<pin_list>
<pin id="41" dir="1" index="0" bw="1" slack="2147483647"/>
</pin_list>
<bind>
<StgValue><ssdm name="empty_24"/></StgValue>
</bind>
</comp>

<comp id="42" class="1001" name="const_42">
<pin_list>
<pin id="43" dir="1" index="0" bw="1" slack="0"/>
</pin_list>
<bind>
<StgValue><ssdm name=""/></StgValue>
</bind>
</comp>

<comp id="44" class="1001" name="const_44">
<pin_list>
<pin id="45" dir="1" index="0" bw="1" slack="0"/>
</pin_list>
<bind>
<StgValue><ssdm name=""/></StgValue>
</bind>
</comp>

<comp id="46" class="1001" name="const_46">
<pin_list>
<pin id="47" dir="1" index="0" bw="1" slack="0"/>
</pin_list>
<bind>
<StgValue><ssdm name="_ssdm_op_PartSelect.i24.i33.i32.i32"/></StgValue>
</bind>
</comp>

<comp id="48" class="1001" name="const_48">
<pin_list>
<pin id="49" dir="1" index="0" bw="1" slack="0"/>
</pin_list>
<bind>
<StgValue><ssdm name=""/></StgValue>
</bind>
</comp>

<comp id="50" class="1001" name="const_50">
<pin_list>
<pin id="51" dir="1" index="0" bw="1" slack="0"/>
</pin_list>
<bind>
<StgValue><ssdm name=""/></StgValue>
</bind>
</comp>

<comp id="52" class="1001" name="const_52">
<pin_list>
<pin id="53" dir="1" index="0" bw="1" slack="0"/>
</pin_list>
<bind>
<StgValue><ssdm name=""/></StgValue>
</bind>
</comp>

<comp id="54" class="1001" name="const_54">
<pin_list>
<pin id="55" dir="1" index="0" bw="1" slack="0"/>
</pin_list>
<bind>
<StgValue><ssdm name=""/></StgValue>
</bind>
</comp>

<comp id="56" class="1001" name="const_56">
<pin_list>
<pin id="57" dir="1" index="0" bw="1" slack="2147483647"/>
</pin_list>
<bind>
<StgValue><ssdm name="_ssdm_op_SpecLoopTripCount"/></StgValue>
</bind>
</comp>

<comp id="58" class="1001" name="const_58">
<pin_list>
<pin id="59" dir="1" index="0" bw="1" slack="2147483647"/>
</pin_list>
<bind>
<StgValue><ssdm name=""/></StgValue>
</bind>
</comp>

<comp id="60" class="1001" name="const_60">
<pin_list>
<pin id="61" dir="1" index="0" bw="1" slack="2147483647"/>
</pin_list>
<bind>
<StgValue><ssdm name=""/></StgValue>
</bind>
</comp>

<comp id="62" class="1001" name="const_62">
<pin_list>
<pin id="63" dir="1" index="0" bw="1" slack="2147483647"/>
</pin_list>
<bind>
<StgValue><ssdm name=""/></StgValue>
</bind>
</comp>

<comp id="64" class="1001" name="const_64">
<pin_list>
<pin id="65" dir="1" index="0" bw="1" slack="2147483647"/>
</pin_list>
<bind>
<StgValue><ssdm name="_ssdm_op_SpecLoopName"/></StgValue>
</bind>
</comp>

<comp id="66" class="1001" name="const_66">
<pin_list>
<pin id="67" dir="1" index="0" bw="1" slack="2147483647"/>
</pin_list>
<bind>
<StgValue><ssdm name="empty_5"/></StgValue>
</bind>
</comp>

<comp id="68" class="1001" name="const_68">
<pin_list>
<pin id="69" dir="1" index="0" bw="1" slack="0"/>
</pin_list>
<bind>
<StgValue><ssdm name="_ssdm_op_BitConcatenate.i27.i23.i4"/></StgValue>
</bind>
</comp>

<comp id="70" class="1001" name="const_70">
<pin_list>
<pin id="71" dir="1" index="0" bw="1" slack="0"/>
</pin_list>
<bind>
<StgValue><ssdm name=""/></StgValue>
</bind>
</comp>

<comp id="72" class="1001" name="const_72">
<pin_list>
<pin id="73" dir="1" index="0" bw="1" slack="2147483647"/>
</pin_list>
<bind>
<StgValue><ssdm name="empty_6"/></StgValue>
</bind>
</comp>

<comp id="74" class="1001" name="const_74">
<pin_list>
<pin id="75" dir="1" index="0" bw="1" slack="0"/>
</pin_list>
<bind>
<StgValue><ssdm name=""/></StgValue>
</bind>
</comp>

<comp id="76" class="1001" name="const_76">
<pin_list>
<pin id="77" dir="1" index="0" bw="1" slack="0"/>
</pin_list>
<bind>
<StgValue><ssdm name=""/></StgValue>
</bind>
</comp>

<comp id="78" class="1001" name="const_78">
<pin_list>
<pin id="79" dir="1" index="0" bw="1" slack="0"/>
</pin_list>
<bind>
<StgValue><ssdm name="ProcessingElement.26_Pipeline_Pipeline_N_Pipeline_M"/></StgValue>
</bind>
</comp>

<comp id="80" class="1001" name="const_80">
<pin_list>
<pin id="81" dir="1" index="0" bw="1" slack="0"/>
</pin_list>
<bind>
<StgValue><ssdm name="ProcessingElement.26_Pipeline_WriteC_Flattened"/></StgValue>
</bind>
</comp>

<comp id="82" class="1001" name="const_82">
<pin_list>
<pin id="83" dir="1" index="0" bw="1" slack="2147483647"/>
</pin_list>
<bind>
<StgValue><ssdm name="empty_8"/></StgValue>
</bind>
</comp>

<comp id="84" class="1004" name="n0_fu_84">
<pin_list>
<pin id="85" dir="0" index="0" bw="1" slack="0"/>
<pin id="86" dir="1" index="1" bw="24" slack="0"/>
</pin_list>
<bind>
<opcode="alloca(26) " fcode="alloca"/>
<opset="n0/1 "/>
</bind>
</comp>

<comp id="88" class="1004" name="aBuffer_alloca_fu_88">
<pin_list>
<pin id="89" dir="0" index="0" bw="1" slack="0"/>
<pin id="90" dir="1" index="1" bw="32" slack="0"/>
</pin_list>
<bind>
<opcode="alloca(26) " fcode="alloca"/>
<opset="aBuffer/1 "/>
</bind>
</comp>

<comp id="92" class="1004" name="cBuffer_alloca_fu_92">
<pin_list>
<pin id="93" dir="0" index="0" bw="1" slack="0"/>
<pin id="94" dir="1" index="1" bw="256" slack="0"/>
</pin_list>
<bind>
<opcode="alloca(26) " fcode="alloca"/>
<opset="cBuffer/1 "/>
</bind>
</comp>

<comp id="96" class="1004" name="size_m_read_read_fu_96">
<pin_list>
<pin id="97" dir="0" index="0" bw="32" slack="0"/>
<pin id="98" dir="0" index="1" bw="32" slack="0"/>
<pin id="99" dir="1" index="2" bw="32" slack="3"/>
</pin_list>
<bind>
<opcode="read(1150) " fcode="read"/>
<opset="size_m_read/2 "/>
</bind>
</comp>

<comp id="102" class="1004" name="size_k_read_read_fu_102">
<pin_list>
<pin id="103" dir="0" index="0" bw="32" slack="0"/>
<pin id="104" dir="0" index="1" bw="32" slack="0"/>
<pin id="105" dir="1" index="2" bw="32" slack="3"/>
</pin_list>
<bind>
<opcode="read(1150) " fcode="read"/>
<opset="size_k_read/2 "/>
</bind>
</comp>

<comp id="108" class="1004" name="size_n_read_read_fu_108">
<pin_list>
<pin id="109" dir="0" index="0" bw="32" slack="0"/>
<pin id="110" dir="0" index="1" bw="32" slack="0"/>
<pin id="111" dir="1" index="2" bw="32" slack="3"/>
</pin_list>
<bind>
<opcode="read(1150) " fcode="read"/>
<opset="size_n_read/2 "/>
</bind>
</comp>

<comp id="114" class="1005" name="m0_reg_114">
<pin_list>
<pin id="115" dir="0" index="0" bw="24" slack="1"/>
<pin id="116" dir="1" index="1" bw="24" slack="1"/>
</pin_list>
<bind>
<opset="m0 (phireg) "/>
</bind>
</comp>

<comp id="118" class="1004" name="m0_phi_fu_118">
<pin_list>
<pin id="119" dir="0" index="0" bw="1" slack="1"/>
<pin id="120" dir="0" index="1" bw="0" slack="2147483647"/>
<pin id="121" dir="0" index="2" bw="24" slack="0"/>
<pin id="122" dir="0" index="3" bw="0" slack="2147483647"/>
<pin id="123" dir="1" index="4" bw="24" slack="0"/>
</pin_list>
<bind>
<opcode="phi(47) " fcode="phi"/>
<opset="m0/7 "/>
</bind>
</comp>

<comp id="125" class="1005" name="k_reg_125">
<pin_list>
<pin id="126" dir="0" index="0" bw="32" slack="1"/>
<pin id="127" dir="1" index="1" bw="32" slack="1"/>
</pin_list>
<bind>
<opset="k (phireg) "/>
</bind>
</comp>

<comp id="129" class="1004" name="k_phi_fu_129">
<pin_list>
<pin id="130" dir="0" index="0" bw="1" slack="1"/>
<pin id="131" dir="0" index="1" bw="0" slack="2147483647"/>
<pin id="132" dir="0" index="2" bw="32" slack="0"/>
<pin id="133" dir="0" index="3" bw="0" slack="2147483647"/>
<pin id="134" dir="1" index="4" bw="32" slack="0"/>
</pin_list>
<bind>
<opcode="phi(47) " fcode="phi"/>
<opset="k/8 "/>
</bind>
</comp>

<comp id="136" class="1004" name="grp_ProcessingElement_26_Pipeline_1_fu_136">
<pin_list>
<pin id="137" dir="0" index="0" bw="0" slack="0"/>
<pin id="138" dir="0" index="1" bw="32" slack="0"/>
<pin id="139" dir="1" index="2" bw="0" slack="2147483647"/>
</pin_list>
<bind>
<opcode="call(48) " fcode="call"/>
<opset="call_ln0/1 "/>
</bind>
</comp>

<comp id="142" class="1004" name="grp_ProcessingElement_26_Pipeline_2_fu_142">
<pin_list>
<pin id="143" dir="0" index="0" bw="0" slack="0"/>
<pin id="144" dir="0" index="1" bw="256" slack="0"/>
<pin id="145" dir="1" index="2" bw="0" slack="2147483647"/>
</pin_list>
<bind>
<opcode="call(48) " fcode="call"/>
<opset="call_ln0/1 "/>
</bind>
</comp>

<comp id="148" class="1004" name="grp_ProcessingElement_26_Pipeline_InitializeABuffer_Inner_InitializeABuffer_Outer_fu_148">
<pin_list>
<pin id="149" dir="0" index="0" bw="0" slack="0"/>
<pin id="150" dir="0" index="1" bw="32" slack="2147483647"/>
<pin id="151" dir="0" index="2" bw="32" slack="0"/>
<pin id="152" dir="0" index="3" bw="32" slack="0"/>
<pin id="153" dir="1" index="4" bw="0" slack="2147483647"/>
</pin_list>
<bind>
<opcode="call(48) " fcode="call"/>
<opset="call_ln0/3 "/>
</bind>
</comp>

<comp id="157" class="1004" name="grp_ProcessingElement_26_Pipeline_Pipeline_N_Pipeline_M_fu_157">
<pin_list>
<pin id="158" dir="0" index="0" bw="0" slack="0"/>
<pin id="159" dir="0" index="1" bw="256" slack="0"/>
<pin id="160" dir="0" index="2" bw="256" slack="0"/>
<pin id="161" dir="0" index="3" bw="23" slack="1"/>
<pin id="162" dir="0" index="4" bw="256" slack="2147483647"/>
<pin id="163" dir="0" index="5" bw="1" slack="0"/>
<pin id="164" dir="0" index="6" bw="32" slack="6"/>
<pin id="165" dir="0" index="7" bw="5" slack="0"/>
<pin id="166" dir="0" index="8" bw="32" slack="2147483647"/>
<pin id="167" dir="0" index="9" bw="27" slack="2"/>
<pin id="168" dir="0" index="10" bw="5" slack="0"/>
<pin id="169" dir="0" index="11" bw="32" slack="6"/>
<pin id="170" dir="0" index="12" bw="1" slack="0"/>
<pin id="171" dir="0" index="13" bw="32" slack="0"/>
<pin id="172" dir="0" index="14" bw="32" slack="0"/>
<pin id="173" dir="1" index="15" bw="0" slack="2147483647"/>
</pin_list>
<bind>
<opcode="call(48) " fcode="call"/>
<opset="call_ln56/8 "/>
</bind>
</comp>

<comp id="179" class="1004" name="grp_ProcessingElement_26_Pipeline_WriteC_Flattened_fu_179">
<pin_list>
<pin id="180" dir="0" index="0" bw="0" slack="0"/>
<pin id="181" dir="0" index="1" bw="256" slack="2147483647"/>
<pin id="182" dir="0" index="2" bw="256" slack="0"/>
<pin id="183" dir="0" index="3" bw="256" slack="0"/>
<pin id="184" dir="1" index="4" bw="0" slack="2147483647"/>
</pin_list>
<bind>
<opcode="call(48) " fcode="call"/>
<opset="call_ln0/8 "/>
</bind>
</comp>

<comp id="188" class="1004" name="store_ln54_store_fu_188">
<pin_list>
<pin id="189" dir="0" index="0" bw="1" slack="0"/>
<pin id="190" dir="0" index="1" bw="24" slack="0"/>
<pin id="191" dir="1" index="2" bw="0" slack="2147483647"/>
</pin_list>
<bind>
<opcode="store(28) " fcode="store"/>
<opset="store_ln54/1 "/>
</bind>
</comp>

<comp id="193" class="1004" name="size_n_cast_fu_193">
<pin_list>
<pin id="194" dir="0" index="0" bw="32" slack="3"/>
<pin id="195" dir="1" index="1" bw="33" slack="0"/>
</pin_list>
<bind>
<opcode="zext(34) " fcode="zext"/>
<opset="size_n_cast/5 "/>
</bind>
</comp>

<comp id="196" class="1004" name="sub_i_fu_196">
<pin_list>
<pin id="197" dir="0" index="0" bw="32" slack="0"/>
<pin id="198" dir="0" index="1" bw="10" slack="0"/>
<pin id="199" dir="1" index="2" bw="33" slack="0"/>
</pin_list>
<bind>
<opcode="add(8) " fcode="add"/>
<opset="sub_i/5 "/>
</bind>
</comp>

<comp id="202" class="1004" name="div_i_cast1_fu_202">
<pin_list>
<pin id="203" dir="0" index="0" bw="24" slack="0"/>
<pin id="204" dir="0" index="1" bw="33" slack="0"/>
<pin id="205" dir="0" index="2" bw="5" slack="0"/>
<pin id="206" dir="0" index="3" bw="7" slack="0"/>
<pin id="207" dir="1" index="4" bw="24" slack="0"/>
</pin_list>
<bind>
<opcode="partselect(1002) " fcode="partselect"/>
<opset="div_i_cast1/5 "/>
</bind>
</comp>

<comp id="212" class="1004" name="size_m_cast_fu_212">
<pin_list>
<pin id="213" dir="0" index="0" bw="32" slack="3"/>
<pin id="214" dir="1" index="1" bw="33" slack="0"/>
</pin_list>
<bind>
<opcode="zext(34) " fcode="zext"/>
<opset="size_m_cast/5 "/>
</bind>
</comp>

<comp id="215" class="1004" name="sub_i103_fu_215">
<pin_list>
<pin id="216" dir="0" index="0" bw="32" slack="0"/>
<pin id="217" dir="0" index="1" bw="10" slack="0"/>
<pin id="218" dir="1" index="2" bw="33" slack="0"/>
</pin_list>
<bind>
<opcode="add(8) " fcode="add"/>
<opset="sub_i103/5 "/>
</bind>
</comp>

<comp id="221" class="1004" name="div_i104_cast3_fu_221">
<pin_list>
<pin id="222" dir="0" index="0" bw="24" slack="0"/>
<pin id="223" dir="0" index="1" bw="33" slack="0"/>
<pin id="224" dir="0" index="2" bw="5" slack="0"/>
<pin id="225" dir="0" index="3" bw="7" slack="0"/>
<pin id="226" dir="1" index="4" bw="24" slack="0"/>
</pin_list>
<bind>
<opcode="partselect(1002) " fcode="partselect"/>
<opset="div_i104_cast3/5 "/>
</bind>
</comp>

<comp id="231" class="1004" name="sub60_fu_231">
<pin_list>
<pin id="232" dir="0" index="0" bw="24" slack="0"/>
<pin id="233" dir="0" index="1" bw="1" slack="0"/>
<pin id="234" dir="1" index="2" bw="24" slack="1"/>
</pin_list>
<bind>
<opcode="add(8) " fcode="add"/>
<opset="sub60/5 "/>
</bind>
</comp>

<comp id="237" class="1004" name="sub63_fu_237">
<pin_list>
<pin id="238" dir="0" index="0" bw="24" slack="0"/>
<pin id="239" dir="0" index="1" bw="1" slack="0"/>
<pin id="240" dir="1" index="2" bw="24" slack="2"/>
</pin_list>
<bind>
<opcode="add(8) " fcode="add"/>
<opset="sub63/5 "/>
</bind>
</comp>

<comp id="243" class="1004" name="sub66_fu_243">
<pin_list>
<pin id="244" dir="0" index="0" bw="32" slack="3"/>
<pin id="245" dir="0" index="1" bw="1" slack="0"/>
<pin id="246" dir="1" index="2" bw="32" slack="3"/>
</pin_list>
<bind>
<opcode="add(8) " fcode="add"/>
<opset="sub66/5 "/>
</bind>
</comp>

<comp id="248" class="1004" name="n0_13_load_fu_248">
<pin_list>
<pin id="249" dir="0" index="0" bw="24" slack="5"/>
<pin id="250" dir="1" index="1" bw="24" slack="0"/>
</pin_list>
<bind>
<opcode="load(27) " fcode="load"/>
<opset="n0_13/6 "/>
</bind>
</comp>

<comp id="251" class="1004" name="icmp_ln54_fu_251">
<pin_list>
<pin id="252" dir="0" index="0" bw="24" slack="0"/>
<pin id="253" dir="0" index="1" bw="24" slack="1"/>
<pin id="254" dir="1" index="2" bw="1" slack="2147483647"/>
</pin_list>
<bind>
<opcode="icmp(45) " fcode="icmp"/>
<opset="icmp_ln54/6 "/>
</bind>
</comp>

<comp id="256" class="1004" name="add_ln54_fu_256">
<pin_list>
<pin id="257" dir="0" index="0" bw="24" slack="0"/>
<pin id="258" dir="0" index="1" bw="1" slack="0"/>
<pin id="259" dir="1" index="2" bw="24" slack="1"/>
</pin_list>
<bind>
<opcode="add(8) " fcode="add"/>
<opset="add_ln54/6 "/>
</bind>
</comp>

<comp id="262" class="1004" name="cmp61_fu_262">
<pin_list>
<pin id="263" dir="0" index="0" bw="24" slack="0"/>
<pin id="264" dir="0" index="1" bw="24" slack="1"/>
<pin id="265" dir="1" index="2" bw="1" slack="2"/>
</pin_list>
<bind>
<opcode="icmp(45) " fcode="icmp"/>
<opset="cmp61/6 "/>
</bind>
</comp>

<comp id="267" class="1004" name="empty_223_fu_267">
<pin_list>
<pin id="268" dir="0" index="0" bw="24" slack="0"/>
<pin id="269" dir="1" index="1" bw="23" slack="0"/>
</pin_list>
<bind>
<opcode="trunc(33) " fcode="trunc"/>
<opset="empty_223/6 "/>
</bind>
</comp>

<comp id="271" class="1004" name="mul_fu_271">
<pin_list>
<pin id="272" dir="0" index="0" bw="27" slack="0"/>
<pin id="273" dir="0" index="1" bw="23" slack="0"/>
<pin id="274" dir="0" index="2" bw="1" slack="0"/>
<pin id="275" dir="1" index="3" bw="27" slack="2"/>
</pin_list>
<bind>
<opcode="bitconcatenate(1004) " fcode="bitconcatenate"/>
<opset="mul/6 "/>
</bind>
</comp>

<comp id="279" class="1004" name="icmp_ln56_fu_279">
<pin_list>
<pin id="280" dir="0" index="0" bw="24" slack="0"/>
<pin id="281" dir="0" index="1" bw="24" slack="2"/>
<pin id="282" dir="1" index="2" bw="1" slack="2147483647"/>
</pin_list>
<bind>
<opcode="icmp(45) " fcode="icmp"/>
<opset="icmp_ln56/7 "/>
</bind>
</comp>

<comp id="284" class="1004" name="add_ln56_fu_284">
<pin_list>
<pin id="285" dir="0" index="0" bw="24" slack="0"/>
<pin id="286" dir="0" index="1" bw="1" slack="0"/>
<pin id="287" dir="1" index="2" bw="24" slack="0"/>
</pin_list>
<bind>
<opcode="add(8) " fcode="add"/>
<opset="add_ln56/7 "/>
</bind>
</comp>

<comp id="290" class="1004" name="trunc_ln56_fu_290">
<pin_list>
<pin id="291" dir="0" index="0" bw="24" slack="0"/>
<pin id="292" dir="1" index="1" bw="23" slack="1"/>
</pin_list>
<bind>
<opcode="trunc(33) " fcode="trunc"/>
<opset="trunc_ln56/7 "/>
</bind>
</comp>

<comp id="294" class="1004" name="cmp64_fu_294">
<pin_list>
<pin id="295" dir="0" index="0" bw="24" slack="0"/>
<pin id="296" dir="0" index="1" bw="24" slack="2"/>
<pin id="297" dir="1" index="2" bw="1" slack="1"/>
</pin_list>
<bind>
<opcode="icmp(45) " fcode="icmp"/>
<opset="cmp64/7 "/>
</bind>
</comp>

<comp id="299" class="1004" name="store_ln54_store_fu_299">
<pin_list>
<pin id="300" dir="0" index="0" bw="24" slack="1"/>
<pin id="301" dir="0" index="1" bw="24" slack="6"/>
<pin id="302" dir="1" index="2" bw="0" slack="2147483647"/>
</pin_list>
<bind>
<opcode="store(28) " fcode="store"/>
<opset="store_ln54/7 "/>
</bind>
</comp>

<comp id="303" class="1004" name="icmp_ln60_fu_303">
<pin_list>
<pin id="304" dir="0" index="0" bw="32" slack="0"/>
<pin id="305" dir="0" index="1" bw="32" slack="6"/>
<pin id="306" dir="1" index="2" bw="1" slack="2147483647"/>
</pin_list>
<bind>
<opcode="icmp(45) " fcode="icmp"/>
<opset="icmp_ln60/8 "/>
</bind>
</comp>

<comp id="308" class="1004" name="k_13_fu_308">
<pin_list>
<pin id="309" dir="0" index="0" bw="32" slack="0"/>
<pin id="310" dir="0" index="1" bw="1" slack="0"/>
<pin id="311" dir="1" index="2" bw="32" slack="0"/>
</pin_list>
<bind>
<opcode="add(8) " fcode="add"/>
<opset="k_13/8 "/>
</bind>
</comp>

<comp id="314" class="1004" name="trunc_ln60_fu_314">
<pin_list>
<pin id="315" dir="0" index="0" bw="32" slack="0"/>
<pin id="316" dir="1" index="1" bw="1" slack="0"/>
</pin_list>
<bind>
<opcode="trunc(33) " fcode="trunc"/>
<opset="trunc_ln60/8 "/>
</bind>
</comp>

<comp id="318" class="1004" name="cond90_fu_318">
<pin_list>
<pin id="319" dir="0" index="0" bw="1" slack="0"/>
<pin id="320" dir="0" index="1" bw="5" slack="0"/>
<pin id="321" dir="0" index="2" bw="1" slack="0"/>
<pin id="322" dir="1" index="3" bw="5" slack="0"/>
</pin_list>
<bind>
<opcode="select(49) " fcode="select"/>
<opset="cond90/8 "/>
</bind>
</comp>

<comp id="327" class="1004" name="cmp111_fu_327">
<pin_list>
<pin id="328" dir="0" index="0" bw="32" slack="0"/>
<pin id="329" dir="0" index="1" bw="1" slack="0"/>
<pin id="330" dir="1" index="2" bw="1" slack="0"/>
</pin_list>
<bind>
<opcode="icmp(45) " fcode="icmp"/>
<opset="cmp111/8 "/>
</bind>
</comp>

<comp id="334" class="1004" name="cmp67_fu_334">
<pin_list>
<pin id="335" dir="0" index="0" bw="32" slack="0"/>
<pin id="336" dir="0" index="1" bw="32" slack="3"/>
<pin id="337" dir="1" index="2" bw="1" slack="0"/>
</pin_list>
<bind>
<opcode="icmp(45) " fcode="icmp"/>
<opset="cmp67/8 "/>
</bind>
</comp>

<comp id="339" class="1004" name="cond_fu_339">
<pin_list>
<pin id="340" dir="0" index="0" bw="1" slack="0"/>
<pin id="341" dir="0" index="1" bw="1" slack="0"/>
<pin id="342" dir="0" index="2" bw="5" slack="0"/>
<pin id="343" dir="1" index="3" bw="5" slack="0"/>
</pin_list>
<bind>
<opcode="select(49) " fcode="select"/>
<opset="cond/8 "/>
</bind>
</comp>

<comp id="348" class="1004" name="tmp1_fu_348">
<pin_list>
<pin id="349" dir="0" index="0" bw="1" slack="1"/>
<pin id="350" dir="0" index="1" bw="1" slack="0"/>
<pin id="351" dir="1" index="2" bw="1" slack="0"/>
</pin_list>
<bind>
<opcode="or(24) " fcode="or"/>
<opset="tmp1/8 "/>
</bind>
</comp>

<comp id="353" class="1004" name="brmerge282_fu_353">
<pin_list>
<pin id="354" dir="0" index="0" bw="1" slack="0"/>
<pin id="355" dir="0" index="1" bw="1" slack="2"/>
<pin id="356" dir="1" index="2" bw="1" slack="0"/>
</pin_list>
<bind>
<opcode="or(24) " fcode="or"/>
<opset="brmerge282/8 "/>
</bind>
</comp>

<comp id="359" class="1005" name="n0_reg_359">
<pin_list>
<pin id="360" dir="0" index="0" bw="24" slack="0"/>
<pin id="361" dir="1" index="1" bw="24" slack="0"/>
</pin_list>
<bind>
<opset="n0 "/>
</bind>
</comp>

<comp id="366" class="1005" name="size_m_read_reg_366">
<pin_list>
<pin id="367" dir="0" index="0" bw="32" slack="3"/>
<pin id="368" dir="1" index="1" bw="32" slack="3"/>
</pin_list>
<bind>
<opset="size_m_read "/>
</bind>
</comp>

<comp id="372" class="1005" name="size_k_read_reg_372">
<pin_list>
<pin id="373" dir="0" index="0" bw="32" slack="3"/>
<pin id="374" dir="1" index="1" bw="32" slack="3"/>
</pin_list>
<bind>
<opset="size_k_read "/>
</bind>
</comp>

<comp id="378" class="1005" name="size_n_read_reg_378">
<pin_list>
<pin id="379" dir="0" index="0" bw="32" slack="3"/>
<pin id="380" dir="1" index="1" bw="32" slack="3"/>
</pin_list>
<bind>
<opset="size_n_read "/>
</bind>
</comp>

<comp id="384" class="1005" name="div_i_cast1_reg_384">
<pin_list>
<pin id="385" dir="0" index="0" bw="24" slack="1"/>
<pin id="386" dir="1" index="1" bw="24" slack="1"/>
</pin_list>
<bind>
<opset="div_i_cast1 "/>
</bind>
</comp>

<comp id="389" class="1005" name="div_i104_cast3_reg_389">
<pin_list>
<pin id="390" dir="0" index="0" bw="24" slack="2"/>
<pin id="391" dir="1" index="1" bw="24" slack="2"/>
</pin_list>
<bind>
<opset="div_i104_cast3 "/>
</bind>
</comp>

<comp id="394" class="1005" name="sub60_reg_394">
<pin_list>
<pin id="395" dir="0" index="0" bw="24" slack="1"/>
<pin id="396" dir="1" index="1" bw="24" slack="1"/>
</pin_list>
<bind>
<opset="sub60 "/>
</bind>
</comp>

<comp id="399" class="1005" name="sub63_reg_399">
<pin_list>
<pin id="400" dir="0" index="0" bw="24" slack="2"/>
<pin id="401" dir="1" index="1" bw="24" slack="2"/>
</pin_list>
<bind>
<opset="sub63 "/>
</bind>
</comp>

<comp id="404" class="1005" name="sub66_reg_404">
<pin_list>
<pin id="405" dir="0" index="0" bw="32" slack="3"/>
<pin id="406" dir="1" index="1" bw="32" slack="3"/>
</pin_list>
<bind>
<opset="sub66 "/>
</bind>
</comp>

<comp id="412" class="1005" name="add_ln54_reg_412">
<pin_list>
<pin id="413" dir="0" index="0" bw="24" slack="1"/>
<pin id="414" dir="1" index="1" bw="24" slack="1"/>
</pin_list>
<bind>
<opset="add_ln54 "/>
</bind>
</comp>

<comp id="417" class="1005" name="cmp61_reg_417">
<pin_list>
<pin id="418" dir="0" index="0" bw="1" slack="2"/>
<pin id="419" dir="1" index="1" bw="1" slack="2"/>
</pin_list>
<bind>
<opset="cmp61 "/>
</bind>
</comp>

<comp id="422" class="1005" name="mul_reg_422">
<pin_list>
<pin id="423" dir="0" index="0" bw="27" slack="2"/>
<pin id="424" dir="1" index="1" bw="27" slack="2"/>
</pin_list>
<bind>
<opset="mul "/>
</bind>
</comp>

<comp id="430" class="1005" name="add_ln56_reg_430">
<pin_list>
<pin id="431" dir="0" index="0" bw="24" slack="0"/>
<pin id="432" dir="1" index="1" bw="24" slack="0"/>
</pin_list>
<bind>
<opset="add_ln56 "/>
</bind>
</comp>

<comp id="435" class="1005" name="trunc_ln56_reg_435">
<pin_list>
<pin id="436" dir="0" index="0" bw="23" slack="1"/>
<pin id="437" dir="1" index="1" bw="23" slack="1"/>
</pin_list>
<bind>
<opset="trunc_ln56 "/>
</bind>
</comp>

<comp id="440" class="1005" name="cmp64_reg_440">
<pin_list>
<pin id="441" dir="0" index="0" bw="1" slack="1"/>
<pin id="442" dir="1" index="1" bw="1" slack="1"/>
</pin_list>
<bind>
<opset="cmp64 "/>
</bind>
</comp>

<comp id="448" class="1005" name="k_13_reg_448">
<pin_list>
<pin id="449" dir="0" index="0" bw="32" slack="0"/>
<pin id="450" dir="1" index="1" bw="32" slack="0"/>
</pin_list>
<bind>
<opset="k_13 "/>
</bind>
</comp>

<comp id="453" class="1005" name="cond90_reg_453">
<pin_list>
<pin id="454" dir="0" index="0" bw="5" slack="1"/>
<pin id="455" dir="1" index="1" bw="5" slack="1"/>
</pin_list>
<bind>
<opset="cond90 "/>
</bind>
</comp>

<comp id="458" class="1005" name="cmp111_reg_458">
<pin_list>
<pin id="459" dir="0" index="0" bw="1" slack="1"/>
<pin id="460" dir="1" index="1" bw="1" slack="1"/>
</pin_list>
<bind>
<opset="cmp111 "/>
</bind>
</comp>

<comp id="463" class="1005" name="cond_reg_463">
<pin_list>
<pin id="464" dir="0" index="0" bw="5" slack="1"/>
<pin id="465" dir="1" index="1" bw="5" slack="1"/>
</pin_list>
<bind>
<opset="cond "/>
</bind>
</comp>

<comp id="468" class="1005" name="brmerge282_reg_468">
<pin_list>
<pin id="469" dir="0" index="0" bw="1" slack="1"/>
<pin id="470" dir="1" index="1" bw="1" slack="1"/>
</pin_list>
<bind>
<opset="brmerge282 "/>
</bind>
</comp>

</comp_list>

<net_list>
<net id="87"><net_src comp="18" pin="0"/><net_sink comp="84" pin=0"/></net>

<net id="91"><net_src comp="20" pin="0"/><net_sink comp="88" pin=0"/></net>

<net id="95"><net_src comp="20" pin="0"/><net_sink comp="92" pin=0"/></net>

<net id="100"><net_src comp="28" pin="0"/><net_sink comp="96" pin=0"/></net>

<net id="101"><net_src comp="16" pin="0"/><net_sink comp="96" pin=1"/></net>

<net id="106"><net_src comp="28" pin="0"/><net_sink comp="102" pin=0"/></net>

<net id="107"><net_src comp="14" pin="0"/><net_sink comp="102" pin=1"/></net>

<net id="112"><net_src comp="28" pin="0"/><net_sink comp="108" pin=0"/></net>

<net id="113"><net_src comp="12" pin="0"/><net_sink comp="108" pin=1"/></net>

<net id="117"><net_src comp="26" pin="0"/><net_sink comp="114" pin=0"/></net>

<net id="124"><net_src comp="114" pin="1"/><net_sink comp="118" pin=0"/></net>

<net id="128"><net_src comp="38" pin="0"/><net_sink comp="125" pin=0"/></net>

<net id="135"><net_src comp="125" pin="1"/><net_sink comp="129" pin=0"/></net>

<net id="140"><net_src comp="22" pin="0"/><net_sink comp="136" pin=0"/></net>

<net id="141"><net_src comp="88" pin="1"/><net_sink comp="136" pin=1"/></net>

<net id="146"><net_src comp="24" pin="0"/><net_sink comp="142" pin=0"/></net>

<net id="147"><net_src comp="92" pin="1"/><net_sink comp="142" pin=1"/></net>

<net id="154"><net_src comp="32" pin="0"/><net_sink comp="148" pin=0"/></net>

<net id="155"><net_src comp="0" pin="0"/><net_sink comp="148" pin=2"/></net>

<net id="156"><net_src comp="2" pin="0"/><net_sink comp="148" pin=3"/></net>

<net id="174"><net_src comp="78" pin="0"/><net_sink comp="157" pin=0"/></net>

<net id="175"><net_src comp="4" pin="0"/><net_sink comp="157" pin=1"/></net>

<net id="176"><net_src comp="6" pin="0"/><net_sink comp="157" pin=2"/></net>

<net id="177"><net_src comp="0" pin="0"/><net_sink comp="157" pin=13"/></net>

<net id="178"><net_src comp="2" pin="0"/><net_sink comp="157" pin=14"/></net>

<net id="185"><net_src comp="80" pin="0"/><net_sink comp="179" pin=0"/></net>

<net id="186"><net_src comp="8" pin="0"/><net_sink comp="179" pin=2"/></net>

<net id="187"><net_src comp="10" pin="0"/><net_sink comp="179" pin=3"/></net>

<net id="192"><net_src comp="26" pin="0"/><net_sink comp="188" pin=0"/></net>

<net id="200"><net_src comp="193" pin="1"/><net_sink comp="196" pin=0"/></net>

<net id="201"><net_src comp="44" pin="0"/><net_sink comp="196" pin=1"/></net>

<net id="208"><net_src comp="46" pin="0"/><net_sink comp="202" pin=0"/></net>

<net id="209"><net_src comp="196" pin="2"/><net_sink comp="202" pin=1"/></net>

<net id="210"><net_src comp="48" pin="0"/><net_sink comp="202" pin=2"/></net>

<net id="211"><net_src comp="50" pin="0"/><net_sink comp="202" pin=3"/></net>

<net id="219"><net_src comp="212" pin="1"/><net_sink comp="215" pin=0"/></net>

<net id="220"><net_src comp="44" pin="0"/><net_sink comp="215" pin=1"/></net>

<net id="227"><net_src comp="46" pin="0"/><net_sink comp="221" pin=0"/></net>

<net id="228"><net_src comp="215" pin="2"/><net_sink comp="221" pin=1"/></net>

<net id="229"><net_src comp="48" pin="0"/><net_sink comp="221" pin=2"/></net>

<net id="230"><net_src comp="50" pin="0"/><net_sink comp="221" pin=3"/></net>

<net id="235"><net_src comp="202" pin="4"/><net_sink comp="231" pin=0"/></net>

<net id="236"><net_src comp="52" pin="0"/><net_sink comp="231" pin=1"/></net>

<net id="241"><net_src comp="221" pin="4"/><net_sink comp="237" pin=0"/></net>

<net id="242"><net_src comp="52" pin="0"/><net_sink comp="237" pin=1"/></net>

<net id="247"><net_src comp="42" pin="0"/><net_sink comp="243" pin=1"/></net>

<net id="255"><net_src comp="248" pin="1"/><net_sink comp="251" pin=0"/></net>

<net id="260"><net_src comp="248" pin="1"/><net_sink comp="256" pin=0"/></net>

<net id="261"><net_src comp="54" pin="0"/><net_sink comp="256" pin=1"/></net>

<net id="266"><net_src comp="248" pin="1"/><net_sink comp="262" pin=0"/></net>

<net id="270"><net_src comp="248" pin="1"/><net_sink comp="267" pin=0"/></net>

<net id="276"><net_src comp="68" pin="0"/><net_sink comp="271" pin=0"/></net>

<net id="277"><net_src comp="267" pin="1"/><net_sink comp="271" pin=1"/></net>

<net id="278"><net_src comp="70" pin="0"/><net_sink comp="271" pin=2"/></net>

<net id="283"><net_src comp="118" pin="4"/><net_sink comp="279" pin=0"/></net>

<net id="288"><net_src comp="118" pin="4"/><net_sink comp="284" pin=0"/></net>

<net id="289"><net_src comp="54" pin="0"/><net_sink comp="284" pin=1"/></net>

<net id="293"><net_src comp="118" pin="4"/><net_sink comp="290" pin=0"/></net>

<net id="298"><net_src comp="118" pin="4"/><net_sink comp="294" pin=0"/></net>

<net id="307"><net_src comp="129" pin="4"/><net_sink comp="303" pin=0"/></net>

<net id="312"><net_src comp="129" pin="4"/><net_sink comp="308" pin=0"/></net>

<net id="313"><net_src comp="18" pin="0"/><net_sink comp="308" pin=1"/></net>

<net id="317"><net_src comp="129" pin="4"/><net_sink comp="314" pin=0"/></net>

<net id="323"><net_src comp="314" pin="1"/><net_sink comp="318" pin=0"/></net>

<net id="324"><net_src comp="74" pin="0"/><net_sink comp="318" pin=1"/></net>

<net id="325"><net_src comp="76" pin="0"/><net_sink comp="318" pin=2"/></net>

<net id="326"><net_src comp="318" pin="3"/><net_sink comp="157" pin=7"/></net>

<net id="331"><net_src comp="129" pin="4"/><net_sink comp="327" pin=0"/></net>

<net id="332"><net_src comp="38" pin="0"/><net_sink comp="327" pin=1"/></net>

<net id="333"><net_src comp="327" pin="2"/><net_sink comp="157" pin=5"/></net>

<net id="338"><net_src comp="129" pin="4"/><net_sink comp="334" pin=0"/></net>

<net id="344"><net_src comp="314" pin="1"/><net_sink comp="339" pin=0"/></net>

<net id="345"><net_src comp="76" pin="0"/><net_sink comp="339" pin=1"/></net>

<net id="346"><net_src comp="74" pin="0"/><net_sink comp="339" pin=2"/></net>

<net id="347"><net_src comp="339" pin="3"/><net_sink comp="157" pin=10"/></net>

<net id="352"><net_src comp="334" pin="2"/><net_sink comp="348" pin=1"/></net>

<net id="357"><net_src comp="348" pin="2"/><net_sink comp="353" pin=0"/></net>

<net id="358"><net_src comp="353" pin="2"/><net_sink comp="157" pin=12"/></net>

<net id="362"><net_src comp="84" pin="1"/><net_sink comp="359" pin=0"/></net>

<net id="363"><net_src comp="359" pin="1"/><net_sink comp="188" pin=1"/></net>

<net id="364"><net_src comp="359" pin="1"/><net_sink comp="248" pin=0"/></net>

<net id="365"><net_src comp="359" pin="1"/><net_sink comp="299" pin=1"/></net>

<net id="369"><net_src comp="96" pin="2"/><net_sink comp="366" pin=0"/></net>

<net id="370"><net_src comp="366" pin="1"/><net_sink comp="212" pin=0"/></net>

<net id="371"><net_src comp="366" pin="1"/><net_sink comp="157" pin=6"/></net>

<net id="375"><net_src comp="102" pin="2"/><net_sink comp="372" pin=0"/></net>

<net id="376"><net_src comp="372" pin="1"/><net_sink comp="243" pin=0"/></net>

<net id="377"><net_src comp="372" pin="1"/><net_sink comp="303" pin=1"/></net>

<net id="381"><net_src comp="108" pin="2"/><net_sink comp="378" pin=0"/></net>

<net id="382"><net_src comp="378" pin="1"/><net_sink comp="193" pin=0"/></net>

<net id="383"><net_src comp="378" pin="1"/><net_sink comp="157" pin=11"/></net>

<net id="387"><net_src comp="202" pin="4"/><net_sink comp="384" pin=0"/></net>

<net id="388"><net_src comp="384" pin="1"/><net_sink comp="251" pin=1"/></net>

<net id="392"><net_src comp="221" pin="4"/><net_sink comp="389" pin=0"/></net>

<net id="393"><net_src comp="389" pin="1"/><net_sink comp="279" pin=1"/></net>

<net id="397"><net_src comp="231" pin="2"/><net_sink comp="394" pin=0"/></net>

<net id="398"><net_src comp="394" pin="1"/><net_sink comp="262" pin=1"/></net>

<net id="402"><net_src comp="237" pin="2"/><net_sink comp="399" pin=0"/></net>

<net id="403"><net_src comp="399" pin="1"/><net_sink comp="294" pin=1"/></net>

<net id="407"><net_src comp="243" pin="2"/><net_sink comp="404" pin=0"/></net>

<net id="408"><net_src comp="404" pin="1"/><net_sink comp="334" pin=1"/></net>

<net id="415"><net_src comp="256" pin="2"/><net_sink comp="412" pin=0"/></net>

<net id="416"><net_src comp="412" pin="1"/><net_sink comp="299" pin=0"/></net>

<net id="420"><net_src comp="262" pin="2"/><net_sink comp="417" pin=0"/></net>

<net id="421"><net_src comp="417" pin="1"/><net_sink comp="353" pin=1"/></net>

<net id="425"><net_src comp="271" pin="3"/><net_sink comp="422" pin=0"/></net>

<net id="426"><net_src comp="422" pin="1"/><net_sink comp="157" pin=9"/></net>

<net id="433"><net_src comp="284" pin="2"/><net_sink comp="430" pin=0"/></net>

<net id="434"><net_src comp="430" pin="1"/><net_sink comp="118" pin=2"/></net>

<net id="438"><net_src comp="290" pin="1"/><net_sink comp="435" pin=0"/></net>

<net id="439"><net_src comp="435" pin="1"/><net_sink comp="157" pin=3"/></net>

<net id="443"><net_src comp="294" pin="2"/><net_sink comp="440" pin=0"/></net>

<net id="444"><net_src comp="440" pin="1"/><net_sink comp="348" pin=0"/></net>

<net id="451"><net_src comp="308" pin="2"/><net_sink comp="448" pin=0"/></net>

<net id="452"><net_src comp="448" pin="1"/><net_sink comp="129" pin=2"/></net>

<net id="456"><net_src comp="318" pin="3"/><net_sink comp="453" pin=0"/></net>

<net id="457"><net_src comp="453" pin="1"/><net_sink comp="157" pin=7"/></net>

<net id="461"><net_src comp="327" pin="2"/><net_sink comp="458" pin=0"/></net>

<net id="462"><net_src comp="458" pin="1"/><net_sink comp="157" pin=5"/></net>

<net id="466"><net_src comp="339" pin="3"/><net_sink comp="463" pin=0"/></net>

<net id="467"><net_src comp="463" pin="1"/><net_sink comp="157" pin=10"/></net>

<net id="471"><net_src comp="353" pin="2"/><net_sink comp="468" pin=0"/></net>

<net id="472"><net_src comp="468" pin="1"/><net_sink comp="157" pin=12"/></net>

</net_list>

</model> 
---------------- Datapath Model END ------------------

* FSMD analyzer results:
  - Output states:
	Port: aPipes_26 | {3 4 8 9 }
	Port: bPipes_26 | {8 9 }
	Port: cPipes_25 | {8 10 }
 - Input state : 
	Port: ProcessingElement.26 : aPipes_25 | {3 4 8 9 }
	Port: ProcessingElement.26 : bPipes_25 | {8 9 }
	Port: ProcessingElement.26 : cPipes_26 | {8 10 }
	Port: ProcessingElement.26 : size_n | {2 }
	Port: ProcessingElement.26 : size_k | {2 }
	Port: ProcessingElement.26 : size_m | {2 }
  - Chain level:
	State 1
		call_ln0 : 1
		call_ln0 : 1
		store_ln54 : 1
	State 2
	State 3
	State 4
	State 5
		sub_i : 1
		div_i_cast1 : 2
		sub_i103 : 1
		div_i104_cast3 : 2
		sub60 : 3
		sub63 : 3
	State 6
		icmp_ln54 : 1
		add_ln54 : 1
		br_ln54 : 2
		cmp61 : 1
		empty_223 : 1
		mul : 2
	State 7
		icmp_ln56 : 1
		add_ln56 : 1
		br_ln56 : 2
		trunc_ln56 : 1
		cmp64 : 1
	State 8
		icmp_ln60 : 1
		k_13 : 1
		br_ln60 : 2
		trunc_ln60 : 1
		cond90 : 2
		cmp111 : 1
		cmp67 : 1
		cond : 2
		tmp1 : 2
		brmerge282 : 2
		call_ln56 : 2
	State 9
	State 10


============================================================
+ Verbose Summary: Datapath Resource usage 
============================================================

* Functional unit list:
|----------|------------------------------------------------------------------------------------------|---------|---------|---------|---------|
| Operation|                                      Functional Unit                                     |   DSP   |  Delay  |    FF   |   LUT   |
|----------|------------------------------------------------------------------------------------------|---------|---------|---------|---------|
|          |                        grp_ProcessingElement_26_Pipeline_1_fu_136                        |    0    |    0    |    5    |    24   |
|          |                        grp_ProcessingElement_26_Pipeline_2_fu_142                        |    0    |    0    |    10   |    34   |
|   call   | grp_ProcessingElement_26_Pipeline_InitializeABuffer_Inner_InitializeABuffer_Outer_fu_148 |    0    |    0    |    17   |    78   |
|          |              grp_ProcessingElement_26_Pipeline_Pipeline_N_Pipeline_M_fu_157              |    40   |  10.062 |   3944  |   3706  |
|          |                 grp_ProcessingElement_26_Pipeline_WriteC_Flattened_fu_179                |    0    |  0.774  |    66   |   230   |
|----------|------------------------------------------------------------------------------------------|---------|---------|---------|---------|
|          |                                       sub_i_fu_196                                       |    0    |    0    |    0    |    39   |
|          |                                      sub_i103_fu_215                                     |    0    |    0    |    0    |    39   |
|          |                                       sub60_fu_231                                       |    0    |    0    |    0    |    31   |
|    add   |                                       sub63_fu_237                                       |    0    |    0    |    0    |    31   |
|          |                                       sub66_fu_243                                       |    0    |    0    |    0    |    39   |
|          |                                      add_ln54_fu_256                                     |    0    |    0    |    0    |    31   |
|          |                                      add_ln56_fu_284                                     |    0    |    0    |    0    |    31   |
|          |                                        k_13_fu_308                                       |    0    |    0    |    0    |    39   |
|----------|------------------------------------------------------------------------------------------|---------|---------|---------|---------|
|          |                                     icmp_ln54_fu_251                                     |    0    |    0    |    0    |    31   |
|          |                                       cmp61_fu_262                                       |    0    |    0    |    0    |    31   |
|          |                                     icmp_ln56_fu_279                                     |    0    |    0    |    0    |    31   |
|   icmp   |                                       cmp64_fu_294                                       |    0    |    0    |    0    |    31   |
|          |                                     icmp_ln60_fu_303                                     |    0    |    0    |    0    |    39   |
|          |                                       cmp111_fu_327                                      |    0    |    0    |    0    |    39   |
|          |                                       cmp67_fu_334                                       |    0    |    0    |    0    |    39   |
|----------|------------------------------------------------------------------------------------------|---------|---------|---------|---------|
|  select  |                                       cond90_fu_318                                      |    0    |    0    |    0    |    5    |
|          |                                        cond_fu_339                                       |    0    |    0    |    0    |    5    |
|----------|------------------------------------------------------------------------------------------|---------|---------|---------|---------|
|    or    |                                        tmp1_fu_348                                       |    0    |    0    |    0    |    2    |
|          |                                     brmerge282_fu_353                                    |    0    |    0    |    0    |    2    |
|----------|------------------------------------------------------------------------------------------|---------|---------|---------|---------|
|          |                                  size_m_read_read_fu_96                                  |    0    |    0    |    0    |    0    |
|   read   |                                  size_k_read_read_fu_102                                 |    0    |    0    |    0    |    0    |
|          |                                  size_n_read_read_fu_108                                 |    0    |    0    |    0    |    0    |
|----------|------------------------------------------------------------------------------------------|---------|---------|---------|---------|
|   zext   |                                    size_n_cast_fu_193                                    |    0    |    0    |    0    |    0    |
|          |                                    size_m_cast_fu_212                                    |    0    |    0    |    0    |    0    |
|----------|------------------------------------------------------------------------------------------|---------|---------|---------|---------|
|partselect|                                    div_i_cast1_fu_202                                    |    0    |    0    |    0    |    0    |
|          |                                   div_i104_cast3_fu_221                                  |    0    |    0    |    0    |    0    |
|----------|------------------------------------------------------------------------------------------|---------|---------|---------|---------|
|          |                                     empty_223_fu_267                                     |    0    |    0    |    0    |    0    |
|   trunc  |                                     trunc_ln56_fu_290                                    |    0    |    0    |    0    |    0    |
|          |                                     trunc_ln60_fu_314                                    |    0    |    0    |    0    |    0    |
|----------|------------------------------------------------------------------------------------------|---------|---------|---------|---------|
|bitconcatenate|                                        mul_fu_271                                        |    0    |    0    |    0    |    0    |
|----------|------------------------------------------------------------------------------------------|---------|---------|---------|---------|
|   Total  |                                                                                          |    40   |  10.836 |   4042  |   4607  |
|----------|------------------------------------------------------------------------------------------|---------|---------|---------|---------|

Memories:
+-------+--------+--------+--------+--------+
|       |  BRAM  |   FF   |   LUT  |  URAM  |
+-------+--------+--------+--------+--------+
|aBuffer|    0   |   32   |   33   |    0   |
|cBuffer|   15   |    0   |    0   |    0   |
+-------+--------+--------+--------+--------+
| Total |   15   |   32   |   33   |    0   |
+-------+--------+--------+--------+--------+

* Register list:
+----------------------+--------+
|                      |   FF   |
+----------------------+--------+
|   add_ln54_reg_412   |   24   |
|   add_ln56_reg_430   |   24   |
|  brmerge282_reg_468  |    1   |
|    cmp111_reg_458    |    1   |
|     cmp61_reg_417    |    1   |
|     cmp64_reg_440    |    1   |
|    cond90_reg_453    |    5   |
|     cond_reg_463     |    5   |
|div_i104_cast3_reg_389|   24   |
|  div_i_cast1_reg_384 |   24   |
|     k_13_reg_448     |   32   |
|       k_reg_125      |   32   |
|      m0_reg_114      |   24   |
|      mul_reg_422     |   27   |
|      n0_reg_359      |   24   |
|  size_k_read_reg_372 |   32   |
|  size_m_read_reg_366 |   32   |
|  size_n_read_reg_378 |   32   |
|     sub60_reg_394    |   24   |
|     sub63_reg_399    |   24   |
|     sub66_reg_404    |   32   |
|  trunc_ln56_reg_435  |   23   |
+----------------------+--------+
|         Total        |   448  |
+----------------------+--------+

* Multiplexer (MUX) list: 
|----------------------------------------------------------------|------|------|------|--------||---------||---------||---------|
|                              Comp                              |  Pin | Size |  BW  | S x BW ||  Delay  ||    FF   ||   LUT   |
|----------------------------------------------------------------|------|------|------|--------||---------||---------||---------|
| grp_ProcessingElement_26_Pipeline_Pipeline_N_Pipeline_M_fu_157 |  p5  |   2  |   1  |    2   ||    0    ||    9    |
| grp_ProcessingElement_26_Pipeline_Pipeline_N_Pipeline_M_fu_157 |  p7  |   2  |   5  |   10   ||    0    ||    9    |
| grp_ProcessingElement_26_Pipeline_Pipeline_N_Pipeline_M_fu_157 |  p10 |   2  |   5  |   10   ||    0    ||    9    |
| grp_ProcessingElement_26_Pipeline_Pipeline_N_Pipeline_M_fu_157 |  p12 |   2  |   1  |    2   ||    0    ||    9    |
|----------------------------------------------------------------|------|------|------|--------||---------||---------||---------|
|                              Total                             |      |      |      |   24   ||  1.548  ||    0    ||    36   |
|----------------------------------------------------------------|------|------|------|--------||---------||---------||---------|



* Summary:
+-----------+--------+--------+--------+--------+--------+--------+
|           |  BRAM  |   DSP  |  Delay |   FF   |   LUT  |  URAM  |
+-----------+--------+--------+--------+--------+--------+--------+
|  Function |    -   |   40   |   10   |  4042  |  4607  |    -   |
|   Memory  |   15   |    -   |    -   |   32   |   33   |    0   |
|Multiplexer|    -   |    -   |    1   |    0   |   36   |    -   |
|  Register |    -   |    -   |    -   |   448  |    -   |    -   |
+-----------+--------+--------+--------+--------+--------+--------+
|   Total   |   15   |   40   |   12   |  4522  |  4676  |    0   |
+-----------+--------+--------+--------+--------+--------+--------+
