

================================================================
== Vitis HLS Report for 'ProcessingElement_17_Pipeline_Pipeline_N_Pipeline_M'
================================================================
* Date:           Mon Nov 11 16:39:48 2024

* Version:        2024.1 (Build 5069499 on May 21 2024)
* Project:        MatrixMultiplication
* Solution:       xcu250-figd2104-2L-e (Vitis Kernel Flow Target)
* Product family: virtexuplus
* Target device:  xcu250-figd2104-2L-e


================================================================
== Performance Estimates
================================================================
+ Timing: 
    * Summary: 
    +--------+----------+----------+------------+
    |  Clock |  Target  | Estimated| Uncertainty|
    +--------+----------+----------+------------+
    |ap_clk  |  10.00 ns|  6.376 ns|     2.70 ns|
    +--------+----------+----------+------------+

+ Latency: 
    * Summary: 
    +---------+---------+-----------+-----------+------+------+-----------------------------------------------+
    |  Latency (cycles) |   Latency (absolute)  |   Interval  |                    Pipeline                   |
    |   min   |   max   |    min    |    max    |  min |  max |                      Type                     |
    +---------+---------+-----------+-----------+------+------+-----------------------------------------------+
    |     1033|     1033|  10.330 us|  10.330 us|  1025|  1025|  loop auto-rewind stp(delay=0 clock cycles(s))|
    +---------+---------+-----------+-----------+------+------+-----------------------------------------------+

    + Detail: 
        * Instance: 
        N/A

        * Loop: 
        +-------------------------+---------+---------+----------+-----------+-----------+------+----------+
        |                         |  Latency (cycles) | Iteration|  Initiation Interval  | Trip |          |
        |        Loop Name        |   min   |   max   |  Latency |  achieved |   target  | Count| Pipelined|
        +-------------------------+---------+---------+----------+-----------+-----------+------+----------+
        |- Pipeline_N_Pipeline_M  |     1031|     1031|         9|          1|          1|  1024|       yes|
        +-------------------------+---------+---------+----------+-----------+-----------+------+----------+

============================================================
+ Verbose Summary: Synthesis Manager
============================================================
InlineROM: 1
ExposeGlobal: 0
============================================================
+ Verbose Summary: CDFG Model
============================================================
IsTopModel: 0
ResetActiveHigh: 1
IsCombinational: 0
IsDatapathOnly: 0
HasWiredReturn: 1
HasMFsm: 2
HasVarLatency: 1
IsPipeline: 0
IsRtlPipelined: 0
IsInstanceOverlapped: 0
IsDontTouch: 0
HasImplIP: 0
IsGatedGlobalClock: 0

+ Individual pipeline summary: 
  * Pipeline-0: initiation interval (II) = 1, depth = 9


============================================================
+ Verbose Summary: Schedule
============================================================
* Number of FSM states : 9
* Pipeline : 1
  Pipeline-0 : II = 1, D = 9, States = { 1 2 3 4 5 6 7 8 9 }
* Dataflow Pipeline: 0

* FSM state transitions: 
1 --> 2 
2 --> 3 
3 --> 4 
4 --> 5 
5 --> 6 
6 --> 7 
7 --> 8 
8 --> 9 
9 --> 

* FSM state operations: 

State 1 <SV = 0> <Delay = 2.49>
ST_1 : Operation 12 [1/1] (0.00ns)   --->   "%m1 = alloca i32 1" [../kernel/Compute.cpp:67]   --->   Operation 12 'alloca' 'm1' <Predicate = true> <Delay = 0.00>
ST_1 : Operation 13 [1/1] (0.00ns)   --->   "%n1 = alloca i32 1" [../kernel/Compute.cpp:64]   --->   Operation 13 'alloca' 'n1' <Predicate = true> <Delay = 0.00>
ST_1 : Operation 14 [1/1] (0.00ns)   --->   "%indvar_flatten6 = alloca i32 1"   --->   Operation 14 'alloca' 'indvar_flatten6' <Predicate = true> <Delay = 0.00>
ST_1 : Operation 15 [1/1] (0.00ns)   --->   "%specinterface_ln0 = specinterface void @_ssdm_op_SpecInterface, i32 %aPipes_16, void @empty_16, i32 0, i32 0, void @empty_24, i32 0, i32 0, void @empty_24, void @empty_24, void @empty_24, i32 0, i32 0, i32 0, i32 0, void @empty_24, void @empty_24, i32 4294967295, i32 0, i32 0"   --->   Operation 15 'specinterface' 'specinterface_ln0' <Predicate = true> <Delay = 0.00>
ST_1 : Operation 16 [1/1] (0.00ns)   --->   "%specinterface_ln0 = specinterface void @_ssdm_op_SpecInterface, i32 %aPipes_17, void @empty_16, i32 0, i32 0, void @empty_24, i32 0, i32 0, void @empty_24, void @empty_24, void @empty_24, i32 0, i32 0, i32 0, i32 0, void @empty_24, void @empty_24, i32 4294967295, i32 0, i32 0"   --->   Operation 16 'specinterface' 'specinterface_ln0' <Predicate = true> <Delay = 0.00>
ST_1 : Operation 17 [1/1] (0.00ns)   --->   "%specinterface_ln0 = specinterface void @_ssdm_op_SpecInterface, i256 %bPipes_16, void @empty_16, i32 0, i32 0, void @empty_24, i32 0, i32 0, void @empty_24, void @empty_24, void @empty_24, i32 0, i32 0, i32 0, i32 0, void @empty_24, void @empty_24, i32 4294967295, i32 0, i32 0"   --->   Operation 17 'specinterface' 'specinterface_ln0' <Predicate = true> <Delay = 0.00>
ST_1 : Operation 18 [1/1] (0.00ns)   --->   "%specinterface_ln0 = specinterface void @_ssdm_op_SpecInterface, i256 %bPipes_17, void @empty_16, i32 0, i32 0, void @empty_24, i32 0, i32 0, void @empty_24, void @empty_24, void @empty_24, i32 0, i32 0, i32 0, i32 0, void @empty_24, void @empty_24, i32 4294967295, i32 0, i32 0"   --->   Operation 18 'specinterface' 'specinterface_ln0' <Predicate = true> <Delay = 0.00>
ST_1 : Operation 19 [1/1] (0.00ns)   --->   "%brmerge282_read = read i1 @_ssdm_op_Read.ap_auto.i1, i1 %brmerge282"   --->   Operation 19 'read' 'brmerge282_read' <Predicate = true> <Delay = 0.00>
ST_1 : Operation 20 [1/1] (0.00ns)   --->   "%size_n_read = read i32 @_ssdm_op_Read.ap_auto.i32, i32 %size_n"   --->   Operation 20 'read' 'size_n_read' <Predicate = true> <Delay = 0.00>
ST_1 : Operation 21 [1/1] (0.00ns)   --->   "%cond_read = read i5 @_ssdm_op_Read.ap_auto.i5, i5 %cond"   --->   Operation 21 'read' 'cond_read' <Predicate = true> <Delay = 0.00>
ST_1 : Operation 22 [1/1] (0.00ns)   --->   "%mul_read = read i27 @_ssdm_op_Read.ap_auto.i27, i27 %mul"   --->   Operation 22 'read' 'mul_read' <Predicate = true> <Delay = 0.00>
ST_1 : Operation 23 [1/1] (0.00ns)   --->   "%cond90_read = read i5 @_ssdm_op_Read.ap_auto.i5, i5 %cond90"   --->   Operation 23 'read' 'cond90_read' <Predicate = true> <Delay = 0.00>
ST_1 : Operation 24 [1/1] (0.00ns)   --->   "%size_m_read = read i32 @_ssdm_op_Read.ap_auto.i32, i32 %size_m"   --->   Operation 24 'read' 'size_m_read' <Predicate = true> <Delay = 0.00>
ST_1 : Operation 25 [1/1] (0.00ns)   --->   "%cmp111_read = read i1 @_ssdm_op_Read.ap_auto.i1, i1 %cmp111"   --->   Operation 25 'read' 'cmp111_read' <Predicate = true> <Delay = 0.00>
ST_1 : Operation 26 [1/1] (0.00ns)   --->   "%m0_read = read i23 @_ssdm_op_Read.ap_auto.i23, i23 %m0"   --->   Operation 26 'read' 'm0_read' <Predicate = true> <Delay = 0.00>
ST_1 : Operation 27 [1/1] (0.38ns)   --->   "%store_ln0 = store i11 0, i11 %indvar_flatten6"   --->   Operation 27 'store' 'store_ln0' <Predicate = true> <Delay = 0.38>
ST_1 : Operation 28 [1/1] (0.38ns)   --->   "%store_ln64 = store i5 0, i5 %n1" [../kernel/Compute.cpp:64]   --->   Operation 28 'store' 'store_ln64' <Predicate = true> <Delay = 0.38>
ST_1 : Operation 29 [1/1] (0.38ns)   --->   "%store_ln67 = store i7 0, i7 %m1" [../kernel/Compute.cpp:67]   --->   Operation 29 'store' 'store_ln67' <Predicate = true> <Delay = 0.38>
ST_1 : Operation 30 [1/1] (0.00ns)   --->   "%br_ln64 = br void %for.body58" [../kernel/Compute.cpp:64]   --->   Operation 30 'br' 'br_ln64' <Predicate = true> <Delay = 0.00>
ST_1 : Operation 31 [1/1] (0.00ns)   --->   "%indvar_flatten6_load = load i11 %indvar_flatten6" [../kernel/Compute.cpp:64]   --->   Operation 31 'load' 'indvar_flatten6_load' <Predicate = true> <Delay = 0.00>
ST_1 : Operation 32 [1/1] (0.73ns)   --->   "%icmp_ln64 = icmp_eq  i11 %indvar_flatten6_load, i11 1024" [../kernel/Compute.cpp:64]   --->   Operation 32 'icmp' 'icmp_ln64' <Predicate = true> <Delay = 0.73> <CoreInst = "Cmp">   --->   Core 9 'Cmp' <Latency = 0> <II = 1> <Delay = 0.73> <FuncUnit> <Opcode : 'seteq' 'setne' 'setle' 'setge' 'setlt' 'setgt'> <InPorts = 2> <OutPorts = 1>
ST_1 : Operation 33 [1/1] (0.73ns)   --->   "%add_ln64 = add i11 %indvar_flatten6_load, i11 1" [../kernel/Compute.cpp:64]   --->   Operation 33 'add' 'add_ln64' <Predicate = true> <Delay = 0.73> <CoreInst = "Adder">   --->   Core 1 'Adder' <Latency = 0> <II = 1> <Delay = 0.73> <FuncUnit> <Opcode : 'add' 'sub'> <InPorts = 2> <OutPorts = 1>
ST_1 : Operation 34 [1/1] (0.00ns)   --->   "%br_ln64 = br i1 %icmp_ln64, void %for.inc165, void %for.inc168.exitStub" [../kernel/Compute.cpp:64]   --->   Operation 34 'br' 'br_ln64' <Predicate = true> <Delay = 0.00>
ST_1 : Operation 35 [1/1] (0.00ns)   --->   "%m1_load = load i7 %m1" [../kernel/Compute.cpp:67]   --->   Operation 35 'load' 'm1_load' <Predicate = (!icmp_ln64)> <Delay = 0.00>
ST_1 : Operation 36 [1/1] (0.70ns)   --->   "%icmp_ln67 = icmp_eq  i7 %m1_load, i7 64" [../kernel/Compute.cpp:67]   --->   Operation 36 'icmp' 'icmp_ln67' <Predicate = (!icmp_ln64)> <Delay = 0.70> <CoreInst = "Cmp">   --->   Core 9 'Cmp' <Latency = 0> <II = 1> <Delay = 0.70> <FuncUnit> <Opcode : 'seteq' 'setne' 'setle' 'setge' 'setlt' 'setgt'> <InPorts = 2> <OutPorts = 1>
ST_1 : Operation 37 [1/1] (0.30ns)   --->   "%select_ln64 = select i1 %icmp_ln67, i7 0, i7 %m1_load" [../kernel/Compute.cpp:64]   --->   Operation 37 'select' 'select_ln64' <Predicate = (!icmp_ln64)> <Delay = 0.30> <CoreInst = "Sel">   --->   Core 73 'Sel' <Latency = 0> <II = 1> <Delay = 0.30> <FuncUnit> <Opcode : 'select'> <InPorts = 3> <OutPorts = 1>
ST_1 : Operation 38 [1/1] (0.00ns)   --->   "%tmp = partselect i3 @_ssdm_op_PartSelect.i3.i7.i32.i32, i7 %select_ln64, i32 4, i32 6" [../kernel/Compute.cpp:82]   --->   Operation 38 'partselect' 'tmp' <Predicate = (!icmp_ln64)> <Delay = 0.00>
ST_1 : Operation 39 [1/1] (0.57ns)   --->   "%icmp_ln82 = icmp_ne  i3 %tmp, i3 0" [../kernel/Compute.cpp:82]   --->   Operation 39 'icmp' 'icmp_ln82' <Predicate = (!icmp_ln64)> <Delay = 0.57> <CoreInst = "Cmp">   --->   Core 9 'Cmp' <Latency = 0> <II = 1> <Delay = 0.57> <FuncUnit> <Opcode : 'seteq' 'setne' 'setle' 'setge' 'setlt' 'setgt'> <InPorts = 2> <OutPorts = 1>
ST_1 : Operation 40 [1/1] (0.00ns)   --->   "%tmp_29 = partselect i2 @_ssdm_op_PartSelect.i2.i7.i32.i32, i7 %select_ln64, i32 5, i32 6" [../kernel/Compute.cpp:83]   --->   Operation 40 'partselect' 'tmp_29' <Predicate = (!icmp_ln64)> <Delay = 0.00>
ST_1 : Operation 41 [1/1] (0.43ns)   --->   "%icmp_ln83 = icmp_eq  i2 %tmp_29, i2 0" [../kernel/Compute.cpp:83]   --->   Operation 41 'icmp' 'icmp_ln83' <Predicate = (!icmp_ln64)> <Delay = 0.43> <CoreInst = "Cmp">   --->   Core 9 'Cmp' <Latency = 0> <II = 1> <Delay = 0.43> <FuncUnit> <Opcode : 'seteq' 'setne' 'setle' 'setge' 'setlt' 'setgt'> <InPorts = 2> <OutPorts = 1>
ST_1 : Operation 42 [1/1] (0.00ns) (grouped into LUT with out node and_ln80_22)   --->   "%and_ln80 = and i1 %icmp_ln82, i1 %brmerge282_read" [../kernel/Compute.cpp:80]   --->   Operation 42 'and' 'and_ln80' <Predicate = (!icmp_ln64)> <Delay = 0.00> <CoreInst = "LogicGate">   --->   Core 74 'LogicGate' <Latency = 0> <II = 1> <Delay = 0.12> <FuncUnit> <Opcode : 'and' 'or' 'xor'> <InPorts = 2> <OutPorts = 1>
ST_1 : Operation 43 [1/1] (0.12ns) (out node of the LUT)   --->   "%and_ln80_22 = and i1 %and_ln80, i1 %icmp_ln83" [../kernel/Compute.cpp:80]   --->   Operation 43 'and' 'and_ln80_22' <Predicate = (!icmp_ln64)> <Delay = 0.12> <CoreInst = "LogicGate">   --->   Core 74 'LogicGate' <Latency = 0> <II = 1> <Delay = 0.12> <FuncUnit> <Opcode : 'and' 'or' 'xor'> <InPorts = 2> <OutPorts = 1>
ST_1 : Operation 44 [1/1] (0.00ns)   --->   "%br_ln80 = br i1 %and_ln80_22, void %if.end86_ifconv, void %if.then72" [../kernel/Compute.cpp:80]   --->   Operation 44 'br' 'br_ln80' <Predicate = (!icmp_ln64)> <Delay = 0.00>
ST_1 : Operation 45 [1/1] (0.70ns)   --->   "%icmp_ln85 = icmp_eq  i7 %select_ln64, i7 16" [../kernel/Compute.cpp:85]   --->   Operation 45 'icmp' 'icmp_ln85' <Predicate = (!icmp_ln64 & and_ln80_22)> <Delay = 0.70> <CoreInst = "Cmp">   --->   Core 9 'Cmp' <Latency = 0> <II = 1> <Delay = 0.70> <FuncUnit> <Opcode : 'seteq' 'setne' 'setle' 'setge' 'setlt' 'setgt'> <InPorts = 2> <OutPorts = 1>
ST_1 : Operation 46 [1/1] (0.00ns)   --->   "%br_ln85 = br i1 %icmp_ln85, void %if.then83, void %if.then75" [../kernel/Compute.cpp:85]   --->   Operation 46 'br' 'br_ln85' <Predicate = (!icmp_ln64 & and_ln80_22)> <Delay = 0.00>
ST_1 : Operation 47 [1/1] (0.00ns)   --->   "%br_ln97 = br void %if.end86_ifconv" [../kernel/Compute.cpp:97]   --->   Operation 47 'br' 'br_ln97' <Predicate = (!icmp_ln64 & and_ln80_22)> <Delay = 0.00>
ST_1 : Operation 48 [1/1] (0.70ns)   --->   "%add_ln67 = add i7 %select_ln64, i7 1" [../kernel/Compute.cpp:67]   --->   Operation 48 'add' 'add_ln67' <Predicate = (!icmp_ln64)> <Delay = 0.70> <CoreInst = "Adder">   --->   Core 1 'Adder' <Latency = 0> <II = 1> <Delay = 0.70> <FuncUnit> <Opcode : 'add' 'sub'> <InPorts = 2> <OutPorts = 1>
ST_1 : Operation 49 [1/1] (0.38ns)   --->   "%store_ln64 = store i11 %add_ln64, i11 %indvar_flatten6" [../kernel/Compute.cpp:64]   --->   Operation 49 'store' 'store_ln64' <Predicate = (!icmp_ln64)> <Delay = 0.38>
ST_1 : Operation 50 [1/1] (0.38ns)   --->   "%store_ln67 = store i7 %add_ln67, i7 %m1" [../kernel/Compute.cpp:67]   --->   Operation 50 'store' 'store_ln67' <Predicate = (!icmp_ln64)> <Delay = 0.38>

State 2 <SV = 1> <Delay = 2.93>
ST_2 : Operation 51 [1/1] (0.00ns)   --->   "%n1_load = load i5 %n1" [../kernel/Compute.cpp:64]   --->   Operation 51 'load' 'n1_load' <Predicate = true> <Delay = 0.00>
ST_2 : Operation 52 [1/1] (0.70ns)   --->   "%add_ln64_23 = add i5 %n1_load, i5 1" [../kernel/Compute.cpp:64]   --->   Operation 52 'add' 'add_ln64_23' <Predicate = (icmp_ln67)> <Delay = 0.70> <CoreInst = "Adder">   --->   Core 1 'Adder' <Latency = 0> <II = 1> <Delay = 0.70> <FuncUnit> <Opcode : 'add' 'sub'> <InPorts = 2> <OutPorts = 1>
ST_2 : Operation 53 [1/1] (0.27ns)   --->   "%select_ln64_23 = select i1 %icmp_ln67, i5 %add_ln64_23, i5 %n1_load" [../kernel/Compute.cpp:64]   --->   Operation 53 'select' 'select_ln64_23' <Predicate = true> <Delay = 0.27> <CoreInst = "Sel">   --->   Core 73 'Sel' <Latency = 0> <II = 1> <Delay = 0.27> <FuncUnit> <Opcode : 'select'> <InPorts = 3> <OutPorts = 1>
ST_2 : Operation 54 [1/1] (0.00ns)   --->   "%zext_ln64 = zext i5 %select_ln64_23" [../kernel/Compute.cpp:64]   --->   Operation 54 'zext' 'zext_ln64' <Predicate = true> <Delay = 0.00>
ST_2 : Operation 55 [1/1] (0.70ns)   --->   "%add91 = add i5 %select_ln64_23, i5 %cond90_read" [../kernel/Compute.cpp:64]   --->   Operation 55 'add' 'add91' <Predicate = true> <Delay = 0.70> <CoreInst = "Adder">   --->   Core 1 'Adder' <Latency = 0> <II = 1> <Delay = 0.70> <FuncUnit> <Opcode : 'add' 'sub'> <InPorts = 2> <OutPorts = 1>
ST_2 : Operation 56 [1/1] (0.85ns)   --->   "%add106 = add i27 %mul_read, i27 %zext_ln64" [../kernel/Compute.cpp:64]   --->   Operation 56 'add' 'add106' <Predicate = true> <Delay = 0.85> <CoreInst = "Adder">   --->   Core 1 'Adder' <Latency = 0> <II = 1> <Delay = 0.85> <FuncUnit> <Opcode : 'add' 'sub'> <InPorts = 2> <OutPorts = 1>
ST_2 : Operation 57 [1/1] (0.00ns)   --->   "%add106_cast = zext i27 %add106" [../kernel/Compute.cpp:64]   --->   Operation 57 'zext' 'add106_cast' <Predicate = true> <Delay = 0.00>
ST_2 : Operation 58 [1/1] (0.00ns)   --->   "%empty_271 = trunc i5 %select_ln64_23" [../kernel/Compute.cpp:64]   --->   Operation 58 'trunc' 'empty_271' <Predicate = true> <Delay = 0.00>
ST_2 : Operation 59 [1/1] (0.70ns)   --->   "%add = add i5 %select_ln64_23, i5 %cond_read" [../kernel/Compute.cpp:64]   --->   Operation 59 'add' 'add' <Predicate = true> <Delay = 0.70> <CoreInst = "Adder">   --->   Core 1 'Adder' <Latency = 0> <II = 1> <Delay = 0.70> <FuncUnit> <Opcode : 'add' 'sub'> <InPorts = 2> <OutPorts = 1>
ST_2 : Operation 60 [1/1] (0.00ns)   --->   "%add_cast = zext i5 %add" [../kernel/Compute.cpp:64]   --->   Operation 60 'zext' 'add_cast' <Predicate = true> <Delay = 0.00>
ST_2 : Operation 61 [1/1] (0.00ns)   --->   "%aBuffer_addr_25 = getelementptr i32 %aBuffer, i64 0, i64 %add_cast" [../kernel/Compute.cpp:64]   --->   Operation 61 'getelementptr' 'aBuffer_addr_25' <Predicate = true> <Delay = 0.00>
ST_2 : Operation 62 [1/1] (0.88ns)   --->   "%inBoundsN = icmp_ult  i32 %add106_cast, i32 %size_n_read" [../kernel/Compute.cpp:64]   --->   Operation 62 'icmp' 'inBoundsN' <Predicate = true> <Delay = 0.88> <CoreInst = "Cmp">   --->   Core 9 'Cmp' <Latency = 0> <II = 1> <Delay = 0.88> <FuncUnit> <Opcode : 'seteq' 'setne' 'setle' 'setge' 'setlt' 'setgt'> <InPorts = 2> <OutPorts = 1>
ST_2 : Operation 63 [1/1] (1.46ns)   --->   "%read = read i32 @_ssdm_op_Read.ap_fifo.volatile.i32P0A, i32 %aPipes_16" [/home/minghe/gemm_hls/hlslib/include/hlslib/xilinx/Stream.h:199->/home/minghe/gemm_hls/hlslib/include/hlslib/xilinx/Stream.h:153->../kernel/Compute.cpp:84]   --->   Operation 63 'read' 'read' <Predicate = (and_ln80_22)> <Delay = 1.46> <CoreInst = "FIFO_SRL">   --->   Core 80 'FIFO_SRL' <Latency = 0> <II = 1> <Delay = 1.46> <Storage> <Opcode : 'read' 'write' 'nbread' 'nbwrite'> <Ports = 0> <Width = 32> <Depth = 4> <FIFO>
ST_2 : Operation 64 [1/1] (1.46ns)   --->   "%write_ln406 = write void @_ssdm_op_Write.ap_fifo.volatile.i32P0A, i32 %aPipes_17, i32 %read" [/home/minghe/gemm_hls/hlslib/include/hlslib/xilinx/Stream.h:406->/home/minghe/gemm_hls/hlslib/include/hlslib/xilinx/Stream.h:277->/home/minghe/gemm_hls/hlslib/include/hlslib/xilinx/Stream.h:146->../kernel/Compute.cpp:94]   --->   Operation 64 'write' 'write_ln406' <Predicate = (and_ln80_22 & !icmp_ln85)> <Delay = 1.46> <CoreInst = "FIFO_SRL">   --->   Core 80 'FIFO_SRL' <Latency = 0> <II = 1> <Delay = 1.46> <Storage> <Opcode : 'read' 'write' 'nbread' 'nbwrite'> <Ports = 0> <Width = 32> <Depth = 4> <FIFO>
ST_2 : Operation 65 [1/1] (0.00ns)   --->   "%br_ln0 = br void %if.end85"   --->   Operation 65 'br' 'br_ln0' <Predicate = (and_ln80_22 & !icmp_ln85)> <Delay = 0.00>
ST_2 : Operation 66 [1/1] (0.69ns)   --->   "%store_ln150 = store i32 %read, i5 %aBuffer_addr_25" [/home/minghe/gemm_hls/hlslib/include/hlslib/xilinx/DataPack.h:150->../kernel/Compute.cpp:87]   --->   Operation 66 'store' 'store_ln150' <Predicate = (and_ln80_22 & icmp_ln85)> <Delay = 0.69> <CoreInst = "RAM">   --->   Core 82 'RAM' <Latency = 1> <II = 1> <Delay = 0.69> <Storage> <Opcode : 'load' 'store'> <Ports = 2> <Width = 32> <Depth = 32> <RAM>
ST_2 : Operation 67 [1/1] (0.00ns)   --->   "%br_ln89 = br void %if.end85" [../kernel/Compute.cpp:89]   --->   Operation 67 'br' 'br_ln89' <Predicate = (and_ln80_22 & icmp_ln85)> <Delay = 0.00>
ST_2 : Operation 68 [1/1] (0.38ns)   --->   "%store_ln64 = store i5 %select_ln64_23, i5 %n1" [../kernel/Compute.cpp:64]   --->   Operation 68 'store' 'store_ln64' <Predicate = true> <Delay = 0.38>

State 3 <SV = 2> <Delay = 0.69>
ST_3 : Operation 69 [1/1] (0.00ns)   --->   "%add91_cast = zext i5 %add91" [../kernel/Compute.cpp:64]   --->   Operation 69 'zext' 'add91_cast' <Predicate = true> <Delay = 0.00>
ST_3 : Operation 70 [1/1] (0.00ns)   --->   "%aBuffer_addr = getelementptr i32 %aBuffer, i64 0, i64 %add91_cast" [../kernel/Compute.cpp:64]   --->   Operation 70 'getelementptr' 'aBuffer_addr' <Predicate = true> <Delay = 0.00>
ST_3 : Operation 71 [2/2] (0.69ns)   --->   "%aVal = load i5 %aBuffer_addr" [../kernel/Compute.cpp:101]   --->   Operation 71 'load' 'aVal' <Predicate = true> <Delay = 0.69> <CoreInst = "RAM">   --->   Core 82 'RAM' <Latency = 1> <II = 1> <Delay = 0.69> <Storage> <Opcode : 'load' 'store'> <Ports = 2> <Width = 32> <Depth = 32> <RAM>

State 4 <SV = 3> <Delay = 5.88>
ST_4 : Operation 72 [1/1] (0.00ns)   --->   "%specloopname_ln0 = specloopname void @_ssdm_op_SpecLoopName, void @Pipeline_N_Pipeline_M_str"   --->   Operation 72 'specloopname' 'specloopname_ln0' <Predicate = true> <Delay = 0.00>
ST_4 : Operation 73 [1/1] (0.00ns)   --->   "%speclooptripcount_ln0 = speclooptripcount void @_ssdm_op_SpecLoopTripCount, i64 1024, i64 1024, i64 1024"   --->   Operation 73 'speclooptripcount' 'speclooptripcount_ln0' <Predicate = true> <Delay = 0.00>
ST_4 : Operation 74 [1/1] (0.00ns)   --->   "%mul17 = bitconcatenate i10 @_ssdm_op_BitConcatenate.i10.i4.i6, i4 %empty_271, i6 0" [../kernel/Compute.cpp:64]   --->   Operation 74 'bitconcatenate' 'mul17' <Predicate = true> <Delay = 0.00>
ST_4 : Operation 75 [1/1] (0.00ns)   --->   "%zext_ln67 = zext i7 %select_ln64" [../kernel/Compute.cpp:67]   --->   Operation 75 'zext' 'zext_ln67' <Predicate = true> <Delay = 0.00>
ST_4 : Operation 76 [1/1] (0.00ns)   --->   "%specpipeline_ln70 = specpipeline void @_ssdm_op_SpecPipeline, i32 1, i32 0, i32 0, i32 0, void @empty_24" [../kernel/Compute.cpp:70]   --->   Operation 76 'specpipeline' 'specpipeline_ln70' <Predicate = true> <Delay = 0.00>
ST_4 : Operation 77 [1/2] (0.69ns)   --->   "%aVal = load i5 %aBuffer_addr" [../kernel/Compute.cpp:101]   --->   Operation 77 'load' 'aVal' <Predicate = true> <Delay = 0.69> <CoreInst = "RAM">   --->   Core 82 'RAM' <Latency = 1> <II = 1> <Delay = 0.69> <Storage> <Opcode : 'load' 'store'> <Ports = 2> <Width = 32> <Depth = 32> <RAM>
ST_4 : Operation 78 [1/1] (0.98ns)   --->   "%bVal = read i256 @_ssdm_op_Read.ap_fifo.volatile.i256P0A, i256 %bPipes_16" [/home/minghe/gemm_hls/hlslib/include/hlslib/xilinx/Stream.h:199->/home/minghe/gemm_hls/hlslib/include/hlslib/xilinx/Stream.h:153->../kernel/Compute.cpp:103]   --->   Operation 78 'read' 'bVal' <Predicate = true> <Delay = 0.98> <CoreInst = "FIFO_SRL">   --->   Core 80 'FIFO_SRL' <Latency = 0> <II = 1> <Delay = 0.98> <Storage> <Opcode : 'read' 'write' 'nbread' 'nbwrite'> <Ports = 0> <Width = 256> <Depth = 4> <FIFO>
ST_4 : Operation 79 [1/1] (0.98ns)   --->   "%write_ln406 = write void @_ssdm_op_Write.ap_fifo.volatile.i256P0A, i256 %bPipes_17, i256 %bVal" [/home/minghe/gemm_hls/hlslib/include/hlslib/xilinx/Stream.h:406->/home/minghe/gemm_hls/hlslib/include/hlslib/xilinx/Stream.h:277->/home/minghe/gemm_hls/hlslib/include/hlslib/xilinx/Stream.h:146->../kernel/Compute.cpp:105]   --->   Operation 79 'write' 'write_ln406' <Predicate = true> <Delay = 0.98> <CoreInst = "FIFO_SRL">   --->   Core 80 'FIFO_SRL' <Latency = 0> <II = 1> <Delay = 0.98> <Storage> <Opcode : 'read' 'write' 'nbread' 'nbwrite'> <Ports = 0> <Width = 256> <Depth = 4> <FIFO>
ST_4 : Operation 80 [1/1] (0.72ns)   --->   "%add115 = add i10 %mul17, i10 %zext_ln67" [../kernel/Compute.cpp:64]   --->   Operation 80 'add' 'add115' <Predicate = true> <Delay = 0.72> <CoreInst = "Adder">   --->   Core 1 'Adder' <Latency = 0> <II = 1> <Delay = 0.72> <FuncUnit> <Opcode : 'add' 'sub'> <InPorts = 2> <OutPorts = 1>
ST_4 : Operation 81 [1/1] (0.00ns)   --->   "%add115_cast = zext i10 %add115" [../kernel/Compute.cpp:64]   --->   Operation 81 'zext' 'add115_cast' <Predicate = true> <Delay = 0.00>
ST_4 : Operation 82 [1/1] (0.00ns)   --->   "%empty = trunc i7 %select_ln64" [../kernel/Compute.cpp:64]   --->   Operation 82 'trunc' 'empty' <Predicate = true> <Delay = 0.00>
ST_4 : Operation 83 [1/1] (0.00ns)   --->   "%add7 = bitconcatenate i32 @_ssdm_op_BitConcatenate.i32.i23.i6.i3, i23 %m0_read, i6 %empty, i3 0" [../kernel/Compute.cpp:64]   --->   Operation 83 'bitconcatenate' 'add7' <Predicate = true> <Delay = 0.00>
ST_4 : Operation 84 [1/1] (0.00ns)   --->   "%cBuffer_addr = getelementptr i256 %cBuffer, i64 0, i64 %add115_cast" [/home/minghe/gemm_hls/hlslib/include/hlslib/xilinx/DataPack.h:150->../kernel/Compute.cpp:141]   --->   Operation 84 'getelementptr' 'cBuffer_addr' <Predicate = true> <Delay = 0.00>
ST_4 : Operation 85 [2/2] (1.20ns)   --->   "%cPrev = load i10 %cBuffer_addr" [../kernel/Compute.cpp:117]   --->   Operation 85 'load' 'cPrev' <Predicate = (!cmp111_read)> <Delay = 1.20> <CoreInst = "RAM">   --->   Core 82 'RAM' <Latency = 1> <II = 1> <Delay = 1.20> <Storage> <Opcode : 'load' 'store'> <Ports = 2> <Width = 256> <Depth = 1024> <RAM>
ST_4 : Operation 86 [1/1] (0.88ns)   --->   "%inBoundsM = icmp_ult  i32 %add7, i32 %size_m_read" [../kernel/Compute.cpp:125]   --->   Operation 86 'icmp' 'inBoundsM' <Predicate = true> <Delay = 0.88> <CoreInst = "Cmp">   --->   Core 9 'Cmp' <Latency = 0> <II = 1> <Delay = 0.88> <FuncUnit> <Opcode : 'seteq' 'setne' 'setle' 'setge' 'setlt' 'setgt'> <InPorts = 2> <OutPorts = 1>
ST_4 : Operation 87 [1/1] (0.00ns)   --->   "%bitcast_ln32 = bitcast i32 %aVal" [/home/minghe/gemm_hls/hlslib/include/hlslib/xilinx/DataPack.h:32->/home/minghe/gemm_hls/hlslib/include/hlslib/xilinx/DataPack.h:171->/home/minghe/gemm_hls/hlslib/include/hlslib/xilinx/DataPack.h:239->../kernel/Compute.cpp:129]   --->   Operation 87 'bitcast' 'bitcast_ln32' <Predicate = true> <Delay = 0.00>
ST_4 : Operation 88 [1/1] (0.00ns)   --->   "%trunc_ln170 = trunc i256 %bVal" [/home/minghe/gemm_hls/hlslib/include/hlslib/xilinx/DataPack.h:170->/home/minghe/gemm_hls/hlslib/include/hlslib/xilinx/DataPack.h:239->../kernel/Compute.cpp:129]   --->   Operation 88 'trunc' 'trunc_ln170' <Predicate = true> <Delay = 0.00>
ST_4 : Operation 89 [1/1] (0.00ns)   --->   "%bitcast_ln32_353 = bitcast i32 %trunc_ln170" [/home/minghe/gemm_hls/hlslib/include/hlslib/xilinx/DataPack.h:32->/home/minghe/gemm_hls/hlslib/include/hlslib/xilinx/DataPack.h:171->/home/minghe/gemm_hls/hlslib/include/hlslib/xilinx/DataPack.h:239->../kernel/Compute.cpp:129]   --->   Operation 89 'bitcast' 'bitcast_ln32_353' <Predicate = true> <Delay = 0.00>
ST_4 : Operation 90 [2/2] (4.90ns)   --->   "%res_568 = fmul i32 %bitcast_ln32, i32 %bitcast_ln32_353" [/home/minghe/gemm_hls/hlslib/include/hlslib/xilinx/Operators.h:50->../kernel/Compute.cpp:129]   --->   Operation 90 'fmul' 'res_568' <Predicate = true> <Delay = 4.90> <CoreInst = "FMul_maxdsp">   --->   Core 30 'FMul_maxdsp' <Latency = 1> <II = 1> <Delay = 4.90> <FuncUnit> <Opcode : 'fmul'> <InPorts = 2> <OutPorts = 1>
ST_4 : Operation 91 [1/1] (0.00ns)   --->   "%or_ln = bitconcatenate i32 @_ssdm_op_BitConcatenate.i32.i23.i6.i3, i23 %m0_read, i6 %empty, i3 1" [../kernel/Compute.cpp:125]   --->   Operation 91 'bitconcatenate' 'or_ln' <Predicate = true> <Delay = 0.00>
ST_4 : Operation 92 [1/1] (0.88ns)   --->   "%inBoundsM_169 = icmp_ult  i32 %or_ln, i32 %size_m_read" [../kernel/Compute.cpp:125]   --->   Operation 92 'icmp' 'inBoundsM_169' <Predicate = true> <Delay = 0.88> <CoreInst = "Cmp">   --->   Core 9 'Cmp' <Latency = 0> <II = 1> <Delay = 0.88> <FuncUnit> <Opcode : 'seteq' 'setne' 'setle' 'setge' 'setlt' 'setgt'> <InPorts = 2> <OutPorts = 1>
ST_4 : Operation 93 [1/1] (0.00ns)   --->   "%tmp_s = partselect i32 @_ssdm_op_PartSelect.i32.i256.i32.i32, i256 %bVal, i32 32, i32 63" [/home/minghe/gemm_hls/hlslib/include/hlslib/xilinx/DataPack.h:170->/home/minghe/gemm_hls/hlslib/include/hlslib/xilinx/DataPack.h:239->../kernel/Compute.cpp:129]   --->   Operation 93 'partselect' 'tmp_s' <Predicate = true> <Delay = 0.00>
ST_4 : Operation 94 [1/1] (0.00ns)   --->   "%bitcast_ln32_355 = bitcast i32 %tmp_s" [/home/minghe/gemm_hls/hlslib/include/hlslib/xilinx/DataPack.h:32->/home/minghe/gemm_hls/hlslib/include/hlslib/xilinx/DataPack.h:171->/home/minghe/gemm_hls/hlslib/include/hlslib/xilinx/DataPack.h:239->../kernel/Compute.cpp:129]   --->   Operation 94 'bitcast' 'bitcast_ln32_355' <Predicate = true> <Delay = 0.00>
ST_4 : Operation 95 [2/2] (4.90ns)   --->   "%res_569 = fmul i32 %bitcast_ln32, i32 %bitcast_ln32_355" [/home/minghe/gemm_hls/hlslib/include/hlslib/xilinx/Operators.h:50->../kernel/Compute.cpp:129]   --->   Operation 95 'fmul' 'res_569' <Predicate = true> <Delay = 4.90> <CoreInst = "FMul_maxdsp">   --->   Core 30 'FMul_maxdsp' <Latency = 1> <II = 1> <Delay = 4.90> <FuncUnit> <Opcode : 'fmul'> <InPorts = 2> <OutPorts = 1>
ST_4 : Operation 96 [1/1] (0.00ns)   --->   "%or_ln125_s = bitconcatenate i32 @_ssdm_op_BitConcatenate.i32.i23.i6.i3, i23 %m0_read, i6 %empty, i3 2" [../kernel/Compute.cpp:125]   --->   Operation 96 'bitconcatenate' 'or_ln125_s' <Predicate = true> <Delay = 0.00>
ST_4 : Operation 97 [1/1] (0.88ns)   --->   "%inBoundsM_170 = icmp_ult  i32 %or_ln125_s, i32 %size_m_read" [../kernel/Compute.cpp:125]   --->   Operation 97 'icmp' 'inBoundsM_170' <Predicate = true> <Delay = 0.88> <CoreInst = "Cmp">   --->   Core 9 'Cmp' <Latency = 0> <II = 1> <Delay = 0.88> <FuncUnit> <Opcode : 'seteq' 'setne' 'setle' 'setge' 'setlt' 'setgt'> <InPorts = 2> <OutPorts = 1>
ST_4 : Operation 98 [1/1] (0.00ns)   --->   "%tmp_338 = partselect i32 @_ssdm_op_PartSelect.i32.i256.i32.i32, i256 %bVal, i32 64, i32 95" [/home/minghe/gemm_hls/hlslib/include/hlslib/xilinx/DataPack.h:170->/home/minghe/gemm_hls/hlslib/include/hlslib/xilinx/DataPack.h:239->../kernel/Compute.cpp:129]   --->   Operation 98 'partselect' 'tmp_338' <Predicate = true> <Delay = 0.00>
ST_4 : Operation 99 [1/1] (0.00ns)   --->   "%bitcast_ln32_357 = bitcast i32 %tmp_338" [/home/minghe/gemm_hls/hlslib/include/hlslib/xilinx/DataPack.h:32->/home/minghe/gemm_hls/hlslib/include/hlslib/xilinx/DataPack.h:171->/home/minghe/gemm_hls/hlslib/include/hlslib/xilinx/DataPack.h:239->../kernel/Compute.cpp:129]   --->   Operation 99 'bitcast' 'bitcast_ln32_357' <Predicate = true> <Delay = 0.00>
ST_4 : Operation 100 [2/2] (4.90ns)   --->   "%res_570 = fmul i32 %bitcast_ln32, i32 %bitcast_ln32_357" [/home/minghe/gemm_hls/hlslib/include/hlslib/xilinx/Operators.h:50->../kernel/Compute.cpp:129]   --->   Operation 100 'fmul' 'res_570' <Predicate = true> <Delay = 4.90> <CoreInst = "FMul_maxdsp">   --->   Core 30 'FMul_maxdsp' <Latency = 1> <II = 1> <Delay = 4.90> <FuncUnit> <Opcode : 'fmul'> <InPorts = 2> <OutPorts = 1>
ST_4 : Operation 101 [1/1] (0.00ns)   --->   "%or_ln125_103 = bitconcatenate i32 @_ssdm_op_BitConcatenate.i32.i23.i6.i3, i23 %m0_read, i6 %empty, i3 3" [../kernel/Compute.cpp:125]   --->   Operation 101 'bitconcatenate' 'or_ln125_103' <Predicate = true> <Delay = 0.00>
ST_4 : Operation 102 [1/1] (0.88ns)   --->   "%inBoundsM_171 = icmp_ult  i32 %or_ln125_103, i32 %size_m_read" [../kernel/Compute.cpp:125]   --->   Operation 102 'icmp' 'inBoundsM_171' <Predicate = true> <Delay = 0.88> <CoreInst = "Cmp">   --->   Core 9 'Cmp' <Latency = 0> <II = 1> <Delay = 0.88> <FuncUnit> <Opcode : 'seteq' 'setne' 'setle' 'setge' 'setlt' 'setgt'> <InPorts = 2> <OutPorts = 1>
ST_4 : Operation 103 [1/1] (0.00ns)   --->   "%tmp_340 = partselect i32 @_ssdm_op_PartSelect.i32.i256.i32.i32, i256 %bVal, i32 96, i32 127" [/home/minghe/gemm_hls/hlslib/include/hlslib/xilinx/DataPack.h:170->/home/minghe/gemm_hls/hlslib/include/hlslib/xilinx/DataPack.h:239->../kernel/Compute.cpp:129]   --->   Operation 103 'partselect' 'tmp_340' <Predicate = true> <Delay = 0.00>
ST_4 : Operation 104 [1/1] (0.00ns)   --->   "%bitcast_ln32_359 = bitcast i32 %tmp_340" [/home/minghe/gemm_hls/hlslib/include/hlslib/xilinx/DataPack.h:32->/home/minghe/gemm_hls/hlslib/include/hlslib/xilinx/DataPack.h:171->/home/minghe/gemm_hls/hlslib/include/hlslib/xilinx/DataPack.h:239->../kernel/Compute.cpp:129]   --->   Operation 104 'bitcast' 'bitcast_ln32_359' <Predicate = true> <Delay = 0.00>
ST_4 : Operation 105 [2/2] (4.90ns)   --->   "%res_571 = fmul i32 %bitcast_ln32, i32 %bitcast_ln32_359" [/home/minghe/gemm_hls/hlslib/include/hlslib/xilinx/Operators.h:50->../kernel/Compute.cpp:129]   --->   Operation 105 'fmul' 'res_571' <Predicate = true> <Delay = 4.90> <CoreInst = "FMul_maxdsp">   --->   Core 30 'FMul_maxdsp' <Latency = 1> <II = 1> <Delay = 4.90> <FuncUnit> <Opcode : 'fmul'> <InPorts = 2> <OutPorts = 1>
ST_4 : Operation 106 [1/1] (0.00ns)   --->   "%or_ln125_104 = bitconcatenate i32 @_ssdm_op_BitConcatenate.i32.i23.i6.i3, i23 %m0_read, i6 %empty, i3 4" [../kernel/Compute.cpp:125]   --->   Operation 106 'bitconcatenate' 'or_ln125_104' <Predicate = true> <Delay = 0.00>
ST_4 : Operation 107 [1/1] (0.88ns)   --->   "%inBoundsM_172 = icmp_ult  i32 %or_ln125_104, i32 %size_m_read" [../kernel/Compute.cpp:125]   --->   Operation 107 'icmp' 'inBoundsM_172' <Predicate = true> <Delay = 0.88> <CoreInst = "Cmp">   --->   Core 9 'Cmp' <Latency = 0> <II = 1> <Delay = 0.88> <FuncUnit> <Opcode : 'seteq' 'setne' 'setle' 'setge' 'setlt' 'setgt'> <InPorts = 2> <OutPorts = 1>
ST_4 : Operation 108 [1/1] (0.00ns)   --->   "%tmp_342 = partselect i32 @_ssdm_op_PartSelect.i32.i256.i32.i32, i256 %bVal, i32 128, i32 159" [/home/minghe/gemm_hls/hlslib/include/hlslib/xilinx/DataPack.h:170->/home/minghe/gemm_hls/hlslib/include/hlslib/xilinx/DataPack.h:239->../kernel/Compute.cpp:129]   --->   Operation 108 'partselect' 'tmp_342' <Predicate = true> <Delay = 0.00>
ST_4 : Operation 109 [1/1] (0.00ns)   --->   "%bitcast_ln32_361 = bitcast i32 %tmp_342" [/home/minghe/gemm_hls/hlslib/include/hlslib/xilinx/DataPack.h:32->/home/minghe/gemm_hls/hlslib/include/hlslib/xilinx/DataPack.h:171->/home/minghe/gemm_hls/hlslib/include/hlslib/xilinx/DataPack.h:239->../kernel/Compute.cpp:129]   --->   Operation 109 'bitcast' 'bitcast_ln32_361' <Predicate = true> <Delay = 0.00>
ST_4 : Operation 110 [2/2] (4.90ns)   --->   "%res_572 = fmul i32 %bitcast_ln32, i32 %bitcast_ln32_361" [/home/minghe/gemm_hls/hlslib/include/hlslib/xilinx/Operators.h:50->../kernel/Compute.cpp:129]   --->   Operation 110 'fmul' 'res_572' <Predicate = true> <Delay = 4.90> <CoreInst = "FMul_maxdsp">   --->   Core 30 'FMul_maxdsp' <Latency = 1> <II = 1> <Delay = 4.90> <FuncUnit> <Opcode : 'fmul'> <InPorts = 2> <OutPorts = 1>
ST_4 : Operation 111 [1/1] (0.00ns)   --->   "%or_ln125_105 = bitconcatenate i32 @_ssdm_op_BitConcatenate.i32.i23.i6.i3, i23 %m0_read, i6 %empty, i3 5" [../kernel/Compute.cpp:125]   --->   Operation 111 'bitconcatenate' 'or_ln125_105' <Predicate = true> <Delay = 0.00>
ST_4 : Operation 112 [1/1] (0.88ns)   --->   "%inBoundsM_173 = icmp_ult  i32 %or_ln125_105, i32 %size_m_read" [../kernel/Compute.cpp:125]   --->   Operation 112 'icmp' 'inBoundsM_173' <Predicate = true> <Delay = 0.88> <CoreInst = "Cmp">   --->   Core 9 'Cmp' <Latency = 0> <II = 1> <Delay = 0.88> <FuncUnit> <Opcode : 'seteq' 'setne' 'setle' 'setge' 'setlt' 'setgt'> <InPorts = 2> <OutPorts = 1>
ST_4 : Operation 113 [1/1] (0.00ns)   --->   "%tmp_344 = partselect i32 @_ssdm_op_PartSelect.i32.i256.i32.i32, i256 %bVal, i32 160, i32 191" [/home/minghe/gemm_hls/hlslib/include/hlslib/xilinx/DataPack.h:170->/home/minghe/gemm_hls/hlslib/include/hlslib/xilinx/DataPack.h:239->../kernel/Compute.cpp:129]   --->   Operation 113 'partselect' 'tmp_344' <Predicate = true> <Delay = 0.00>
ST_4 : Operation 114 [1/1] (0.00ns)   --->   "%bitcast_ln32_363 = bitcast i32 %tmp_344" [/home/minghe/gemm_hls/hlslib/include/hlslib/xilinx/DataPack.h:32->/home/minghe/gemm_hls/hlslib/include/hlslib/xilinx/DataPack.h:171->/home/minghe/gemm_hls/hlslib/include/hlslib/xilinx/DataPack.h:239->../kernel/Compute.cpp:129]   --->   Operation 114 'bitcast' 'bitcast_ln32_363' <Predicate = true> <Delay = 0.00>
ST_4 : Operation 115 [2/2] (4.90ns)   --->   "%res_573 = fmul i32 %bitcast_ln32, i32 %bitcast_ln32_363" [/home/minghe/gemm_hls/hlslib/include/hlslib/xilinx/Operators.h:50->../kernel/Compute.cpp:129]   --->   Operation 115 'fmul' 'res_573' <Predicate = true> <Delay = 4.90> <CoreInst = "FMul_maxdsp">   --->   Core 30 'FMul_maxdsp' <Latency = 1> <II = 1> <Delay = 4.90> <FuncUnit> <Opcode : 'fmul'> <InPorts = 2> <OutPorts = 1>
ST_4 : Operation 116 [1/1] (0.00ns)   --->   "%or_ln125_106 = bitconcatenate i32 @_ssdm_op_BitConcatenate.i32.i23.i6.i3, i23 %m0_read, i6 %empty, i3 6" [../kernel/Compute.cpp:125]   --->   Operation 116 'bitconcatenate' 'or_ln125_106' <Predicate = true> <Delay = 0.00>
ST_4 : Operation 117 [1/1] (0.88ns)   --->   "%inBoundsM_174 = icmp_ult  i32 %or_ln125_106, i32 %size_m_read" [../kernel/Compute.cpp:125]   --->   Operation 117 'icmp' 'inBoundsM_174' <Predicate = true> <Delay = 0.88> <CoreInst = "Cmp">   --->   Core 9 'Cmp' <Latency = 0> <II = 1> <Delay = 0.88> <FuncUnit> <Opcode : 'seteq' 'setne' 'setle' 'setge' 'setlt' 'setgt'> <InPorts = 2> <OutPorts = 1>
ST_4 : Operation 118 [1/1] (0.00ns)   --->   "%tmp_346 = partselect i32 @_ssdm_op_PartSelect.i32.i256.i32.i32, i256 %bVal, i32 192, i32 223" [/home/minghe/gemm_hls/hlslib/include/hlslib/xilinx/DataPack.h:170->/home/minghe/gemm_hls/hlslib/include/hlslib/xilinx/DataPack.h:239->../kernel/Compute.cpp:129]   --->   Operation 118 'partselect' 'tmp_346' <Predicate = true> <Delay = 0.00>
ST_4 : Operation 119 [1/1] (0.00ns)   --->   "%bitcast_ln32_365 = bitcast i32 %tmp_346" [/home/minghe/gemm_hls/hlslib/include/hlslib/xilinx/DataPack.h:32->/home/minghe/gemm_hls/hlslib/include/hlslib/xilinx/DataPack.h:171->/home/minghe/gemm_hls/hlslib/include/hlslib/xilinx/DataPack.h:239->../kernel/Compute.cpp:129]   --->   Operation 119 'bitcast' 'bitcast_ln32_365' <Predicate = true> <Delay = 0.00>
ST_4 : Operation 120 [2/2] (4.90ns)   --->   "%res_574 = fmul i32 %bitcast_ln32, i32 %bitcast_ln32_365" [/home/minghe/gemm_hls/hlslib/include/hlslib/xilinx/Operators.h:50->../kernel/Compute.cpp:129]   --->   Operation 120 'fmul' 'res_574' <Predicate = true> <Delay = 4.90> <CoreInst = "FMul_maxdsp">   --->   Core 30 'FMul_maxdsp' <Latency = 1> <II = 1> <Delay = 4.90> <FuncUnit> <Opcode : 'fmul'> <InPorts = 2> <OutPorts = 1>
ST_4 : Operation 121 [1/1] (0.00ns)   --->   "%or_ln125_107 = bitconcatenate i32 @_ssdm_op_BitConcatenate.i32.i23.i6.i3, i23 %m0_read, i6 %empty, i3 7" [../kernel/Compute.cpp:125]   --->   Operation 121 'bitconcatenate' 'or_ln125_107' <Predicate = true> <Delay = 0.00>
ST_4 : Operation 122 [1/1] (0.88ns)   --->   "%inBoundsM_175 = icmp_ult  i32 %or_ln125_107, i32 %size_m_read" [../kernel/Compute.cpp:125]   --->   Operation 122 'icmp' 'inBoundsM_175' <Predicate = true> <Delay = 0.88> <CoreInst = "Cmp">   --->   Core 9 'Cmp' <Latency = 0> <II = 1> <Delay = 0.88> <FuncUnit> <Opcode : 'seteq' 'setne' 'setle' 'setge' 'setlt' 'setgt'> <InPorts = 2> <OutPorts = 1>
ST_4 : Operation 123 [1/1] (0.00ns)   --->   "%tmp_348 = partselect i32 @_ssdm_op_PartSelect.i32.i256.i32.i32, i256 %bVal, i32 224, i32 255" [/home/minghe/gemm_hls/hlslib/include/hlslib/xilinx/DataPack.h:170->/home/minghe/gemm_hls/hlslib/include/hlslib/xilinx/DataPack.h:239->../kernel/Compute.cpp:129]   --->   Operation 123 'partselect' 'tmp_348' <Predicate = true> <Delay = 0.00>
ST_4 : Operation 124 [1/1] (0.00ns)   --->   "%bitcast_ln32_367 = bitcast i32 %tmp_348" [/home/minghe/gemm_hls/hlslib/include/hlslib/xilinx/DataPack.h:32->/home/minghe/gemm_hls/hlslib/include/hlslib/xilinx/DataPack.h:171->/home/minghe/gemm_hls/hlslib/include/hlslib/xilinx/DataPack.h:239->../kernel/Compute.cpp:129]   --->   Operation 124 'bitcast' 'bitcast_ln32_367' <Predicate = true> <Delay = 0.00>
ST_4 : Operation 125 [2/2] (4.90ns)   --->   "%res_575 = fmul i32 %bitcast_ln32, i32 %bitcast_ln32_367" [/home/minghe/gemm_hls/hlslib/include/hlslib/xilinx/Operators.h:50->../kernel/Compute.cpp:129]   --->   Operation 125 'fmul' 'res_575' <Predicate = true> <Delay = 4.90> <CoreInst = "FMul_maxdsp">   --->   Core 30 'FMul_maxdsp' <Latency = 1> <II = 1> <Delay = 4.90> <FuncUnit> <Opcode : 'fmul'> <InPorts = 2> <OutPorts = 1>

State 5 <SV = 4> <Delay = 4.90>
ST_5 : Operation 126 [1/2] (1.20ns)   --->   "%cPrev = load i10 %cBuffer_addr" [../kernel/Compute.cpp:117]   --->   Operation 126 'load' 'cPrev' <Predicate = (!cmp111_read)> <Delay = 1.20> <CoreInst = "RAM">   --->   Core 82 'RAM' <Latency = 1> <II = 1> <Delay = 1.20> <Storage> <Opcode : 'load' 'store'> <Ports = 2> <Width = 256> <Depth = 1024> <RAM>
ST_5 : Operation 127 [1/1] (0.42ns)   --->   "%cPrev_2 = select i1 %cmp111_read, i256 0, i256 %cPrev" [../kernel/Compute.cpp:117]   --->   Operation 127 'select' 'cPrev_2' <Predicate = true> <Delay = 0.42> <CoreInst = "Sel">   --->   Core 73 'Sel' <Latency = 0> <II = 1> <Delay = 0.42> <FuncUnit> <Opcode : 'select'> <InPorts = 3> <OutPorts = 1>
ST_5 : Operation 128 [1/2] (4.90ns)   --->   "%res_568 = fmul i32 %bitcast_ln32, i32 %bitcast_ln32_353" [/home/minghe/gemm_hls/hlslib/include/hlslib/xilinx/Operators.h:50->../kernel/Compute.cpp:129]   --->   Operation 128 'fmul' 'res_568' <Predicate = true> <Delay = 4.90> <CoreInst = "FMul_maxdsp">   --->   Core 30 'FMul_maxdsp' <Latency = 1> <II = 1> <Delay = 4.90> <FuncUnit> <Opcode : 'fmul'> <InPorts = 2> <OutPorts = 1>
ST_5 : Operation 129 [1/1] (0.00ns)   --->   "%trunc_ln170_25 = trunc i256 %cPrev_2" [/home/minghe/gemm_hls/hlslib/include/hlslib/xilinx/DataPack.h:170->/home/minghe/gemm_hls/hlslib/include/hlslib/xilinx/DataPack.h:239->../kernel/Compute.cpp:131]   --->   Operation 129 'trunc' 'trunc_ln170_25' <Predicate = true> <Delay = 0.00>
ST_5 : Operation 130 [1/2] (4.90ns)   --->   "%res_569 = fmul i32 %bitcast_ln32, i32 %bitcast_ln32_355" [/home/minghe/gemm_hls/hlslib/include/hlslib/xilinx/Operators.h:50->../kernel/Compute.cpp:129]   --->   Operation 130 'fmul' 'res_569' <Predicate = true> <Delay = 4.90> <CoreInst = "FMul_maxdsp">   --->   Core 30 'FMul_maxdsp' <Latency = 1> <II = 1> <Delay = 4.90> <FuncUnit> <Opcode : 'fmul'> <InPorts = 2> <OutPorts = 1>
ST_5 : Operation 131 [1/1] (0.00ns)   --->   "%tmp_337 = partselect i32 @_ssdm_op_PartSelect.i32.i256.i32.i32, i256 %cPrev_2, i32 32, i32 63" [/home/minghe/gemm_hls/hlslib/include/hlslib/xilinx/DataPack.h:170->/home/minghe/gemm_hls/hlslib/include/hlslib/xilinx/DataPack.h:239->../kernel/Compute.cpp:131]   --->   Operation 131 'partselect' 'tmp_337' <Predicate = true> <Delay = 0.00>
ST_5 : Operation 132 [1/2] (4.90ns)   --->   "%res_570 = fmul i32 %bitcast_ln32, i32 %bitcast_ln32_357" [/home/minghe/gemm_hls/hlslib/include/hlslib/xilinx/Operators.h:50->../kernel/Compute.cpp:129]   --->   Operation 132 'fmul' 'res_570' <Predicate = true> <Delay = 4.90> <CoreInst = "FMul_maxdsp">   --->   Core 30 'FMul_maxdsp' <Latency = 1> <II = 1> <Delay = 4.90> <FuncUnit> <Opcode : 'fmul'> <InPorts = 2> <OutPorts = 1>
ST_5 : Operation 133 [1/1] (0.00ns)   --->   "%tmp_339 = partselect i32 @_ssdm_op_PartSelect.i32.i256.i32.i32, i256 %cPrev_2, i32 64, i32 95" [/home/minghe/gemm_hls/hlslib/include/hlslib/xilinx/DataPack.h:170->/home/minghe/gemm_hls/hlslib/include/hlslib/xilinx/DataPack.h:239->../kernel/Compute.cpp:131]   --->   Operation 133 'partselect' 'tmp_339' <Predicate = true> <Delay = 0.00>
ST_5 : Operation 134 [1/2] (4.90ns)   --->   "%res_571 = fmul i32 %bitcast_ln32, i32 %bitcast_ln32_359" [/home/minghe/gemm_hls/hlslib/include/hlslib/xilinx/Operators.h:50->../kernel/Compute.cpp:129]   --->   Operation 134 'fmul' 'res_571' <Predicate = true> <Delay = 4.90> <CoreInst = "FMul_maxdsp">   --->   Core 30 'FMul_maxdsp' <Latency = 1> <II = 1> <Delay = 4.90> <FuncUnit> <Opcode : 'fmul'> <InPorts = 2> <OutPorts = 1>
ST_5 : Operation 135 [1/1] (0.00ns)   --->   "%tmp_341 = partselect i32 @_ssdm_op_PartSelect.i32.i256.i32.i32, i256 %cPrev_2, i32 96, i32 127" [/home/minghe/gemm_hls/hlslib/include/hlslib/xilinx/DataPack.h:170->/home/minghe/gemm_hls/hlslib/include/hlslib/xilinx/DataPack.h:239->../kernel/Compute.cpp:131]   --->   Operation 135 'partselect' 'tmp_341' <Predicate = true> <Delay = 0.00>
ST_5 : Operation 136 [1/2] (4.90ns)   --->   "%res_572 = fmul i32 %bitcast_ln32, i32 %bitcast_ln32_361" [/home/minghe/gemm_hls/hlslib/include/hlslib/xilinx/Operators.h:50->../kernel/Compute.cpp:129]   --->   Operation 136 'fmul' 'res_572' <Predicate = true> <Delay = 4.90> <CoreInst = "FMul_maxdsp">   --->   Core 30 'FMul_maxdsp' <Latency = 1> <II = 1> <Delay = 4.90> <FuncUnit> <Opcode : 'fmul'> <InPorts = 2> <OutPorts = 1>
ST_5 : Operation 137 [1/1] (0.00ns)   --->   "%tmp_343 = partselect i32 @_ssdm_op_PartSelect.i32.i256.i32.i32, i256 %cPrev_2, i32 128, i32 159" [/home/minghe/gemm_hls/hlslib/include/hlslib/xilinx/DataPack.h:170->/home/minghe/gemm_hls/hlslib/include/hlslib/xilinx/DataPack.h:239->../kernel/Compute.cpp:131]   --->   Operation 137 'partselect' 'tmp_343' <Predicate = true> <Delay = 0.00>
ST_5 : Operation 138 [1/2] (4.90ns)   --->   "%res_573 = fmul i32 %bitcast_ln32, i32 %bitcast_ln32_363" [/home/minghe/gemm_hls/hlslib/include/hlslib/xilinx/Operators.h:50->../kernel/Compute.cpp:129]   --->   Operation 138 'fmul' 'res_573' <Predicate = true> <Delay = 4.90> <CoreInst = "FMul_maxdsp">   --->   Core 30 'FMul_maxdsp' <Latency = 1> <II = 1> <Delay = 4.90> <FuncUnit> <Opcode : 'fmul'> <InPorts = 2> <OutPorts = 1>
ST_5 : Operation 139 [1/1] (0.00ns)   --->   "%tmp_345 = partselect i32 @_ssdm_op_PartSelect.i32.i256.i32.i32, i256 %cPrev_2, i32 160, i32 191" [/home/minghe/gemm_hls/hlslib/include/hlslib/xilinx/DataPack.h:170->/home/minghe/gemm_hls/hlslib/include/hlslib/xilinx/DataPack.h:239->../kernel/Compute.cpp:131]   --->   Operation 139 'partselect' 'tmp_345' <Predicate = true> <Delay = 0.00>
ST_5 : Operation 140 [1/2] (4.90ns)   --->   "%res_574 = fmul i32 %bitcast_ln32, i32 %bitcast_ln32_365" [/home/minghe/gemm_hls/hlslib/include/hlslib/xilinx/Operators.h:50->../kernel/Compute.cpp:129]   --->   Operation 140 'fmul' 'res_574' <Predicate = true> <Delay = 4.90> <CoreInst = "FMul_maxdsp">   --->   Core 30 'FMul_maxdsp' <Latency = 1> <II = 1> <Delay = 4.90> <FuncUnit> <Opcode : 'fmul'> <InPorts = 2> <OutPorts = 1>
ST_5 : Operation 141 [1/1] (0.00ns)   --->   "%tmp_347 = partselect i32 @_ssdm_op_PartSelect.i32.i256.i32.i32, i256 %cPrev_2, i32 192, i32 223" [/home/minghe/gemm_hls/hlslib/include/hlslib/xilinx/DataPack.h:170->/home/minghe/gemm_hls/hlslib/include/hlslib/xilinx/DataPack.h:239->../kernel/Compute.cpp:131]   --->   Operation 141 'partselect' 'tmp_347' <Predicate = true> <Delay = 0.00>
ST_5 : Operation 142 [1/2] (4.90ns)   --->   "%res_575 = fmul i32 %bitcast_ln32, i32 %bitcast_ln32_367" [/home/minghe/gemm_hls/hlslib/include/hlslib/xilinx/Operators.h:50->../kernel/Compute.cpp:129]   --->   Operation 142 'fmul' 'res_575' <Predicate = true> <Delay = 4.90> <CoreInst = "FMul_maxdsp">   --->   Core 30 'FMul_maxdsp' <Latency = 1> <II = 1> <Delay = 4.90> <FuncUnit> <Opcode : 'fmul'> <InPorts = 2> <OutPorts = 1>
ST_5 : Operation 143 [1/1] (0.00ns)   --->   "%tmp_349 = partselect i32 @_ssdm_op_PartSelect.i32.i256.i32.i32, i256 %cPrev_2, i32 224, i32 255" [/home/minghe/gemm_hls/hlslib/include/hlslib/xilinx/DataPack.h:170->/home/minghe/gemm_hls/hlslib/include/hlslib/xilinx/DataPack.h:239->../kernel/Compute.cpp:131]   --->   Operation 143 'partselect' 'tmp_349' <Predicate = true> <Delay = 0.00>

State 6 <SV = 5> <Delay = 6.14>
ST_6 : Operation 144 [1/1] (0.00ns)   --->   "%bitcast_ln32_354 = bitcast i32 %trunc_ln170_25" [/home/minghe/gemm_hls/hlslib/include/hlslib/xilinx/DataPack.h:32->/home/minghe/gemm_hls/hlslib/include/hlslib/xilinx/DataPack.h:171->/home/minghe/gemm_hls/hlslib/include/hlslib/xilinx/DataPack.h:239->../kernel/Compute.cpp:131]   --->   Operation 144 'bitcast' 'bitcast_ln32_354' <Predicate = true> <Delay = 0.00>
ST_6 : Operation 145 [3/3] (6.14ns)   --->   "%res = fadd i32 %bitcast_ln32_354, i32 %res_568" [/home/minghe/gemm_hls/hlslib/include/hlslib/xilinx/Operators.h:25->../kernel/Compute.cpp:133]   --->   Operation 145 'fadd' 'res' <Predicate = true> <Delay = 6.14> <CoreInst = "FAddSub_fulldsp">   --->   Core 18 'FAddSub_fulldsp' <Latency = 2> <II = 1> <Delay = 6.14> <FuncUnit> <Opcode : 'fadd' 'fsub'> <InPorts = 2> <OutPorts = 1>
ST_6 : Operation 146 [1/1] (0.00ns)   --->   "%bitcast_ln32_356 = bitcast i32 %tmp_337" [/home/minghe/gemm_hls/hlslib/include/hlslib/xilinx/DataPack.h:32->/home/minghe/gemm_hls/hlslib/include/hlslib/xilinx/DataPack.h:171->/home/minghe/gemm_hls/hlslib/include/hlslib/xilinx/DataPack.h:239->../kernel/Compute.cpp:131]   --->   Operation 146 'bitcast' 'bitcast_ln32_356' <Predicate = true> <Delay = 0.00>
ST_6 : Operation 147 [3/3] (6.14ns)   --->   "%res_555 = fadd i32 %bitcast_ln32_356, i32 %res_569" [/home/minghe/gemm_hls/hlslib/include/hlslib/xilinx/Operators.h:25->../kernel/Compute.cpp:133]   --->   Operation 147 'fadd' 'res_555' <Predicate = true> <Delay = 6.14> <CoreInst = "FAddSub_fulldsp">   --->   Core 18 'FAddSub_fulldsp' <Latency = 2> <II = 1> <Delay = 6.14> <FuncUnit> <Opcode : 'fadd' 'fsub'> <InPorts = 2> <OutPorts = 1>
ST_6 : Operation 148 [1/1] (0.00ns)   --->   "%bitcast_ln32_358 = bitcast i32 %tmp_339" [/home/minghe/gemm_hls/hlslib/include/hlslib/xilinx/DataPack.h:32->/home/minghe/gemm_hls/hlslib/include/hlslib/xilinx/DataPack.h:171->/home/minghe/gemm_hls/hlslib/include/hlslib/xilinx/DataPack.h:239->../kernel/Compute.cpp:131]   --->   Operation 148 'bitcast' 'bitcast_ln32_358' <Predicate = true> <Delay = 0.00>
ST_6 : Operation 149 [3/3] (6.14ns)   --->   "%res_557 = fadd i32 %bitcast_ln32_358, i32 %res_570" [/home/minghe/gemm_hls/hlslib/include/hlslib/xilinx/Operators.h:25->../kernel/Compute.cpp:133]   --->   Operation 149 'fadd' 'res_557' <Predicate = true> <Delay = 6.14> <CoreInst = "FAddSub_fulldsp">   --->   Core 18 'FAddSub_fulldsp' <Latency = 2> <II = 1> <Delay = 6.14> <FuncUnit> <Opcode : 'fadd' 'fsub'> <InPorts = 2> <OutPorts = 1>
ST_6 : Operation 150 [1/1] (0.00ns)   --->   "%bitcast_ln32_360 = bitcast i32 %tmp_341" [/home/minghe/gemm_hls/hlslib/include/hlslib/xilinx/DataPack.h:32->/home/minghe/gemm_hls/hlslib/include/hlslib/xilinx/DataPack.h:171->/home/minghe/gemm_hls/hlslib/include/hlslib/xilinx/DataPack.h:239->../kernel/Compute.cpp:131]   --->   Operation 150 'bitcast' 'bitcast_ln32_360' <Predicate = true> <Delay = 0.00>
ST_6 : Operation 151 [3/3] (6.14ns)   --->   "%res_559 = fadd i32 %bitcast_ln32_360, i32 %res_571" [/home/minghe/gemm_hls/hlslib/include/hlslib/xilinx/Operators.h:25->../kernel/Compute.cpp:133]   --->   Operation 151 'fadd' 'res_559' <Predicate = true> <Delay = 6.14> <CoreInst = "FAddSub_fulldsp">   --->   Core 18 'FAddSub_fulldsp' <Latency = 2> <II = 1> <Delay = 6.14> <FuncUnit> <Opcode : 'fadd' 'fsub'> <InPorts = 2> <OutPorts = 1>
ST_6 : Operation 152 [1/1] (0.00ns)   --->   "%bitcast_ln32_362 = bitcast i32 %tmp_343" [/home/minghe/gemm_hls/hlslib/include/hlslib/xilinx/DataPack.h:32->/home/minghe/gemm_hls/hlslib/include/hlslib/xilinx/DataPack.h:171->/home/minghe/gemm_hls/hlslib/include/hlslib/xilinx/DataPack.h:239->../kernel/Compute.cpp:131]   --->   Operation 152 'bitcast' 'bitcast_ln32_362' <Predicate = true> <Delay = 0.00>
ST_6 : Operation 153 [3/3] (6.14ns)   --->   "%res_561 = fadd i32 %bitcast_ln32_362, i32 %res_572" [/home/minghe/gemm_hls/hlslib/include/hlslib/xilinx/Operators.h:25->../kernel/Compute.cpp:133]   --->   Operation 153 'fadd' 'res_561' <Predicate = true> <Delay = 6.14> <CoreInst = "FAddSub_fulldsp">   --->   Core 18 'FAddSub_fulldsp' <Latency = 2> <II = 1> <Delay = 6.14> <FuncUnit> <Opcode : 'fadd' 'fsub'> <InPorts = 2> <OutPorts = 1>
ST_6 : Operation 154 [1/1] (0.00ns)   --->   "%bitcast_ln32_364 = bitcast i32 %tmp_345" [/home/minghe/gemm_hls/hlslib/include/hlslib/xilinx/DataPack.h:32->/home/minghe/gemm_hls/hlslib/include/hlslib/xilinx/DataPack.h:171->/home/minghe/gemm_hls/hlslib/include/hlslib/xilinx/DataPack.h:239->../kernel/Compute.cpp:131]   --->   Operation 154 'bitcast' 'bitcast_ln32_364' <Predicate = true> <Delay = 0.00>
ST_6 : Operation 155 [3/3] (6.14ns)   --->   "%res_563 = fadd i32 %bitcast_ln32_364, i32 %res_573" [/home/minghe/gemm_hls/hlslib/include/hlslib/xilinx/Operators.h:25->../kernel/Compute.cpp:133]   --->   Operation 155 'fadd' 'res_563' <Predicate = true> <Delay = 6.14> <CoreInst = "FAddSub_fulldsp">   --->   Core 18 'FAddSub_fulldsp' <Latency = 2> <II = 1> <Delay = 6.14> <FuncUnit> <Opcode : 'fadd' 'fsub'> <InPorts = 2> <OutPorts = 1>
ST_6 : Operation 156 [1/1] (0.00ns)   --->   "%bitcast_ln32_366 = bitcast i32 %tmp_347" [/home/minghe/gemm_hls/hlslib/include/hlslib/xilinx/DataPack.h:32->/home/minghe/gemm_hls/hlslib/include/hlslib/xilinx/DataPack.h:171->/home/minghe/gemm_hls/hlslib/include/hlslib/xilinx/DataPack.h:239->../kernel/Compute.cpp:131]   --->   Operation 156 'bitcast' 'bitcast_ln32_366' <Predicate = true> <Delay = 0.00>
ST_6 : Operation 157 [3/3] (6.14ns)   --->   "%res_565 = fadd i32 %bitcast_ln32_366, i32 %res_574" [/home/minghe/gemm_hls/hlslib/include/hlslib/xilinx/Operators.h:25->../kernel/Compute.cpp:133]   --->   Operation 157 'fadd' 'res_565' <Predicate = true> <Delay = 6.14> <CoreInst = "FAddSub_fulldsp">   --->   Core 18 'FAddSub_fulldsp' <Latency = 2> <II = 1> <Delay = 6.14> <FuncUnit> <Opcode : 'fadd' 'fsub'> <InPorts = 2> <OutPorts = 1>
ST_6 : Operation 158 [1/1] (0.00ns)   --->   "%bitcast_ln32_368 = bitcast i32 %tmp_349" [/home/minghe/gemm_hls/hlslib/include/hlslib/xilinx/DataPack.h:32->/home/minghe/gemm_hls/hlslib/include/hlslib/xilinx/DataPack.h:171->/home/minghe/gemm_hls/hlslib/include/hlslib/xilinx/DataPack.h:239->../kernel/Compute.cpp:131]   --->   Operation 158 'bitcast' 'bitcast_ln32_368' <Predicate = true> <Delay = 0.00>
ST_6 : Operation 159 [3/3] (6.14ns)   --->   "%res_567 = fadd i32 %bitcast_ln32_368, i32 %res_575" [/home/minghe/gemm_hls/hlslib/include/hlslib/xilinx/Operators.h:25->../kernel/Compute.cpp:133]   --->   Operation 159 'fadd' 'res_567' <Predicate = true> <Delay = 6.14> <CoreInst = "FAddSub_fulldsp">   --->   Core 18 'FAddSub_fulldsp' <Latency = 2> <II = 1> <Delay = 6.14> <FuncUnit> <Opcode : 'fadd' 'fsub'> <InPorts = 2> <OutPorts = 1>

State 7 <SV = 6> <Delay = 6.14>
ST_7 : Operation 160 [2/3] (6.14ns)   --->   "%res = fadd i32 %bitcast_ln32_354, i32 %res_568" [/home/minghe/gemm_hls/hlslib/include/hlslib/xilinx/Operators.h:25->../kernel/Compute.cpp:133]   --->   Operation 160 'fadd' 'res' <Predicate = true> <Delay = 6.14> <CoreInst = "FAddSub_fulldsp">   --->   Core 18 'FAddSub_fulldsp' <Latency = 2> <II = 1> <Delay = 6.14> <FuncUnit> <Opcode : 'fadd' 'fsub'> <InPorts = 2> <OutPorts = 1>
ST_7 : Operation 161 [2/3] (6.14ns)   --->   "%res_555 = fadd i32 %bitcast_ln32_356, i32 %res_569" [/home/minghe/gemm_hls/hlslib/include/hlslib/xilinx/Operators.h:25->../kernel/Compute.cpp:133]   --->   Operation 161 'fadd' 'res_555' <Predicate = true> <Delay = 6.14> <CoreInst = "FAddSub_fulldsp">   --->   Core 18 'FAddSub_fulldsp' <Latency = 2> <II = 1> <Delay = 6.14> <FuncUnit> <Opcode : 'fadd' 'fsub'> <InPorts = 2> <OutPorts = 1>
ST_7 : Operation 162 [2/3] (6.14ns)   --->   "%res_557 = fadd i32 %bitcast_ln32_358, i32 %res_570" [/home/minghe/gemm_hls/hlslib/include/hlslib/xilinx/Operators.h:25->../kernel/Compute.cpp:133]   --->   Operation 162 'fadd' 'res_557' <Predicate = true> <Delay = 6.14> <CoreInst = "FAddSub_fulldsp">   --->   Core 18 'FAddSub_fulldsp' <Latency = 2> <II = 1> <Delay = 6.14> <FuncUnit> <Opcode : 'fadd' 'fsub'> <InPorts = 2> <OutPorts = 1>
ST_7 : Operation 163 [2/3] (6.14ns)   --->   "%res_559 = fadd i32 %bitcast_ln32_360, i32 %res_571" [/home/minghe/gemm_hls/hlslib/include/hlslib/xilinx/Operators.h:25->../kernel/Compute.cpp:133]   --->   Operation 163 'fadd' 'res_559' <Predicate = true> <Delay = 6.14> <CoreInst = "FAddSub_fulldsp">   --->   Core 18 'FAddSub_fulldsp' <Latency = 2> <II = 1> <Delay = 6.14> <FuncUnit> <Opcode : 'fadd' 'fsub'> <InPorts = 2> <OutPorts = 1>
ST_7 : Operation 164 [2/3] (6.14ns)   --->   "%res_561 = fadd i32 %bitcast_ln32_362, i32 %res_572" [/home/minghe/gemm_hls/hlslib/include/hlslib/xilinx/Operators.h:25->../kernel/Compute.cpp:133]   --->   Operation 164 'fadd' 'res_561' <Predicate = true> <Delay = 6.14> <CoreInst = "FAddSub_fulldsp">   --->   Core 18 'FAddSub_fulldsp' <Latency = 2> <II = 1> <Delay = 6.14> <FuncUnit> <Opcode : 'fadd' 'fsub'> <InPorts = 2> <OutPorts = 1>
ST_7 : Operation 165 [2/3] (6.14ns)   --->   "%res_563 = fadd i32 %bitcast_ln32_364, i32 %res_573" [/home/minghe/gemm_hls/hlslib/include/hlslib/xilinx/Operators.h:25->../kernel/Compute.cpp:133]   --->   Operation 165 'fadd' 'res_563' <Predicate = true> <Delay = 6.14> <CoreInst = "FAddSub_fulldsp">   --->   Core 18 'FAddSub_fulldsp' <Latency = 2> <II = 1> <Delay = 6.14> <FuncUnit> <Opcode : 'fadd' 'fsub'> <InPorts = 2> <OutPorts = 1>
ST_7 : Operation 166 [2/3] (6.14ns)   --->   "%res_565 = fadd i32 %bitcast_ln32_366, i32 %res_574" [/home/minghe/gemm_hls/hlslib/include/hlslib/xilinx/Operators.h:25->../kernel/Compute.cpp:133]   --->   Operation 166 'fadd' 'res_565' <Predicate = true> <Delay = 6.14> <CoreInst = "FAddSub_fulldsp">   --->   Core 18 'FAddSub_fulldsp' <Latency = 2> <II = 1> <Delay = 6.14> <FuncUnit> <Opcode : 'fadd' 'fsub'> <InPorts = 2> <OutPorts = 1>
ST_7 : Operation 167 [2/3] (6.14ns)   --->   "%res_567 = fadd i32 %bitcast_ln32_368, i32 %res_575" [/home/minghe/gemm_hls/hlslib/include/hlslib/xilinx/Operators.h:25->../kernel/Compute.cpp:133]   --->   Operation 167 'fadd' 'res_567' <Predicate = true> <Delay = 6.14> <CoreInst = "FAddSub_fulldsp">   --->   Core 18 'FAddSub_fulldsp' <Latency = 2> <II = 1> <Delay = 6.14> <FuncUnit> <Opcode : 'fadd' 'fsub'> <InPorts = 2> <OutPorts = 1>

State 8 <SV = 7> <Delay = 6.37>
ST_8 : Operation 168 [1/1] (0.00ns) (grouped into LUT with out node select_ln296)   --->   "%inBounds = and i1 %inBoundsN, i1 %inBoundsM" [../kernel/Compute.cpp:127]   --->   Operation 168 'and' 'inBounds' <Predicate = true> <Delay = 0.00> <CoreInst = "LogicGate">   --->   Core 74 'LogicGate' <Latency = 0> <II = 1> <Delay = 0.12> <FuncUnit> <Opcode : 'and' 'or' 'xor'> <InPorts = 2> <OutPorts = 1>
ST_8 : Operation 169 [1/3] (6.14ns)   --->   "%res = fadd i32 %bitcast_ln32_354, i32 %res_568" [/home/minghe/gemm_hls/hlslib/include/hlslib/xilinx/Operators.h:25->../kernel/Compute.cpp:133]   --->   Operation 169 'fadd' 'res' <Predicate = true> <Delay = 6.14> <CoreInst = "FAddSub_fulldsp">   --->   Core 18 'FAddSub_fulldsp' <Latency = 2> <II = 1> <Delay = 6.14> <FuncUnit> <Opcode : 'fadd' 'fsub'> <InPorts = 2> <OutPorts = 1>
ST_8 : Operation 170 [1/1] (0.22ns) (out node of the LUT)   --->   "%select_ln296 = select i1 %inBounds, i32 %res, i32 %bitcast_ln32_354" [/home/minghe/gemm_hls/hlslib/include/hlslib/xilinx/DataPack.h:296->../kernel/Compute.cpp:137]   --->   Operation 170 'select' 'select_ln296' <Predicate = true> <Delay = 0.22> <CoreInst = "Sel">   --->   Core 73 'Sel' <Latency = 0> <II = 1> <Delay = 0.22> <FuncUnit> <Opcode : 'select'> <InPorts = 3> <OutPorts = 1>
ST_8 : Operation 171 [1/1] (0.00ns) (grouped into LUT with out node select_ln296_155)   --->   "%inBounds_169 = and i1 %inBoundsN, i1 %inBoundsM_169" [../kernel/Compute.cpp:127]   --->   Operation 171 'and' 'inBounds_169' <Predicate = true> <Delay = 0.00> <CoreInst = "LogicGate">   --->   Core 74 'LogicGate' <Latency = 0> <II = 1> <Delay = 0.12> <FuncUnit> <Opcode : 'and' 'or' 'xor'> <InPorts = 2> <OutPorts = 1>
ST_8 : Operation 172 [1/3] (6.14ns)   --->   "%res_555 = fadd i32 %bitcast_ln32_356, i32 %res_569" [/home/minghe/gemm_hls/hlslib/include/hlslib/xilinx/Operators.h:25->../kernel/Compute.cpp:133]   --->   Operation 172 'fadd' 'res_555' <Predicate = true> <Delay = 6.14> <CoreInst = "FAddSub_fulldsp">   --->   Core 18 'FAddSub_fulldsp' <Latency = 2> <II = 1> <Delay = 6.14> <FuncUnit> <Opcode : 'fadd' 'fsub'> <InPorts = 2> <OutPorts = 1>
ST_8 : Operation 173 [1/1] (0.22ns) (out node of the LUT)   --->   "%select_ln296_155 = select i1 %inBounds_169, i32 %res_555, i32 %bitcast_ln32_356" [/home/minghe/gemm_hls/hlslib/include/hlslib/xilinx/DataPack.h:296->../kernel/Compute.cpp:137]   --->   Operation 173 'select' 'select_ln296_155' <Predicate = true> <Delay = 0.22> <CoreInst = "Sel">   --->   Core 73 'Sel' <Latency = 0> <II = 1> <Delay = 0.22> <FuncUnit> <Opcode : 'select'> <InPorts = 3> <OutPorts = 1>
ST_8 : Operation 174 [1/1] (0.00ns) (grouped into LUT with out node select_ln296_156)   --->   "%inBounds_170 = and i1 %inBoundsN, i1 %inBoundsM_170" [../kernel/Compute.cpp:127]   --->   Operation 174 'and' 'inBounds_170' <Predicate = true> <Delay = 0.00> <CoreInst = "LogicGate">   --->   Core 74 'LogicGate' <Latency = 0> <II = 1> <Delay = 0.12> <FuncUnit> <Opcode : 'and' 'or' 'xor'> <InPorts = 2> <OutPorts = 1>
ST_8 : Operation 175 [1/3] (6.14ns)   --->   "%res_557 = fadd i32 %bitcast_ln32_358, i32 %res_570" [/home/minghe/gemm_hls/hlslib/include/hlslib/xilinx/Operators.h:25->../kernel/Compute.cpp:133]   --->   Operation 175 'fadd' 'res_557' <Predicate = true> <Delay = 6.14> <CoreInst = "FAddSub_fulldsp">   --->   Core 18 'FAddSub_fulldsp' <Latency = 2> <II = 1> <Delay = 6.14> <FuncUnit> <Opcode : 'fadd' 'fsub'> <InPorts = 2> <OutPorts = 1>
ST_8 : Operation 176 [1/1] (0.22ns) (out node of the LUT)   --->   "%select_ln296_156 = select i1 %inBounds_170, i32 %res_557, i32 %bitcast_ln32_358" [/home/minghe/gemm_hls/hlslib/include/hlslib/xilinx/DataPack.h:296->../kernel/Compute.cpp:137]   --->   Operation 176 'select' 'select_ln296_156' <Predicate = true> <Delay = 0.22> <CoreInst = "Sel">   --->   Core 73 'Sel' <Latency = 0> <II = 1> <Delay = 0.22> <FuncUnit> <Opcode : 'select'> <InPorts = 3> <OutPorts = 1>
ST_8 : Operation 177 [1/1] (0.00ns) (grouped into LUT with out node select_ln296_157)   --->   "%inBounds_171 = and i1 %inBoundsN, i1 %inBoundsM_171" [../kernel/Compute.cpp:127]   --->   Operation 177 'and' 'inBounds_171' <Predicate = true> <Delay = 0.00> <CoreInst = "LogicGate">   --->   Core 74 'LogicGate' <Latency = 0> <II = 1> <Delay = 0.12> <FuncUnit> <Opcode : 'and' 'or' 'xor'> <InPorts = 2> <OutPorts = 1>
ST_8 : Operation 178 [1/3] (6.14ns)   --->   "%res_559 = fadd i32 %bitcast_ln32_360, i32 %res_571" [/home/minghe/gemm_hls/hlslib/include/hlslib/xilinx/Operators.h:25->../kernel/Compute.cpp:133]   --->   Operation 178 'fadd' 'res_559' <Predicate = true> <Delay = 6.14> <CoreInst = "FAddSub_fulldsp">   --->   Core 18 'FAddSub_fulldsp' <Latency = 2> <II = 1> <Delay = 6.14> <FuncUnit> <Opcode : 'fadd' 'fsub'> <InPorts = 2> <OutPorts = 1>
ST_8 : Operation 179 [1/1] (0.22ns) (out node of the LUT)   --->   "%select_ln296_157 = select i1 %inBounds_171, i32 %res_559, i32 %bitcast_ln32_360" [/home/minghe/gemm_hls/hlslib/include/hlslib/xilinx/DataPack.h:296->../kernel/Compute.cpp:137]   --->   Operation 179 'select' 'select_ln296_157' <Predicate = true> <Delay = 0.22> <CoreInst = "Sel">   --->   Core 73 'Sel' <Latency = 0> <II = 1> <Delay = 0.22> <FuncUnit> <Opcode : 'select'> <InPorts = 3> <OutPorts = 1>
ST_8 : Operation 180 [1/1] (0.00ns) (grouped into LUT with out node select_ln296_158)   --->   "%inBounds_172 = and i1 %inBoundsN, i1 %inBoundsM_172" [../kernel/Compute.cpp:127]   --->   Operation 180 'and' 'inBounds_172' <Predicate = true> <Delay = 0.00> <CoreInst = "LogicGate">   --->   Core 74 'LogicGate' <Latency = 0> <II = 1> <Delay = 0.12> <FuncUnit> <Opcode : 'and' 'or' 'xor'> <InPorts = 2> <OutPorts = 1>
ST_8 : Operation 181 [1/3] (6.14ns)   --->   "%res_561 = fadd i32 %bitcast_ln32_362, i32 %res_572" [/home/minghe/gemm_hls/hlslib/include/hlslib/xilinx/Operators.h:25->../kernel/Compute.cpp:133]   --->   Operation 181 'fadd' 'res_561' <Predicate = true> <Delay = 6.14> <CoreInst = "FAddSub_fulldsp">   --->   Core 18 'FAddSub_fulldsp' <Latency = 2> <II = 1> <Delay = 6.14> <FuncUnit> <Opcode : 'fadd' 'fsub'> <InPorts = 2> <OutPorts = 1>
ST_8 : Operation 182 [1/1] (0.22ns) (out node of the LUT)   --->   "%select_ln296_158 = select i1 %inBounds_172, i32 %res_561, i32 %bitcast_ln32_362" [/home/minghe/gemm_hls/hlslib/include/hlslib/xilinx/DataPack.h:296->../kernel/Compute.cpp:137]   --->   Operation 182 'select' 'select_ln296_158' <Predicate = true> <Delay = 0.22> <CoreInst = "Sel">   --->   Core 73 'Sel' <Latency = 0> <II = 1> <Delay = 0.22> <FuncUnit> <Opcode : 'select'> <InPorts = 3> <OutPorts = 1>
ST_8 : Operation 183 [1/1] (0.00ns) (grouped into LUT with out node select_ln296_159)   --->   "%inBounds_173 = and i1 %inBoundsN, i1 %inBoundsM_173" [../kernel/Compute.cpp:127]   --->   Operation 183 'and' 'inBounds_173' <Predicate = true> <Delay = 0.00> <CoreInst = "LogicGate">   --->   Core 74 'LogicGate' <Latency = 0> <II = 1> <Delay = 0.12> <FuncUnit> <Opcode : 'and' 'or' 'xor'> <InPorts = 2> <OutPorts = 1>
ST_8 : Operation 184 [1/3] (6.14ns)   --->   "%res_563 = fadd i32 %bitcast_ln32_364, i32 %res_573" [/home/minghe/gemm_hls/hlslib/include/hlslib/xilinx/Operators.h:25->../kernel/Compute.cpp:133]   --->   Operation 184 'fadd' 'res_563' <Predicate = true> <Delay = 6.14> <CoreInst = "FAddSub_fulldsp">   --->   Core 18 'FAddSub_fulldsp' <Latency = 2> <II = 1> <Delay = 6.14> <FuncUnit> <Opcode : 'fadd' 'fsub'> <InPorts = 2> <OutPorts = 1>
ST_8 : Operation 185 [1/1] (0.22ns) (out node of the LUT)   --->   "%select_ln296_159 = select i1 %inBounds_173, i32 %res_563, i32 %bitcast_ln32_364" [/home/minghe/gemm_hls/hlslib/include/hlslib/xilinx/DataPack.h:296->../kernel/Compute.cpp:137]   --->   Operation 185 'select' 'select_ln296_159' <Predicate = true> <Delay = 0.22> <CoreInst = "Sel">   --->   Core 73 'Sel' <Latency = 0> <II = 1> <Delay = 0.22> <FuncUnit> <Opcode : 'select'> <InPorts = 3> <OutPorts = 1>
ST_8 : Operation 186 [1/1] (0.00ns) (grouped into LUT with out node select_ln296_160)   --->   "%inBounds_174 = and i1 %inBoundsN, i1 %inBoundsM_174" [../kernel/Compute.cpp:127]   --->   Operation 186 'and' 'inBounds_174' <Predicate = true> <Delay = 0.00> <CoreInst = "LogicGate">   --->   Core 74 'LogicGate' <Latency = 0> <II = 1> <Delay = 0.12> <FuncUnit> <Opcode : 'and' 'or' 'xor'> <InPorts = 2> <OutPorts = 1>
ST_8 : Operation 187 [1/3] (6.14ns)   --->   "%res_565 = fadd i32 %bitcast_ln32_366, i32 %res_574" [/home/minghe/gemm_hls/hlslib/include/hlslib/xilinx/Operators.h:25->../kernel/Compute.cpp:133]   --->   Operation 187 'fadd' 'res_565' <Predicate = true> <Delay = 6.14> <CoreInst = "FAddSub_fulldsp">   --->   Core 18 'FAddSub_fulldsp' <Latency = 2> <II = 1> <Delay = 6.14> <FuncUnit> <Opcode : 'fadd' 'fsub'> <InPorts = 2> <OutPorts = 1>
ST_8 : Operation 188 [1/1] (0.22ns) (out node of the LUT)   --->   "%select_ln296_160 = select i1 %inBounds_174, i32 %res_565, i32 %bitcast_ln32_366" [/home/minghe/gemm_hls/hlslib/include/hlslib/xilinx/DataPack.h:296->../kernel/Compute.cpp:137]   --->   Operation 188 'select' 'select_ln296_160' <Predicate = true> <Delay = 0.22> <CoreInst = "Sel">   --->   Core 73 'Sel' <Latency = 0> <II = 1> <Delay = 0.22> <FuncUnit> <Opcode : 'select'> <InPorts = 3> <OutPorts = 1>
ST_8 : Operation 189 [1/1] (0.00ns) (grouped into LUT with out node select_ln296_161)   --->   "%inBounds_175 = and i1 %inBoundsN, i1 %inBoundsM_175" [../kernel/Compute.cpp:127]   --->   Operation 189 'and' 'inBounds_175' <Predicate = true> <Delay = 0.00> <CoreInst = "LogicGate">   --->   Core 74 'LogicGate' <Latency = 0> <II = 1> <Delay = 0.12> <FuncUnit> <Opcode : 'and' 'or' 'xor'> <InPorts = 2> <OutPorts = 1>
ST_8 : Operation 190 [1/3] (6.14ns)   --->   "%res_567 = fadd i32 %bitcast_ln32_368, i32 %res_575" [/home/minghe/gemm_hls/hlslib/include/hlslib/xilinx/Operators.h:25->../kernel/Compute.cpp:133]   --->   Operation 190 'fadd' 'res_567' <Predicate = true> <Delay = 6.14> <CoreInst = "FAddSub_fulldsp">   --->   Core 18 'FAddSub_fulldsp' <Latency = 2> <II = 1> <Delay = 6.14> <FuncUnit> <Opcode : 'fadd' 'fsub'> <InPorts = 2> <OutPorts = 1>
ST_8 : Operation 191 [1/1] (0.22ns) (out node of the LUT)   --->   "%select_ln296_161 = select i1 %inBounds_175, i32 %res_567, i32 %bitcast_ln32_368" [/home/minghe/gemm_hls/hlslib/include/hlslib/xilinx/DataPack.h:296->../kernel/Compute.cpp:137]   --->   Operation 191 'select' 'select_ln296_161' <Predicate = true> <Delay = 0.22> <CoreInst = "Sel">   --->   Core 73 'Sel' <Latency = 0> <II = 1> <Delay = 0.22> <FuncUnit> <Opcode : 'select'> <InPorts = 3> <OutPorts = 1>
ST_8 : Operation 203 [1/1] (0.38ns)   --->   "%ret_ln0 = ret"   --->   Operation 203 'ret' 'ret_ln0' <Predicate = (icmp_ln64)> <Delay = 0.38>

State 9 <SV = 8> <Delay = 1.20>
ST_9 : Operation 192 [1/1] (0.00ns)   --->   "%bitcast_ln36 = bitcast i32 %select_ln296" [/home/minghe/gemm_hls/hlslib/include/hlslib/xilinx/DataPack.h:36->/home/minghe/gemm_hls/hlslib/include/hlslib/xilinx/DataPack.h:184->/home/minghe/gemm_hls/hlslib/include/hlslib/xilinx/DataPack.h:296->../kernel/Compute.cpp:137]   --->   Operation 192 'bitcast' 'bitcast_ln36' <Predicate = true> <Delay = 0.00>
ST_9 : Operation 193 [1/1] (0.00ns)   --->   "%bitcast_ln36_155 = bitcast i32 %select_ln296_155" [/home/minghe/gemm_hls/hlslib/include/hlslib/xilinx/DataPack.h:36->/home/minghe/gemm_hls/hlslib/include/hlslib/xilinx/DataPack.h:184->/home/minghe/gemm_hls/hlslib/include/hlslib/xilinx/DataPack.h:296->../kernel/Compute.cpp:137]   --->   Operation 193 'bitcast' 'bitcast_ln36_155' <Predicate = true> <Delay = 0.00>
ST_9 : Operation 194 [1/1] (0.00ns)   --->   "%bitcast_ln36_156 = bitcast i32 %select_ln296_156" [/home/minghe/gemm_hls/hlslib/include/hlslib/xilinx/DataPack.h:36->/home/minghe/gemm_hls/hlslib/include/hlslib/xilinx/DataPack.h:184->/home/minghe/gemm_hls/hlslib/include/hlslib/xilinx/DataPack.h:296->../kernel/Compute.cpp:137]   --->   Operation 194 'bitcast' 'bitcast_ln36_156' <Predicate = true> <Delay = 0.00>
ST_9 : Operation 195 [1/1] (0.00ns)   --->   "%bitcast_ln36_157 = bitcast i32 %select_ln296_157" [/home/minghe/gemm_hls/hlslib/include/hlslib/xilinx/DataPack.h:36->/home/minghe/gemm_hls/hlslib/include/hlslib/xilinx/DataPack.h:184->/home/minghe/gemm_hls/hlslib/include/hlslib/xilinx/DataPack.h:296->../kernel/Compute.cpp:137]   --->   Operation 195 'bitcast' 'bitcast_ln36_157' <Predicate = true> <Delay = 0.00>
ST_9 : Operation 196 [1/1] (0.00ns)   --->   "%bitcast_ln36_158 = bitcast i32 %select_ln296_158" [/home/minghe/gemm_hls/hlslib/include/hlslib/xilinx/DataPack.h:36->/home/minghe/gemm_hls/hlslib/include/hlslib/xilinx/DataPack.h:184->/home/minghe/gemm_hls/hlslib/include/hlslib/xilinx/DataPack.h:296->../kernel/Compute.cpp:137]   --->   Operation 196 'bitcast' 'bitcast_ln36_158' <Predicate = true> <Delay = 0.00>
ST_9 : Operation 197 [1/1] (0.00ns)   --->   "%bitcast_ln36_159 = bitcast i32 %select_ln296_159" [/home/minghe/gemm_hls/hlslib/include/hlslib/xilinx/DataPack.h:36->/home/minghe/gemm_hls/hlslib/include/hlslib/xilinx/DataPack.h:184->/home/minghe/gemm_hls/hlslib/include/hlslib/xilinx/DataPack.h:296->../kernel/Compute.cpp:137]   --->   Operation 197 'bitcast' 'bitcast_ln36_159' <Predicate = true> <Delay = 0.00>
ST_9 : Operation 198 [1/1] (0.00ns)   --->   "%bitcast_ln36_160 = bitcast i32 %select_ln296_160" [/home/minghe/gemm_hls/hlslib/include/hlslib/xilinx/DataPack.h:36->/home/minghe/gemm_hls/hlslib/include/hlslib/xilinx/DataPack.h:184->/home/minghe/gemm_hls/hlslib/include/hlslib/xilinx/DataPack.h:296->../kernel/Compute.cpp:137]   --->   Operation 198 'bitcast' 'bitcast_ln36_160' <Predicate = true> <Delay = 0.00>
ST_9 : Operation 199 [1/1] (0.00ns)   --->   "%bitcast_ln36_161 = bitcast i32 %select_ln296_161" [/home/minghe/gemm_hls/hlslib/include/hlslib/xilinx/DataPack.h:36->/home/minghe/gemm_hls/hlslib/include/hlslib/xilinx/DataPack.h:184->/home/minghe/gemm_hls/hlslib/include/hlslib/xilinx/DataPack.h:296->../kernel/Compute.cpp:137]   --->   Operation 199 'bitcast' 'bitcast_ln36_161' <Predicate = true> <Delay = 0.00>
ST_9 : Operation 200 [1/1] (0.00ns)   --->   "%tmp_350 = bitconcatenate i256 @_ssdm_op_BitConcatenate.i256.i32.i32.i32.i32.i32.i32.i32.i32, i32 %bitcast_ln36_161, i32 %bitcast_ln36_160, i32 %bitcast_ln36_159, i32 %bitcast_ln36_158, i32 %bitcast_ln36_157, i32 %bitcast_ln36_156, i32 %bitcast_ln36_155, i32 %bitcast_ln36" [/home/minghe/gemm_hls/hlslib/include/hlslib/xilinx/DataPack.h:183->/home/minghe/gemm_hls/hlslib/include/hlslib/xilinx/DataPack.h:296->../kernel/Compute.cpp:137]   --->   Operation 200 'bitconcatenate' 'tmp_350' <Predicate = true> <Delay = 0.00>
ST_9 : Operation 201 [1/1] (1.20ns)   --->   "%store_ln150 = store i256 %tmp_350, i10 %cBuffer_addr" [/home/minghe/gemm_hls/hlslib/include/hlslib/xilinx/DataPack.h:150->../kernel/Compute.cpp:141]   --->   Operation 201 'store' 'store_ln150' <Predicate = true> <Delay = 1.20> <CoreInst = "RAM">   --->   Core 82 'RAM' <Latency = 1> <II = 1> <Delay = 1.20> <Storage> <Opcode : 'load' 'store'> <Ports = 2> <Width = 256> <Depth = 1024> <RAM>
ST_9 : Operation 202 [1/1] (0.00ns)   --->   "%br_ln67 = br void %for.body58" [../kernel/Compute.cpp:67]   --->   Operation 202 'br' 'br_ln67' <Predicate = true> <Delay = 0.00>


============================================================
+ Verbose Summary: Timing violations
============================================================
Target clock period: 10.000ns, clock uncertainty: 2.700ns.

 <State 1>: 2.494ns
The critical path consists of the following:
	'store' operation 0 bit ('store_ln67', ../kernel/Compute.cpp:67) of constant 0 on local variable 'm1', ../kernel/Compute.cpp:67 [32]  (0.387 ns)
	'load' operation 7 bit ('m1_load', ../kernel/Compute.cpp:67) on local variable 'm1', ../kernel/Compute.cpp:67 [40]  (0.000 ns)
	'icmp' operation 1 bit ('icmp_ln67', ../kernel/Compute.cpp:67) [44]  (0.706 ns)
	'select' operation 7 bit ('select_ln64', ../kernel/Compute.cpp:64) [45]  (0.308 ns)
	'add' operation 7 bit ('add_ln67', ../kernel/Compute.cpp:67) [182]  (0.706 ns)
	'store' operation 0 bit ('store_ln67', ../kernel/Compute.cpp:67) of variable 'add_ln67', ../kernel/Compute.cpp:67 on local variable 'm1', ../kernel/Compute.cpp:67 [185]  (0.387 ns)

 <State 2>: 2.930ns
The critical path consists of the following:
	fifo read operation ('read', /home/minghe/gemm_hls/hlslib/include/hlslib/xilinx/Stream.h:199->/home/minghe/gemm_hls/hlslib/include/hlslib/xilinx/Stream.h:153->../kernel/Compute.cpp:84) on port 'aPipes_16' (/home/minghe/gemm_hls/hlslib/include/hlslib/xilinx/Stream.h:199->/home/minghe/gemm_hls/hlslib/include/hlslib/xilinx/Stream.h:153->../kernel/Compute.cpp:84) [70]  (1.465 ns)
	fifo write operation ('write_ln406', /home/minghe/gemm_hls/hlslib/include/hlslib/xilinx/Stream.h:406->/home/minghe/gemm_hls/hlslib/include/hlslib/xilinx/Stream.h:277->/home/minghe/gemm_hls/hlslib/include/hlslib/xilinx/Stream.h:146->../kernel/Compute.cpp:94) on port 'aPipes_17' (/home/minghe/gemm_hls/hlslib/include/hlslib/xilinx/Stream.h:406->/home/minghe/gemm_hls/hlslib/include/hlslib/xilinx/Stream.h:277->/home/minghe/gemm_hls/hlslib/include/hlslib/xilinx/Stream.h:146->../kernel/Compute.cpp:94) [74]  (1.465 ns)

 <State 3>: 0.699ns
The critical path consists of the following:
	'getelementptr' operation 5 bit ('aBuffer_addr', ../kernel/Compute.cpp:64) [51]  (0.000 ns)
	'load' operation 32 bit ('aVal', ../kernel/Compute.cpp:101) on array 'aBuffer' [82]  (0.699 ns)

 <State 4>: 5.889ns
The critical path consists of the following:
	fifo read operation ('bVal', /home/minghe/gemm_hls/hlslib/include/hlslib/xilinx/Stream.h:199->/home/minghe/gemm_hls/hlslib/include/hlslib/xilinx/Stream.h:153->../kernel/Compute.cpp:103) on port 'bPipes_16' (/home/minghe/gemm_hls/hlslib/include/hlslib/xilinx/Stream.h:199->/home/minghe/gemm_hls/hlslib/include/hlslib/xilinx/Stream.h:153->../kernel/Compute.cpp:103) [83]  (0.988 ns)
	'fmul' operation 32 bit ('res', /home/minghe/gemm_hls/hlslib/include/hlslib/xilinx/Operators.h:50->../kernel/Compute.cpp:129) [97]  (4.901 ns)

 <State 5>: 4.901ns
The critical path consists of the following:
	'fmul' operation 32 bit ('res', /home/minghe/gemm_hls/hlslib/include/hlslib/xilinx/Operators.h:50->../kernel/Compute.cpp:129) [97]  (4.901 ns)

 <State 6>: 6.149ns
The critical path consists of the following:
	'fadd' operation 32 bit ('res', /home/minghe/gemm_hls/hlslib/include/hlslib/xilinx/Operators.h:25->../kernel/Compute.cpp:133) [100]  (6.149 ns)

 <State 7>: 6.149ns
The critical path consists of the following:
	'fadd' operation 32 bit ('res', /home/minghe/gemm_hls/hlslib/include/hlslib/xilinx/Operators.h:25->../kernel/Compute.cpp:133) [100]  (6.149 ns)

 <State 8>: 6.376ns
The critical path consists of the following:
	'fadd' operation 32 bit ('res', /home/minghe/gemm_hls/hlslib/include/hlslib/xilinx/Operators.h:25->../kernel/Compute.cpp:133) [100]  (6.149 ns)
	'select' operation 32 bit ('select_ln296', /home/minghe/gemm_hls/hlslib/include/hlslib/xilinx/DataPack.h:296->../kernel/Compute.cpp:137) [101]  (0.227 ns)

 <State 9>: 1.200ns
The critical path consists of the following:
	'store' operation 0 bit ('store_ln150', /home/minghe/gemm_hls/hlslib/include/hlslib/xilinx/DataPack.h:150->../kernel/Compute.cpp:141) of variable 'tmp_350', /home/minghe/gemm_hls/hlslib/include/hlslib/xilinx/DataPack.h:183->/home/minghe/gemm_hls/hlslib/include/hlslib/xilinx/DataPack.h:296->../kernel/Compute.cpp:137 on array 'cBuffer' [181]  (1.200 ns)


============================================================
+ Verbose Summary: Binding
============================================================
N/A
* FSMD analyzer results:
  - Output states:
 - Input state : 
  - Chain level:
	State 1
	State 2
	State 3
	State 4
	State 5
	State 6
	State 7
	State 8
	State 9


============================================================
+ Verbose Summary: Datapath Resource usage 
============================================================
N/A
