

================================================================
== Vitis HLS Report for 'ProcessingElement_14_Pipeline_Pipeline_N_Pipeline_M'
================================================================
* Date:           Mon Nov 11 16:39:43 2024

* Version:        2024.1 (Build 5069499 on May 21 2024)
* Project:        MatrixMultiplication
* Solution:       xcu250-figd2104-2L-e (Vitis Kernel Flow Target)
* Product family: virtexuplus
* Target device:  xcu250-figd2104-2L-e


================================================================
== Performance Estimates
================================================================
+ Timing: 
    * Summary: 
    +--------+----------+----------+------------+
    |  Clock |  Target  | Estimated| Uncertainty|
    +--------+----------+----------+------------+
    |ap_clk  |  10.00 ns|  6.376 ns|     2.70 ns|
    +--------+----------+----------+------------+

+ Latency: 
    * Summary: 
    +---------+---------+-----------+-----------+------+------+-----------------------------------------------+
    |  Latency (cycles) |   Latency (absolute)  |   Interval  |                    Pipeline                   |
    |   min   |   max   |    min    |    max    |  min |  max |                      Type                     |
    +---------+---------+-----------+-----------+------+------+-----------------------------------------------+
    |     1033|     1033|  10.330 us|  10.330 us|  1025|  1025|  loop auto-rewind stp(delay=0 clock cycles(s))|
    +---------+---------+-----------+-----------+------+------+-----------------------------------------------+

    + Detail: 
        * Instance: 
        N/A

        * Loop: 
        +-------------------------+---------+---------+----------+-----------+-----------+------+----------+
        |                         |  Latency (cycles) | Iteration|  Initiation Interval  | Trip |          |
        |        Loop Name        |   min   |   max   |  Latency |  achieved |   target  | Count| Pipelined|
        +-------------------------+---------+---------+----------+-----------+-----------+------+----------+
        |- Pipeline_N_Pipeline_M  |     1031|     1031|         9|          1|          1|  1024|       yes|
        +-------------------------+---------+---------+----------+-----------+-----------+------+----------+

============================================================
+ Verbose Summary: Synthesis Manager
============================================================
InlineROM: 1
ExposeGlobal: 0
============================================================
+ Verbose Summary: CDFG Model
============================================================
IsTopModel: 0
ResetActiveHigh: 1
IsCombinational: 0
IsDatapathOnly: 0
HasWiredReturn: 1
HasMFsm: 2
HasVarLatency: 1
IsPipeline: 0
IsRtlPipelined: 0
IsInstanceOverlapped: 0
IsDontTouch: 0
HasImplIP: 0
IsGatedGlobalClock: 0

+ Individual pipeline summary: 
  * Pipeline-0: initiation interval (II) = 1, depth = 9


============================================================
+ Verbose Summary: Schedule
============================================================
* Number of FSM states : 9
* Pipeline : 1
  Pipeline-0 : II = 1, D = 9, States = { 1 2 3 4 5 6 7 8 9 }
* Dataflow Pipeline: 0

* FSM state transitions: 
1 --> 2 
2 --> 3 
3 --> 4 
4 --> 5 
5 --> 6 
6 --> 7 
7 --> 8 
8 --> 9 
9 --> 

* FSM state operations: 

State 1 <SV = 0> <Delay = 2.49>
ST_1 : Operation 12 [1/1] (0.00ns)   --->   "%m1 = alloca i32 1" [../kernel/Compute.cpp:67]   --->   Operation 12 'alloca' 'm1' <Predicate = true> <Delay = 0.00>
ST_1 : Operation 13 [1/1] (0.00ns)   --->   "%n1 = alloca i32 1" [../kernel/Compute.cpp:64]   --->   Operation 13 'alloca' 'n1' <Predicate = true> <Delay = 0.00>
ST_1 : Operation 14 [1/1] (0.00ns)   --->   "%indvar_flatten6 = alloca i32 1"   --->   Operation 14 'alloca' 'indvar_flatten6' <Predicate = true> <Delay = 0.00>
ST_1 : Operation 15 [1/1] (0.00ns)   --->   "%specinterface_ln0 = specinterface void @_ssdm_op_SpecInterface, i32 %aPipes_13, void @empty_16, i32 0, i32 0, void @empty_24, i32 0, i32 0, void @empty_24, void @empty_24, void @empty_24, i32 0, i32 0, i32 0, i32 0, void @empty_24, void @empty_24, i32 4294967295, i32 0, i32 0"   --->   Operation 15 'specinterface' 'specinterface_ln0' <Predicate = true> <Delay = 0.00>
ST_1 : Operation 16 [1/1] (0.00ns)   --->   "%specinterface_ln0 = specinterface void @_ssdm_op_SpecInterface, i32 %aPipes_14, void @empty_16, i32 0, i32 0, void @empty_24, i32 0, i32 0, void @empty_24, void @empty_24, void @empty_24, i32 0, i32 0, i32 0, i32 0, void @empty_24, void @empty_24, i32 4294967295, i32 0, i32 0"   --->   Operation 16 'specinterface' 'specinterface_ln0' <Predicate = true> <Delay = 0.00>
ST_1 : Operation 17 [1/1] (0.00ns)   --->   "%specinterface_ln0 = specinterface void @_ssdm_op_SpecInterface, i256 %bPipes_13, void @empty_16, i32 0, i32 0, void @empty_24, i32 0, i32 0, void @empty_24, void @empty_24, void @empty_24, i32 0, i32 0, i32 0, i32 0, void @empty_24, void @empty_24, i32 4294967295, i32 0, i32 0"   --->   Operation 17 'specinterface' 'specinterface_ln0' <Predicate = true> <Delay = 0.00>
ST_1 : Operation 18 [1/1] (0.00ns)   --->   "%specinterface_ln0 = specinterface void @_ssdm_op_SpecInterface, i256 %bPipes_14, void @empty_16, i32 0, i32 0, void @empty_24, i32 0, i32 0, void @empty_24, void @empty_24, void @empty_24, i32 0, i32 0, i32 0, i32 0, void @empty_24, void @empty_24, i32 4294967295, i32 0, i32 0"   --->   Operation 18 'specinterface' 'specinterface_ln0' <Predicate = true> <Delay = 0.00>
ST_1 : Operation 19 [1/1] (0.00ns)   --->   "%brmerge282_read = read i1 @_ssdm_op_Read.ap_auto.i1, i1 %brmerge282"   --->   Operation 19 'read' 'brmerge282_read' <Predicate = true> <Delay = 0.00>
ST_1 : Operation 20 [1/1] (0.00ns)   --->   "%size_n_read = read i32 @_ssdm_op_Read.ap_auto.i32, i32 %size_n"   --->   Operation 20 'read' 'size_n_read' <Predicate = true> <Delay = 0.00>
ST_1 : Operation 21 [1/1] (0.00ns)   --->   "%cond_read = read i5 @_ssdm_op_Read.ap_auto.i5, i5 %cond"   --->   Operation 21 'read' 'cond_read' <Predicate = true> <Delay = 0.00>
ST_1 : Operation 22 [1/1] (0.00ns)   --->   "%mul_read = read i27 @_ssdm_op_Read.ap_auto.i27, i27 %mul"   --->   Operation 22 'read' 'mul_read' <Predicate = true> <Delay = 0.00>
ST_1 : Operation 23 [1/1] (0.00ns)   --->   "%cond90_read = read i5 @_ssdm_op_Read.ap_auto.i5, i5 %cond90"   --->   Operation 23 'read' 'cond90_read' <Predicate = true> <Delay = 0.00>
ST_1 : Operation 24 [1/1] (0.00ns)   --->   "%size_m_read = read i32 @_ssdm_op_Read.ap_auto.i32, i32 %size_m"   --->   Operation 24 'read' 'size_m_read' <Predicate = true> <Delay = 0.00>
ST_1 : Operation 25 [1/1] (0.00ns)   --->   "%cmp111_read = read i1 @_ssdm_op_Read.ap_auto.i1, i1 %cmp111"   --->   Operation 25 'read' 'cmp111_read' <Predicate = true> <Delay = 0.00>
ST_1 : Operation 26 [1/1] (0.00ns)   --->   "%m0_read = read i23 @_ssdm_op_Read.ap_auto.i23, i23 %m0"   --->   Operation 26 'read' 'm0_read' <Predicate = true> <Delay = 0.00>
ST_1 : Operation 27 [1/1] (0.38ns)   --->   "%store_ln0 = store i11 0, i11 %indvar_flatten6"   --->   Operation 27 'store' 'store_ln0' <Predicate = true> <Delay = 0.38>
ST_1 : Operation 28 [1/1] (0.38ns)   --->   "%store_ln64 = store i5 0, i5 %n1" [../kernel/Compute.cpp:64]   --->   Operation 28 'store' 'store_ln64' <Predicate = true> <Delay = 0.38>
ST_1 : Operation 29 [1/1] (0.38ns)   --->   "%store_ln67 = store i7 0, i7 %m1" [../kernel/Compute.cpp:67]   --->   Operation 29 'store' 'store_ln67' <Predicate = true> <Delay = 0.38>
ST_1 : Operation 30 [1/1] (0.00ns)   --->   "%br_ln64 = br void %for.body58" [../kernel/Compute.cpp:64]   --->   Operation 30 'br' 'br_ln64' <Predicate = true> <Delay = 0.00>
ST_1 : Operation 31 [1/1] (0.00ns)   --->   "%indvar_flatten6_load = load i11 %indvar_flatten6" [../kernel/Compute.cpp:64]   --->   Operation 31 'load' 'indvar_flatten6_load' <Predicate = true> <Delay = 0.00>
ST_1 : Operation 32 [1/1] (0.73ns)   --->   "%icmp_ln64 = icmp_eq  i11 %indvar_flatten6_load, i11 1024" [../kernel/Compute.cpp:64]   --->   Operation 32 'icmp' 'icmp_ln64' <Predicate = true> <Delay = 0.73> <CoreInst = "Cmp">   --->   Core 9 'Cmp' <Latency = 0> <II = 1> <Delay = 0.73> <FuncUnit> <Opcode : 'seteq' 'setne' 'setle' 'setge' 'setlt' 'setgt'> <InPorts = 2> <OutPorts = 1>
ST_1 : Operation 33 [1/1] (0.73ns)   --->   "%add_ln64 = add i11 %indvar_flatten6_load, i11 1" [../kernel/Compute.cpp:64]   --->   Operation 33 'add' 'add_ln64' <Predicate = true> <Delay = 0.73> <CoreInst = "Adder">   --->   Core 1 'Adder' <Latency = 0> <II = 1> <Delay = 0.73> <FuncUnit> <Opcode : 'add' 'sub'> <InPorts = 2> <OutPorts = 1>
ST_1 : Operation 34 [1/1] (0.00ns)   --->   "%br_ln64 = br i1 %icmp_ln64, void %for.inc165, void %for.inc168.exitStub" [../kernel/Compute.cpp:64]   --->   Operation 34 'br' 'br_ln64' <Predicate = true> <Delay = 0.00>
ST_1 : Operation 35 [1/1] (0.00ns)   --->   "%m1_load = load i7 %m1" [../kernel/Compute.cpp:67]   --->   Operation 35 'load' 'm1_load' <Predicate = (!icmp_ln64)> <Delay = 0.00>
ST_1 : Operation 36 [1/1] (0.70ns)   --->   "%icmp_ln67 = icmp_eq  i7 %m1_load, i7 64" [../kernel/Compute.cpp:67]   --->   Operation 36 'icmp' 'icmp_ln67' <Predicate = (!icmp_ln64)> <Delay = 0.70> <CoreInst = "Cmp">   --->   Core 9 'Cmp' <Latency = 0> <II = 1> <Delay = 0.70> <FuncUnit> <Opcode : 'seteq' 'setne' 'setle' 'setge' 'setlt' 'setgt'> <InPorts = 2> <OutPorts = 1>
ST_1 : Operation 37 [1/1] (0.30ns)   --->   "%select_ln64 = select i1 %icmp_ln67, i7 0, i7 %m1_load" [../kernel/Compute.cpp:64]   --->   Operation 37 'select' 'select_ln64' <Predicate = (!icmp_ln64)> <Delay = 0.30> <CoreInst = "Sel">   --->   Core 73 'Sel' <Latency = 0> <II = 1> <Delay = 0.30> <FuncUnit> <Opcode : 'select'> <InPorts = 3> <OutPorts = 1>
ST_1 : Operation 38 [1/1] (0.70ns)   --->   "%icmp_ln82 = icmp_ugt  i7 %select_ln64, i7 12" [../kernel/Compute.cpp:82]   --->   Operation 38 'icmp' 'icmp_ln82' <Predicate = (!icmp_ln64)> <Delay = 0.70> <CoreInst = "Cmp">   --->   Core 9 'Cmp' <Latency = 0> <II = 1> <Delay = 0.70> <FuncUnit> <Opcode : 'seteq' 'setne' 'setle' 'setge' 'setlt' 'setgt'> <InPorts = 2> <OutPorts = 1>
ST_1 : Operation 39 [1/1] (0.00ns)   --->   "%tmp = partselect i2 @_ssdm_op_PartSelect.i2.i7.i32.i32, i7 %select_ln64, i32 5, i32 6" [../kernel/Compute.cpp:83]   --->   Operation 39 'partselect' 'tmp' <Predicate = (!icmp_ln64)> <Delay = 0.00>
ST_1 : Operation 40 [1/1] (0.43ns)   --->   "%icmp_ln83 = icmp_eq  i2 %tmp, i2 0" [../kernel/Compute.cpp:83]   --->   Operation 40 'icmp' 'icmp_ln83' <Predicate = (!icmp_ln64)> <Delay = 0.43> <CoreInst = "Cmp">   --->   Core 9 'Cmp' <Latency = 0> <II = 1> <Delay = 0.43> <FuncUnit> <Opcode : 'seteq' 'setne' 'setle' 'setge' 'setlt' 'setgt'> <InPorts = 2> <OutPorts = 1>
ST_1 : Operation 41 [1/1] (0.00ns) (grouped into LUT with out node and_ln80_25)   --->   "%and_ln80 = and i1 %brmerge282_read, i1 %icmp_ln82" [../kernel/Compute.cpp:80]   --->   Operation 41 'and' 'and_ln80' <Predicate = (!icmp_ln64)> <Delay = 0.00> <CoreInst = "LogicGate">   --->   Core 74 'LogicGate' <Latency = 0> <II = 1> <Delay = 0.12> <FuncUnit> <Opcode : 'and' 'or' 'xor'> <InPorts = 2> <OutPorts = 1>
ST_1 : Operation 42 [1/1] (0.12ns) (out node of the LUT)   --->   "%and_ln80_25 = and i1 %and_ln80, i1 %icmp_ln83" [../kernel/Compute.cpp:80]   --->   Operation 42 'and' 'and_ln80_25' <Predicate = (!icmp_ln64)> <Delay = 0.12> <CoreInst = "LogicGate">   --->   Core 74 'LogicGate' <Latency = 0> <II = 1> <Delay = 0.12> <FuncUnit> <Opcode : 'and' 'or' 'xor'> <InPorts = 2> <OutPorts = 1>
ST_1 : Operation 43 [1/1] (0.00ns)   --->   "%br_ln80 = br i1 %and_ln80_25, void %if.end86_ifconv, void %if.then72" [../kernel/Compute.cpp:80]   --->   Operation 43 'br' 'br_ln80' <Predicate = (!icmp_ln64)> <Delay = 0.00>
ST_1 : Operation 44 [1/1] (0.70ns)   --->   "%icmp_ln85 = icmp_eq  i7 %select_ln64, i7 13" [../kernel/Compute.cpp:85]   --->   Operation 44 'icmp' 'icmp_ln85' <Predicate = (!icmp_ln64 & and_ln80_25)> <Delay = 0.70> <CoreInst = "Cmp">   --->   Core 9 'Cmp' <Latency = 0> <II = 1> <Delay = 0.70> <FuncUnit> <Opcode : 'seteq' 'setne' 'setle' 'setge' 'setlt' 'setgt'> <InPorts = 2> <OutPorts = 1>
ST_1 : Operation 45 [1/1] (0.00ns)   --->   "%br_ln85 = br i1 %icmp_ln85, void %if.then83, void %if.then75" [../kernel/Compute.cpp:85]   --->   Operation 45 'br' 'br_ln85' <Predicate = (!icmp_ln64 & and_ln80_25)> <Delay = 0.00>
ST_1 : Operation 46 [1/1] (0.00ns)   --->   "%br_ln97 = br void %if.end86_ifconv" [../kernel/Compute.cpp:97]   --->   Operation 46 'br' 'br_ln97' <Predicate = (!icmp_ln64 & and_ln80_25)> <Delay = 0.00>
ST_1 : Operation 47 [1/1] (0.70ns)   --->   "%add_ln67 = add i7 %select_ln64, i7 1" [../kernel/Compute.cpp:67]   --->   Operation 47 'add' 'add_ln67' <Predicate = (!icmp_ln64)> <Delay = 0.70> <CoreInst = "Adder">   --->   Core 1 'Adder' <Latency = 0> <II = 1> <Delay = 0.70> <FuncUnit> <Opcode : 'add' 'sub'> <InPorts = 2> <OutPorts = 1>
ST_1 : Operation 48 [1/1] (0.38ns)   --->   "%store_ln64 = store i11 %add_ln64, i11 %indvar_flatten6" [../kernel/Compute.cpp:64]   --->   Operation 48 'store' 'store_ln64' <Predicate = (!icmp_ln64)> <Delay = 0.38>
ST_1 : Operation 49 [1/1] (0.38ns)   --->   "%store_ln67 = store i7 %add_ln67, i7 %m1" [../kernel/Compute.cpp:67]   --->   Operation 49 'store' 'store_ln67' <Predicate = (!icmp_ln64)> <Delay = 0.38>

State 2 <SV = 1> <Delay = 2.93>
ST_2 : Operation 50 [1/1] (0.00ns)   --->   "%n1_load = load i5 %n1" [../kernel/Compute.cpp:64]   --->   Operation 50 'load' 'n1_load' <Predicate = true> <Delay = 0.00>
ST_2 : Operation 51 [1/1] (0.70ns)   --->   "%add_ln64_26 = add i5 %n1_load, i5 1" [../kernel/Compute.cpp:64]   --->   Operation 51 'add' 'add_ln64_26' <Predicate = (icmp_ln67)> <Delay = 0.70> <CoreInst = "Adder">   --->   Core 1 'Adder' <Latency = 0> <II = 1> <Delay = 0.70> <FuncUnit> <Opcode : 'add' 'sub'> <InPorts = 2> <OutPorts = 1>
ST_2 : Operation 52 [1/1] (0.27ns)   --->   "%select_ln64_26 = select i1 %icmp_ln67, i5 %add_ln64_26, i5 %n1_load" [../kernel/Compute.cpp:64]   --->   Operation 52 'select' 'select_ln64_26' <Predicate = true> <Delay = 0.27> <CoreInst = "Sel">   --->   Core 73 'Sel' <Latency = 0> <II = 1> <Delay = 0.27> <FuncUnit> <Opcode : 'select'> <InPorts = 3> <OutPorts = 1>
ST_2 : Operation 53 [1/1] (0.00ns)   --->   "%zext_ln64 = zext i5 %select_ln64_26" [../kernel/Compute.cpp:64]   --->   Operation 53 'zext' 'zext_ln64' <Predicate = true> <Delay = 0.00>
ST_2 : Operation 54 [1/1] (0.70ns)   --->   "%add91 = add i5 %select_ln64_26, i5 %cond90_read" [../kernel/Compute.cpp:64]   --->   Operation 54 'add' 'add91' <Predicate = true> <Delay = 0.70> <CoreInst = "Adder">   --->   Core 1 'Adder' <Latency = 0> <II = 1> <Delay = 0.70> <FuncUnit> <Opcode : 'add' 'sub'> <InPorts = 2> <OutPorts = 1>
ST_2 : Operation 55 [1/1] (0.85ns)   --->   "%add106 = add i27 %mul_read, i27 %zext_ln64" [../kernel/Compute.cpp:64]   --->   Operation 55 'add' 'add106' <Predicate = true> <Delay = 0.85> <CoreInst = "Adder">   --->   Core 1 'Adder' <Latency = 0> <II = 1> <Delay = 0.85> <FuncUnit> <Opcode : 'add' 'sub'> <InPorts = 2> <OutPorts = 1>
ST_2 : Operation 56 [1/1] (0.00ns)   --->   "%add106_cast = zext i27 %add106" [../kernel/Compute.cpp:64]   --->   Operation 56 'zext' 'add106_cast' <Predicate = true> <Delay = 0.00>
ST_2 : Operation 57 [1/1] (0.00ns)   --->   "%empty_286 = trunc i5 %select_ln64_26" [../kernel/Compute.cpp:64]   --->   Operation 57 'trunc' 'empty_286' <Predicate = true> <Delay = 0.00>
ST_2 : Operation 58 [1/1] (0.70ns)   --->   "%add = add i5 %select_ln64_26, i5 %cond_read" [../kernel/Compute.cpp:64]   --->   Operation 58 'add' 'add' <Predicate = true> <Delay = 0.70> <CoreInst = "Adder">   --->   Core 1 'Adder' <Latency = 0> <II = 1> <Delay = 0.70> <FuncUnit> <Opcode : 'add' 'sub'> <InPorts = 2> <OutPorts = 1>
ST_2 : Operation 59 [1/1] (0.00ns)   --->   "%add_cast = zext i5 %add" [../kernel/Compute.cpp:64]   --->   Operation 59 'zext' 'add_cast' <Predicate = true> <Delay = 0.00>
ST_2 : Operation 60 [1/1] (0.00ns)   --->   "%aBuffer_addr_28 = getelementptr i32 %aBuffer, i64 0, i64 %add_cast" [../kernel/Compute.cpp:64]   --->   Operation 60 'getelementptr' 'aBuffer_addr_28' <Predicate = true> <Delay = 0.00>
ST_2 : Operation 61 [1/1] (0.88ns)   --->   "%inBoundsN = icmp_ult  i32 %add106_cast, i32 %size_n_read" [../kernel/Compute.cpp:64]   --->   Operation 61 'icmp' 'inBoundsN' <Predicate = true> <Delay = 0.88> <CoreInst = "Cmp">   --->   Core 9 'Cmp' <Latency = 0> <II = 1> <Delay = 0.88> <FuncUnit> <Opcode : 'seteq' 'setne' 'setle' 'setge' 'setlt' 'setgt'> <InPorts = 2> <OutPorts = 1>
ST_2 : Operation 62 [1/1] (1.46ns)   --->   "%read = read i32 @_ssdm_op_Read.ap_fifo.volatile.i32P0A, i32 %aPipes_13" [/home/minghe/gemm_hls/hlslib/include/hlslib/xilinx/Stream.h:199->/home/minghe/gemm_hls/hlslib/include/hlslib/xilinx/Stream.h:153->../kernel/Compute.cpp:84]   --->   Operation 62 'read' 'read' <Predicate = (and_ln80_25)> <Delay = 1.46> <CoreInst = "FIFO_SRL">   --->   Core 80 'FIFO_SRL' <Latency = 0> <II = 1> <Delay = 1.46> <Storage> <Opcode : 'read' 'write' 'nbread' 'nbwrite'> <Ports = 0> <Width = 32> <Depth = 4> <FIFO>
ST_2 : Operation 63 [1/1] (1.46ns)   --->   "%write_ln406 = write void @_ssdm_op_Write.ap_fifo.volatile.i32P0A, i32 %aPipes_14, i32 %read" [/home/minghe/gemm_hls/hlslib/include/hlslib/xilinx/Stream.h:406->/home/minghe/gemm_hls/hlslib/include/hlslib/xilinx/Stream.h:277->/home/minghe/gemm_hls/hlslib/include/hlslib/xilinx/Stream.h:146->../kernel/Compute.cpp:94]   --->   Operation 63 'write' 'write_ln406' <Predicate = (and_ln80_25 & !icmp_ln85)> <Delay = 1.46> <CoreInst = "FIFO_SRL">   --->   Core 80 'FIFO_SRL' <Latency = 0> <II = 1> <Delay = 1.46> <Storage> <Opcode : 'read' 'write' 'nbread' 'nbwrite'> <Ports = 0> <Width = 32> <Depth = 4> <FIFO>
ST_2 : Operation 64 [1/1] (0.00ns)   --->   "%br_ln0 = br void %if.end85"   --->   Operation 64 'br' 'br_ln0' <Predicate = (and_ln80_25 & !icmp_ln85)> <Delay = 0.00>
ST_2 : Operation 65 [1/1] (0.69ns)   --->   "%store_ln150 = store i32 %read, i5 %aBuffer_addr_28" [/home/minghe/gemm_hls/hlslib/include/hlslib/xilinx/DataPack.h:150->../kernel/Compute.cpp:87]   --->   Operation 65 'store' 'store_ln150' <Predicate = (and_ln80_25 & icmp_ln85)> <Delay = 0.69> <CoreInst = "RAM">   --->   Core 82 'RAM' <Latency = 1> <II = 1> <Delay = 0.69> <Storage> <Opcode : 'load' 'store'> <Ports = 2> <Width = 32> <Depth = 32> <RAM>
ST_2 : Operation 66 [1/1] (0.00ns)   --->   "%br_ln89 = br void %if.end85" [../kernel/Compute.cpp:89]   --->   Operation 66 'br' 'br_ln89' <Predicate = (and_ln80_25 & icmp_ln85)> <Delay = 0.00>
ST_2 : Operation 67 [1/1] (0.38ns)   --->   "%store_ln64 = store i5 %select_ln64_26, i5 %n1" [../kernel/Compute.cpp:64]   --->   Operation 67 'store' 'store_ln64' <Predicate = true> <Delay = 0.38>

State 3 <SV = 2> <Delay = 0.69>
ST_3 : Operation 68 [1/1] (0.00ns)   --->   "%add91_cast = zext i5 %add91" [../kernel/Compute.cpp:64]   --->   Operation 68 'zext' 'add91_cast' <Predicate = true> <Delay = 0.00>
ST_3 : Operation 69 [1/1] (0.00ns)   --->   "%aBuffer_addr = getelementptr i32 %aBuffer, i64 0, i64 %add91_cast" [../kernel/Compute.cpp:64]   --->   Operation 69 'getelementptr' 'aBuffer_addr' <Predicate = true> <Delay = 0.00>
ST_3 : Operation 70 [2/2] (0.69ns)   --->   "%aVal = load i5 %aBuffer_addr" [../kernel/Compute.cpp:101]   --->   Operation 70 'load' 'aVal' <Predicate = true> <Delay = 0.69> <CoreInst = "RAM">   --->   Core 82 'RAM' <Latency = 1> <II = 1> <Delay = 0.69> <Storage> <Opcode : 'load' 'store'> <Ports = 2> <Width = 32> <Depth = 32> <RAM>

State 4 <SV = 3> <Delay = 5.88>
ST_4 : Operation 71 [1/1] (0.00ns)   --->   "%specloopname_ln0 = specloopname void @_ssdm_op_SpecLoopName, void @Pipeline_N_Pipeline_M_str"   --->   Operation 71 'specloopname' 'specloopname_ln0' <Predicate = true> <Delay = 0.00>
ST_4 : Operation 72 [1/1] (0.00ns)   --->   "%speclooptripcount_ln0 = speclooptripcount void @_ssdm_op_SpecLoopTripCount, i64 1024, i64 1024, i64 1024"   --->   Operation 72 'speclooptripcount' 'speclooptripcount_ln0' <Predicate = true> <Delay = 0.00>
ST_4 : Operation 73 [1/1] (0.00ns)   --->   "%mul20 = bitconcatenate i10 @_ssdm_op_BitConcatenate.i10.i4.i6, i4 %empty_286, i6 0" [../kernel/Compute.cpp:64]   --->   Operation 73 'bitconcatenate' 'mul20' <Predicate = true> <Delay = 0.00>
ST_4 : Operation 74 [1/1] (0.00ns)   --->   "%zext_ln67 = zext i7 %select_ln64" [../kernel/Compute.cpp:67]   --->   Operation 74 'zext' 'zext_ln67' <Predicate = true> <Delay = 0.00>
ST_4 : Operation 75 [1/1] (0.00ns)   --->   "%specpipeline_ln70 = specpipeline void @_ssdm_op_SpecPipeline, i32 1, i32 0, i32 0, i32 0, void @empty_24" [../kernel/Compute.cpp:70]   --->   Operation 75 'specpipeline' 'specpipeline_ln70' <Predicate = true> <Delay = 0.00>
ST_4 : Operation 76 [1/2] (0.69ns)   --->   "%aVal = load i5 %aBuffer_addr" [../kernel/Compute.cpp:101]   --->   Operation 76 'load' 'aVal' <Predicate = true> <Delay = 0.69> <CoreInst = "RAM">   --->   Core 82 'RAM' <Latency = 1> <II = 1> <Delay = 0.69> <Storage> <Opcode : 'load' 'store'> <Ports = 2> <Width = 32> <Depth = 32> <RAM>
ST_4 : Operation 77 [1/1] (0.98ns)   --->   "%bVal = read i256 @_ssdm_op_Read.ap_fifo.volatile.i256P0A, i256 %bPipes_13" [/home/minghe/gemm_hls/hlslib/include/hlslib/xilinx/Stream.h:199->/home/minghe/gemm_hls/hlslib/include/hlslib/xilinx/Stream.h:153->../kernel/Compute.cpp:103]   --->   Operation 77 'read' 'bVal' <Predicate = true> <Delay = 0.98> <CoreInst = "FIFO_SRL">   --->   Core 80 'FIFO_SRL' <Latency = 0> <II = 1> <Delay = 0.98> <Storage> <Opcode : 'read' 'write' 'nbread' 'nbwrite'> <Ports = 0> <Width = 256> <Depth = 4> <FIFO>
ST_4 : Operation 78 [1/1] (0.98ns)   --->   "%write_ln406 = write void @_ssdm_op_Write.ap_fifo.volatile.i256P0A, i256 %bPipes_14, i256 %bVal" [/home/minghe/gemm_hls/hlslib/include/hlslib/xilinx/Stream.h:406->/home/minghe/gemm_hls/hlslib/include/hlslib/xilinx/Stream.h:277->/home/minghe/gemm_hls/hlslib/include/hlslib/xilinx/Stream.h:146->../kernel/Compute.cpp:105]   --->   Operation 78 'write' 'write_ln406' <Predicate = true> <Delay = 0.98> <CoreInst = "FIFO_SRL">   --->   Core 80 'FIFO_SRL' <Latency = 0> <II = 1> <Delay = 0.98> <Storage> <Opcode : 'read' 'write' 'nbread' 'nbwrite'> <Ports = 0> <Width = 256> <Depth = 4> <FIFO>
ST_4 : Operation 79 [1/1] (0.72ns)   --->   "%add115 = add i10 %mul20, i10 %zext_ln67" [../kernel/Compute.cpp:64]   --->   Operation 79 'add' 'add115' <Predicate = true> <Delay = 0.72> <CoreInst = "Adder">   --->   Core 1 'Adder' <Latency = 0> <II = 1> <Delay = 0.72> <FuncUnit> <Opcode : 'add' 'sub'> <InPorts = 2> <OutPorts = 1>
ST_4 : Operation 80 [1/1] (0.00ns)   --->   "%add115_cast = zext i10 %add115" [../kernel/Compute.cpp:64]   --->   Operation 80 'zext' 'add115_cast' <Predicate = true> <Delay = 0.00>
ST_4 : Operation 81 [1/1] (0.00ns)   --->   "%empty = trunc i7 %select_ln64" [../kernel/Compute.cpp:64]   --->   Operation 81 'trunc' 'empty' <Predicate = true> <Delay = 0.00>
ST_4 : Operation 82 [1/1] (0.00ns)   --->   "%add10 = bitconcatenate i32 @_ssdm_op_BitConcatenate.i32.i23.i6.i3, i23 %m0_read, i6 %empty, i3 0" [../kernel/Compute.cpp:64]   --->   Operation 82 'bitconcatenate' 'add10' <Predicate = true> <Delay = 0.00>
ST_4 : Operation 83 [1/1] (0.00ns)   --->   "%cBuffer_addr = getelementptr i256 %cBuffer, i64 0, i64 %add115_cast" [/home/minghe/gemm_hls/hlslib/include/hlslib/xilinx/DataPack.h:150->../kernel/Compute.cpp:141]   --->   Operation 83 'getelementptr' 'cBuffer_addr' <Predicate = true> <Delay = 0.00>
ST_4 : Operation 84 [2/2] (1.20ns)   --->   "%cPrev = load i10 %cBuffer_addr" [../kernel/Compute.cpp:117]   --->   Operation 84 'load' 'cPrev' <Predicate = (!cmp111_read)> <Delay = 1.20> <CoreInst = "RAM">   --->   Core 82 'RAM' <Latency = 1> <II = 1> <Delay = 1.20> <Storage> <Opcode : 'load' 'store'> <Ports = 2> <Width = 256> <Depth = 1024> <RAM>
ST_4 : Operation 85 [1/1] (0.88ns)   --->   "%inBoundsM = icmp_ult  i32 %add10, i32 %size_m_read" [../kernel/Compute.cpp:125]   --->   Operation 85 'icmp' 'inBoundsM' <Predicate = true> <Delay = 0.88> <CoreInst = "Cmp">   --->   Core 9 'Cmp' <Latency = 0> <II = 1> <Delay = 0.88> <FuncUnit> <Opcode : 'seteq' 'setne' 'setle' 'setge' 'setlt' 'setgt'> <InPorts = 2> <OutPorts = 1>
ST_4 : Operation 86 [1/1] (0.00ns)   --->   "%bitcast_ln32 = bitcast i32 %aVal" [/home/minghe/gemm_hls/hlslib/include/hlslib/xilinx/DataPack.h:32->/home/minghe/gemm_hls/hlslib/include/hlslib/xilinx/DataPack.h:171->/home/minghe/gemm_hls/hlslib/include/hlslib/xilinx/DataPack.h:239->../kernel/Compute.cpp:129]   --->   Operation 86 'bitcast' 'bitcast_ln32' <Predicate = true> <Delay = 0.00>
ST_4 : Operation 87 [1/1] (0.00ns)   --->   "%trunc_ln170 = trunc i256 %bVal" [/home/minghe/gemm_hls/hlslib/include/hlslib/xilinx/DataPack.h:170->/home/minghe/gemm_hls/hlslib/include/hlslib/xilinx/DataPack.h:239->../kernel/Compute.cpp:129]   --->   Operation 87 'trunc' 'trunc_ln170' <Predicate = true> <Delay = 0.00>
ST_4 : Operation 88 [1/1] (0.00ns)   --->   "%bitcast_ln32_401 = bitcast i32 %trunc_ln170" [/home/minghe/gemm_hls/hlslib/include/hlslib/xilinx/DataPack.h:32->/home/minghe/gemm_hls/hlslib/include/hlslib/xilinx/DataPack.h:171->/home/minghe/gemm_hls/hlslib/include/hlslib/xilinx/DataPack.h:239->../kernel/Compute.cpp:129]   --->   Operation 88 'bitcast' 'bitcast_ln32_401' <Predicate = true> <Delay = 0.00>
ST_4 : Operation 89 [2/2] (4.90ns)   --->   "%res_637 = fmul i32 %bitcast_ln32, i32 %bitcast_ln32_401" [/home/minghe/gemm_hls/hlslib/include/hlslib/xilinx/Operators.h:50->../kernel/Compute.cpp:129]   --->   Operation 89 'fmul' 'res_637' <Predicate = true> <Delay = 4.90> <CoreInst = "FMul_maxdsp">   --->   Core 30 'FMul_maxdsp' <Latency = 1> <II = 1> <Delay = 4.90> <FuncUnit> <Opcode : 'fmul'> <InPorts = 2> <OutPorts = 1>
ST_4 : Operation 90 [1/1] (0.00ns)   --->   "%or_ln = bitconcatenate i32 @_ssdm_op_BitConcatenate.i32.i23.i6.i3, i23 %m0_read, i6 %empty, i3 1" [../kernel/Compute.cpp:125]   --->   Operation 90 'bitconcatenate' 'or_ln' <Predicate = true> <Delay = 0.00>
ST_4 : Operation 91 [1/1] (0.88ns)   --->   "%inBoundsM_190 = icmp_ult  i32 %or_ln, i32 %size_m_read" [../kernel/Compute.cpp:125]   --->   Operation 91 'icmp' 'inBoundsM_190' <Predicate = true> <Delay = 0.88> <CoreInst = "Cmp">   --->   Core 9 'Cmp' <Latency = 0> <II = 1> <Delay = 0.88> <FuncUnit> <Opcode : 'seteq' 'setne' 'setle' 'setge' 'setlt' 'setgt'> <InPorts = 2> <OutPorts = 1>
ST_4 : Operation 92 [1/1] (0.00ns)   --->   "%tmp_s = partselect i32 @_ssdm_op_PartSelect.i32.i256.i32.i32, i256 %bVal, i32 32, i32 63" [/home/minghe/gemm_hls/hlslib/include/hlslib/xilinx/DataPack.h:170->/home/minghe/gemm_hls/hlslib/include/hlslib/xilinx/DataPack.h:239->../kernel/Compute.cpp:129]   --->   Operation 92 'partselect' 'tmp_s' <Predicate = true> <Delay = 0.00>
ST_4 : Operation 93 [1/1] (0.00ns)   --->   "%bitcast_ln32_403 = bitcast i32 %tmp_s" [/home/minghe/gemm_hls/hlslib/include/hlslib/xilinx/DataPack.h:32->/home/minghe/gemm_hls/hlslib/include/hlslib/xilinx/DataPack.h:171->/home/minghe/gemm_hls/hlslib/include/hlslib/xilinx/DataPack.h:239->../kernel/Compute.cpp:129]   --->   Operation 93 'bitcast' 'bitcast_ln32_403' <Predicate = true> <Delay = 0.00>
ST_4 : Operation 94 [2/2] (4.90ns)   --->   "%res_638 = fmul i32 %bitcast_ln32, i32 %bitcast_ln32_403" [/home/minghe/gemm_hls/hlslib/include/hlslib/xilinx/Operators.h:50->../kernel/Compute.cpp:129]   --->   Operation 94 'fmul' 'res_638' <Predicate = true> <Delay = 4.90> <CoreInst = "FMul_maxdsp">   --->   Core 30 'FMul_maxdsp' <Latency = 1> <II = 1> <Delay = 4.90> <FuncUnit> <Opcode : 'fmul'> <InPorts = 2> <OutPorts = 1>
ST_4 : Operation 95 [1/1] (0.00ns)   --->   "%or_ln125_s = bitconcatenate i32 @_ssdm_op_BitConcatenate.i32.i23.i6.i3, i23 %m0_read, i6 %empty, i3 2" [../kernel/Compute.cpp:125]   --->   Operation 95 'bitconcatenate' 'or_ln125_s' <Predicate = true> <Delay = 0.00>
ST_4 : Operation 96 [1/1] (0.88ns)   --->   "%inBoundsM_191 = icmp_ult  i32 %or_ln125_s, i32 %size_m_read" [../kernel/Compute.cpp:125]   --->   Operation 96 'icmp' 'inBoundsM_191' <Predicate = true> <Delay = 0.88> <CoreInst = "Cmp">   --->   Core 9 'Cmp' <Latency = 0> <II = 1> <Delay = 0.88> <FuncUnit> <Opcode : 'seteq' 'setne' 'setle' 'setge' 'setlt' 'setgt'> <InPorts = 2> <OutPorts = 1>
ST_4 : Operation 97 [1/1] (0.00ns)   --->   "%tmp_380 = partselect i32 @_ssdm_op_PartSelect.i32.i256.i32.i32, i256 %bVal, i32 64, i32 95" [/home/minghe/gemm_hls/hlslib/include/hlslib/xilinx/DataPack.h:170->/home/minghe/gemm_hls/hlslib/include/hlslib/xilinx/DataPack.h:239->../kernel/Compute.cpp:129]   --->   Operation 97 'partselect' 'tmp_380' <Predicate = true> <Delay = 0.00>
ST_4 : Operation 98 [1/1] (0.00ns)   --->   "%bitcast_ln32_405 = bitcast i32 %tmp_380" [/home/minghe/gemm_hls/hlslib/include/hlslib/xilinx/DataPack.h:32->/home/minghe/gemm_hls/hlslib/include/hlslib/xilinx/DataPack.h:171->/home/minghe/gemm_hls/hlslib/include/hlslib/xilinx/DataPack.h:239->../kernel/Compute.cpp:129]   --->   Operation 98 'bitcast' 'bitcast_ln32_405' <Predicate = true> <Delay = 0.00>
ST_4 : Operation 99 [2/2] (4.90ns)   --->   "%res_639 = fmul i32 %bitcast_ln32, i32 %bitcast_ln32_405" [/home/minghe/gemm_hls/hlslib/include/hlslib/xilinx/Operators.h:50->../kernel/Compute.cpp:129]   --->   Operation 99 'fmul' 'res_639' <Predicate = true> <Delay = 4.90> <CoreInst = "FMul_maxdsp">   --->   Core 30 'FMul_maxdsp' <Latency = 1> <II = 1> <Delay = 4.90> <FuncUnit> <Opcode : 'fmul'> <InPorts = 2> <OutPorts = 1>
ST_4 : Operation 100 [1/1] (0.00ns)   --->   "%or_ln125_118 = bitconcatenate i32 @_ssdm_op_BitConcatenate.i32.i23.i6.i3, i23 %m0_read, i6 %empty, i3 3" [../kernel/Compute.cpp:125]   --->   Operation 100 'bitconcatenate' 'or_ln125_118' <Predicate = true> <Delay = 0.00>
ST_4 : Operation 101 [1/1] (0.88ns)   --->   "%inBoundsM_192 = icmp_ult  i32 %or_ln125_118, i32 %size_m_read" [../kernel/Compute.cpp:125]   --->   Operation 101 'icmp' 'inBoundsM_192' <Predicate = true> <Delay = 0.88> <CoreInst = "Cmp">   --->   Core 9 'Cmp' <Latency = 0> <II = 1> <Delay = 0.88> <FuncUnit> <Opcode : 'seteq' 'setne' 'setle' 'setge' 'setlt' 'setgt'> <InPorts = 2> <OutPorts = 1>
ST_4 : Operation 102 [1/1] (0.00ns)   --->   "%tmp_382 = partselect i32 @_ssdm_op_PartSelect.i32.i256.i32.i32, i256 %bVal, i32 96, i32 127" [/home/minghe/gemm_hls/hlslib/include/hlslib/xilinx/DataPack.h:170->/home/minghe/gemm_hls/hlslib/include/hlslib/xilinx/DataPack.h:239->../kernel/Compute.cpp:129]   --->   Operation 102 'partselect' 'tmp_382' <Predicate = true> <Delay = 0.00>
ST_4 : Operation 103 [1/1] (0.00ns)   --->   "%bitcast_ln32_407 = bitcast i32 %tmp_382" [/home/minghe/gemm_hls/hlslib/include/hlslib/xilinx/DataPack.h:32->/home/minghe/gemm_hls/hlslib/include/hlslib/xilinx/DataPack.h:171->/home/minghe/gemm_hls/hlslib/include/hlslib/xilinx/DataPack.h:239->../kernel/Compute.cpp:129]   --->   Operation 103 'bitcast' 'bitcast_ln32_407' <Predicate = true> <Delay = 0.00>
ST_4 : Operation 104 [2/2] (4.90ns)   --->   "%res_640 = fmul i32 %bitcast_ln32, i32 %bitcast_ln32_407" [/home/minghe/gemm_hls/hlslib/include/hlslib/xilinx/Operators.h:50->../kernel/Compute.cpp:129]   --->   Operation 104 'fmul' 'res_640' <Predicate = true> <Delay = 4.90> <CoreInst = "FMul_maxdsp">   --->   Core 30 'FMul_maxdsp' <Latency = 1> <II = 1> <Delay = 4.90> <FuncUnit> <Opcode : 'fmul'> <InPorts = 2> <OutPorts = 1>
ST_4 : Operation 105 [1/1] (0.00ns)   --->   "%or_ln125_119 = bitconcatenate i32 @_ssdm_op_BitConcatenate.i32.i23.i6.i3, i23 %m0_read, i6 %empty, i3 4" [../kernel/Compute.cpp:125]   --->   Operation 105 'bitconcatenate' 'or_ln125_119' <Predicate = true> <Delay = 0.00>
ST_4 : Operation 106 [1/1] (0.88ns)   --->   "%inBoundsM_193 = icmp_ult  i32 %or_ln125_119, i32 %size_m_read" [../kernel/Compute.cpp:125]   --->   Operation 106 'icmp' 'inBoundsM_193' <Predicate = true> <Delay = 0.88> <CoreInst = "Cmp">   --->   Core 9 'Cmp' <Latency = 0> <II = 1> <Delay = 0.88> <FuncUnit> <Opcode : 'seteq' 'setne' 'setle' 'setge' 'setlt' 'setgt'> <InPorts = 2> <OutPorts = 1>
ST_4 : Operation 107 [1/1] (0.00ns)   --->   "%tmp_384 = partselect i32 @_ssdm_op_PartSelect.i32.i256.i32.i32, i256 %bVal, i32 128, i32 159" [/home/minghe/gemm_hls/hlslib/include/hlslib/xilinx/DataPack.h:170->/home/minghe/gemm_hls/hlslib/include/hlslib/xilinx/DataPack.h:239->../kernel/Compute.cpp:129]   --->   Operation 107 'partselect' 'tmp_384' <Predicate = true> <Delay = 0.00>
ST_4 : Operation 108 [1/1] (0.00ns)   --->   "%bitcast_ln32_409 = bitcast i32 %tmp_384" [/home/minghe/gemm_hls/hlslib/include/hlslib/xilinx/DataPack.h:32->/home/minghe/gemm_hls/hlslib/include/hlslib/xilinx/DataPack.h:171->/home/minghe/gemm_hls/hlslib/include/hlslib/xilinx/DataPack.h:239->../kernel/Compute.cpp:129]   --->   Operation 108 'bitcast' 'bitcast_ln32_409' <Predicate = true> <Delay = 0.00>
ST_4 : Operation 109 [2/2] (4.90ns)   --->   "%res_641 = fmul i32 %bitcast_ln32, i32 %bitcast_ln32_409" [/home/minghe/gemm_hls/hlslib/include/hlslib/xilinx/Operators.h:50->../kernel/Compute.cpp:129]   --->   Operation 109 'fmul' 'res_641' <Predicate = true> <Delay = 4.90> <CoreInst = "FMul_maxdsp">   --->   Core 30 'FMul_maxdsp' <Latency = 1> <II = 1> <Delay = 4.90> <FuncUnit> <Opcode : 'fmul'> <InPorts = 2> <OutPorts = 1>
ST_4 : Operation 110 [1/1] (0.00ns)   --->   "%or_ln125_120 = bitconcatenate i32 @_ssdm_op_BitConcatenate.i32.i23.i6.i3, i23 %m0_read, i6 %empty, i3 5" [../kernel/Compute.cpp:125]   --->   Operation 110 'bitconcatenate' 'or_ln125_120' <Predicate = true> <Delay = 0.00>
ST_4 : Operation 111 [1/1] (0.88ns)   --->   "%inBoundsM_194 = icmp_ult  i32 %or_ln125_120, i32 %size_m_read" [../kernel/Compute.cpp:125]   --->   Operation 111 'icmp' 'inBoundsM_194' <Predicate = true> <Delay = 0.88> <CoreInst = "Cmp">   --->   Core 9 'Cmp' <Latency = 0> <II = 1> <Delay = 0.88> <FuncUnit> <Opcode : 'seteq' 'setne' 'setle' 'setge' 'setlt' 'setgt'> <InPorts = 2> <OutPorts = 1>
ST_4 : Operation 112 [1/1] (0.00ns)   --->   "%tmp_386 = partselect i32 @_ssdm_op_PartSelect.i32.i256.i32.i32, i256 %bVal, i32 160, i32 191" [/home/minghe/gemm_hls/hlslib/include/hlslib/xilinx/DataPack.h:170->/home/minghe/gemm_hls/hlslib/include/hlslib/xilinx/DataPack.h:239->../kernel/Compute.cpp:129]   --->   Operation 112 'partselect' 'tmp_386' <Predicate = true> <Delay = 0.00>
ST_4 : Operation 113 [1/1] (0.00ns)   --->   "%bitcast_ln32_411 = bitcast i32 %tmp_386" [/home/minghe/gemm_hls/hlslib/include/hlslib/xilinx/DataPack.h:32->/home/minghe/gemm_hls/hlslib/include/hlslib/xilinx/DataPack.h:171->/home/minghe/gemm_hls/hlslib/include/hlslib/xilinx/DataPack.h:239->../kernel/Compute.cpp:129]   --->   Operation 113 'bitcast' 'bitcast_ln32_411' <Predicate = true> <Delay = 0.00>
ST_4 : Operation 114 [2/2] (4.90ns)   --->   "%res_642 = fmul i32 %bitcast_ln32, i32 %bitcast_ln32_411" [/home/minghe/gemm_hls/hlslib/include/hlslib/xilinx/Operators.h:50->../kernel/Compute.cpp:129]   --->   Operation 114 'fmul' 'res_642' <Predicate = true> <Delay = 4.90> <CoreInst = "FMul_maxdsp">   --->   Core 30 'FMul_maxdsp' <Latency = 1> <II = 1> <Delay = 4.90> <FuncUnit> <Opcode : 'fmul'> <InPorts = 2> <OutPorts = 1>
ST_4 : Operation 115 [1/1] (0.00ns)   --->   "%or_ln125_121 = bitconcatenate i32 @_ssdm_op_BitConcatenate.i32.i23.i6.i3, i23 %m0_read, i6 %empty, i3 6" [../kernel/Compute.cpp:125]   --->   Operation 115 'bitconcatenate' 'or_ln125_121' <Predicate = true> <Delay = 0.00>
ST_4 : Operation 116 [1/1] (0.88ns)   --->   "%inBoundsM_195 = icmp_ult  i32 %or_ln125_121, i32 %size_m_read" [../kernel/Compute.cpp:125]   --->   Operation 116 'icmp' 'inBoundsM_195' <Predicate = true> <Delay = 0.88> <CoreInst = "Cmp">   --->   Core 9 'Cmp' <Latency = 0> <II = 1> <Delay = 0.88> <FuncUnit> <Opcode : 'seteq' 'setne' 'setle' 'setge' 'setlt' 'setgt'> <InPorts = 2> <OutPorts = 1>
ST_4 : Operation 117 [1/1] (0.00ns)   --->   "%tmp_388 = partselect i32 @_ssdm_op_PartSelect.i32.i256.i32.i32, i256 %bVal, i32 192, i32 223" [/home/minghe/gemm_hls/hlslib/include/hlslib/xilinx/DataPack.h:170->/home/minghe/gemm_hls/hlslib/include/hlslib/xilinx/DataPack.h:239->../kernel/Compute.cpp:129]   --->   Operation 117 'partselect' 'tmp_388' <Predicate = true> <Delay = 0.00>
ST_4 : Operation 118 [1/1] (0.00ns)   --->   "%bitcast_ln32_413 = bitcast i32 %tmp_388" [/home/minghe/gemm_hls/hlslib/include/hlslib/xilinx/DataPack.h:32->/home/minghe/gemm_hls/hlslib/include/hlslib/xilinx/DataPack.h:171->/home/minghe/gemm_hls/hlslib/include/hlslib/xilinx/DataPack.h:239->../kernel/Compute.cpp:129]   --->   Operation 118 'bitcast' 'bitcast_ln32_413' <Predicate = true> <Delay = 0.00>
ST_4 : Operation 119 [2/2] (4.90ns)   --->   "%res_643 = fmul i32 %bitcast_ln32, i32 %bitcast_ln32_413" [/home/minghe/gemm_hls/hlslib/include/hlslib/xilinx/Operators.h:50->../kernel/Compute.cpp:129]   --->   Operation 119 'fmul' 'res_643' <Predicate = true> <Delay = 4.90> <CoreInst = "FMul_maxdsp">   --->   Core 30 'FMul_maxdsp' <Latency = 1> <II = 1> <Delay = 4.90> <FuncUnit> <Opcode : 'fmul'> <InPorts = 2> <OutPorts = 1>
ST_4 : Operation 120 [1/1] (0.00ns)   --->   "%or_ln125_122 = bitconcatenate i32 @_ssdm_op_BitConcatenate.i32.i23.i6.i3, i23 %m0_read, i6 %empty, i3 7" [../kernel/Compute.cpp:125]   --->   Operation 120 'bitconcatenate' 'or_ln125_122' <Predicate = true> <Delay = 0.00>
ST_4 : Operation 121 [1/1] (0.88ns)   --->   "%inBoundsM_196 = icmp_ult  i32 %or_ln125_122, i32 %size_m_read" [../kernel/Compute.cpp:125]   --->   Operation 121 'icmp' 'inBoundsM_196' <Predicate = true> <Delay = 0.88> <CoreInst = "Cmp">   --->   Core 9 'Cmp' <Latency = 0> <II = 1> <Delay = 0.88> <FuncUnit> <Opcode : 'seteq' 'setne' 'setle' 'setge' 'setlt' 'setgt'> <InPorts = 2> <OutPorts = 1>
ST_4 : Operation 122 [1/1] (0.00ns)   --->   "%tmp_390 = partselect i32 @_ssdm_op_PartSelect.i32.i256.i32.i32, i256 %bVal, i32 224, i32 255" [/home/minghe/gemm_hls/hlslib/include/hlslib/xilinx/DataPack.h:170->/home/minghe/gemm_hls/hlslib/include/hlslib/xilinx/DataPack.h:239->../kernel/Compute.cpp:129]   --->   Operation 122 'partselect' 'tmp_390' <Predicate = true> <Delay = 0.00>
ST_4 : Operation 123 [1/1] (0.00ns)   --->   "%bitcast_ln32_415 = bitcast i32 %tmp_390" [/home/minghe/gemm_hls/hlslib/include/hlslib/xilinx/DataPack.h:32->/home/minghe/gemm_hls/hlslib/include/hlslib/xilinx/DataPack.h:171->/home/minghe/gemm_hls/hlslib/include/hlslib/xilinx/DataPack.h:239->../kernel/Compute.cpp:129]   --->   Operation 123 'bitcast' 'bitcast_ln32_415' <Predicate = true> <Delay = 0.00>
ST_4 : Operation 124 [2/2] (4.90ns)   --->   "%res_644 = fmul i32 %bitcast_ln32, i32 %bitcast_ln32_415" [/home/minghe/gemm_hls/hlslib/include/hlslib/xilinx/Operators.h:50->../kernel/Compute.cpp:129]   --->   Operation 124 'fmul' 'res_644' <Predicate = true> <Delay = 4.90> <CoreInst = "FMul_maxdsp">   --->   Core 30 'FMul_maxdsp' <Latency = 1> <II = 1> <Delay = 4.90> <FuncUnit> <Opcode : 'fmul'> <InPorts = 2> <OutPorts = 1>

State 5 <SV = 4> <Delay = 4.90>
ST_5 : Operation 125 [1/2] (1.20ns)   --->   "%cPrev = load i10 %cBuffer_addr" [../kernel/Compute.cpp:117]   --->   Operation 125 'load' 'cPrev' <Predicate = (!cmp111_read)> <Delay = 1.20> <CoreInst = "RAM">   --->   Core 82 'RAM' <Latency = 1> <II = 1> <Delay = 1.20> <Storage> <Opcode : 'load' 'store'> <Ports = 2> <Width = 256> <Depth = 1024> <RAM>
ST_5 : Operation 126 [1/1] (0.42ns)   --->   "%cPrev_2 = select i1 %cmp111_read, i256 0, i256 %cPrev" [../kernel/Compute.cpp:117]   --->   Operation 126 'select' 'cPrev_2' <Predicate = true> <Delay = 0.42> <CoreInst = "Sel">   --->   Core 73 'Sel' <Latency = 0> <II = 1> <Delay = 0.42> <FuncUnit> <Opcode : 'select'> <InPorts = 3> <OutPorts = 1>
ST_5 : Operation 127 [1/2] (4.90ns)   --->   "%res_637 = fmul i32 %bitcast_ln32, i32 %bitcast_ln32_401" [/home/minghe/gemm_hls/hlslib/include/hlslib/xilinx/Operators.h:50->../kernel/Compute.cpp:129]   --->   Operation 127 'fmul' 'res_637' <Predicate = true> <Delay = 4.90> <CoreInst = "FMul_maxdsp">   --->   Core 30 'FMul_maxdsp' <Latency = 1> <II = 1> <Delay = 4.90> <FuncUnit> <Opcode : 'fmul'> <InPorts = 2> <OutPorts = 1>
ST_5 : Operation 128 [1/1] (0.00ns)   --->   "%trunc_ln170_28 = trunc i256 %cPrev_2" [/home/minghe/gemm_hls/hlslib/include/hlslib/xilinx/DataPack.h:170->/home/minghe/gemm_hls/hlslib/include/hlslib/xilinx/DataPack.h:239->../kernel/Compute.cpp:131]   --->   Operation 128 'trunc' 'trunc_ln170_28' <Predicate = true> <Delay = 0.00>
ST_5 : Operation 129 [1/2] (4.90ns)   --->   "%res_638 = fmul i32 %bitcast_ln32, i32 %bitcast_ln32_403" [/home/minghe/gemm_hls/hlslib/include/hlslib/xilinx/Operators.h:50->../kernel/Compute.cpp:129]   --->   Operation 129 'fmul' 'res_638' <Predicate = true> <Delay = 4.90> <CoreInst = "FMul_maxdsp">   --->   Core 30 'FMul_maxdsp' <Latency = 1> <II = 1> <Delay = 4.90> <FuncUnit> <Opcode : 'fmul'> <InPorts = 2> <OutPorts = 1>
ST_5 : Operation 130 [1/1] (0.00ns)   --->   "%tmp_379 = partselect i32 @_ssdm_op_PartSelect.i32.i256.i32.i32, i256 %cPrev_2, i32 32, i32 63" [/home/minghe/gemm_hls/hlslib/include/hlslib/xilinx/DataPack.h:170->/home/minghe/gemm_hls/hlslib/include/hlslib/xilinx/DataPack.h:239->../kernel/Compute.cpp:131]   --->   Operation 130 'partselect' 'tmp_379' <Predicate = true> <Delay = 0.00>
ST_5 : Operation 131 [1/2] (4.90ns)   --->   "%res_639 = fmul i32 %bitcast_ln32, i32 %bitcast_ln32_405" [/home/minghe/gemm_hls/hlslib/include/hlslib/xilinx/Operators.h:50->../kernel/Compute.cpp:129]   --->   Operation 131 'fmul' 'res_639' <Predicate = true> <Delay = 4.90> <CoreInst = "FMul_maxdsp">   --->   Core 30 'FMul_maxdsp' <Latency = 1> <II = 1> <Delay = 4.90> <FuncUnit> <Opcode : 'fmul'> <InPorts = 2> <OutPorts = 1>
ST_5 : Operation 132 [1/1] (0.00ns)   --->   "%tmp_381 = partselect i32 @_ssdm_op_PartSelect.i32.i256.i32.i32, i256 %cPrev_2, i32 64, i32 95" [/home/minghe/gemm_hls/hlslib/include/hlslib/xilinx/DataPack.h:170->/home/minghe/gemm_hls/hlslib/include/hlslib/xilinx/DataPack.h:239->../kernel/Compute.cpp:131]   --->   Operation 132 'partselect' 'tmp_381' <Predicate = true> <Delay = 0.00>
ST_5 : Operation 133 [1/2] (4.90ns)   --->   "%res_640 = fmul i32 %bitcast_ln32, i32 %bitcast_ln32_407" [/home/minghe/gemm_hls/hlslib/include/hlslib/xilinx/Operators.h:50->../kernel/Compute.cpp:129]   --->   Operation 133 'fmul' 'res_640' <Predicate = true> <Delay = 4.90> <CoreInst = "FMul_maxdsp">   --->   Core 30 'FMul_maxdsp' <Latency = 1> <II = 1> <Delay = 4.90> <FuncUnit> <Opcode : 'fmul'> <InPorts = 2> <OutPorts = 1>
ST_5 : Operation 134 [1/1] (0.00ns)   --->   "%tmp_383 = partselect i32 @_ssdm_op_PartSelect.i32.i256.i32.i32, i256 %cPrev_2, i32 96, i32 127" [/home/minghe/gemm_hls/hlslib/include/hlslib/xilinx/DataPack.h:170->/home/minghe/gemm_hls/hlslib/include/hlslib/xilinx/DataPack.h:239->../kernel/Compute.cpp:131]   --->   Operation 134 'partselect' 'tmp_383' <Predicate = true> <Delay = 0.00>
ST_5 : Operation 135 [1/2] (4.90ns)   --->   "%res_641 = fmul i32 %bitcast_ln32, i32 %bitcast_ln32_409" [/home/minghe/gemm_hls/hlslib/include/hlslib/xilinx/Operators.h:50->../kernel/Compute.cpp:129]   --->   Operation 135 'fmul' 'res_641' <Predicate = true> <Delay = 4.90> <CoreInst = "FMul_maxdsp">   --->   Core 30 'FMul_maxdsp' <Latency = 1> <II = 1> <Delay = 4.90> <FuncUnit> <Opcode : 'fmul'> <InPorts = 2> <OutPorts = 1>
ST_5 : Operation 136 [1/1] (0.00ns)   --->   "%tmp_385 = partselect i32 @_ssdm_op_PartSelect.i32.i256.i32.i32, i256 %cPrev_2, i32 128, i32 159" [/home/minghe/gemm_hls/hlslib/include/hlslib/xilinx/DataPack.h:170->/home/minghe/gemm_hls/hlslib/include/hlslib/xilinx/DataPack.h:239->../kernel/Compute.cpp:131]   --->   Operation 136 'partselect' 'tmp_385' <Predicate = true> <Delay = 0.00>
ST_5 : Operation 137 [1/2] (4.90ns)   --->   "%res_642 = fmul i32 %bitcast_ln32, i32 %bitcast_ln32_411" [/home/minghe/gemm_hls/hlslib/include/hlslib/xilinx/Operators.h:50->../kernel/Compute.cpp:129]   --->   Operation 137 'fmul' 'res_642' <Predicate = true> <Delay = 4.90> <CoreInst = "FMul_maxdsp">   --->   Core 30 'FMul_maxdsp' <Latency = 1> <II = 1> <Delay = 4.90> <FuncUnit> <Opcode : 'fmul'> <InPorts = 2> <OutPorts = 1>
ST_5 : Operation 138 [1/1] (0.00ns)   --->   "%tmp_387 = partselect i32 @_ssdm_op_PartSelect.i32.i256.i32.i32, i256 %cPrev_2, i32 160, i32 191" [/home/minghe/gemm_hls/hlslib/include/hlslib/xilinx/DataPack.h:170->/home/minghe/gemm_hls/hlslib/include/hlslib/xilinx/DataPack.h:239->../kernel/Compute.cpp:131]   --->   Operation 138 'partselect' 'tmp_387' <Predicate = true> <Delay = 0.00>
ST_5 : Operation 139 [1/2] (4.90ns)   --->   "%res_643 = fmul i32 %bitcast_ln32, i32 %bitcast_ln32_413" [/home/minghe/gemm_hls/hlslib/include/hlslib/xilinx/Operators.h:50->../kernel/Compute.cpp:129]   --->   Operation 139 'fmul' 'res_643' <Predicate = true> <Delay = 4.90> <CoreInst = "FMul_maxdsp">   --->   Core 30 'FMul_maxdsp' <Latency = 1> <II = 1> <Delay = 4.90> <FuncUnit> <Opcode : 'fmul'> <InPorts = 2> <OutPorts = 1>
ST_5 : Operation 140 [1/1] (0.00ns)   --->   "%tmp_389 = partselect i32 @_ssdm_op_PartSelect.i32.i256.i32.i32, i256 %cPrev_2, i32 192, i32 223" [/home/minghe/gemm_hls/hlslib/include/hlslib/xilinx/DataPack.h:170->/home/minghe/gemm_hls/hlslib/include/hlslib/xilinx/DataPack.h:239->../kernel/Compute.cpp:131]   --->   Operation 140 'partselect' 'tmp_389' <Predicate = true> <Delay = 0.00>
ST_5 : Operation 141 [1/2] (4.90ns)   --->   "%res_644 = fmul i32 %bitcast_ln32, i32 %bitcast_ln32_415" [/home/minghe/gemm_hls/hlslib/include/hlslib/xilinx/Operators.h:50->../kernel/Compute.cpp:129]   --->   Operation 141 'fmul' 'res_644' <Predicate = true> <Delay = 4.90> <CoreInst = "FMul_maxdsp">   --->   Core 30 'FMul_maxdsp' <Latency = 1> <II = 1> <Delay = 4.90> <FuncUnit> <Opcode : 'fmul'> <InPorts = 2> <OutPorts = 1>
ST_5 : Operation 142 [1/1] (0.00ns)   --->   "%tmp_391 = partselect i32 @_ssdm_op_PartSelect.i32.i256.i32.i32, i256 %cPrev_2, i32 224, i32 255" [/home/minghe/gemm_hls/hlslib/include/hlslib/xilinx/DataPack.h:170->/home/minghe/gemm_hls/hlslib/include/hlslib/xilinx/DataPack.h:239->../kernel/Compute.cpp:131]   --->   Operation 142 'partselect' 'tmp_391' <Predicate = true> <Delay = 0.00>

State 6 <SV = 5> <Delay = 6.14>
ST_6 : Operation 143 [1/1] (0.00ns)   --->   "%bitcast_ln32_402 = bitcast i32 %trunc_ln170_28" [/home/minghe/gemm_hls/hlslib/include/hlslib/xilinx/DataPack.h:32->/home/minghe/gemm_hls/hlslib/include/hlslib/xilinx/DataPack.h:171->/home/minghe/gemm_hls/hlslib/include/hlslib/xilinx/DataPack.h:239->../kernel/Compute.cpp:131]   --->   Operation 143 'bitcast' 'bitcast_ln32_402' <Predicate = true> <Delay = 0.00>
ST_6 : Operation 144 [3/3] (6.14ns)   --->   "%res = fadd i32 %bitcast_ln32_402, i32 %res_637" [/home/minghe/gemm_hls/hlslib/include/hlslib/xilinx/Operators.h:25->../kernel/Compute.cpp:133]   --->   Operation 144 'fadd' 'res' <Predicate = true> <Delay = 6.14> <CoreInst = "FAddSub_fulldsp">   --->   Core 18 'FAddSub_fulldsp' <Latency = 2> <II = 1> <Delay = 6.14> <FuncUnit> <Opcode : 'fadd' 'fsub'> <InPorts = 2> <OutPorts = 1>
ST_6 : Operation 145 [1/1] (0.00ns)   --->   "%bitcast_ln32_404 = bitcast i32 %tmp_379" [/home/minghe/gemm_hls/hlslib/include/hlslib/xilinx/DataPack.h:32->/home/minghe/gemm_hls/hlslib/include/hlslib/xilinx/DataPack.h:171->/home/minghe/gemm_hls/hlslib/include/hlslib/xilinx/DataPack.h:239->../kernel/Compute.cpp:131]   --->   Operation 145 'bitcast' 'bitcast_ln32_404' <Predicate = true> <Delay = 0.00>
ST_6 : Operation 146 [3/3] (6.14ns)   --->   "%res_624 = fadd i32 %bitcast_ln32_404, i32 %res_638" [/home/minghe/gemm_hls/hlslib/include/hlslib/xilinx/Operators.h:25->../kernel/Compute.cpp:133]   --->   Operation 146 'fadd' 'res_624' <Predicate = true> <Delay = 6.14> <CoreInst = "FAddSub_fulldsp">   --->   Core 18 'FAddSub_fulldsp' <Latency = 2> <II = 1> <Delay = 6.14> <FuncUnit> <Opcode : 'fadd' 'fsub'> <InPorts = 2> <OutPorts = 1>
ST_6 : Operation 147 [1/1] (0.00ns)   --->   "%bitcast_ln32_406 = bitcast i32 %tmp_381" [/home/minghe/gemm_hls/hlslib/include/hlslib/xilinx/DataPack.h:32->/home/minghe/gemm_hls/hlslib/include/hlslib/xilinx/DataPack.h:171->/home/minghe/gemm_hls/hlslib/include/hlslib/xilinx/DataPack.h:239->../kernel/Compute.cpp:131]   --->   Operation 147 'bitcast' 'bitcast_ln32_406' <Predicate = true> <Delay = 0.00>
ST_6 : Operation 148 [3/3] (6.14ns)   --->   "%res_626 = fadd i32 %bitcast_ln32_406, i32 %res_639" [/home/minghe/gemm_hls/hlslib/include/hlslib/xilinx/Operators.h:25->../kernel/Compute.cpp:133]   --->   Operation 148 'fadd' 'res_626' <Predicate = true> <Delay = 6.14> <CoreInst = "FAddSub_fulldsp">   --->   Core 18 'FAddSub_fulldsp' <Latency = 2> <II = 1> <Delay = 6.14> <FuncUnit> <Opcode : 'fadd' 'fsub'> <InPorts = 2> <OutPorts = 1>
ST_6 : Operation 149 [1/1] (0.00ns)   --->   "%bitcast_ln32_408 = bitcast i32 %tmp_383" [/home/minghe/gemm_hls/hlslib/include/hlslib/xilinx/DataPack.h:32->/home/minghe/gemm_hls/hlslib/include/hlslib/xilinx/DataPack.h:171->/home/minghe/gemm_hls/hlslib/include/hlslib/xilinx/DataPack.h:239->../kernel/Compute.cpp:131]   --->   Operation 149 'bitcast' 'bitcast_ln32_408' <Predicate = true> <Delay = 0.00>
ST_6 : Operation 150 [3/3] (6.14ns)   --->   "%res_628 = fadd i32 %bitcast_ln32_408, i32 %res_640" [/home/minghe/gemm_hls/hlslib/include/hlslib/xilinx/Operators.h:25->../kernel/Compute.cpp:133]   --->   Operation 150 'fadd' 'res_628' <Predicate = true> <Delay = 6.14> <CoreInst = "FAddSub_fulldsp">   --->   Core 18 'FAddSub_fulldsp' <Latency = 2> <II = 1> <Delay = 6.14> <FuncUnit> <Opcode : 'fadd' 'fsub'> <InPorts = 2> <OutPorts = 1>
ST_6 : Operation 151 [1/1] (0.00ns)   --->   "%bitcast_ln32_410 = bitcast i32 %tmp_385" [/home/minghe/gemm_hls/hlslib/include/hlslib/xilinx/DataPack.h:32->/home/minghe/gemm_hls/hlslib/include/hlslib/xilinx/DataPack.h:171->/home/minghe/gemm_hls/hlslib/include/hlslib/xilinx/DataPack.h:239->../kernel/Compute.cpp:131]   --->   Operation 151 'bitcast' 'bitcast_ln32_410' <Predicate = true> <Delay = 0.00>
ST_6 : Operation 152 [3/3] (6.14ns)   --->   "%res_630 = fadd i32 %bitcast_ln32_410, i32 %res_641" [/home/minghe/gemm_hls/hlslib/include/hlslib/xilinx/Operators.h:25->../kernel/Compute.cpp:133]   --->   Operation 152 'fadd' 'res_630' <Predicate = true> <Delay = 6.14> <CoreInst = "FAddSub_fulldsp">   --->   Core 18 'FAddSub_fulldsp' <Latency = 2> <II = 1> <Delay = 6.14> <FuncUnit> <Opcode : 'fadd' 'fsub'> <InPorts = 2> <OutPorts = 1>
ST_6 : Operation 153 [1/1] (0.00ns)   --->   "%bitcast_ln32_412 = bitcast i32 %tmp_387" [/home/minghe/gemm_hls/hlslib/include/hlslib/xilinx/DataPack.h:32->/home/minghe/gemm_hls/hlslib/include/hlslib/xilinx/DataPack.h:171->/home/minghe/gemm_hls/hlslib/include/hlslib/xilinx/DataPack.h:239->../kernel/Compute.cpp:131]   --->   Operation 153 'bitcast' 'bitcast_ln32_412' <Predicate = true> <Delay = 0.00>
ST_6 : Operation 154 [3/3] (6.14ns)   --->   "%res_632 = fadd i32 %bitcast_ln32_412, i32 %res_642" [/home/minghe/gemm_hls/hlslib/include/hlslib/xilinx/Operators.h:25->../kernel/Compute.cpp:133]   --->   Operation 154 'fadd' 'res_632' <Predicate = true> <Delay = 6.14> <CoreInst = "FAddSub_fulldsp">   --->   Core 18 'FAddSub_fulldsp' <Latency = 2> <II = 1> <Delay = 6.14> <FuncUnit> <Opcode : 'fadd' 'fsub'> <InPorts = 2> <OutPorts = 1>
ST_6 : Operation 155 [1/1] (0.00ns)   --->   "%bitcast_ln32_414 = bitcast i32 %tmp_389" [/home/minghe/gemm_hls/hlslib/include/hlslib/xilinx/DataPack.h:32->/home/minghe/gemm_hls/hlslib/include/hlslib/xilinx/DataPack.h:171->/home/minghe/gemm_hls/hlslib/include/hlslib/xilinx/DataPack.h:239->../kernel/Compute.cpp:131]   --->   Operation 155 'bitcast' 'bitcast_ln32_414' <Predicate = true> <Delay = 0.00>
ST_6 : Operation 156 [3/3] (6.14ns)   --->   "%res_634 = fadd i32 %bitcast_ln32_414, i32 %res_643" [/home/minghe/gemm_hls/hlslib/include/hlslib/xilinx/Operators.h:25->../kernel/Compute.cpp:133]   --->   Operation 156 'fadd' 'res_634' <Predicate = true> <Delay = 6.14> <CoreInst = "FAddSub_fulldsp">   --->   Core 18 'FAddSub_fulldsp' <Latency = 2> <II = 1> <Delay = 6.14> <FuncUnit> <Opcode : 'fadd' 'fsub'> <InPorts = 2> <OutPorts = 1>
ST_6 : Operation 157 [1/1] (0.00ns)   --->   "%bitcast_ln32_416 = bitcast i32 %tmp_391" [/home/minghe/gemm_hls/hlslib/include/hlslib/xilinx/DataPack.h:32->/home/minghe/gemm_hls/hlslib/include/hlslib/xilinx/DataPack.h:171->/home/minghe/gemm_hls/hlslib/include/hlslib/xilinx/DataPack.h:239->../kernel/Compute.cpp:131]   --->   Operation 157 'bitcast' 'bitcast_ln32_416' <Predicate = true> <Delay = 0.00>
ST_6 : Operation 158 [3/3] (6.14ns)   --->   "%res_636 = fadd i32 %bitcast_ln32_416, i32 %res_644" [/home/minghe/gemm_hls/hlslib/include/hlslib/xilinx/Operators.h:25->../kernel/Compute.cpp:133]   --->   Operation 158 'fadd' 'res_636' <Predicate = true> <Delay = 6.14> <CoreInst = "FAddSub_fulldsp">   --->   Core 18 'FAddSub_fulldsp' <Latency = 2> <II = 1> <Delay = 6.14> <FuncUnit> <Opcode : 'fadd' 'fsub'> <InPorts = 2> <OutPorts = 1>

State 7 <SV = 6> <Delay = 6.14>
ST_7 : Operation 159 [2/3] (6.14ns)   --->   "%res = fadd i32 %bitcast_ln32_402, i32 %res_637" [/home/minghe/gemm_hls/hlslib/include/hlslib/xilinx/Operators.h:25->../kernel/Compute.cpp:133]   --->   Operation 159 'fadd' 'res' <Predicate = true> <Delay = 6.14> <CoreInst = "FAddSub_fulldsp">   --->   Core 18 'FAddSub_fulldsp' <Latency = 2> <II = 1> <Delay = 6.14> <FuncUnit> <Opcode : 'fadd' 'fsub'> <InPorts = 2> <OutPorts = 1>
ST_7 : Operation 160 [2/3] (6.14ns)   --->   "%res_624 = fadd i32 %bitcast_ln32_404, i32 %res_638" [/home/minghe/gemm_hls/hlslib/include/hlslib/xilinx/Operators.h:25->../kernel/Compute.cpp:133]   --->   Operation 160 'fadd' 'res_624' <Predicate = true> <Delay = 6.14> <CoreInst = "FAddSub_fulldsp">   --->   Core 18 'FAddSub_fulldsp' <Latency = 2> <II = 1> <Delay = 6.14> <FuncUnit> <Opcode : 'fadd' 'fsub'> <InPorts = 2> <OutPorts = 1>
ST_7 : Operation 161 [2/3] (6.14ns)   --->   "%res_626 = fadd i32 %bitcast_ln32_406, i32 %res_639" [/home/minghe/gemm_hls/hlslib/include/hlslib/xilinx/Operators.h:25->../kernel/Compute.cpp:133]   --->   Operation 161 'fadd' 'res_626' <Predicate = true> <Delay = 6.14> <CoreInst = "FAddSub_fulldsp">   --->   Core 18 'FAddSub_fulldsp' <Latency = 2> <II = 1> <Delay = 6.14> <FuncUnit> <Opcode : 'fadd' 'fsub'> <InPorts = 2> <OutPorts = 1>
ST_7 : Operation 162 [2/3] (6.14ns)   --->   "%res_628 = fadd i32 %bitcast_ln32_408, i32 %res_640" [/home/minghe/gemm_hls/hlslib/include/hlslib/xilinx/Operators.h:25->../kernel/Compute.cpp:133]   --->   Operation 162 'fadd' 'res_628' <Predicate = true> <Delay = 6.14> <CoreInst = "FAddSub_fulldsp">   --->   Core 18 'FAddSub_fulldsp' <Latency = 2> <II = 1> <Delay = 6.14> <FuncUnit> <Opcode : 'fadd' 'fsub'> <InPorts = 2> <OutPorts = 1>
ST_7 : Operation 163 [2/3] (6.14ns)   --->   "%res_630 = fadd i32 %bitcast_ln32_410, i32 %res_641" [/home/minghe/gemm_hls/hlslib/include/hlslib/xilinx/Operators.h:25->../kernel/Compute.cpp:133]   --->   Operation 163 'fadd' 'res_630' <Predicate = true> <Delay = 6.14> <CoreInst = "FAddSub_fulldsp">   --->   Core 18 'FAddSub_fulldsp' <Latency = 2> <II = 1> <Delay = 6.14> <FuncUnit> <Opcode : 'fadd' 'fsub'> <InPorts = 2> <OutPorts = 1>
ST_7 : Operation 164 [2/3] (6.14ns)   --->   "%res_632 = fadd i32 %bitcast_ln32_412, i32 %res_642" [/home/minghe/gemm_hls/hlslib/include/hlslib/xilinx/Operators.h:25->../kernel/Compute.cpp:133]   --->   Operation 164 'fadd' 'res_632' <Predicate = true> <Delay = 6.14> <CoreInst = "FAddSub_fulldsp">   --->   Core 18 'FAddSub_fulldsp' <Latency = 2> <II = 1> <Delay = 6.14> <FuncUnit> <Opcode : 'fadd' 'fsub'> <InPorts = 2> <OutPorts = 1>
ST_7 : Operation 165 [2/3] (6.14ns)   --->   "%res_634 = fadd i32 %bitcast_ln32_414, i32 %res_643" [/home/minghe/gemm_hls/hlslib/include/hlslib/xilinx/Operators.h:25->../kernel/Compute.cpp:133]   --->   Operation 165 'fadd' 'res_634' <Predicate = true> <Delay = 6.14> <CoreInst = "FAddSub_fulldsp">   --->   Core 18 'FAddSub_fulldsp' <Latency = 2> <II = 1> <Delay = 6.14> <FuncUnit> <Opcode : 'fadd' 'fsub'> <InPorts = 2> <OutPorts = 1>
ST_7 : Operation 166 [2/3] (6.14ns)   --->   "%res_636 = fadd i32 %bitcast_ln32_416, i32 %res_644" [/home/minghe/gemm_hls/hlslib/include/hlslib/xilinx/Operators.h:25->../kernel/Compute.cpp:133]   --->   Operation 166 'fadd' 'res_636' <Predicate = true> <Delay = 6.14> <CoreInst = "FAddSub_fulldsp">   --->   Core 18 'FAddSub_fulldsp' <Latency = 2> <II = 1> <Delay = 6.14> <FuncUnit> <Opcode : 'fadd' 'fsub'> <InPorts = 2> <OutPorts = 1>

State 8 <SV = 7> <Delay = 6.37>
ST_8 : Operation 167 [1/1] (0.00ns) (grouped into LUT with out node select_ln296)   --->   "%inBounds = and i1 %inBoundsN, i1 %inBoundsM" [../kernel/Compute.cpp:127]   --->   Operation 167 'and' 'inBounds' <Predicate = true> <Delay = 0.00> <CoreInst = "LogicGate">   --->   Core 74 'LogicGate' <Latency = 0> <II = 1> <Delay = 0.12> <FuncUnit> <Opcode : 'and' 'or' 'xor'> <InPorts = 2> <OutPorts = 1>
ST_8 : Operation 168 [1/3] (6.14ns)   --->   "%res = fadd i32 %bitcast_ln32_402, i32 %res_637" [/home/minghe/gemm_hls/hlslib/include/hlslib/xilinx/Operators.h:25->../kernel/Compute.cpp:133]   --->   Operation 168 'fadd' 'res' <Predicate = true> <Delay = 6.14> <CoreInst = "FAddSub_fulldsp">   --->   Core 18 'FAddSub_fulldsp' <Latency = 2> <II = 1> <Delay = 6.14> <FuncUnit> <Opcode : 'fadd' 'fsub'> <InPorts = 2> <OutPorts = 1>
ST_8 : Operation 169 [1/1] (0.22ns) (out node of the LUT)   --->   "%select_ln296 = select i1 %inBounds, i32 %res, i32 %bitcast_ln32_402" [/home/minghe/gemm_hls/hlslib/include/hlslib/xilinx/DataPack.h:296->../kernel/Compute.cpp:137]   --->   Operation 169 'select' 'select_ln296' <Predicate = true> <Delay = 0.22> <CoreInst = "Sel">   --->   Core 73 'Sel' <Latency = 0> <II = 1> <Delay = 0.22> <FuncUnit> <Opcode : 'select'> <InPorts = 3> <OutPorts = 1>
ST_8 : Operation 170 [1/1] (0.00ns) (grouped into LUT with out node select_ln296_176)   --->   "%inBounds_190 = and i1 %inBoundsN, i1 %inBoundsM_190" [../kernel/Compute.cpp:127]   --->   Operation 170 'and' 'inBounds_190' <Predicate = true> <Delay = 0.00> <CoreInst = "LogicGate">   --->   Core 74 'LogicGate' <Latency = 0> <II = 1> <Delay = 0.12> <FuncUnit> <Opcode : 'and' 'or' 'xor'> <InPorts = 2> <OutPorts = 1>
ST_8 : Operation 171 [1/3] (6.14ns)   --->   "%res_624 = fadd i32 %bitcast_ln32_404, i32 %res_638" [/home/minghe/gemm_hls/hlslib/include/hlslib/xilinx/Operators.h:25->../kernel/Compute.cpp:133]   --->   Operation 171 'fadd' 'res_624' <Predicate = true> <Delay = 6.14> <CoreInst = "FAddSub_fulldsp">   --->   Core 18 'FAddSub_fulldsp' <Latency = 2> <II = 1> <Delay = 6.14> <FuncUnit> <Opcode : 'fadd' 'fsub'> <InPorts = 2> <OutPorts = 1>
ST_8 : Operation 172 [1/1] (0.22ns) (out node of the LUT)   --->   "%select_ln296_176 = select i1 %inBounds_190, i32 %res_624, i32 %bitcast_ln32_404" [/home/minghe/gemm_hls/hlslib/include/hlslib/xilinx/DataPack.h:296->../kernel/Compute.cpp:137]   --->   Operation 172 'select' 'select_ln296_176' <Predicate = true> <Delay = 0.22> <CoreInst = "Sel">   --->   Core 73 'Sel' <Latency = 0> <II = 1> <Delay = 0.22> <FuncUnit> <Opcode : 'select'> <InPorts = 3> <OutPorts = 1>
ST_8 : Operation 173 [1/1] (0.00ns) (grouped into LUT with out node select_ln296_177)   --->   "%inBounds_191 = and i1 %inBoundsN, i1 %inBoundsM_191" [../kernel/Compute.cpp:127]   --->   Operation 173 'and' 'inBounds_191' <Predicate = true> <Delay = 0.00> <CoreInst = "LogicGate">   --->   Core 74 'LogicGate' <Latency = 0> <II = 1> <Delay = 0.12> <FuncUnit> <Opcode : 'and' 'or' 'xor'> <InPorts = 2> <OutPorts = 1>
ST_8 : Operation 174 [1/3] (6.14ns)   --->   "%res_626 = fadd i32 %bitcast_ln32_406, i32 %res_639" [/home/minghe/gemm_hls/hlslib/include/hlslib/xilinx/Operators.h:25->../kernel/Compute.cpp:133]   --->   Operation 174 'fadd' 'res_626' <Predicate = true> <Delay = 6.14> <CoreInst = "FAddSub_fulldsp">   --->   Core 18 'FAddSub_fulldsp' <Latency = 2> <II = 1> <Delay = 6.14> <FuncUnit> <Opcode : 'fadd' 'fsub'> <InPorts = 2> <OutPorts = 1>
ST_8 : Operation 175 [1/1] (0.22ns) (out node of the LUT)   --->   "%select_ln296_177 = select i1 %inBounds_191, i32 %res_626, i32 %bitcast_ln32_406" [/home/minghe/gemm_hls/hlslib/include/hlslib/xilinx/DataPack.h:296->../kernel/Compute.cpp:137]   --->   Operation 175 'select' 'select_ln296_177' <Predicate = true> <Delay = 0.22> <CoreInst = "Sel">   --->   Core 73 'Sel' <Latency = 0> <II = 1> <Delay = 0.22> <FuncUnit> <Opcode : 'select'> <InPorts = 3> <OutPorts = 1>
ST_8 : Operation 176 [1/1] (0.00ns) (grouped into LUT with out node select_ln296_178)   --->   "%inBounds_192 = and i1 %inBoundsN, i1 %inBoundsM_192" [../kernel/Compute.cpp:127]   --->   Operation 176 'and' 'inBounds_192' <Predicate = true> <Delay = 0.00> <CoreInst = "LogicGate">   --->   Core 74 'LogicGate' <Latency = 0> <II = 1> <Delay = 0.12> <FuncUnit> <Opcode : 'and' 'or' 'xor'> <InPorts = 2> <OutPorts = 1>
ST_8 : Operation 177 [1/3] (6.14ns)   --->   "%res_628 = fadd i32 %bitcast_ln32_408, i32 %res_640" [/home/minghe/gemm_hls/hlslib/include/hlslib/xilinx/Operators.h:25->../kernel/Compute.cpp:133]   --->   Operation 177 'fadd' 'res_628' <Predicate = true> <Delay = 6.14> <CoreInst = "FAddSub_fulldsp">   --->   Core 18 'FAddSub_fulldsp' <Latency = 2> <II = 1> <Delay = 6.14> <FuncUnit> <Opcode : 'fadd' 'fsub'> <InPorts = 2> <OutPorts = 1>
ST_8 : Operation 178 [1/1] (0.22ns) (out node of the LUT)   --->   "%select_ln296_178 = select i1 %inBounds_192, i32 %res_628, i32 %bitcast_ln32_408" [/home/minghe/gemm_hls/hlslib/include/hlslib/xilinx/DataPack.h:296->../kernel/Compute.cpp:137]   --->   Operation 178 'select' 'select_ln296_178' <Predicate = true> <Delay = 0.22> <CoreInst = "Sel">   --->   Core 73 'Sel' <Latency = 0> <II = 1> <Delay = 0.22> <FuncUnit> <Opcode : 'select'> <InPorts = 3> <OutPorts = 1>
ST_8 : Operation 179 [1/1] (0.00ns) (grouped into LUT with out node select_ln296_179)   --->   "%inBounds_193 = and i1 %inBoundsN, i1 %inBoundsM_193" [../kernel/Compute.cpp:127]   --->   Operation 179 'and' 'inBounds_193' <Predicate = true> <Delay = 0.00> <CoreInst = "LogicGate">   --->   Core 74 'LogicGate' <Latency = 0> <II = 1> <Delay = 0.12> <FuncUnit> <Opcode : 'and' 'or' 'xor'> <InPorts = 2> <OutPorts = 1>
ST_8 : Operation 180 [1/3] (6.14ns)   --->   "%res_630 = fadd i32 %bitcast_ln32_410, i32 %res_641" [/home/minghe/gemm_hls/hlslib/include/hlslib/xilinx/Operators.h:25->../kernel/Compute.cpp:133]   --->   Operation 180 'fadd' 'res_630' <Predicate = true> <Delay = 6.14> <CoreInst = "FAddSub_fulldsp">   --->   Core 18 'FAddSub_fulldsp' <Latency = 2> <II = 1> <Delay = 6.14> <FuncUnit> <Opcode : 'fadd' 'fsub'> <InPorts = 2> <OutPorts = 1>
ST_8 : Operation 181 [1/1] (0.22ns) (out node of the LUT)   --->   "%select_ln296_179 = select i1 %inBounds_193, i32 %res_630, i32 %bitcast_ln32_410" [/home/minghe/gemm_hls/hlslib/include/hlslib/xilinx/DataPack.h:296->../kernel/Compute.cpp:137]   --->   Operation 181 'select' 'select_ln296_179' <Predicate = true> <Delay = 0.22> <CoreInst = "Sel">   --->   Core 73 'Sel' <Latency = 0> <II = 1> <Delay = 0.22> <FuncUnit> <Opcode : 'select'> <InPorts = 3> <OutPorts = 1>
ST_8 : Operation 182 [1/1] (0.00ns) (grouped into LUT with out node select_ln296_180)   --->   "%inBounds_194 = and i1 %inBoundsN, i1 %inBoundsM_194" [../kernel/Compute.cpp:127]   --->   Operation 182 'and' 'inBounds_194' <Predicate = true> <Delay = 0.00> <CoreInst = "LogicGate">   --->   Core 74 'LogicGate' <Latency = 0> <II = 1> <Delay = 0.12> <FuncUnit> <Opcode : 'and' 'or' 'xor'> <InPorts = 2> <OutPorts = 1>
ST_8 : Operation 183 [1/3] (6.14ns)   --->   "%res_632 = fadd i32 %bitcast_ln32_412, i32 %res_642" [/home/minghe/gemm_hls/hlslib/include/hlslib/xilinx/Operators.h:25->../kernel/Compute.cpp:133]   --->   Operation 183 'fadd' 'res_632' <Predicate = true> <Delay = 6.14> <CoreInst = "FAddSub_fulldsp">   --->   Core 18 'FAddSub_fulldsp' <Latency = 2> <II = 1> <Delay = 6.14> <FuncUnit> <Opcode : 'fadd' 'fsub'> <InPorts = 2> <OutPorts = 1>
ST_8 : Operation 184 [1/1] (0.22ns) (out node of the LUT)   --->   "%select_ln296_180 = select i1 %inBounds_194, i32 %res_632, i32 %bitcast_ln32_412" [/home/minghe/gemm_hls/hlslib/include/hlslib/xilinx/DataPack.h:296->../kernel/Compute.cpp:137]   --->   Operation 184 'select' 'select_ln296_180' <Predicate = true> <Delay = 0.22> <CoreInst = "Sel">   --->   Core 73 'Sel' <Latency = 0> <II = 1> <Delay = 0.22> <FuncUnit> <Opcode : 'select'> <InPorts = 3> <OutPorts = 1>
ST_8 : Operation 185 [1/1] (0.00ns) (grouped into LUT with out node select_ln296_181)   --->   "%inBounds_195 = and i1 %inBoundsN, i1 %inBoundsM_195" [../kernel/Compute.cpp:127]   --->   Operation 185 'and' 'inBounds_195' <Predicate = true> <Delay = 0.00> <CoreInst = "LogicGate">   --->   Core 74 'LogicGate' <Latency = 0> <II = 1> <Delay = 0.12> <FuncUnit> <Opcode : 'and' 'or' 'xor'> <InPorts = 2> <OutPorts = 1>
ST_8 : Operation 186 [1/3] (6.14ns)   --->   "%res_634 = fadd i32 %bitcast_ln32_414, i32 %res_643" [/home/minghe/gemm_hls/hlslib/include/hlslib/xilinx/Operators.h:25->../kernel/Compute.cpp:133]   --->   Operation 186 'fadd' 'res_634' <Predicate = true> <Delay = 6.14> <CoreInst = "FAddSub_fulldsp">   --->   Core 18 'FAddSub_fulldsp' <Latency = 2> <II = 1> <Delay = 6.14> <FuncUnit> <Opcode : 'fadd' 'fsub'> <InPorts = 2> <OutPorts = 1>
ST_8 : Operation 187 [1/1] (0.22ns) (out node of the LUT)   --->   "%select_ln296_181 = select i1 %inBounds_195, i32 %res_634, i32 %bitcast_ln32_414" [/home/minghe/gemm_hls/hlslib/include/hlslib/xilinx/DataPack.h:296->../kernel/Compute.cpp:137]   --->   Operation 187 'select' 'select_ln296_181' <Predicate = true> <Delay = 0.22> <CoreInst = "Sel">   --->   Core 73 'Sel' <Latency = 0> <II = 1> <Delay = 0.22> <FuncUnit> <Opcode : 'select'> <InPorts = 3> <OutPorts = 1>
ST_8 : Operation 188 [1/1] (0.00ns) (grouped into LUT with out node select_ln296_182)   --->   "%inBounds_196 = and i1 %inBoundsN, i1 %inBoundsM_196" [../kernel/Compute.cpp:127]   --->   Operation 188 'and' 'inBounds_196' <Predicate = true> <Delay = 0.00> <CoreInst = "LogicGate">   --->   Core 74 'LogicGate' <Latency = 0> <II = 1> <Delay = 0.12> <FuncUnit> <Opcode : 'and' 'or' 'xor'> <InPorts = 2> <OutPorts = 1>
ST_8 : Operation 189 [1/3] (6.14ns)   --->   "%res_636 = fadd i32 %bitcast_ln32_416, i32 %res_644" [/home/minghe/gemm_hls/hlslib/include/hlslib/xilinx/Operators.h:25->../kernel/Compute.cpp:133]   --->   Operation 189 'fadd' 'res_636' <Predicate = true> <Delay = 6.14> <CoreInst = "FAddSub_fulldsp">   --->   Core 18 'FAddSub_fulldsp' <Latency = 2> <II = 1> <Delay = 6.14> <FuncUnit> <Opcode : 'fadd' 'fsub'> <InPorts = 2> <OutPorts = 1>
ST_8 : Operation 190 [1/1] (0.22ns) (out node of the LUT)   --->   "%select_ln296_182 = select i1 %inBounds_196, i32 %res_636, i32 %bitcast_ln32_416" [/home/minghe/gemm_hls/hlslib/include/hlslib/xilinx/DataPack.h:296->../kernel/Compute.cpp:137]   --->   Operation 190 'select' 'select_ln296_182' <Predicate = true> <Delay = 0.22> <CoreInst = "Sel">   --->   Core 73 'Sel' <Latency = 0> <II = 1> <Delay = 0.22> <FuncUnit> <Opcode : 'select'> <InPorts = 3> <OutPorts = 1>
ST_8 : Operation 202 [1/1] (0.38ns)   --->   "%ret_ln0 = ret"   --->   Operation 202 'ret' 'ret_ln0' <Predicate = (icmp_ln64)> <Delay = 0.38>

State 9 <SV = 8> <Delay = 1.20>
ST_9 : Operation 191 [1/1] (0.00ns)   --->   "%bitcast_ln36 = bitcast i32 %select_ln296" [/home/minghe/gemm_hls/hlslib/include/hlslib/xilinx/DataPack.h:36->/home/minghe/gemm_hls/hlslib/include/hlslib/xilinx/DataPack.h:184->/home/minghe/gemm_hls/hlslib/include/hlslib/xilinx/DataPack.h:296->../kernel/Compute.cpp:137]   --->   Operation 191 'bitcast' 'bitcast_ln36' <Predicate = true> <Delay = 0.00>
ST_9 : Operation 192 [1/1] (0.00ns)   --->   "%bitcast_ln36_176 = bitcast i32 %select_ln296_176" [/home/minghe/gemm_hls/hlslib/include/hlslib/xilinx/DataPack.h:36->/home/minghe/gemm_hls/hlslib/include/hlslib/xilinx/DataPack.h:184->/home/minghe/gemm_hls/hlslib/include/hlslib/xilinx/DataPack.h:296->../kernel/Compute.cpp:137]   --->   Operation 192 'bitcast' 'bitcast_ln36_176' <Predicate = true> <Delay = 0.00>
ST_9 : Operation 193 [1/1] (0.00ns)   --->   "%bitcast_ln36_177 = bitcast i32 %select_ln296_177" [/home/minghe/gemm_hls/hlslib/include/hlslib/xilinx/DataPack.h:36->/home/minghe/gemm_hls/hlslib/include/hlslib/xilinx/DataPack.h:184->/home/minghe/gemm_hls/hlslib/include/hlslib/xilinx/DataPack.h:296->../kernel/Compute.cpp:137]   --->   Operation 193 'bitcast' 'bitcast_ln36_177' <Predicate = true> <Delay = 0.00>
ST_9 : Operation 194 [1/1] (0.00ns)   --->   "%bitcast_ln36_178 = bitcast i32 %select_ln296_178" [/home/minghe/gemm_hls/hlslib/include/hlslib/xilinx/DataPack.h:36->/home/minghe/gemm_hls/hlslib/include/hlslib/xilinx/DataPack.h:184->/home/minghe/gemm_hls/hlslib/include/hlslib/xilinx/DataPack.h:296->../kernel/Compute.cpp:137]   --->   Operation 194 'bitcast' 'bitcast_ln36_178' <Predicate = true> <Delay = 0.00>
ST_9 : Operation 195 [1/1] (0.00ns)   --->   "%bitcast_ln36_179 = bitcast i32 %select_ln296_179" [/home/minghe/gemm_hls/hlslib/include/hlslib/xilinx/DataPack.h:36->/home/minghe/gemm_hls/hlslib/include/hlslib/xilinx/DataPack.h:184->/home/minghe/gemm_hls/hlslib/include/hlslib/xilinx/DataPack.h:296->../kernel/Compute.cpp:137]   --->   Operation 195 'bitcast' 'bitcast_ln36_179' <Predicate = true> <Delay = 0.00>
ST_9 : Operation 196 [1/1] (0.00ns)   --->   "%bitcast_ln36_180 = bitcast i32 %select_ln296_180" [/home/minghe/gemm_hls/hlslib/include/hlslib/xilinx/DataPack.h:36->/home/minghe/gemm_hls/hlslib/include/hlslib/xilinx/DataPack.h:184->/home/minghe/gemm_hls/hlslib/include/hlslib/xilinx/DataPack.h:296->../kernel/Compute.cpp:137]   --->   Operation 196 'bitcast' 'bitcast_ln36_180' <Predicate = true> <Delay = 0.00>
ST_9 : Operation 197 [1/1] (0.00ns)   --->   "%bitcast_ln36_181 = bitcast i32 %select_ln296_181" [/home/minghe/gemm_hls/hlslib/include/hlslib/xilinx/DataPack.h:36->/home/minghe/gemm_hls/hlslib/include/hlslib/xilinx/DataPack.h:184->/home/minghe/gemm_hls/hlslib/include/hlslib/xilinx/DataPack.h:296->../kernel/Compute.cpp:137]   --->   Operation 197 'bitcast' 'bitcast_ln36_181' <Predicate = true> <Delay = 0.00>
ST_9 : Operation 198 [1/1] (0.00ns)   --->   "%bitcast_ln36_182 = bitcast i32 %select_ln296_182" [/home/minghe/gemm_hls/hlslib/include/hlslib/xilinx/DataPack.h:36->/home/minghe/gemm_hls/hlslib/include/hlslib/xilinx/DataPack.h:184->/home/minghe/gemm_hls/hlslib/include/hlslib/xilinx/DataPack.h:296->../kernel/Compute.cpp:137]   --->   Operation 198 'bitcast' 'bitcast_ln36_182' <Predicate = true> <Delay = 0.00>
ST_9 : Operation 199 [1/1] (0.00ns)   --->   "%tmp_392 = bitconcatenate i256 @_ssdm_op_BitConcatenate.i256.i32.i32.i32.i32.i32.i32.i32.i32, i32 %bitcast_ln36_182, i32 %bitcast_ln36_181, i32 %bitcast_ln36_180, i32 %bitcast_ln36_179, i32 %bitcast_ln36_178, i32 %bitcast_ln36_177, i32 %bitcast_ln36_176, i32 %bitcast_ln36" [/home/minghe/gemm_hls/hlslib/include/hlslib/xilinx/DataPack.h:183->/home/minghe/gemm_hls/hlslib/include/hlslib/xilinx/DataPack.h:296->../kernel/Compute.cpp:137]   --->   Operation 199 'bitconcatenate' 'tmp_392' <Predicate = true> <Delay = 0.00>
ST_9 : Operation 200 [1/1] (1.20ns)   --->   "%store_ln150 = store i256 %tmp_392, i10 %cBuffer_addr" [/home/minghe/gemm_hls/hlslib/include/hlslib/xilinx/DataPack.h:150->../kernel/Compute.cpp:141]   --->   Operation 200 'store' 'store_ln150' <Predicate = true> <Delay = 1.20> <CoreInst = "RAM">   --->   Core 82 'RAM' <Latency = 1> <II = 1> <Delay = 1.20> <Storage> <Opcode : 'load' 'store'> <Ports = 2> <Width = 256> <Depth = 1024> <RAM>
ST_9 : Operation 201 [1/1] (0.00ns)   --->   "%br_ln67 = br void %for.body58" [../kernel/Compute.cpp:67]   --->   Operation 201 'br' 'br_ln67' <Predicate = true> <Delay = 0.00>


============================================================
+ Verbose Summary: Timing violations
============================================================
Target clock period: 10.000ns, clock uncertainty: 2.700ns.

 <State 1>: 2.494ns
The critical path consists of the following:
	'store' operation 0 bit ('store_ln67', ../kernel/Compute.cpp:67) of constant 0 on local variable 'm1', ../kernel/Compute.cpp:67 [32]  (0.387 ns)
	'load' operation 7 bit ('m1_load', ../kernel/Compute.cpp:67) on local variable 'm1', ../kernel/Compute.cpp:67 [40]  (0.000 ns)
	'icmp' operation 1 bit ('icmp_ln67', ../kernel/Compute.cpp:67) [44]  (0.706 ns)
	'select' operation 7 bit ('select_ln64', ../kernel/Compute.cpp:64) [45]  (0.308 ns)
	'add' operation 7 bit ('add_ln67', ../kernel/Compute.cpp:67) [181]  (0.706 ns)
	'store' operation 0 bit ('store_ln67', ../kernel/Compute.cpp:67) of variable 'add_ln67', ../kernel/Compute.cpp:67 on local variable 'm1', ../kernel/Compute.cpp:67 [184]  (0.387 ns)

 <State 2>: 2.930ns
The critical path consists of the following:
	fifo read operation ('read', /home/minghe/gemm_hls/hlslib/include/hlslib/xilinx/Stream.h:199->/home/minghe/gemm_hls/hlslib/include/hlslib/xilinx/Stream.h:153->../kernel/Compute.cpp:84) on port 'aPipes_13' (/home/minghe/gemm_hls/hlslib/include/hlslib/xilinx/Stream.h:199->/home/minghe/gemm_hls/hlslib/include/hlslib/xilinx/Stream.h:153->../kernel/Compute.cpp:84) [69]  (1.465 ns)
	fifo write operation ('write_ln406', /home/minghe/gemm_hls/hlslib/include/hlslib/xilinx/Stream.h:406->/home/minghe/gemm_hls/hlslib/include/hlslib/xilinx/Stream.h:277->/home/minghe/gemm_hls/hlslib/include/hlslib/xilinx/Stream.h:146->../kernel/Compute.cpp:94) on port 'aPipes_14' (/home/minghe/gemm_hls/hlslib/include/hlslib/xilinx/Stream.h:406->/home/minghe/gemm_hls/hlslib/include/hlslib/xilinx/Stream.h:277->/home/minghe/gemm_hls/hlslib/include/hlslib/xilinx/Stream.h:146->../kernel/Compute.cpp:94) [73]  (1.465 ns)

 <State 3>: 0.699ns
The critical path consists of the following:
	'getelementptr' operation 5 bit ('aBuffer_addr', ../kernel/Compute.cpp:64) [51]  (0.000 ns)
	'load' operation 32 bit ('aVal', ../kernel/Compute.cpp:101) on array 'aBuffer' [81]  (0.699 ns)

 <State 4>: 5.889ns
The critical path consists of the following:
	fifo read operation ('bVal', /home/minghe/gemm_hls/hlslib/include/hlslib/xilinx/Stream.h:199->/home/minghe/gemm_hls/hlslib/include/hlslib/xilinx/Stream.h:153->../kernel/Compute.cpp:103) on port 'bPipes_13' (/home/minghe/gemm_hls/hlslib/include/hlslib/xilinx/Stream.h:199->/home/minghe/gemm_hls/hlslib/include/hlslib/xilinx/Stream.h:153->../kernel/Compute.cpp:103) [82]  (0.988 ns)
	'fmul' operation 32 bit ('res', /home/minghe/gemm_hls/hlslib/include/hlslib/xilinx/Operators.h:50->../kernel/Compute.cpp:129) [96]  (4.901 ns)

 <State 5>: 4.901ns
The critical path consists of the following:
	'fmul' operation 32 bit ('res', /home/minghe/gemm_hls/hlslib/include/hlslib/xilinx/Operators.h:50->../kernel/Compute.cpp:129) [96]  (4.901 ns)

 <State 6>: 6.149ns
The critical path consists of the following:
	'fadd' operation 32 bit ('res', /home/minghe/gemm_hls/hlslib/include/hlslib/xilinx/Operators.h:25->../kernel/Compute.cpp:133) [99]  (6.149 ns)

 <State 7>: 6.149ns
The critical path consists of the following:
	'fadd' operation 32 bit ('res', /home/minghe/gemm_hls/hlslib/include/hlslib/xilinx/Operators.h:25->../kernel/Compute.cpp:133) [99]  (6.149 ns)

 <State 8>: 6.376ns
The critical path consists of the following:
	'fadd' operation 32 bit ('res', /home/minghe/gemm_hls/hlslib/include/hlslib/xilinx/Operators.h:25->../kernel/Compute.cpp:133) [99]  (6.149 ns)
	'select' operation 32 bit ('select_ln296', /home/minghe/gemm_hls/hlslib/include/hlslib/xilinx/DataPack.h:296->../kernel/Compute.cpp:137) [100]  (0.227 ns)

 <State 9>: 1.200ns
The critical path consists of the following:
	'store' operation 0 bit ('store_ln150', /home/minghe/gemm_hls/hlslib/include/hlslib/xilinx/DataPack.h:150->../kernel/Compute.cpp:141) of variable 'tmp_392', /home/minghe/gemm_hls/hlslib/include/hlslib/xilinx/DataPack.h:183->/home/minghe/gemm_hls/hlslib/include/hlslib/xilinx/DataPack.h:296->../kernel/Compute.cpp:137 on array 'cBuffer' [180]  (1.200 ns)


============================================================
+ Verbose Summary: Binding
============================================================
N/A
* FSMD analyzer results:
  - Output states:
 - Input state : 
  - Chain level:
	State 1
	State 2
	State 3
	State 4
	State 5
	State 6
	State 7
	State 8
	State 9


============================================================
+ Verbose Summary: Datapath Resource usage 
============================================================
N/A
