

================================================================
== Vitis HLS Report for 'ProcessingElement_5_Pipeline_Pipeline_N_Pipeline_M'
================================================================
* Date:           Mon Nov 11 16:39:30 2024

* Version:        2024.1 (Build 5069499 on May 21 2024)
* Project:        MatrixMultiplication
* Solution:       xcu250-figd2104-2L-e (Vitis Kernel Flow Target)
* Product family: virtexuplus
* Target device:  xcu250-figd2104-2L-e


================================================================
== Performance Estimates
================================================================
+ Timing: 
    * Summary: 
    +--------+----------+----------+------------+
    |  Clock |  Target  | Estimated| Uncertainty|
    +--------+----------+----------+------------+
    |ap_clk  |  10.00 ns|  6.376 ns|     2.70 ns|
    +--------+----------+----------+------------+

+ Latency: 
    * Summary: 
    +---------+---------+-----------+-----------+------+------+-----------------------------------------------+
    |  Latency (cycles) |   Latency (absolute)  |   Interval  |                    Pipeline                   |
    |   min   |   max   |    min    |    max    |  min |  max |                      Type                     |
    +---------+---------+-----------+-----------+------+------+-----------------------------------------------+
    |     1033|     1033|  10.330 us|  10.330 us|  1025|  1025|  loop auto-rewind stp(delay=0 clock cycles(s))|
    +---------+---------+-----------+-----------+------+------+-----------------------------------------------+

    + Detail: 
        * Instance: 
        N/A

        * Loop: 
        +-------------------------+---------+---------+----------+-----------+-----------+------+----------+
        |                         |  Latency (cycles) | Iteration|  Initiation Interval  | Trip |          |
        |        Loop Name        |   min   |   max   |  Latency |  achieved |   target  | Count| Pipelined|
        +-------------------------+---------+---------+----------+-----------+-----------+------+----------+
        |- Pipeline_N_Pipeline_M  |     1031|     1031|         9|          1|          1|  1024|       yes|
        +-------------------------+---------+---------+----------+-----------+-----------+------+----------+

============================================================
+ Verbose Summary: Synthesis Manager
============================================================
InlineROM: 1
ExposeGlobal: 0
============================================================
+ Verbose Summary: CDFG Model
============================================================
IsTopModel: 0
ResetActiveHigh: 1
IsCombinational: 0
IsDatapathOnly: 0
HasWiredReturn: 1
HasMFsm: 2
HasVarLatency: 1
IsPipeline: 0
IsRtlPipelined: 0
IsInstanceOverlapped: 0
IsDontTouch: 0
HasImplIP: 0
IsGatedGlobalClock: 0

+ Individual pipeline summary: 
  * Pipeline-0: initiation interval (II) = 1, depth = 9


============================================================
+ Verbose Summary: Schedule
============================================================
* Number of FSM states : 9
* Pipeline : 1
  Pipeline-0 : II = 1, D = 9, States = { 1 2 3 4 5 6 7 8 9 }
* Dataflow Pipeline: 0

* FSM state transitions: 
1 --> 2 
2 --> 3 
3 --> 4 
4 --> 5 
5 --> 6 
6 --> 7 
7 --> 8 
8 --> 9 
9 --> 

* FSM state operations: 

State 1 <SV = 0> <Delay = 2.49>
ST_1 : Operation 12 [1/1] (0.00ns)   --->   "%m1 = alloca i32 1" [../kernel/Compute.cpp:67]   --->   Operation 12 'alloca' 'm1' <Predicate = true> <Delay = 0.00>
ST_1 : Operation 13 [1/1] (0.00ns)   --->   "%n1 = alloca i32 1" [../kernel/Compute.cpp:64]   --->   Operation 13 'alloca' 'n1' <Predicate = true> <Delay = 0.00>
ST_1 : Operation 14 [1/1] (0.00ns)   --->   "%indvar_flatten6 = alloca i32 1"   --->   Operation 14 'alloca' 'indvar_flatten6' <Predicate = true> <Delay = 0.00>
ST_1 : Operation 15 [1/1] (0.00ns)   --->   "%specinterface_ln0 = specinterface void @_ssdm_op_SpecInterface, i32 %aPipes_4, void @empty_16, i32 0, i32 0, void @empty_24, i32 0, i32 0, void @empty_24, void @empty_24, void @empty_24, i32 0, i32 0, i32 0, i32 0, void @empty_24, void @empty_24, i32 4294967295, i32 0, i32 0"   --->   Operation 15 'specinterface' 'specinterface_ln0' <Predicate = true> <Delay = 0.00>
ST_1 : Operation 16 [1/1] (0.00ns)   --->   "%specinterface_ln0 = specinterface void @_ssdm_op_SpecInterface, i32 %aPipes_5, void @empty_16, i32 0, i32 0, void @empty_24, i32 0, i32 0, void @empty_24, void @empty_24, void @empty_24, i32 0, i32 0, i32 0, i32 0, void @empty_24, void @empty_24, i32 4294967295, i32 0, i32 0"   --->   Operation 16 'specinterface' 'specinterface_ln0' <Predicate = true> <Delay = 0.00>
ST_1 : Operation 17 [1/1] (0.00ns)   --->   "%specinterface_ln0 = specinterface void @_ssdm_op_SpecInterface, i256 %bPipes_4, void @empty_16, i32 0, i32 0, void @empty_24, i32 0, i32 0, void @empty_24, void @empty_24, void @empty_24, i32 0, i32 0, i32 0, i32 0, void @empty_24, void @empty_24, i32 4294967295, i32 0, i32 0"   --->   Operation 17 'specinterface' 'specinterface_ln0' <Predicate = true> <Delay = 0.00>
ST_1 : Operation 18 [1/1] (0.00ns)   --->   "%specinterface_ln0 = specinterface void @_ssdm_op_SpecInterface, i256 %bPipes_5, void @empty_16, i32 0, i32 0, void @empty_24, i32 0, i32 0, void @empty_24, void @empty_24, void @empty_24, i32 0, i32 0, i32 0, i32 0, void @empty_24, void @empty_24, i32 4294967295, i32 0, i32 0"   --->   Operation 18 'specinterface' 'specinterface_ln0' <Predicate = true> <Delay = 0.00>
ST_1 : Operation 19 [1/1] (0.00ns)   --->   "%brmerge282_read = read i1 @_ssdm_op_Read.ap_auto.i1, i1 %brmerge282"   --->   Operation 19 'read' 'brmerge282_read' <Predicate = true> <Delay = 0.00>
ST_1 : Operation 20 [1/1] (0.00ns)   --->   "%size_n_read = read i32 @_ssdm_op_Read.ap_auto.i32, i32 %size_n"   --->   Operation 20 'read' 'size_n_read' <Predicate = true> <Delay = 0.00>
ST_1 : Operation 21 [1/1] (0.00ns)   --->   "%cond_read = read i5 @_ssdm_op_Read.ap_auto.i5, i5 %cond"   --->   Operation 21 'read' 'cond_read' <Predicate = true> <Delay = 0.00>
ST_1 : Operation 22 [1/1] (0.00ns)   --->   "%mul_read = read i27 @_ssdm_op_Read.ap_auto.i27, i27 %mul"   --->   Operation 22 'read' 'mul_read' <Predicate = true> <Delay = 0.00>
ST_1 : Operation 23 [1/1] (0.00ns)   --->   "%cond90_read = read i5 @_ssdm_op_Read.ap_auto.i5, i5 %cond90"   --->   Operation 23 'read' 'cond90_read' <Predicate = true> <Delay = 0.00>
ST_1 : Operation 24 [1/1] (0.00ns)   --->   "%size_m_read = read i32 @_ssdm_op_Read.ap_auto.i32, i32 %size_m"   --->   Operation 24 'read' 'size_m_read' <Predicate = true> <Delay = 0.00>
ST_1 : Operation 25 [1/1] (0.00ns)   --->   "%cmp111_read = read i1 @_ssdm_op_Read.ap_auto.i1, i1 %cmp111"   --->   Operation 25 'read' 'cmp111_read' <Predicate = true> <Delay = 0.00>
ST_1 : Operation 26 [1/1] (0.00ns)   --->   "%m0_read = read i23 @_ssdm_op_Read.ap_auto.i23, i23 %m0"   --->   Operation 26 'read' 'm0_read' <Predicate = true> <Delay = 0.00>
ST_1 : Operation 27 [1/1] (0.38ns)   --->   "%store_ln0 = store i11 0, i11 %indvar_flatten6"   --->   Operation 27 'store' 'store_ln0' <Predicate = true> <Delay = 0.38>
ST_1 : Operation 28 [1/1] (0.38ns)   --->   "%store_ln64 = store i5 0, i5 %n1" [../kernel/Compute.cpp:64]   --->   Operation 28 'store' 'store_ln64' <Predicate = true> <Delay = 0.38>
ST_1 : Operation 29 [1/1] (0.38ns)   --->   "%store_ln67 = store i7 0, i7 %m1" [../kernel/Compute.cpp:67]   --->   Operation 29 'store' 'store_ln67' <Predicate = true> <Delay = 0.38>
ST_1 : Operation 30 [1/1] (0.00ns)   --->   "%br_ln64 = br void %for.body58" [../kernel/Compute.cpp:64]   --->   Operation 30 'br' 'br_ln64' <Predicate = true> <Delay = 0.00>
ST_1 : Operation 31 [1/1] (0.00ns)   --->   "%indvar_flatten6_load = load i11 %indvar_flatten6" [../kernel/Compute.cpp:64]   --->   Operation 31 'load' 'indvar_flatten6_load' <Predicate = true> <Delay = 0.00>
ST_1 : Operation 32 [1/1] (0.73ns)   --->   "%icmp_ln64 = icmp_eq  i11 %indvar_flatten6_load, i11 1024" [../kernel/Compute.cpp:64]   --->   Operation 32 'icmp' 'icmp_ln64' <Predicate = true> <Delay = 0.73> <CoreInst = "Cmp">   --->   Core 9 'Cmp' <Latency = 0> <II = 1> <Delay = 0.73> <FuncUnit> <Opcode : 'seteq' 'setne' 'setle' 'setge' 'setlt' 'setgt'> <InPorts = 2> <OutPorts = 1>
ST_1 : Operation 33 [1/1] (0.73ns)   --->   "%add_ln64 = add i11 %indvar_flatten6_load, i11 1" [../kernel/Compute.cpp:64]   --->   Operation 33 'add' 'add_ln64' <Predicate = true> <Delay = 0.73> <CoreInst = "Adder">   --->   Core 1 'Adder' <Latency = 0> <II = 1> <Delay = 0.73> <FuncUnit> <Opcode : 'add' 'sub'> <InPorts = 2> <OutPorts = 1>
ST_1 : Operation 34 [1/1] (0.00ns)   --->   "%br_ln64 = br i1 %icmp_ln64, void %for.inc165, void %for.inc168.exitStub" [../kernel/Compute.cpp:64]   --->   Operation 34 'br' 'br_ln64' <Predicate = true> <Delay = 0.00>
ST_1 : Operation 35 [1/1] (0.00ns)   --->   "%m1_load = load i7 %m1" [../kernel/Compute.cpp:67]   --->   Operation 35 'load' 'm1_load' <Predicate = (!icmp_ln64)> <Delay = 0.00>
ST_1 : Operation 36 [1/1] (0.70ns)   --->   "%icmp_ln67 = icmp_eq  i7 %m1_load, i7 64" [../kernel/Compute.cpp:67]   --->   Operation 36 'icmp' 'icmp_ln67' <Predicate = (!icmp_ln64)> <Delay = 0.70> <CoreInst = "Cmp">   --->   Core 9 'Cmp' <Latency = 0> <II = 1> <Delay = 0.70> <FuncUnit> <Opcode : 'seteq' 'setne' 'setle' 'setge' 'setlt' 'setgt'> <InPorts = 2> <OutPorts = 1>
ST_1 : Operation 37 [1/1] (0.30ns)   --->   "%select_ln64 = select i1 %icmp_ln67, i7 0, i7 %m1_load" [../kernel/Compute.cpp:64]   --->   Operation 37 'select' 'select_ln64' <Predicate = (!icmp_ln64)> <Delay = 0.30> <CoreInst = "Sel">   --->   Core 73 'Sel' <Latency = 0> <II = 1> <Delay = 0.30> <FuncUnit> <Opcode : 'select'> <InPorts = 3> <OutPorts = 1>
ST_1 : Operation 38 [1/1] (0.00ns)   --->   "%tmp = partselect i5 @_ssdm_op_PartSelect.i5.i7.i32.i32, i7 %select_ln64, i32 2, i32 6" [../kernel/Compute.cpp:82]   --->   Operation 38 'partselect' 'tmp' <Predicate = (!icmp_ln64)> <Delay = 0.00>
ST_1 : Operation 39 [1/1] (0.70ns)   --->   "%icmp_ln82 = icmp_ne  i5 %tmp, i5 0" [../kernel/Compute.cpp:82]   --->   Operation 39 'icmp' 'icmp_ln82' <Predicate = (!icmp_ln64)> <Delay = 0.70> <CoreInst = "Cmp">   --->   Core 9 'Cmp' <Latency = 0> <II = 1> <Delay = 0.70> <FuncUnit> <Opcode : 'seteq' 'setne' 'setle' 'setge' 'setlt' 'setgt'> <InPorts = 2> <OutPorts = 1>
ST_1 : Operation 40 [1/1] (0.00ns)   --->   "%tmp_8 = partselect i2 @_ssdm_op_PartSelect.i2.i7.i32.i32, i7 %select_ln64, i32 5, i32 6" [../kernel/Compute.cpp:83]   --->   Operation 40 'partselect' 'tmp_8' <Predicate = (!icmp_ln64)> <Delay = 0.00>
ST_1 : Operation 41 [1/1] (0.43ns)   --->   "%icmp_ln83 = icmp_eq  i2 %tmp_8, i2 0" [../kernel/Compute.cpp:83]   --->   Operation 41 'icmp' 'icmp_ln83' <Predicate = (!icmp_ln64)> <Delay = 0.43> <CoreInst = "Cmp">   --->   Core 9 'Cmp' <Latency = 0> <II = 1> <Delay = 0.43> <FuncUnit> <Opcode : 'seteq' 'setne' 'setle' 'setge' 'setlt' 'setgt'> <InPorts = 2> <OutPorts = 1>
ST_1 : Operation 42 [1/1] (0.00ns) (grouped into LUT with out node and_ln80_5)   --->   "%and_ln80 = and i1 %icmp_ln82, i1 %brmerge282_read" [../kernel/Compute.cpp:80]   --->   Operation 42 'and' 'and_ln80' <Predicate = (!icmp_ln64)> <Delay = 0.00> <CoreInst = "LogicGate">   --->   Core 74 'LogicGate' <Latency = 0> <II = 1> <Delay = 0.12> <FuncUnit> <Opcode : 'and' 'or' 'xor'> <InPorts = 2> <OutPorts = 1>
ST_1 : Operation 43 [1/1] (0.12ns) (out node of the LUT)   --->   "%and_ln80_5 = and i1 %and_ln80, i1 %icmp_ln83" [../kernel/Compute.cpp:80]   --->   Operation 43 'and' 'and_ln80_5' <Predicate = (!icmp_ln64)> <Delay = 0.12> <CoreInst = "LogicGate">   --->   Core 74 'LogicGate' <Latency = 0> <II = 1> <Delay = 0.12> <FuncUnit> <Opcode : 'and' 'or' 'xor'> <InPorts = 2> <OutPorts = 1>
ST_1 : Operation 44 [1/1] (0.00ns)   --->   "%br_ln80 = br i1 %and_ln80_5, void %if.end86_ifconv, void %if.then72" [../kernel/Compute.cpp:80]   --->   Operation 44 'br' 'br_ln80' <Predicate = (!icmp_ln64)> <Delay = 0.00>
ST_1 : Operation 45 [1/1] (0.70ns)   --->   "%icmp_ln85 = icmp_eq  i7 %select_ln64, i7 4" [../kernel/Compute.cpp:85]   --->   Operation 45 'icmp' 'icmp_ln85' <Predicate = (!icmp_ln64 & and_ln80_5)> <Delay = 0.70> <CoreInst = "Cmp">   --->   Core 9 'Cmp' <Latency = 0> <II = 1> <Delay = 0.70> <FuncUnit> <Opcode : 'seteq' 'setne' 'setle' 'setge' 'setlt' 'setgt'> <InPorts = 2> <OutPorts = 1>
ST_1 : Operation 46 [1/1] (0.00ns)   --->   "%br_ln85 = br i1 %icmp_ln85, void %if.then83, void %if.then75" [../kernel/Compute.cpp:85]   --->   Operation 46 'br' 'br_ln85' <Predicate = (!icmp_ln64 & and_ln80_5)> <Delay = 0.00>
ST_1 : Operation 47 [1/1] (0.00ns)   --->   "%br_ln97 = br void %if.end86_ifconv" [../kernel/Compute.cpp:97]   --->   Operation 47 'br' 'br_ln97' <Predicate = (!icmp_ln64 & and_ln80_5)> <Delay = 0.00>
ST_1 : Operation 48 [1/1] (0.70ns)   --->   "%add_ln67 = add i7 %select_ln64, i7 1" [../kernel/Compute.cpp:67]   --->   Operation 48 'add' 'add_ln67' <Predicate = (!icmp_ln64)> <Delay = 0.70> <CoreInst = "Adder">   --->   Core 1 'Adder' <Latency = 0> <II = 1> <Delay = 0.70> <FuncUnit> <Opcode : 'add' 'sub'> <InPorts = 2> <OutPorts = 1>
ST_1 : Operation 49 [1/1] (0.38ns)   --->   "%store_ln64 = store i11 %add_ln64, i11 %indvar_flatten6" [../kernel/Compute.cpp:64]   --->   Operation 49 'store' 'store_ln64' <Predicate = (!icmp_ln64)> <Delay = 0.38>
ST_1 : Operation 50 [1/1] (0.38ns)   --->   "%store_ln67 = store i7 %add_ln67, i7 %m1" [../kernel/Compute.cpp:67]   --->   Operation 50 'store' 'store_ln67' <Predicate = (!icmp_ln64)> <Delay = 0.38>

State 2 <SV = 1> <Delay = 2.93>
ST_2 : Operation 51 [1/1] (0.00ns)   --->   "%n1_load = load i5 %n1" [../kernel/Compute.cpp:64]   --->   Operation 51 'load' 'n1_load' <Predicate = true> <Delay = 0.00>
ST_2 : Operation 52 [1/1] (0.70ns)   --->   "%add_ln64_5 = add i5 %n1_load, i5 1" [../kernel/Compute.cpp:64]   --->   Operation 52 'add' 'add_ln64_5' <Predicate = (icmp_ln67)> <Delay = 0.70> <CoreInst = "Adder">   --->   Core 1 'Adder' <Latency = 0> <II = 1> <Delay = 0.70> <FuncUnit> <Opcode : 'add' 'sub'> <InPorts = 2> <OutPorts = 1>
ST_2 : Operation 53 [1/1] (0.27ns)   --->   "%select_ln64_5 = select i1 %icmp_ln67, i5 %add_ln64_5, i5 %n1_load" [../kernel/Compute.cpp:64]   --->   Operation 53 'select' 'select_ln64_5' <Predicate = true> <Delay = 0.27> <CoreInst = "Sel">   --->   Core 73 'Sel' <Latency = 0> <II = 1> <Delay = 0.27> <FuncUnit> <Opcode : 'select'> <InPorts = 3> <OutPorts = 1>
ST_2 : Operation 54 [1/1] (0.00ns)   --->   "%zext_ln64 = zext i5 %select_ln64_5" [../kernel/Compute.cpp:64]   --->   Operation 54 'zext' 'zext_ln64' <Predicate = true> <Delay = 0.00>
ST_2 : Operation 55 [1/1] (0.70ns)   --->   "%add91 = add i5 %select_ln64_5, i5 %cond90_read" [../kernel/Compute.cpp:64]   --->   Operation 55 'add' 'add91' <Predicate = true> <Delay = 0.70> <CoreInst = "Adder">   --->   Core 1 'Adder' <Latency = 0> <II = 1> <Delay = 0.70> <FuncUnit> <Opcode : 'add' 'sub'> <InPorts = 2> <OutPorts = 1>
ST_2 : Operation 56 [1/1] (0.85ns)   --->   "%add106 = add i27 %mul_read, i27 %zext_ln64" [../kernel/Compute.cpp:64]   --->   Operation 56 'add' 'add106' <Predicate = true> <Delay = 0.85> <CoreInst = "Adder">   --->   Core 1 'Adder' <Latency = 0> <II = 1> <Delay = 0.85> <FuncUnit> <Opcode : 'add' 'sub'> <InPorts = 2> <OutPorts = 1>
ST_2 : Operation 57 [1/1] (0.00ns)   --->   "%add106_cast = zext i27 %add106" [../kernel/Compute.cpp:64]   --->   Operation 57 'zext' 'add106_cast' <Predicate = true> <Delay = 0.00>
ST_2 : Operation 58 [1/1] (0.00ns)   --->   "%empty_180 = trunc i5 %select_ln64_5" [../kernel/Compute.cpp:64]   --->   Operation 58 'trunc' 'empty_180' <Predicate = true> <Delay = 0.00>
ST_2 : Operation 59 [1/1] (0.70ns)   --->   "%add = add i5 %select_ln64_5, i5 %cond_read" [../kernel/Compute.cpp:64]   --->   Operation 59 'add' 'add' <Predicate = true> <Delay = 0.70> <CoreInst = "Adder">   --->   Core 1 'Adder' <Latency = 0> <II = 1> <Delay = 0.70> <FuncUnit> <Opcode : 'add' 'sub'> <InPorts = 2> <OutPorts = 1>
ST_2 : Operation 60 [1/1] (0.00ns)   --->   "%add_cast = zext i5 %add" [../kernel/Compute.cpp:64]   --->   Operation 60 'zext' 'add_cast' <Predicate = true> <Delay = 0.00>
ST_2 : Operation 61 [1/1] (0.00ns)   --->   "%aBuffer_addr_6 = getelementptr i32 %aBuffer, i64 0, i64 %add_cast" [../kernel/Compute.cpp:64]   --->   Operation 61 'getelementptr' 'aBuffer_addr_6' <Predicate = true> <Delay = 0.00>
ST_2 : Operation 62 [1/1] (0.88ns)   --->   "%inBoundsN = icmp_ult  i32 %add106_cast, i32 %size_n_read" [../kernel/Compute.cpp:64]   --->   Operation 62 'icmp' 'inBoundsN' <Predicate = true> <Delay = 0.88> <CoreInst = "Cmp">   --->   Core 9 'Cmp' <Latency = 0> <II = 1> <Delay = 0.88> <FuncUnit> <Opcode : 'seteq' 'setne' 'setle' 'setge' 'setlt' 'setgt'> <InPorts = 2> <OutPorts = 1>
ST_2 : Operation 63 [1/1] (1.46ns)   --->   "%read = read i32 @_ssdm_op_Read.ap_fifo.volatile.i32P0A, i32 %aPipes_4" [/home/minghe/gemm_hls/hlslib/include/hlslib/xilinx/Stream.h:199->/home/minghe/gemm_hls/hlslib/include/hlslib/xilinx/Stream.h:153->../kernel/Compute.cpp:84]   --->   Operation 63 'read' 'read' <Predicate = (and_ln80_5)> <Delay = 1.46> <CoreInst = "FIFO_SRL">   --->   Core 80 'FIFO_SRL' <Latency = 0> <II = 1> <Delay = 1.46> <Storage> <Opcode : 'read' 'write' 'nbread' 'nbwrite'> <Ports = 0> <Width = 32> <Depth = 4> <FIFO>
ST_2 : Operation 64 [1/1] (1.46ns)   --->   "%write_ln406 = write void @_ssdm_op_Write.ap_fifo.volatile.i32P0A, i32 %aPipes_5, i32 %read" [/home/minghe/gemm_hls/hlslib/include/hlslib/xilinx/Stream.h:406->/home/minghe/gemm_hls/hlslib/include/hlslib/xilinx/Stream.h:277->/home/minghe/gemm_hls/hlslib/include/hlslib/xilinx/Stream.h:146->../kernel/Compute.cpp:94]   --->   Operation 64 'write' 'write_ln406' <Predicate = (and_ln80_5 & !icmp_ln85)> <Delay = 1.46> <CoreInst = "FIFO_SRL">   --->   Core 80 'FIFO_SRL' <Latency = 0> <II = 1> <Delay = 1.46> <Storage> <Opcode : 'read' 'write' 'nbread' 'nbwrite'> <Ports = 0> <Width = 32> <Depth = 4> <FIFO>
ST_2 : Operation 65 [1/1] (0.00ns)   --->   "%br_ln0 = br void %if.end85"   --->   Operation 65 'br' 'br_ln0' <Predicate = (and_ln80_5 & !icmp_ln85)> <Delay = 0.00>
ST_2 : Operation 66 [1/1] (0.69ns)   --->   "%store_ln150 = store i32 %read, i5 %aBuffer_addr_6" [/home/minghe/gemm_hls/hlslib/include/hlslib/xilinx/DataPack.h:150->../kernel/Compute.cpp:87]   --->   Operation 66 'store' 'store_ln150' <Predicate = (and_ln80_5 & icmp_ln85)> <Delay = 0.69> <CoreInst = "RAM">   --->   Core 82 'RAM' <Latency = 1> <II = 1> <Delay = 0.69> <Storage> <Opcode : 'load' 'store'> <Ports = 2> <Width = 32> <Depth = 32> <RAM>
ST_2 : Operation 67 [1/1] (0.00ns)   --->   "%br_ln89 = br void %if.end85" [../kernel/Compute.cpp:89]   --->   Operation 67 'br' 'br_ln89' <Predicate = (and_ln80_5 & icmp_ln85)> <Delay = 0.00>
ST_2 : Operation 68 [1/1] (0.38ns)   --->   "%store_ln64 = store i5 %select_ln64_5, i5 %n1" [../kernel/Compute.cpp:64]   --->   Operation 68 'store' 'store_ln64' <Predicate = true> <Delay = 0.38>

State 3 <SV = 2> <Delay = 0.69>
ST_3 : Operation 69 [1/1] (0.00ns)   --->   "%add91_cast = zext i5 %add91" [../kernel/Compute.cpp:64]   --->   Operation 69 'zext' 'add91_cast' <Predicate = true> <Delay = 0.00>
ST_3 : Operation 70 [1/1] (0.00ns)   --->   "%aBuffer_addr = getelementptr i32 %aBuffer, i64 0, i64 %add91_cast" [../kernel/Compute.cpp:64]   --->   Operation 70 'getelementptr' 'aBuffer_addr' <Predicate = true> <Delay = 0.00>
ST_3 : Operation 71 [2/2] (0.69ns)   --->   "%aVal = load i5 %aBuffer_addr" [../kernel/Compute.cpp:101]   --->   Operation 71 'load' 'aVal' <Predicate = true> <Delay = 0.69> <CoreInst = "RAM">   --->   Core 82 'RAM' <Latency = 1> <II = 1> <Delay = 0.69> <Storage> <Opcode : 'load' 'store'> <Ports = 2> <Width = 32> <Depth = 32> <RAM>

State 4 <SV = 3> <Delay = 5.88>
ST_4 : Operation 72 [1/1] (0.00ns)   --->   "%specloopname_ln0 = specloopname void @_ssdm_op_SpecLoopName, void @Pipeline_N_Pipeline_M_str"   --->   Operation 72 'specloopname' 'specloopname_ln0' <Predicate = true> <Delay = 0.00>
ST_4 : Operation 73 [1/1] (0.00ns)   --->   "%speclooptripcount_ln0 = speclooptripcount void @_ssdm_op_SpecLoopTripCount, i64 1024, i64 1024, i64 1024"   --->   Operation 73 'speclooptripcount' 'speclooptripcount_ln0' <Predicate = true> <Delay = 0.00>
ST_4 : Operation 74 [1/1] (0.00ns)   --->   "%mul6 = bitconcatenate i10 @_ssdm_op_BitConcatenate.i10.i4.i6, i4 %empty_180, i6 0" [../kernel/Compute.cpp:64]   --->   Operation 74 'bitconcatenate' 'mul6' <Predicate = true> <Delay = 0.00>
ST_4 : Operation 75 [1/1] (0.00ns)   --->   "%zext_ln67 = zext i7 %select_ln64" [../kernel/Compute.cpp:67]   --->   Operation 75 'zext' 'zext_ln67' <Predicate = true> <Delay = 0.00>
ST_4 : Operation 76 [1/1] (0.00ns)   --->   "%specpipeline_ln70 = specpipeline void @_ssdm_op_SpecPipeline, i32 1, i32 0, i32 0, i32 0, void @empty_24" [../kernel/Compute.cpp:70]   --->   Operation 76 'specpipeline' 'specpipeline_ln70' <Predicate = true> <Delay = 0.00>
ST_4 : Operation 77 [1/2] (0.69ns)   --->   "%aVal = load i5 %aBuffer_addr" [../kernel/Compute.cpp:101]   --->   Operation 77 'load' 'aVal' <Predicate = true> <Delay = 0.69> <CoreInst = "RAM">   --->   Core 82 'RAM' <Latency = 1> <II = 1> <Delay = 0.69> <Storage> <Opcode : 'load' 'store'> <Ports = 2> <Width = 32> <Depth = 32> <RAM>
ST_4 : Operation 78 [1/1] (0.98ns)   --->   "%bVal = read i256 @_ssdm_op_Read.ap_fifo.volatile.i256P0A, i256 %bPipes_4" [/home/minghe/gemm_hls/hlslib/include/hlslib/xilinx/Stream.h:199->/home/minghe/gemm_hls/hlslib/include/hlslib/xilinx/Stream.h:153->../kernel/Compute.cpp:103]   --->   Operation 78 'read' 'bVal' <Predicate = true> <Delay = 0.98> <CoreInst = "FIFO_SRL">   --->   Core 80 'FIFO_SRL' <Latency = 0> <II = 1> <Delay = 0.98> <Storage> <Opcode : 'read' 'write' 'nbread' 'nbwrite'> <Ports = 0> <Width = 256> <Depth = 4> <FIFO>
ST_4 : Operation 79 [1/1] (0.98ns)   --->   "%write_ln406 = write void @_ssdm_op_Write.ap_fifo.volatile.i256P0A, i256 %bPipes_5, i256 %bVal" [/home/minghe/gemm_hls/hlslib/include/hlslib/xilinx/Stream.h:406->/home/minghe/gemm_hls/hlslib/include/hlslib/xilinx/Stream.h:277->/home/minghe/gemm_hls/hlslib/include/hlslib/xilinx/Stream.h:146->../kernel/Compute.cpp:105]   --->   Operation 79 'write' 'write_ln406' <Predicate = true> <Delay = 0.98> <CoreInst = "FIFO_SRL">   --->   Core 80 'FIFO_SRL' <Latency = 0> <II = 1> <Delay = 0.98> <Storage> <Opcode : 'read' 'write' 'nbread' 'nbwrite'> <Ports = 0> <Width = 256> <Depth = 4> <FIFO>
ST_4 : Operation 80 [1/1] (0.72ns)   --->   "%add115 = add i10 %mul6, i10 %zext_ln67" [../kernel/Compute.cpp:64]   --->   Operation 80 'add' 'add115' <Predicate = true> <Delay = 0.72> <CoreInst = "Adder">   --->   Core 1 'Adder' <Latency = 0> <II = 1> <Delay = 0.72> <FuncUnit> <Opcode : 'add' 'sub'> <InPorts = 2> <OutPorts = 1>
ST_4 : Operation 81 [1/1] (0.00ns)   --->   "%add115_cast = zext i10 %add115" [../kernel/Compute.cpp:64]   --->   Operation 81 'zext' 'add115_cast' <Predicate = true> <Delay = 0.00>
ST_4 : Operation 82 [1/1] (0.00ns)   --->   "%empty = trunc i7 %select_ln64" [../kernel/Compute.cpp:64]   --->   Operation 82 'trunc' 'empty' <Predicate = true> <Delay = 0.00>
ST_4 : Operation 83 [1/1] (0.00ns)   --->   "%add5 = bitconcatenate i32 @_ssdm_op_BitConcatenate.i32.i23.i6.i3, i23 %m0_read, i6 %empty, i3 0" [../kernel/Compute.cpp:64]   --->   Operation 83 'bitconcatenate' 'add5' <Predicate = true> <Delay = 0.00>
ST_4 : Operation 84 [1/1] (0.00ns)   --->   "%cBuffer_addr = getelementptr i256 %cBuffer, i64 0, i64 %add115_cast" [/home/minghe/gemm_hls/hlslib/include/hlslib/xilinx/DataPack.h:150->../kernel/Compute.cpp:141]   --->   Operation 84 'getelementptr' 'cBuffer_addr' <Predicate = true> <Delay = 0.00>
ST_4 : Operation 85 [2/2] (1.20ns)   --->   "%cPrev = load i10 %cBuffer_addr" [../kernel/Compute.cpp:117]   --->   Operation 85 'load' 'cPrev' <Predicate = (!cmp111_read)> <Delay = 1.20> <CoreInst = "RAM">   --->   Core 82 'RAM' <Latency = 1> <II = 1> <Delay = 1.20> <Storage> <Opcode : 'load' 'store'> <Ports = 2> <Width = 256> <Depth = 1024> <RAM>
ST_4 : Operation 86 [1/1] (0.88ns)   --->   "%inBoundsM = icmp_ult  i32 %add5, i32 %size_m_read" [../kernel/Compute.cpp:125]   --->   Operation 86 'icmp' 'inBoundsM' <Predicate = true> <Delay = 0.88> <CoreInst = "Cmp">   --->   Core 9 'Cmp' <Latency = 0> <II = 1> <Delay = 0.88> <FuncUnit> <Opcode : 'seteq' 'setne' 'setle' 'setge' 'setlt' 'setgt'> <InPorts = 2> <OutPorts = 1>
ST_4 : Operation 87 [1/1] (0.00ns)   --->   "%bitcast_ln32 = bitcast i32 %aVal" [/home/minghe/gemm_hls/hlslib/include/hlslib/xilinx/DataPack.h:32->/home/minghe/gemm_hls/hlslib/include/hlslib/xilinx/DataPack.h:171->/home/minghe/gemm_hls/hlslib/include/hlslib/xilinx/DataPack.h:239->../kernel/Compute.cpp:129]   --->   Operation 87 'bitcast' 'bitcast_ln32' <Predicate = true> <Delay = 0.00>
ST_4 : Operation 88 [1/1] (0.00ns)   --->   "%trunc_ln170 = trunc i256 %bVal" [/home/minghe/gemm_hls/hlslib/include/hlslib/xilinx/DataPack.h:170->/home/minghe/gemm_hls/hlslib/include/hlslib/xilinx/DataPack.h:239->../kernel/Compute.cpp:129]   --->   Operation 88 'trunc' 'trunc_ln170' <Predicate = true> <Delay = 0.00>
ST_4 : Operation 89 [1/1] (0.00ns)   --->   "%bitcast_ln32_65 = bitcast i32 %trunc_ln170" [/home/minghe/gemm_hls/hlslib/include/hlslib/xilinx/DataPack.h:32->/home/minghe/gemm_hls/hlslib/include/hlslib/xilinx/DataPack.h:171->/home/minghe/gemm_hls/hlslib/include/hlslib/xilinx/DataPack.h:239->../kernel/Compute.cpp:129]   --->   Operation 89 'bitcast' 'bitcast_ln32_65' <Predicate = true> <Delay = 0.00>
ST_4 : Operation 90 [2/2] (4.90ns)   --->   "%res_131 = fmul i32 %bitcast_ln32, i32 %bitcast_ln32_65" [/home/minghe/gemm_hls/hlslib/include/hlslib/xilinx/Operators.h:50->../kernel/Compute.cpp:129]   --->   Operation 90 'fmul' 'res_131' <Predicate = true> <Delay = 4.90> <CoreInst = "FMul_maxdsp">   --->   Core 30 'FMul_maxdsp' <Latency = 1> <II = 1> <Delay = 4.90> <FuncUnit> <Opcode : 'fmul'> <InPorts = 2> <OutPorts = 1>
ST_4 : Operation 91 [1/1] (0.00ns)   --->   "%or_ln = bitconcatenate i32 @_ssdm_op_BitConcatenate.i32.i23.i6.i3, i23 %m0_read, i6 %empty, i3 1" [../kernel/Compute.cpp:125]   --->   Operation 91 'bitconcatenate' 'or_ln' <Predicate = true> <Delay = 0.00>
ST_4 : Operation 92 [1/1] (0.88ns)   --->   "%inBoundsM_36 = icmp_ult  i32 %or_ln, i32 %size_m_read" [../kernel/Compute.cpp:125]   --->   Operation 92 'icmp' 'inBoundsM_36' <Predicate = true> <Delay = 0.88> <CoreInst = "Cmp">   --->   Core 9 'Cmp' <Latency = 0> <II = 1> <Delay = 0.88> <FuncUnit> <Opcode : 'seteq' 'setne' 'setle' 'setge' 'setlt' 'setgt'> <InPorts = 2> <OutPorts = 1>
ST_4 : Operation 93 [1/1] (0.00ns)   --->   "%tmp_s = partselect i32 @_ssdm_op_PartSelect.i32.i256.i32.i32, i256 %bVal, i32 32, i32 63" [/home/minghe/gemm_hls/hlslib/include/hlslib/xilinx/DataPack.h:170->/home/minghe/gemm_hls/hlslib/include/hlslib/xilinx/DataPack.h:239->../kernel/Compute.cpp:129]   --->   Operation 93 'partselect' 'tmp_s' <Predicate = true> <Delay = 0.00>
ST_4 : Operation 94 [1/1] (0.00ns)   --->   "%bitcast_ln32_67 = bitcast i32 %tmp_s" [/home/minghe/gemm_hls/hlslib/include/hlslib/xilinx/DataPack.h:32->/home/minghe/gemm_hls/hlslib/include/hlslib/xilinx/DataPack.h:171->/home/minghe/gemm_hls/hlslib/include/hlslib/xilinx/DataPack.h:239->../kernel/Compute.cpp:129]   --->   Operation 94 'bitcast' 'bitcast_ln32_67' <Predicate = true> <Delay = 0.00>
ST_4 : Operation 95 [2/2] (4.90ns)   --->   "%res_132 = fmul i32 %bitcast_ln32, i32 %bitcast_ln32_67" [/home/minghe/gemm_hls/hlslib/include/hlslib/xilinx/Operators.h:50->../kernel/Compute.cpp:129]   --->   Operation 95 'fmul' 'res_132' <Predicate = true> <Delay = 4.90> <CoreInst = "FMul_maxdsp">   --->   Core 30 'FMul_maxdsp' <Latency = 1> <II = 1> <Delay = 4.90> <FuncUnit> <Opcode : 'fmul'> <InPorts = 2> <OutPorts = 1>
ST_4 : Operation 96 [1/1] (0.00ns)   --->   "%or_ln125_s = bitconcatenate i32 @_ssdm_op_BitConcatenate.i32.i23.i6.i3, i23 %m0_read, i6 %empty, i3 2" [../kernel/Compute.cpp:125]   --->   Operation 96 'bitconcatenate' 'or_ln125_s' <Predicate = true> <Delay = 0.00>
ST_4 : Operation 97 [1/1] (0.88ns)   --->   "%inBoundsM_37 = icmp_ult  i32 %or_ln125_s, i32 %size_m_read" [../kernel/Compute.cpp:125]   --->   Operation 97 'icmp' 'inBoundsM_37' <Predicate = true> <Delay = 0.88> <CoreInst = "Cmp">   --->   Core 9 'Cmp' <Latency = 0> <II = 1> <Delay = 0.88> <FuncUnit> <Opcode : 'seteq' 'setne' 'setle' 'setge' 'setlt' 'setgt'> <InPorts = 2> <OutPorts = 1>
ST_4 : Operation 98 [1/1] (0.00ns)   --->   "%tmp_72 = partselect i32 @_ssdm_op_PartSelect.i32.i256.i32.i32, i256 %bVal, i32 64, i32 95" [/home/minghe/gemm_hls/hlslib/include/hlslib/xilinx/DataPack.h:170->/home/minghe/gemm_hls/hlslib/include/hlslib/xilinx/DataPack.h:239->../kernel/Compute.cpp:129]   --->   Operation 98 'partselect' 'tmp_72' <Predicate = true> <Delay = 0.00>
ST_4 : Operation 99 [1/1] (0.00ns)   --->   "%bitcast_ln32_69 = bitcast i32 %tmp_72" [/home/minghe/gemm_hls/hlslib/include/hlslib/xilinx/DataPack.h:32->/home/minghe/gemm_hls/hlslib/include/hlslib/xilinx/DataPack.h:171->/home/minghe/gemm_hls/hlslib/include/hlslib/xilinx/DataPack.h:239->../kernel/Compute.cpp:129]   --->   Operation 99 'bitcast' 'bitcast_ln32_69' <Predicate = true> <Delay = 0.00>
ST_4 : Operation 100 [2/2] (4.90ns)   --->   "%res_133 = fmul i32 %bitcast_ln32, i32 %bitcast_ln32_69" [/home/minghe/gemm_hls/hlslib/include/hlslib/xilinx/Operators.h:50->../kernel/Compute.cpp:129]   --->   Operation 100 'fmul' 'res_133' <Predicate = true> <Delay = 4.90> <CoreInst = "FMul_maxdsp">   --->   Core 30 'FMul_maxdsp' <Latency = 1> <II = 1> <Delay = 4.90> <FuncUnit> <Opcode : 'fmul'> <InPorts = 2> <OutPorts = 1>
ST_4 : Operation 101 [1/1] (0.00ns)   --->   "%or_ln125_11 = bitconcatenate i32 @_ssdm_op_BitConcatenate.i32.i23.i6.i3, i23 %m0_read, i6 %empty, i3 3" [../kernel/Compute.cpp:125]   --->   Operation 101 'bitconcatenate' 'or_ln125_11' <Predicate = true> <Delay = 0.00>
ST_4 : Operation 102 [1/1] (0.88ns)   --->   "%inBoundsM_38 = icmp_ult  i32 %or_ln125_11, i32 %size_m_read" [../kernel/Compute.cpp:125]   --->   Operation 102 'icmp' 'inBoundsM_38' <Predicate = true> <Delay = 0.88> <CoreInst = "Cmp">   --->   Core 9 'Cmp' <Latency = 0> <II = 1> <Delay = 0.88> <FuncUnit> <Opcode : 'seteq' 'setne' 'setle' 'setge' 'setlt' 'setgt'> <InPorts = 2> <OutPorts = 1>
ST_4 : Operation 103 [1/1] (0.00ns)   --->   "%tmp_74 = partselect i32 @_ssdm_op_PartSelect.i32.i256.i32.i32, i256 %bVal, i32 96, i32 127" [/home/minghe/gemm_hls/hlslib/include/hlslib/xilinx/DataPack.h:170->/home/minghe/gemm_hls/hlslib/include/hlslib/xilinx/DataPack.h:239->../kernel/Compute.cpp:129]   --->   Operation 103 'partselect' 'tmp_74' <Predicate = true> <Delay = 0.00>
ST_4 : Operation 104 [1/1] (0.00ns)   --->   "%bitcast_ln32_71 = bitcast i32 %tmp_74" [/home/minghe/gemm_hls/hlslib/include/hlslib/xilinx/DataPack.h:32->/home/minghe/gemm_hls/hlslib/include/hlslib/xilinx/DataPack.h:171->/home/minghe/gemm_hls/hlslib/include/hlslib/xilinx/DataPack.h:239->../kernel/Compute.cpp:129]   --->   Operation 104 'bitcast' 'bitcast_ln32_71' <Predicate = true> <Delay = 0.00>
ST_4 : Operation 105 [2/2] (4.90ns)   --->   "%res_134 = fmul i32 %bitcast_ln32, i32 %bitcast_ln32_71" [/home/minghe/gemm_hls/hlslib/include/hlslib/xilinx/Operators.h:50->../kernel/Compute.cpp:129]   --->   Operation 105 'fmul' 'res_134' <Predicate = true> <Delay = 4.90> <CoreInst = "FMul_maxdsp">   --->   Core 30 'FMul_maxdsp' <Latency = 1> <II = 1> <Delay = 4.90> <FuncUnit> <Opcode : 'fmul'> <InPorts = 2> <OutPorts = 1>
ST_4 : Operation 106 [1/1] (0.00ns)   --->   "%or_ln125_12 = bitconcatenate i32 @_ssdm_op_BitConcatenate.i32.i23.i6.i3, i23 %m0_read, i6 %empty, i3 4" [../kernel/Compute.cpp:125]   --->   Operation 106 'bitconcatenate' 'or_ln125_12' <Predicate = true> <Delay = 0.00>
ST_4 : Operation 107 [1/1] (0.88ns)   --->   "%inBoundsM_39 = icmp_ult  i32 %or_ln125_12, i32 %size_m_read" [../kernel/Compute.cpp:125]   --->   Operation 107 'icmp' 'inBoundsM_39' <Predicate = true> <Delay = 0.88> <CoreInst = "Cmp">   --->   Core 9 'Cmp' <Latency = 0> <II = 1> <Delay = 0.88> <FuncUnit> <Opcode : 'seteq' 'setne' 'setle' 'setge' 'setlt' 'setgt'> <InPorts = 2> <OutPorts = 1>
ST_4 : Operation 108 [1/1] (0.00ns)   --->   "%tmp_76 = partselect i32 @_ssdm_op_PartSelect.i32.i256.i32.i32, i256 %bVal, i32 128, i32 159" [/home/minghe/gemm_hls/hlslib/include/hlslib/xilinx/DataPack.h:170->/home/minghe/gemm_hls/hlslib/include/hlslib/xilinx/DataPack.h:239->../kernel/Compute.cpp:129]   --->   Operation 108 'partselect' 'tmp_76' <Predicate = true> <Delay = 0.00>
ST_4 : Operation 109 [1/1] (0.00ns)   --->   "%bitcast_ln32_73 = bitcast i32 %tmp_76" [/home/minghe/gemm_hls/hlslib/include/hlslib/xilinx/DataPack.h:32->/home/minghe/gemm_hls/hlslib/include/hlslib/xilinx/DataPack.h:171->/home/minghe/gemm_hls/hlslib/include/hlslib/xilinx/DataPack.h:239->../kernel/Compute.cpp:129]   --->   Operation 109 'bitcast' 'bitcast_ln32_73' <Predicate = true> <Delay = 0.00>
ST_4 : Operation 110 [2/2] (4.90ns)   --->   "%res_135 = fmul i32 %bitcast_ln32, i32 %bitcast_ln32_73" [/home/minghe/gemm_hls/hlslib/include/hlslib/xilinx/Operators.h:50->../kernel/Compute.cpp:129]   --->   Operation 110 'fmul' 'res_135' <Predicate = true> <Delay = 4.90> <CoreInst = "FMul_maxdsp">   --->   Core 30 'FMul_maxdsp' <Latency = 1> <II = 1> <Delay = 4.90> <FuncUnit> <Opcode : 'fmul'> <InPorts = 2> <OutPorts = 1>
ST_4 : Operation 111 [1/1] (0.00ns)   --->   "%or_ln125_13 = bitconcatenate i32 @_ssdm_op_BitConcatenate.i32.i23.i6.i3, i23 %m0_read, i6 %empty, i3 5" [../kernel/Compute.cpp:125]   --->   Operation 111 'bitconcatenate' 'or_ln125_13' <Predicate = true> <Delay = 0.00>
ST_4 : Operation 112 [1/1] (0.88ns)   --->   "%inBoundsM_40 = icmp_ult  i32 %or_ln125_13, i32 %size_m_read" [../kernel/Compute.cpp:125]   --->   Operation 112 'icmp' 'inBoundsM_40' <Predicate = true> <Delay = 0.88> <CoreInst = "Cmp">   --->   Core 9 'Cmp' <Latency = 0> <II = 1> <Delay = 0.88> <FuncUnit> <Opcode : 'seteq' 'setne' 'setle' 'setge' 'setlt' 'setgt'> <InPorts = 2> <OutPorts = 1>
ST_4 : Operation 113 [1/1] (0.00ns)   --->   "%tmp_78 = partselect i32 @_ssdm_op_PartSelect.i32.i256.i32.i32, i256 %bVal, i32 160, i32 191" [/home/minghe/gemm_hls/hlslib/include/hlslib/xilinx/DataPack.h:170->/home/minghe/gemm_hls/hlslib/include/hlslib/xilinx/DataPack.h:239->../kernel/Compute.cpp:129]   --->   Operation 113 'partselect' 'tmp_78' <Predicate = true> <Delay = 0.00>
ST_4 : Operation 114 [1/1] (0.00ns)   --->   "%bitcast_ln32_75 = bitcast i32 %tmp_78" [/home/minghe/gemm_hls/hlslib/include/hlslib/xilinx/DataPack.h:32->/home/minghe/gemm_hls/hlslib/include/hlslib/xilinx/DataPack.h:171->/home/minghe/gemm_hls/hlslib/include/hlslib/xilinx/DataPack.h:239->../kernel/Compute.cpp:129]   --->   Operation 114 'bitcast' 'bitcast_ln32_75' <Predicate = true> <Delay = 0.00>
ST_4 : Operation 115 [2/2] (4.90ns)   --->   "%res_136 = fmul i32 %bitcast_ln32, i32 %bitcast_ln32_75" [/home/minghe/gemm_hls/hlslib/include/hlslib/xilinx/Operators.h:50->../kernel/Compute.cpp:129]   --->   Operation 115 'fmul' 'res_136' <Predicate = true> <Delay = 4.90> <CoreInst = "FMul_maxdsp">   --->   Core 30 'FMul_maxdsp' <Latency = 1> <II = 1> <Delay = 4.90> <FuncUnit> <Opcode : 'fmul'> <InPorts = 2> <OutPorts = 1>
ST_4 : Operation 116 [1/1] (0.00ns)   --->   "%or_ln125_14 = bitconcatenate i32 @_ssdm_op_BitConcatenate.i32.i23.i6.i3, i23 %m0_read, i6 %empty, i3 6" [../kernel/Compute.cpp:125]   --->   Operation 116 'bitconcatenate' 'or_ln125_14' <Predicate = true> <Delay = 0.00>
ST_4 : Operation 117 [1/1] (0.88ns)   --->   "%inBoundsM_41 = icmp_ult  i32 %or_ln125_14, i32 %size_m_read" [../kernel/Compute.cpp:125]   --->   Operation 117 'icmp' 'inBoundsM_41' <Predicate = true> <Delay = 0.88> <CoreInst = "Cmp">   --->   Core 9 'Cmp' <Latency = 0> <II = 1> <Delay = 0.88> <FuncUnit> <Opcode : 'seteq' 'setne' 'setle' 'setge' 'setlt' 'setgt'> <InPorts = 2> <OutPorts = 1>
ST_4 : Operation 118 [1/1] (0.00ns)   --->   "%tmp_80 = partselect i32 @_ssdm_op_PartSelect.i32.i256.i32.i32, i256 %bVal, i32 192, i32 223" [/home/minghe/gemm_hls/hlslib/include/hlslib/xilinx/DataPack.h:170->/home/minghe/gemm_hls/hlslib/include/hlslib/xilinx/DataPack.h:239->../kernel/Compute.cpp:129]   --->   Operation 118 'partselect' 'tmp_80' <Predicate = true> <Delay = 0.00>
ST_4 : Operation 119 [1/1] (0.00ns)   --->   "%bitcast_ln32_77 = bitcast i32 %tmp_80" [/home/minghe/gemm_hls/hlslib/include/hlslib/xilinx/DataPack.h:32->/home/minghe/gemm_hls/hlslib/include/hlslib/xilinx/DataPack.h:171->/home/minghe/gemm_hls/hlslib/include/hlslib/xilinx/DataPack.h:239->../kernel/Compute.cpp:129]   --->   Operation 119 'bitcast' 'bitcast_ln32_77' <Predicate = true> <Delay = 0.00>
ST_4 : Operation 120 [2/2] (4.90ns)   --->   "%res_137 = fmul i32 %bitcast_ln32, i32 %bitcast_ln32_77" [/home/minghe/gemm_hls/hlslib/include/hlslib/xilinx/Operators.h:50->../kernel/Compute.cpp:129]   --->   Operation 120 'fmul' 'res_137' <Predicate = true> <Delay = 4.90> <CoreInst = "FMul_maxdsp">   --->   Core 30 'FMul_maxdsp' <Latency = 1> <II = 1> <Delay = 4.90> <FuncUnit> <Opcode : 'fmul'> <InPorts = 2> <OutPorts = 1>
ST_4 : Operation 121 [1/1] (0.00ns)   --->   "%or_ln125_15 = bitconcatenate i32 @_ssdm_op_BitConcatenate.i32.i23.i6.i3, i23 %m0_read, i6 %empty, i3 7" [../kernel/Compute.cpp:125]   --->   Operation 121 'bitconcatenate' 'or_ln125_15' <Predicate = true> <Delay = 0.00>
ST_4 : Operation 122 [1/1] (0.88ns)   --->   "%inBoundsM_42 = icmp_ult  i32 %or_ln125_15, i32 %size_m_read" [../kernel/Compute.cpp:125]   --->   Operation 122 'icmp' 'inBoundsM_42' <Predicate = true> <Delay = 0.88> <CoreInst = "Cmp">   --->   Core 9 'Cmp' <Latency = 0> <II = 1> <Delay = 0.88> <FuncUnit> <Opcode : 'seteq' 'setne' 'setle' 'setge' 'setlt' 'setgt'> <InPorts = 2> <OutPorts = 1>
ST_4 : Operation 123 [1/1] (0.00ns)   --->   "%tmp_82 = partselect i32 @_ssdm_op_PartSelect.i32.i256.i32.i32, i256 %bVal, i32 224, i32 255" [/home/minghe/gemm_hls/hlslib/include/hlslib/xilinx/DataPack.h:170->/home/minghe/gemm_hls/hlslib/include/hlslib/xilinx/DataPack.h:239->../kernel/Compute.cpp:129]   --->   Operation 123 'partselect' 'tmp_82' <Predicate = true> <Delay = 0.00>
ST_4 : Operation 124 [1/1] (0.00ns)   --->   "%bitcast_ln32_79 = bitcast i32 %tmp_82" [/home/minghe/gemm_hls/hlslib/include/hlslib/xilinx/DataPack.h:32->/home/minghe/gemm_hls/hlslib/include/hlslib/xilinx/DataPack.h:171->/home/minghe/gemm_hls/hlslib/include/hlslib/xilinx/DataPack.h:239->../kernel/Compute.cpp:129]   --->   Operation 124 'bitcast' 'bitcast_ln32_79' <Predicate = true> <Delay = 0.00>
ST_4 : Operation 125 [2/2] (4.90ns)   --->   "%res_138 = fmul i32 %bitcast_ln32, i32 %bitcast_ln32_79" [/home/minghe/gemm_hls/hlslib/include/hlslib/xilinx/Operators.h:50->../kernel/Compute.cpp:129]   --->   Operation 125 'fmul' 'res_138' <Predicate = true> <Delay = 4.90> <CoreInst = "FMul_maxdsp">   --->   Core 30 'FMul_maxdsp' <Latency = 1> <II = 1> <Delay = 4.90> <FuncUnit> <Opcode : 'fmul'> <InPorts = 2> <OutPorts = 1>

State 5 <SV = 4> <Delay = 4.90>
ST_5 : Operation 126 [1/2] (1.20ns)   --->   "%cPrev = load i10 %cBuffer_addr" [../kernel/Compute.cpp:117]   --->   Operation 126 'load' 'cPrev' <Predicate = (!cmp111_read)> <Delay = 1.20> <CoreInst = "RAM">   --->   Core 82 'RAM' <Latency = 1> <II = 1> <Delay = 1.20> <Storage> <Opcode : 'load' 'store'> <Ports = 2> <Width = 256> <Depth = 1024> <RAM>
ST_5 : Operation 127 [1/1] (0.42ns)   --->   "%cPrev_2 = select i1 %cmp111_read, i256 0, i256 %cPrev" [../kernel/Compute.cpp:117]   --->   Operation 127 'select' 'cPrev_2' <Predicate = true> <Delay = 0.42> <CoreInst = "Sel">   --->   Core 73 'Sel' <Latency = 0> <II = 1> <Delay = 0.42> <FuncUnit> <Opcode : 'select'> <InPorts = 3> <OutPorts = 1>
ST_5 : Operation 128 [1/2] (4.90ns)   --->   "%res_131 = fmul i32 %bitcast_ln32, i32 %bitcast_ln32_65" [/home/minghe/gemm_hls/hlslib/include/hlslib/xilinx/Operators.h:50->../kernel/Compute.cpp:129]   --->   Operation 128 'fmul' 'res_131' <Predicate = true> <Delay = 4.90> <CoreInst = "FMul_maxdsp">   --->   Core 30 'FMul_maxdsp' <Latency = 1> <II = 1> <Delay = 4.90> <FuncUnit> <Opcode : 'fmul'> <InPorts = 2> <OutPorts = 1>
ST_5 : Operation 129 [1/1] (0.00ns)   --->   "%trunc_ln170_6 = trunc i256 %cPrev_2" [/home/minghe/gemm_hls/hlslib/include/hlslib/xilinx/DataPack.h:170->/home/minghe/gemm_hls/hlslib/include/hlslib/xilinx/DataPack.h:239->../kernel/Compute.cpp:131]   --->   Operation 129 'trunc' 'trunc_ln170_6' <Predicate = true> <Delay = 0.00>
ST_5 : Operation 130 [1/2] (4.90ns)   --->   "%res_132 = fmul i32 %bitcast_ln32, i32 %bitcast_ln32_67" [/home/minghe/gemm_hls/hlslib/include/hlslib/xilinx/Operators.h:50->../kernel/Compute.cpp:129]   --->   Operation 130 'fmul' 'res_132' <Predicate = true> <Delay = 4.90> <CoreInst = "FMul_maxdsp">   --->   Core 30 'FMul_maxdsp' <Latency = 1> <II = 1> <Delay = 4.90> <FuncUnit> <Opcode : 'fmul'> <InPorts = 2> <OutPorts = 1>
ST_5 : Operation 131 [1/1] (0.00ns)   --->   "%tmp_71 = partselect i32 @_ssdm_op_PartSelect.i32.i256.i32.i32, i256 %cPrev_2, i32 32, i32 63" [/home/minghe/gemm_hls/hlslib/include/hlslib/xilinx/DataPack.h:170->/home/minghe/gemm_hls/hlslib/include/hlslib/xilinx/DataPack.h:239->../kernel/Compute.cpp:131]   --->   Operation 131 'partselect' 'tmp_71' <Predicate = true> <Delay = 0.00>
ST_5 : Operation 132 [1/2] (4.90ns)   --->   "%res_133 = fmul i32 %bitcast_ln32, i32 %bitcast_ln32_69" [/home/minghe/gemm_hls/hlslib/include/hlslib/xilinx/Operators.h:50->../kernel/Compute.cpp:129]   --->   Operation 132 'fmul' 'res_133' <Predicate = true> <Delay = 4.90> <CoreInst = "FMul_maxdsp">   --->   Core 30 'FMul_maxdsp' <Latency = 1> <II = 1> <Delay = 4.90> <FuncUnit> <Opcode : 'fmul'> <InPorts = 2> <OutPorts = 1>
ST_5 : Operation 133 [1/1] (0.00ns)   --->   "%tmp_73 = partselect i32 @_ssdm_op_PartSelect.i32.i256.i32.i32, i256 %cPrev_2, i32 64, i32 95" [/home/minghe/gemm_hls/hlslib/include/hlslib/xilinx/DataPack.h:170->/home/minghe/gemm_hls/hlslib/include/hlslib/xilinx/DataPack.h:239->../kernel/Compute.cpp:131]   --->   Operation 133 'partselect' 'tmp_73' <Predicate = true> <Delay = 0.00>
ST_5 : Operation 134 [1/2] (4.90ns)   --->   "%res_134 = fmul i32 %bitcast_ln32, i32 %bitcast_ln32_71" [/home/minghe/gemm_hls/hlslib/include/hlslib/xilinx/Operators.h:50->../kernel/Compute.cpp:129]   --->   Operation 134 'fmul' 'res_134' <Predicate = true> <Delay = 4.90> <CoreInst = "FMul_maxdsp">   --->   Core 30 'FMul_maxdsp' <Latency = 1> <II = 1> <Delay = 4.90> <FuncUnit> <Opcode : 'fmul'> <InPorts = 2> <OutPorts = 1>
ST_5 : Operation 135 [1/1] (0.00ns)   --->   "%tmp_75 = partselect i32 @_ssdm_op_PartSelect.i32.i256.i32.i32, i256 %cPrev_2, i32 96, i32 127" [/home/minghe/gemm_hls/hlslib/include/hlslib/xilinx/DataPack.h:170->/home/minghe/gemm_hls/hlslib/include/hlslib/xilinx/DataPack.h:239->../kernel/Compute.cpp:131]   --->   Operation 135 'partselect' 'tmp_75' <Predicate = true> <Delay = 0.00>
ST_5 : Operation 136 [1/2] (4.90ns)   --->   "%res_135 = fmul i32 %bitcast_ln32, i32 %bitcast_ln32_73" [/home/minghe/gemm_hls/hlslib/include/hlslib/xilinx/Operators.h:50->../kernel/Compute.cpp:129]   --->   Operation 136 'fmul' 'res_135' <Predicate = true> <Delay = 4.90> <CoreInst = "FMul_maxdsp">   --->   Core 30 'FMul_maxdsp' <Latency = 1> <II = 1> <Delay = 4.90> <FuncUnit> <Opcode : 'fmul'> <InPorts = 2> <OutPorts = 1>
ST_5 : Operation 137 [1/1] (0.00ns)   --->   "%tmp_77 = partselect i32 @_ssdm_op_PartSelect.i32.i256.i32.i32, i256 %cPrev_2, i32 128, i32 159" [/home/minghe/gemm_hls/hlslib/include/hlslib/xilinx/DataPack.h:170->/home/minghe/gemm_hls/hlslib/include/hlslib/xilinx/DataPack.h:239->../kernel/Compute.cpp:131]   --->   Operation 137 'partselect' 'tmp_77' <Predicate = true> <Delay = 0.00>
ST_5 : Operation 138 [1/2] (4.90ns)   --->   "%res_136 = fmul i32 %bitcast_ln32, i32 %bitcast_ln32_75" [/home/minghe/gemm_hls/hlslib/include/hlslib/xilinx/Operators.h:50->../kernel/Compute.cpp:129]   --->   Operation 138 'fmul' 'res_136' <Predicate = true> <Delay = 4.90> <CoreInst = "FMul_maxdsp">   --->   Core 30 'FMul_maxdsp' <Latency = 1> <II = 1> <Delay = 4.90> <FuncUnit> <Opcode : 'fmul'> <InPorts = 2> <OutPorts = 1>
ST_5 : Operation 139 [1/1] (0.00ns)   --->   "%tmp_79 = partselect i32 @_ssdm_op_PartSelect.i32.i256.i32.i32, i256 %cPrev_2, i32 160, i32 191" [/home/minghe/gemm_hls/hlslib/include/hlslib/xilinx/DataPack.h:170->/home/minghe/gemm_hls/hlslib/include/hlslib/xilinx/DataPack.h:239->../kernel/Compute.cpp:131]   --->   Operation 139 'partselect' 'tmp_79' <Predicate = true> <Delay = 0.00>
ST_5 : Operation 140 [1/2] (4.90ns)   --->   "%res_137 = fmul i32 %bitcast_ln32, i32 %bitcast_ln32_77" [/home/minghe/gemm_hls/hlslib/include/hlslib/xilinx/Operators.h:50->../kernel/Compute.cpp:129]   --->   Operation 140 'fmul' 'res_137' <Predicate = true> <Delay = 4.90> <CoreInst = "FMul_maxdsp">   --->   Core 30 'FMul_maxdsp' <Latency = 1> <II = 1> <Delay = 4.90> <FuncUnit> <Opcode : 'fmul'> <InPorts = 2> <OutPorts = 1>
ST_5 : Operation 141 [1/1] (0.00ns)   --->   "%tmp_81 = partselect i32 @_ssdm_op_PartSelect.i32.i256.i32.i32, i256 %cPrev_2, i32 192, i32 223" [/home/minghe/gemm_hls/hlslib/include/hlslib/xilinx/DataPack.h:170->/home/minghe/gemm_hls/hlslib/include/hlslib/xilinx/DataPack.h:239->../kernel/Compute.cpp:131]   --->   Operation 141 'partselect' 'tmp_81' <Predicate = true> <Delay = 0.00>
ST_5 : Operation 142 [1/2] (4.90ns)   --->   "%res_138 = fmul i32 %bitcast_ln32, i32 %bitcast_ln32_79" [/home/minghe/gemm_hls/hlslib/include/hlslib/xilinx/Operators.h:50->../kernel/Compute.cpp:129]   --->   Operation 142 'fmul' 'res_138' <Predicate = true> <Delay = 4.90> <CoreInst = "FMul_maxdsp">   --->   Core 30 'FMul_maxdsp' <Latency = 1> <II = 1> <Delay = 4.90> <FuncUnit> <Opcode : 'fmul'> <InPorts = 2> <OutPorts = 1>
ST_5 : Operation 143 [1/1] (0.00ns)   --->   "%tmp_83 = partselect i32 @_ssdm_op_PartSelect.i32.i256.i32.i32, i256 %cPrev_2, i32 224, i32 255" [/home/minghe/gemm_hls/hlslib/include/hlslib/xilinx/DataPack.h:170->/home/minghe/gemm_hls/hlslib/include/hlslib/xilinx/DataPack.h:239->../kernel/Compute.cpp:131]   --->   Operation 143 'partselect' 'tmp_83' <Predicate = true> <Delay = 0.00>

State 6 <SV = 5> <Delay = 6.14>
ST_6 : Operation 144 [1/1] (0.00ns)   --->   "%bitcast_ln32_66 = bitcast i32 %trunc_ln170_6" [/home/minghe/gemm_hls/hlslib/include/hlslib/xilinx/DataPack.h:32->/home/minghe/gemm_hls/hlslib/include/hlslib/xilinx/DataPack.h:171->/home/minghe/gemm_hls/hlslib/include/hlslib/xilinx/DataPack.h:239->../kernel/Compute.cpp:131]   --->   Operation 144 'bitcast' 'bitcast_ln32_66' <Predicate = true> <Delay = 0.00>
ST_6 : Operation 145 [3/3] (6.14ns)   --->   "%res = fadd i32 %bitcast_ln32_66, i32 %res_131" [/home/minghe/gemm_hls/hlslib/include/hlslib/xilinx/Operators.h:25->../kernel/Compute.cpp:133]   --->   Operation 145 'fadd' 'res' <Predicate = true> <Delay = 6.14> <CoreInst = "FAddSub_fulldsp">   --->   Core 18 'FAddSub_fulldsp' <Latency = 2> <II = 1> <Delay = 6.14> <FuncUnit> <Opcode : 'fadd' 'fsub'> <InPorts = 2> <OutPorts = 1>
ST_6 : Operation 146 [1/1] (0.00ns)   --->   "%bitcast_ln32_68 = bitcast i32 %tmp_71" [/home/minghe/gemm_hls/hlslib/include/hlslib/xilinx/DataPack.h:32->/home/minghe/gemm_hls/hlslib/include/hlslib/xilinx/DataPack.h:171->/home/minghe/gemm_hls/hlslib/include/hlslib/xilinx/DataPack.h:239->../kernel/Compute.cpp:131]   --->   Operation 146 'bitcast' 'bitcast_ln32_68' <Predicate = true> <Delay = 0.00>
ST_6 : Operation 147 [3/3] (6.14ns)   --->   "%res_118 = fadd i32 %bitcast_ln32_68, i32 %res_132" [/home/minghe/gemm_hls/hlslib/include/hlslib/xilinx/Operators.h:25->../kernel/Compute.cpp:133]   --->   Operation 147 'fadd' 'res_118' <Predicate = true> <Delay = 6.14> <CoreInst = "FAddSub_fulldsp">   --->   Core 18 'FAddSub_fulldsp' <Latency = 2> <II = 1> <Delay = 6.14> <FuncUnit> <Opcode : 'fadd' 'fsub'> <InPorts = 2> <OutPorts = 1>
ST_6 : Operation 148 [1/1] (0.00ns)   --->   "%bitcast_ln32_70 = bitcast i32 %tmp_73" [/home/minghe/gemm_hls/hlslib/include/hlslib/xilinx/DataPack.h:32->/home/minghe/gemm_hls/hlslib/include/hlslib/xilinx/DataPack.h:171->/home/minghe/gemm_hls/hlslib/include/hlslib/xilinx/DataPack.h:239->../kernel/Compute.cpp:131]   --->   Operation 148 'bitcast' 'bitcast_ln32_70' <Predicate = true> <Delay = 0.00>
ST_6 : Operation 149 [3/3] (6.14ns)   --->   "%res_120 = fadd i32 %bitcast_ln32_70, i32 %res_133" [/home/minghe/gemm_hls/hlslib/include/hlslib/xilinx/Operators.h:25->../kernel/Compute.cpp:133]   --->   Operation 149 'fadd' 'res_120' <Predicate = true> <Delay = 6.14> <CoreInst = "FAddSub_fulldsp">   --->   Core 18 'FAddSub_fulldsp' <Latency = 2> <II = 1> <Delay = 6.14> <FuncUnit> <Opcode : 'fadd' 'fsub'> <InPorts = 2> <OutPorts = 1>
ST_6 : Operation 150 [1/1] (0.00ns)   --->   "%bitcast_ln32_72 = bitcast i32 %tmp_75" [/home/minghe/gemm_hls/hlslib/include/hlslib/xilinx/DataPack.h:32->/home/minghe/gemm_hls/hlslib/include/hlslib/xilinx/DataPack.h:171->/home/minghe/gemm_hls/hlslib/include/hlslib/xilinx/DataPack.h:239->../kernel/Compute.cpp:131]   --->   Operation 150 'bitcast' 'bitcast_ln32_72' <Predicate = true> <Delay = 0.00>
ST_6 : Operation 151 [3/3] (6.14ns)   --->   "%res_122 = fadd i32 %bitcast_ln32_72, i32 %res_134" [/home/minghe/gemm_hls/hlslib/include/hlslib/xilinx/Operators.h:25->../kernel/Compute.cpp:133]   --->   Operation 151 'fadd' 'res_122' <Predicate = true> <Delay = 6.14> <CoreInst = "FAddSub_fulldsp">   --->   Core 18 'FAddSub_fulldsp' <Latency = 2> <II = 1> <Delay = 6.14> <FuncUnit> <Opcode : 'fadd' 'fsub'> <InPorts = 2> <OutPorts = 1>
ST_6 : Operation 152 [1/1] (0.00ns)   --->   "%bitcast_ln32_74 = bitcast i32 %tmp_77" [/home/minghe/gemm_hls/hlslib/include/hlslib/xilinx/DataPack.h:32->/home/minghe/gemm_hls/hlslib/include/hlslib/xilinx/DataPack.h:171->/home/minghe/gemm_hls/hlslib/include/hlslib/xilinx/DataPack.h:239->../kernel/Compute.cpp:131]   --->   Operation 152 'bitcast' 'bitcast_ln32_74' <Predicate = true> <Delay = 0.00>
ST_6 : Operation 153 [3/3] (6.14ns)   --->   "%res_124 = fadd i32 %bitcast_ln32_74, i32 %res_135" [/home/minghe/gemm_hls/hlslib/include/hlslib/xilinx/Operators.h:25->../kernel/Compute.cpp:133]   --->   Operation 153 'fadd' 'res_124' <Predicate = true> <Delay = 6.14> <CoreInst = "FAddSub_fulldsp">   --->   Core 18 'FAddSub_fulldsp' <Latency = 2> <II = 1> <Delay = 6.14> <FuncUnit> <Opcode : 'fadd' 'fsub'> <InPorts = 2> <OutPorts = 1>
ST_6 : Operation 154 [1/1] (0.00ns)   --->   "%bitcast_ln32_76 = bitcast i32 %tmp_79" [/home/minghe/gemm_hls/hlslib/include/hlslib/xilinx/DataPack.h:32->/home/minghe/gemm_hls/hlslib/include/hlslib/xilinx/DataPack.h:171->/home/minghe/gemm_hls/hlslib/include/hlslib/xilinx/DataPack.h:239->../kernel/Compute.cpp:131]   --->   Operation 154 'bitcast' 'bitcast_ln32_76' <Predicate = true> <Delay = 0.00>
ST_6 : Operation 155 [3/3] (6.14ns)   --->   "%res_126 = fadd i32 %bitcast_ln32_76, i32 %res_136" [/home/minghe/gemm_hls/hlslib/include/hlslib/xilinx/Operators.h:25->../kernel/Compute.cpp:133]   --->   Operation 155 'fadd' 'res_126' <Predicate = true> <Delay = 6.14> <CoreInst = "FAddSub_fulldsp">   --->   Core 18 'FAddSub_fulldsp' <Latency = 2> <II = 1> <Delay = 6.14> <FuncUnit> <Opcode : 'fadd' 'fsub'> <InPorts = 2> <OutPorts = 1>
ST_6 : Operation 156 [1/1] (0.00ns)   --->   "%bitcast_ln32_78 = bitcast i32 %tmp_81" [/home/minghe/gemm_hls/hlslib/include/hlslib/xilinx/DataPack.h:32->/home/minghe/gemm_hls/hlslib/include/hlslib/xilinx/DataPack.h:171->/home/minghe/gemm_hls/hlslib/include/hlslib/xilinx/DataPack.h:239->../kernel/Compute.cpp:131]   --->   Operation 156 'bitcast' 'bitcast_ln32_78' <Predicate = true> <Delay = 0.00>
ST_6 : Operation 157 [3/3] (6.14ns)   --->   "%res_128 = fadd i32 %bitcast_ln32_78, i32 %res_137" [/home/minghe/gemm_hls/hlslib/include/hlslib/xilinx/Operators.h:25->../kernel/Compute.cpp:133]   --->   Operation 157 'fadd' 'res_128' <Predicate = true> <Delay = 6.14> <CoreInst = "FAddSub_fulldsp">   --->   Core 18 'FAddSub_fulldsp' <Latency = 2> <II = 1> <Delay = 6.14> <FuncUnit> <Opcode : 'fadd' 'fsub'> <InPorts = 2> <OutPorts = 1>
ST_6 : Operation 158 [1/1] (0.00ns)   --->   "%bitcast_ln32_80 = bitcast i32 %tmp_83" [/home/minghe/gemm_hls/hlslib/include/hlslib/xilinx/DataPack.h:32->/home/minghe/gemm_hls/hlslib/include/hlslib/xilinx/DataPack.h:171->/home/minghe/gemm_hls/hlslib/include/hlslib/xilinx/DataPack.h:239->../kernel/Compute.cpp:131]   --->   Operation 158 'bitcast' 'bitcast_ln32_80' <Predicate = true> <Delay = 0.00>
ST_6 : Operation 159 [3/3] (6.14ns)   --->   "%res_130 = fadd i32 %bitcast_ln32_80, i32 %res_138" [/home/minghe/gemm_hls/hlslib/include/hlslib/xilinx/Operators.h:25->../kernel/Compute.cpp:133]   --->   Operation 159 'fadd' 'res_130' <Predicate = true> <Delay = 6.14> <CoreInst = "FAddSub_fulldsp">   --->   Core 18 'FAddSub_fulldsp' <Latency = 2> <II = 1> <Delay = 6.14> <FuncUnit> <Opcode : 'fadd' 'fsub'> <InPorts = 2> <OutPorts = 1>

State 7 <SV = 6> <Delay = 6.14>
ST_7 : Operation 160 [2/3] (6.14ns)   --->   "%res = fadd i32 %bitcast_ln32_66, i32 %res_131" [/home/minghe/gemm_hls/hlslib/include/hlslib/xilinx/Operators.h:25->../kernel/Compute.cpp:133]   --->   Operation 160 'fadd' 'res' <Predicate = true> <Delay = 6.14> <CoreInst = "FAddSub_fulldsp">   --->   Core 18 'FAddSub_fulldsp' <Latency = 2> <II = 1> <Delay = 6.14> <FuncUnit> <Opcode : 'fadd' 'fsub'> <InPorts = 2> <OutPorts = 1>
ST_7 : Operation 161 [2/3] (6.14ns)   --->   "%res_118 = fadd i32 %bitcast_ln32_68, i32 %res_132" [/home/minghe/gemm_hls/hlslib/include/hlslib/xilinx/Operators.h:25->../kernel/Compute.cpp:133]   --->   Operation 161 'fadd' 'res_118' <Predicate = true> <Delay = 6.14> <CoreInst = "FAddSub_fulldsp">   --->   Core 18 'FAddSub_fulldsp' <Latency = 2> <II = 1> <Delay = 6.14> <FuncUnit> <Opcode : 'fadd' 'fsub'> <InPorts = 2> <OutPorts = 1>
ST_7 : Operation 162 [2/3] (6.14ns)   --->   "%res_120 = fadd i32 %bitcast_ln32_70, i32 %res_133" [/home/minghe/gemm_hls/hlslib/include/hlslib/xilinx/Operators.h:25->../kernel/Compute.cpp:133]   --->   Operation 162 'fadd' 'res_120' <Predicate = true> <Delay = 6.14> <CoreInst = "FAddSub_fulldsp">   --->   Core 18 'FAddSub_fulldsp' <Latency = 2> <II = 1> <Delay = 6.14> <FuncUnit> <Opcode : 'fadd' 'fsub'> <InPorts = 2> <OutPorts = 1>
ST_7 : Operation 163 [2/3] (6.14ns)   --->   "%res_122 = fadd i32 %bitcast_ln32_72, i32 %res_134" [/home/minghe/gemm_hls/hlslib/include/hlslib/xilinx/Operators.h:25->../kernel/Compute.cpp:133]   --->   Operation 163 'fadd' 'res_122' <Predicate = true> <Delay = 6.14> <CoreInst = "FAddSub_fulldsp">   --->   Core 18 'FAddSub_fulldsp' <Latency = 2> <II = 1> <Delay = 6.14> <FuncUnit> <Opcode : 'fadd' 'fsub'> <InPorts = 2> <OutPorts = 1>
ST_7 : Operation 164 [2/3] (6.14ns)   --->   "%res_124 = fadd i32 %bitcast_ln32_74, i32 %res_135" [/home/minghe/gemm_hls/hlslib/include/hlslib/xilinx/Operators.h:25->../kernel/Compute.cpp:133]   --->   Operation 164 'fadd' 'res_124' <Predicate = true> <Delay = 6.14> <CoreInst = "FAddSub_fulldsp">   --->   Core 18 'FAddSub_fulldsp' <Latency = 2> <II = 1> <Delay = 6.14> <FuncUnit> <Opcode : 'fadd' 'fsub'> <InPorts = 2> <OutPorts = 1>
ST_7 : Operation 165 [2/3] (6.14ns)   --->   "%res_126 = fadd i32 %bitcast_ln32_76, i32 %res_136" [/home/minghe/gemm_hls/hlslib/include/hlslib/xilinx/Operators.h:25->../kernel/Compute.cpp:133]   --->   Operation 165 'fadd' 'res_126' <Predicate = true> <Delay = 6.14> <CoreInst = "FAddSub_fulldsp">   --->   Core 18 'FAddSub_fulldsp' <Latency = 2> <II = 1> <Delay = 6.14> <FuncUnit> <Opcode : 'fadd' 'fsub'> <InPorts = 2> <OutPorts = 1>
ST_7 : Operation 166 [2/3] (6.14ns)   --->   "%res_128 = fadd i32 %bitcast_ln32_78, i32 %res_137" [/home/minghe/gemm_hls/hlslib/include/hlslib/xilinx/Operators.h:25->../kernel/Compute.cpp:133]   --->   Operation 166 'fadd' 'res_128' <Predicate = true> <Delay = 6.14> <CoreInst = "FAddSub_fulldsp">   --->   Core 18 'FAddSub_fulldsp' <Latency = 2> <II = 1> <Delay = 6.14> <FuncUnit> <Opcode : 'fadd' 'fsub'> <InPorts = 2> <OutPorts = 1>
ST_7 : Operation 167 [2/3] (6.14ns)   --->   "%res_130 = fadd i32 %bitcast_ln32_80, i32 %res_138" [/home/minghe/gemm_hls/hlslib/include/hlslib/xilinx/Operators.h:25->../kernel/Compute.cpp:133]   --->   Operation 167 'fadd' 'res_130' <Predicate = true> <Delay = 6.14> <CoreInst = "FAddSub_fulldsp">   --->   Core 18 'FAddSub_fulldsp' <Latency = 2> <II = 1> <Delay = 6.14> <FuncUnit> <Opcode : 'fadd' 'fsub'> <InPorts = 2> <OutPorts = 1>

State 8 <SV = 7> <Delay = 6.37>
ST_8 : Operation 168 [1/1] (0.00ns) (grouped into LUT with out node select_ln296)   --->   "%inBounds = and i1 %inBoundsN, i1 %inBoundsM" [../kernel/Compute.cpp:127]   --->   Operation 168 'and' 'inBounds' <Predicate = true> <Delay = 0.00> <CoreInst = "LogicGate">   --->   Core 74 'LogicGate' <Latency = 0> <II = 1> <Delay = 0.12> <FuncUnit> <Opcode : 'and' 'or' 'xor'> <InPorts = 2> <OutPorts = 1>
ST_8 : Operation 169 [1/3] (6.14ns)   --->   "%res = fadd i32 %bitcast_ln32_66, i32 %res_131" [/home/minghe/gemm_hls/hlslib/include/hlslib/xilinx/Operators.h:25->../kernel/Compute.cpp:133]   --->   Operation 169 'fadd' 'res' <Predicate = true> <Delay = 6.14> <CoreInst = "FAddSub_fulldsp">   --->   Core 18 'FAddSub_fulldsp' <Latency = 2> <II = 1> <Delay = 6.14> <FuncUnit> <Opcode : 'fadd' 'fsub'> <InPorts = 2> <OutPorts = 1>
ST_8 : Operation 170 [1/1] (0.22ns) (out node of the LUT)   --->   "%select_ln296 = select i1 %inBounds, i32 %res, i32 %bitcast_ln32_66" [/home/minghe/gemm_hls/hlslib/include/hlslib/xilinx/DataPack.h:296->../kernel/Compute.cpp:137]   --->   Operation 170 'select' 'select_ln296' <Predicate = true> <Delay = 0.22> <CoreInst = "Sel">   --->   Core 73 'Sel' <Latency = 0> <II = 1> <Delay = 0.22> <FuncUnit> <Opcode : 'select'> <InPorts = 3> <OutPorts = 1>
ST_8 : Operation 171 [1/1] (0.00ns) (grouped into LUT with out node select_ln296_29)   --->   "%inBounds_36 = and i1 %inBoundsN, i1 %inBoundsM_36" [../kernel/Compute.cpp:127]   --->   Operation 171 'and' 'inBounds_36' <Predicate = true> <Delay = 0.00> <CoreInst = "LogicGate">   --->   Core 74 'LogicGate' <Latency = 0> <II = 1> <Delay = 0.12> <FuncUnit> <Opcode : 'and' 'or' 'xor'> <InPorts = 2> <OutPorts = 1>
ST_8 : Operation 172 [1/3] (6.14ns)   --->   "%res_118 = fadd i32 %bitcast_ln32_68, i32 %res_132" [/home/minghe/gemm_hls/hlslib/include/hlslib/xilinx/Operators.h:25->../kernel/Compute.cpp:133]   --->   Operation 172 'fadd' 'res_118' <Predicate = true> <Delay = 6.14> <CoreInst = "FAddSub_fulldsp">   --->   Core 18 'FAddSub_fulldsp' <Latency = 2> <II = 1> <Delay = 6.14> <FuncUnit> <Opcode : 'fadd' 'fsub'> <InPorts = 2> <OutPorts = 1>
ST_8 : Operation 173 [1/1] (0.22ns) (out node of the LUT)   --->   "%select_ln296_29 = select i1 %inBounds_36, i32 %res_118, i32 %bitcast_ln32_68" [/home/minghe/gemm_hls/hlslib/include/hlslib/xilinx/DataPack.h:296->../kernel/Compute.cpp:137]   --->   Operation 173 'select' 'select_ln296_29' <Predicate = true> <Delay = 0.22> <CoreInst = "Sel">   --->   Core 73 'Sel' <Latency = 0> <II = 1> <Delay = 0.22> <FuncUnit> <Opcode : 'select'> <InPorts = 3> <OutPorts = 1>
ST_8 : Operation 174 [1/1] (0.00ns) (grouped into LUT with out node select_ln296_30)   --->   "%inBounds_37 = and i1 %inBoundsN, i1 %inBoundsM_37" [../kernel/Compute.cpp:127]   --->   Operation 174 'and' 'inBounds_37' <Predicate = true> <Delay = 0.00> <CoreInst = "LogicGate">   --->   Core 74 'LogicGate' <Latency = 0> <II = 1> <Delay = 0.12> <FuncUnit> <Opcode : 'and' 'or' 'xor'> <InPorts = 2> <OutPorts = 1>
ST_8 : Operation 175 [1/3] (6.14ns)   --->   "%res_120 = fadd i32 %bitcast_ln32_70, i32 %res_133" [/home/minghe/gemm_hls/hlslib/include/hlslib/xilinx/Operators.h:25->../kernel/Compute.cpp:133]   --->   Operation 175 'fadd' 'res_120' <Predicate = true> <Delay = 6.14> <CoreInst = "FAddSub_fulldsp">   --->   Core 18 'FAddSub_fulldsp' <Latency = 2> <II = 1> <Delay = 6.14> <FuncUnit> <Opcode : 'fadd' 'fsub'> <InPorts = 2> <OutPorts = 1>
ST_8 : Operation 176 [1/1] (0.22ns) (out node of the LUT)   --->   "%select_ln296_30 = select i1 %inBounds_37, i32 %res_120, i32 %bitcast_ln32_70" [/home/minghe/gemm_hls/hlslib/include/hlslib/xilinx/DataPack.h:296->../kernel/Compute.cpp:137]   --->   Operation 176 'select' 'select_ln296_30' <Predicate = true> <Delay = 0.22> <CoreInst = "Sel">   --->   Core 73 'Sel' <Latency = 0> <II = 1> <Delay = 0.22> <FuncUnit> <Opcode : 'select'> <InPorts = 3> <OutPorts = 1>
ST_8 : Operation 177 [1/1] (0.00ns) (grouped into LUT with out node select_ln296_31)   --->   "%inBounds_38 = and i1 %inBoundsN, i1 %inBoundsM_38" [../kernel/Compute.cpp:127]   --->   Operation 177 'and' 'inBounds_38' <Predicate = true> <Delay = 0.00> <CoreInst = "LogicGate">   --->   Core 74 'LogicGate' <Latency = 0> <II = 1> <Delay = 0.12> <FuncUnit> <Opcode : 'and' 'or' 'xor'> <InPorts = 2> <OutPorts = 1>
ST_8 : Operation 178 [1/3] (6.14ns)   --->   "%res_122 = fadd i32 %bitcast_ln32_72, i32 %res_134" [/home/minghe/gemm_hls/hlslib/include/hlslib/xilinx/Operators.h:25->../kernel/Compute.cpp:133]   --->   Operation 178 'fadd' 'res_122' <Predicate = true> <Delay = 6.14> <CoreInst = "FAddSub_fulldsp">   --->   Core 18 'FAddSub_fulldsp' <Latency = 2> <II = 1> <Delay = 6.14> <FuncUnit> <Opcode : 'fadd' 'fsub'> <InPorts = 2> <OutPorts = 1>
ST_8 : Operation 179 [1/1] (0.22ns) (out node of the LUT)   --->   "%select_ln296_31 = select i1 %inBounds_38, i32 %res_122, i32 %bitcast_ln32_72" [/home/minghe/gemm_hls/hlslib/include/hlslib/xilinx/DataPack.h:296->../kernel/Compute.cpp:137]   --->   Operation 179 'select' 'select_ln296_31' <Predicate = true> <Delay = 0.22> <CoreInst = "Sel">   --->   Core 73 'Sel' <Latency = 0> <II = 1> <Delay = 0.22> <FuncUnit> <Opcode : 'select'> <InPorts = 3> <OutPorts = 1>
ST_8 : Operation 180 [1/1] (0.00ns) (grouped into LUT with out node select_ln296_32)   --->   "%inBounds_39 = and i1 %inBoundsN, i1 %inBoundsM_39" [../kernel/Compute.cpp:127]   --->   Operation 180 'and' 'inBounds_39' <Predicate = true> <Delay = 0.00> <CoreInst = "LogicGate">   --->   Core 74 'LogicGate' <Latency = 0> <II = 1> <Delay = 0.12> <FuncUnit> <Opcode : 'and' 'or' 'xor'> <InPorts = 2> <OutPorts = 1>
ST_8 : Operation 181 [1/3] (6.14ns)   --->   "%res_124 = fadd i32 %bitcast_ln32_74, i32 %res_135" [/home/minghe/gemm_hls/hlslib/include/hlslib/xilinx/Operators.h:25->../kernel/Compute.cpp:133]   --->   Operation 181 'fadd' 'res_124' <Predicate = true> <Delay = 6.14> <CoreInst = "FAddSub_fulldsp">   --->   Core 18 'FAddSub_fulldsp' <Latency = 2> <II = 1> <Delay = 6.14> <FuncUnit> <Opcode : 'fadd' 'fsub'> <InPorts = 2> <OutPorts = 1>
ST_8 : Operation 182 [1/1] (0.22ns) (out node of the LUT)   --->   "%select_ln296_32 = select i1 %inBounds_39, i32 %res_124, i32 %bitcast_ln32_74" [/home/minghe/gemm_hls/hlslib/include/hlslib/xilinx/DataPack.h:296->../kernel/Compute.cpp:137]   --->   Operation 182 'select' 'select_ln296_32' <Predicate = true> <Delay = 0.22> <CoreInst = "Sel">   --->   Core 73 'Sel' <Latency = 0> <II = 1> <Delay = 0.22> <FuncUnit> <Opcode : 'select'> <InPorts = 3> <OutPorts = 1>
ST_8 : Operation 183 [1/1] (0.00ns) (grouped into LUT with out node select_ln296_33)   --->   "%inBounds_40 = and i1 %inBoundsN, i1 %inBoundsM_40" [../kernel/Compute.cpp:127]   --->   Operation 183 'and' 'inBounds_40' <Predicate = true> <Delay = 0.00> <CoreInst = "LogicGate">   --->   Core 74 'LogicGate' <Latency = 0> <II = 1> <Delay = 0.12> <FuncUnit> <Opcode : 'and' 'or' 'xor'> <InPorts = 2> <OutPorts = 1>
ST_8 : Operation 184 [1/3] (6.14ns)   --->   "%res_126 = fadd i32 %bitcast_ln32_76, i32 %res_136" [/home/minghe/gemm_hls/hlslib/include/hlslib/xilinx/Operators.h:25->../kernel/Compute.cpp:133]   --->   Operation 184 'fadd' 'res_126' <Predicate = true> <Delay = 6.14> <CoreInst = "FAddSub_fulldsp">   --->   Core 18 'FAddSub_fulldsp' <Latency = 2> <II = 1> <Delay = 6.14> <FuncUnit> <Opcode : 'fadd' 'fsub'> <InPorts = 2> <OutPorts = 1>
ST_8 : Operation 185 [1/1] (0.22ns) (out node of the LUT)   --->   "%select_ln296_33 = select i1 %inBounds_40, i32 %res_126, i32 %bitcast_ln32_76" [/home/minghe/gemm_hls/hlslib/include/hlslib/xilinx/DataPack.h:296->../kernel/Compute.cpp:137]   --->   Operation 185 'select' 'select_ln296_33' <Predicate = true> <Delay = 0.22> <CoreInst = "Sel">   --->   Core 73 'Sel' <Latency = 0> <II = 1> <Delay = 0.22> <FuncUnit> <Opcode : 'select'> <InPorts = 3> <OutPorts = 1>
ST_8 : Operation 186 [1/1] (0.00ns) (grouped into LUT with out node select_ln296_34)   --->   "%inBounds_41 = and i1 %inBoundsN, i1 %inBoundsM_41" [../kernel/Compute.cpp:127]   --->   Operation 186 'and' 'inBounds_41' <Predicate = true> <Delay = 0.00> <CoreInst = "LogicGate">   --->   Core 74 'LogicGate' <Latency = 0> <II = 1> <Delay = 0.12> <FuncUnit> <Opcode : 'and' 'or' 'xor'> <InPorts = 2> <OutPorts = 1>
ST_8 : Operation 187 [1/3] (6.14ns)   --->   "%res_128 = fadd i32 %bitcast_ln32_78, i32 %res_137" [/home/minghe/gemm_hls/hlslib/include/hlslib/xilinx/Operators.h:25->../kernel/Compute.cpp:133]   --->   Operation 187 'fadd' 'res_128' <Predicate = true> <Delay = 6.14> <CoreInst = "FAddSub_fulldsp">   --->   Core 18 'FAddSub_fulldsp' <Latency = 2> <II = 1> <Delay = 6.14> <FuncUnit> <Opcode : 'fadd' 'fsub'> <InPorts = 2> <OutPorts = 1>
ST_8 : Operation 188 [1/1] (0.22ns) (out node of the LUT)   --->   "%select_ln296_34 = select i1 %inBounds_41, i32 %res_128, i32 %bitcast_ln32_78" [/home/minghe/gemm_hls/hlslib/include/hlslib/xilinx/DataPack.h:296->../kernel/Compute.cpp:137]   --->   Operation 188 'select' 'select_ln296_34' <Predicate = true> <Delay = 0.22> <CoreInst = "Sel">   --->   Core 73 'Sel' <Latency = 0> <II = 1> <Delay = 0.22> <FuncUnit> <Opcode : 'select'> <InPorts = 3> <OutPorts = 1>
ST_8 : Operation 189 [1/1] (0.00ns) (grouped into LUT with out node select_ln296_35)   --->   "%inBounds_42 = and i1 %inBoundsN, i1 %inBoundsM_42" [../kernel/Compute.cpp:127]   --->   Operation 189 'and' 'inBounds_42' <Predicate = true> <Delay = 0.00> <CoreInst = "LogicGate">   --->   Core 74 'LogicGate' <Latency = 0> <II = 1> <Delay = 0.12> <FuncUnit> <Opcode : 'and' 'or' 'xor'> <InPorts = 2> <OutPorts = 1>
ST_8 : Operation 190 [1/3] (6.14ns)   --->   "%res_130 = fadd i32 %bitcast_ln32_80, i32 %res_138" [/home/minghe/gemm_hls/hlslib/include/hlslib/xilinx/Operators.h:25->../kernel/Compute.cpp:133]   --->   Operation 190 'fadd' 'res_130' <Predicate = true> <Delay = 6.14> <CoreInst = "FAddSub_fulldsp">   --->   Core 18 'FAddSub_fulldsp' <Latency = 2> <II = 1> <Delay = 6.14> <FuncUnit> <Opcode : 'fadd' 'fsub'> <InPorts = 2> <OutPorts = 1>
ST_8 : Operation 191 [1/1] (0.22ns) (out node of the LUT)   --->   "%select_ln296_35 = select i1 %inBounds_42, i32 %res_130, i32 %bitcast_ln32_80" [/home/minghe/gemm_hls/hlslib/include/hlslib/xilinx/DataPack.h:296->../kernel/Compute.cpp:137]   --->   Operation 191 'select' 'select_ln296_35' <Predicate = true> <Delay = 0.22> <CoreInst = "Sel">   --->   Core 73 'Sel' <Latency = 0> <II = 1> <Delay = 0.22> <FuncUnit> <Opcode : 'select'> <InPorts = 3> <OutPorts = 1>
ST_8 : Operation 203 [1/1] (0.38ns)   --->   "%ret_ln0 = ret"   --->   Operation 203 'ret' 'ret_ln0' <Predicate = (icmp_ln64)> <Delay = 0.38>

State 9 <SV = 8> <Delay = 1.20>
ST_9 : Operation 192 [1/1] (0.00ns)   --->   "%bitcast_ln36 = bitcast i32 %select_ln296" [/home/minghe/gemm_hls/hlslib/include/hlslib/xilinx/DataPack.h:36->/home/minghe/gemm_hls/hlslib/include/hlslib/xilinx/DataPack.h:184->/home/minghe/gemm_hls/hlslib/include/hlslib/xilinx/DataPack.h:296->../kernel/Compute.cpp:137]   --->   Operation 192 'bitcast' 'bitcast_ln36' <Predicate = true> <Delay = 0.00>
ST_9 : Operation 193 [1/1] (0.00ns)   --->   "%bitcast_ln36_29 = bitcast i32 %select_ln296_29" [/home/minghe/gemm_hls/hlslib/include/hlslib/xilinx/DataPack.h:36->/home/minghe/gemm_hls/hlslib/include/hlslib/xilinx/DataPack.h:184->/home/minghe/gemm_hls/hlslib/include/hlslib/xilinx/DataPack.h:296->../kernel/Compute.cpp:137]   --->   Operation 193 'bitcast' 'bitcast_ln36_29' <Predicate = true> <Delay = 0.00>
ST_9 : Operation 194 [1/1] (0.00ns)   --->   "%bitcast_ln36_30 = bitcast i32 %select_ln296_30" [/home/minghe/gemm_hls/hlslib/include/hlslib/xilinx/DataPack.h:36->/home/minghe/gemm_hls/hlslib/include/hlslib/xilinx/DataPack.h:184->/home/minghe/gemm_hls/hlslib/include/hlslib/xilinx/DataPack.h:296->../kernel/Compute.cpp:137]   --->   Operation 194 'bitcast' 'bitcast_ln36_30' <Predicate = true> <Delay = 0.00>
ST_9 : Operation 195 [1/1] (0.00ns)   --->   "%bitcast_ln36_31 = bitcast i32 %select_ln296_31" [/home/minghe/gemm_hls/hlslib/include/hlslib/xilinx/DataPack.h:36->/home/minghe/gemm_hls/hlslib/include/hlslib/xilinx/DataPack.h:184->/home/minghe/gemm_hls/hlslib/include/hlslib/xilinx/DataPack.h:296->../kernel/Compute.cpp:137]   --->   Operation 195 'bitcast' 'bitcast_ln36_31' <Predicate = true> <Delay = 0.00>
ST_9 : Operation 196 [1/1] (0.00ns)   --->   "%bitcast_ln36_32 = bitcast i32 %select_ln296_32" [/home/minghe/gemm_hls/hlslib/include/hlslib/xilinx/DataPack.h:36->/home/minghe/gemm_hls/hlslib/include/hlslib/xilinx/DataPack.h:184->/home/minghe/gemm_hls/hlslib/include/hlslib/xilinx/DataPack.h:296->../kernel/Compute.cpp:137]   --->   Operation 196 'bitcast' 'bitcast_ln36_32' <Predicate = true> <Delay = 0.00>
ST_9 : Operation 197 [1/1] (0.00ns)   --->   "%bitcast_ln36_33 = bitcast i32 %select_ln296_33" [/home/minghe/gemm_hls/hlslib/include/hlslib/xilinx/DataPack.h:36->/home/minghe/gemm_hls/hlslib/include/hlslib/xilinx/DataPack.h:184->/home/minghe/gemm_hls/hlslib/include/hlslib/xilinx/DataPack.h:296->../kernel/Compute.cpp:137]   --->   Operation 197 'bitcast' 'bitcast_ln36_33' <Predicate = true> <Delay = 0.00>
ST_9 : Operation 198 [1/1] (0.00ns)   --->   "%bitcast_ln36_34 = bitcast i32 %select_ln296_34" [/home/minghe/gemm_hls/hlslib/include/hlslib/xilinx/DataPack.h:36->/home/minghe/gemm_hls/hlslib/include/hlslib/xilinx/DataPack.h:184->/home/minghe/gemm_hls/hlslib/include/hlslib/xilinx/DataPack.h:296->../kernel/Compute.cpp:137]   --->   Operation 198 'bitcast' 'bitcast_ln36_34' <Predicate = true> <Delay = 0.00>
ST_9 : Operation 199 [1/1] (0.00ns)   --->   "%bitcast_ln36_35 = bitcast i32 %select_ln296_35" [/home/minghe/gemm_hls/hlslib/include/hlslib/xilinx/DataPack.h:36->/home/minghe/gemm_hls/hlslib/include/hlslib/xilinx/DataPack.h:184->/home/minghe/gemm_hls/hlslib/include/hlslib/xilinx/DataPack.h:296->../kernel/Compute.cpp:137]   --->   Operation 199 'bitcast' 'bitcast_ln36_35' <Predicate = true> <Delay = 0.00>
ST_9 : Operation 200 [1/1] (0.00ns)   --->   "%tmp_84 = bitconcatenate i256 @_ssdm_op_BitConcatenate.i256.i32.i32.i32.i32.i32.i32.i32.i32, i32 %bitcast_ln36_35, i32 %bitcast_ln36_34, i32 %bitcast_ln36_33, i32 %bitcast_ln36_32, i32 %bitcast_ln36_31, i32 %bitcast_ln36_30, i32 %bitcast_ln36_29, i32 %bitcast_ln36" [/home/minghe/gemm_hls/hlslib/include/hlslib/xilinx/DataPack.h:183->/home/minghe/gemm_hls/hlslib/include/hlslib/xilinx/DataPack.h:296->../kernel/Compute.cpp:137]   --->   Operation 200 'bitconcatenate' 'tmp_84' <Predicate = true> <Delay = 0.00>
ST_9 : Operation 201 [1/1] (1.20ns)   --->   "%store_ln150 = store i256 %tmp_84, i10 %cBuffer_addr" [/home/minghe/gemm_hls/hlslib/include/hlslib/xilinx/DataPack.h:150->../kernel/Compute.cpp:141]   --->   Operation 201 'store' 'store_ln150' <Predicate = true> <Delay = 1.20> <CoreInst = "RAM">   --->   Core 82 'RAM' <Latency = 1> <II = 1> <Delay = 1.20> <Storage> <Opcode : 'load' 'store'> <Ports = 2> <Width = 256> <Depth = 1024> <RAM>
ST_9 : Operation 202 [1/1] (0.00ns)   --->   "%br_ln67 = br void %for.body58" [../kernel/Compute.cpp:67]   --->   Operation 202 'br' 'br_ln67' <Predicate = true> <Delay = 0.00>


============================================================
+ Verbose Summary: Timing violations
============================================================
Target clock period: 10.000ns, clock uncertainty: 2.700ns.

 <State 1>: 2.494ns
The critical path consists of the following:
	'store' operation 0 bit ('store_ln67', ../kernel/Compute.cpp:67) of constant 0 on local variable 'm1', ../kernel/Compute.cpp:67 [32]  (0.387 ns)
	'load' operation 7 bit ('m1_load', ../kernel/Compute.cpp:67) on local variable 'm1', ../kernel/Compute.cpp:67 [40]  (0.000 ns)
	'icmp' operation 1 bit ('icmp_ln67', ../kernel/Compute.cpp:67) [44]  (0.706 ns)
	'select' operation 7 bit ('select_ln64', ../kernel/Compute.cpp:64) [45]  (0.308 ns)
	'add' operation 7 bit ('add_ln67', ../kernel/Compute.cpp:67) [182]  (0.706 ns)
	'store' operation 0 bit ('store_ln67', ../kernel/Compute.cpp:67) of variable 'add_ln67', ../kernel/Compute.cpp:67 on local variable 'm1', ../kernel/Compute.cpp:67 [185]  (0.387 ns)

 <State 2>: 2.930ns
The critical path consists of the following:
	fifo read operation ('read', /home/minghe/gemm_hls/hlslib/include/hlslib/xilinx/Stream.h:199->/home/minghe/gemm_hls/hlslib/include/hlslib/xilinx/Stream.h:153->../kernel/Compute.cpp:84) on port 'aPipes_4' (/home/minghe/gemm_hls/hlslib/include/hlslib/xilinx/Stream.h:199->/home/minghe/gemm_hls/hlslib/include/hlslib/xilinx/Stream.h:153->../kernel/Compute.cpp:84) [70]  (1.465 ns)
	fifo write operation ('write_ln406', /home/minghe/gemm_hls/hlslib/include/hlslib/xilinx/Stream.h:406->/home/minghe/gemm_hls/hlslib/include/hlslib/xilinx/Stream.h:277->/home/minghe/gemm_hls/hlslib/include/hlslib/xilinx/Stream.h:146->../kernel/Compute.cpp:94) on port 'aPipes_5' (/home/minghe/gemm_hls/hlslib/include/hlslib/xilinx/Stream.h:406->/home/minghe/gemm_hls/hlslib/include/hlslib/xilinx/Stream.h:277->/home/minghe/gemm_hls/hlslib/include/hlslib/xilinx/Stream.h:146->../kernel/Compute.cpp:94) [74]  (1.465 ns)

 <State 3>: 0.699ns
The critical path consists of the following:
	'getelementptr' operation 5 bit ('aBuffer_addr', ../kernel/Compute.cpp:64) [51]  (0.000 ns)
	'load' operation 32 bit ('aVal', ../kernel/Compute.cpp:101) on array 'aBuffer' [82]  (0.699 ns)

 <State 4>: 5.889ns
The critical path consists of the following:
	fifo read operation ('bVal', /home/minghe/gemm_hls/hlslib/include/hlslib/xilinx/Stream.h:199->/home/minghe/gemm_hls/hlslib/include/hlslib/xilinx/Stream.h:153->../kernel/Compute.cpp:103) on port 'bPipes_4' (/home/minghe/gemm_hls/hlslib/include/hlslib/xilinx/Stream.h:199->/home/minghe/gemm_hls/hlslib/include/hlslib/xilinx/Stream.h:153->../kernel/Compute.cpp:103) [83]  (0.988 ns)
	'fmul' operation 32 bit ('res', /home/minghe/gemm_hls/hlslib/include/hlslib/xilinx/Operators.h:50->../kernel/Compute.cpp:129) [97]  (4.901 ns)

 <State 5>: 4.901ns
The critical path consists of the following:
	'fmul' operation 32 bit ('res', /home/minghe/gemm_hls/hlslib/include/hlslib/xilinx/Operators.h:50->../kernel/Compute.cpp:129) [97]  (4.901 ns)

 <State 6>: 6.149ns
The critical path consists of the following:
	'fadd' operation 32 bit ('res', /home/minghe/gemm_hls/hlslib/include/hlslib/xilinx/Operators.h:25->../kernel/Compute.cpp:133) [100]  (6.149 ns)

 <State 7>: 6.149ns
The critical path consists of the following:
	'fadd' operation 32 bit ('res', /home/minghe/gemm_hls/hlslib/include/hlslib/xilinx/Operators.h:25->../kernel/Compute.cpp:133) [100]  (6.149 ns)

 <State 8>: 6.376ns
The critical path consists of the following:
	'fadd' operation 32 bit ('res', /home/minghe/gemm_hls/hlslib/include/hlslib/xilinx/Operators.h:25->../kernel/Compute.cpp:133) [100]  (6.149 ns)
	'select' operation 32 bit ('select_ln296', /home/minghe/gemm_hls/hlslib/include/hlslib/xilinx/DataPack.h:296->../kernel/Compute.cpp:137) [101]  (0.227 ns)

 <State 9>: 1.200ns
The critical path consists of the following:
	'store' operation 0 bit ('store_ln150', /home/minghe/gemm_hls/hlslib/include/hlslib/xilinx/DataPack.h:150->../kernel/Compute.cpp:141) of variable 'tmp_84', /home/minghe/gemm_hls/hlslib/include/hlslib/xilinx/DataPack.h:183->/home/minghe/gemm_hls/hlslib/include/hlslib/xilinx/DataPack.h:296->../kernel/Compute.cpp:137 on array 'cBuffer' [181]  (1.200 ns)


============================================================
+ Verbose Summary: Binding
============================================================
N/A
* FSMD analyzer results:
  - Output states:
 - Input state : 
  - Chain level:
	State 1
	State 2
	State 3
	State 4
	State 5
	State 6
	State 7
	State 8
	State 9


============================================================
+ Verbose Summary: Datapath Resource usage 
============================================================
N/A
