

================================================================
== Vitis HLS Report for 'ReadA'
================================================================
* Date:           Mon Nov 11 16:39:23 2024

* Version:        2024.1 (Build 5069499 on May 21 2024)
* Project:        MatrixMultiplication
* Solution:       xcu250-figd2104-2L-e (Vitis Kernel Flow Target)
* Product family: virtexuplus
* Target device:  xcu250-figd2104-2L-e


================================================================
== Performance Estimates
================================================================
+ Timing: 
    * Summary: 
    +--------+----------+----------+------------+
    |  Clock |  Target  | Estimated| Uncertainty|
    +--------+----------+----------+------------+
    |ap_clk  |  10.00 ns|  7.300 ns|     2.70 ns|
    +--------+----------+----------+------------+

+ Latency: 
    * Summary: 
    +---------+---------+----------+----------+-----+-----+---------+
    |  Latency (cycles) |  Latency (absolute) |  Interval | Pipeline|
    |   min   |   max   |    min   |    max   | min | max |   Type  |
    +---------+---------+----------+----------+-----+-----+---------+
    |        ?|        ?|         ?|         ?|    ?|    ?|       no|
    +---------+---------+----------+----------+-----+-----+---------+

    + Detail: 
        * Instance: 
        N/A

        * Loop: 
        N/A

============================================================
+ Verbose Summary: Synthesis Manager
============================================================
InlineROM: 1
ExposeGlobal: 0
============================================================
+ Verbose Summary: CDFG Model
============================================================
IsTopModel: 0
ResetActiveHigh: 1
IsCombinational: 2
IsDatapathOnly: 0
HasWiredReturn: 1
HasMFsm: 0
HasVarLatency: 1
IsPipeline: 0
IsRtlPipelined: 0
IsInstanceOverlapped: 0
IsDontTouch: 0
HasImplIP: 0
IsGatedGlobalClock: 0


============================================================
+ Verbose Summary: Schedule
============================================================
* Number of FSM states : 4
* Pipeline : 0
* Dataflow Pipeline: 0

* FSM state transitions: 
1 --> 2 
2 --> 3 
3 --> 4 
4 --> 

* FSM state operations: 

State 1 <SV = 0> <Delay = 1.39>
ST_1 : Operation 5 [1/1] (0.00ns)   --->   "%size_m_read = read i32 @_ssdm_op_Read.ap_auto.i32, i32 %size_m"   --->   Operation 5 'read' 'size_m_read' <Predicate = true> <Delay = 0.00>
ST_1 : Operation 6 [1/1] (0.00ns)   --->   "%size_k_read = read i32 @_ssdm_op_Read.ap_auto.i32, i32 %size_k"   --->   Operation 6 'read' 'size_k_read' <Predicate = true> <Delay = 0.00>
ST_1 : Operation 7 [1/1] (0.00ns)   --->   "%size_n_read = read i32 @_ssdm_op_Read.ap_auto.i32, i32 %size_n"   --->   Operation 7 'read' 'size_n_read' <Predicate = true> <Delay = 0.00>
ST_1 : Operation 8 [1/1] (1.39ns)   --->   "%write_ln0 = write void @_ssdm_op_Write.ap_fifo.i32P0A, i32 %size_m_c13, i32 %size_m_read"   --->   Operation 8 'write' 'write_ln0' <Predicate = true> <Delay = 1.39> <CoreInst = "FIFO_SRL">   --->   Core 80 'FIFO_SRL' <Latency = 0> <II = 1> <Delay = 1.39> <Storage> <Opcode : 'read' 'write' 'nbread' 'nbwrite'> <Ports = 0> <Width = 32> <Depth = 2> <FIFO>
ST_1 : Operation 9 [1/1] (1.39ns)   --->   "%write_ln0 = write void @_ssdm_op_Write.ap_fifo.i32P0A, i32 %size_k_c8, i32 %size_k_read"   --->   Operation 9 'write' 'write_ln0' <Predicate = true> <Delay = 1.39> <CoreInst = "FIFO_SRL">   --->   Core 80 'FIFO_SRL' <Latency = 0> <II = 1> <Delay = 1.39> <Storage> <Opcode : 'read' 'write' 'nbread' 'nbwrite'> <Ports = 0> <Width = 32> <Depth = 2> <FIFO>
ST_1 : Operation 10 [1/1] (1.39ns)   --->   "%write_ln0 = write void @_ssdm_op_Write.ap_fifo.i32P0A, i32 %size_n_c5, i32 %size_n_read"   --->   Operation 10 'write' 'write_ln0' <Predicate = true> <Delay = 1.39> <CoreInst = "FIFO_SRL">   --->   Core 80 'FIFO_SRL' <Latency = 0> <II = 1> <Delay = 1.39> <Storage> <Opcode : 'read' 'write' 'nbread' 'nbwrite'> <Ports = 0> <Width = 32> <Depth = 2> <FIFO>
ST_1 : Operation 11 [1/1] (0.00ns)   --->   "%zext_ln111 = zext i32 %size_n_read" [/home/minghe/gemm_hls/include/MatrixMultiplication.h:111->../kernel/Memory.cpp:109]   --->   Operation 11 'zext' 'zext_ln111' <Predicate = true> <Delay = 0.00>
ST_1 : Operation 12 [1/1] (0.88ns)   --->   "%add_ln111 = add i33 %zext_ln111, i33 511" [/home/minghe/gemm_hls/include/MatrixMultiplication.h:111->../kernel/Memory.cpp:109]   --->   Operation 12 'add' 'add_ln111' <Predicate = true> <Delay = 0.88> <CoreInst = "Adder">   --->   Core 1 'Adder' <Latency = 0> <II = 1> <Delay = 0.88> <FuncUnit> <Opcode : 'add' 'sub'> <InPorts = 2> <OutPorts = 1>
ST_1 : Operation 13 [1/1] (0.00ns)   --->   "%lshr_ln = partselect i24 @_ssdm_op_PartSelect.i24.i33.i32.i32, i33 %add_ln111, i32 9, i32 32" [/home/minghe/gemm_hls/include/MatrixMultiplication.h:111->../kernel/Memory.cpp:109]   --->   Operation 13 'partselect' 'lshr_ln' <Predicate = true> <Delay = 0.00>
ST_1 : Operation 14 [1/1] (0.00ns)   --->   "%zext_ln116 = zext i32 %size_m_read" [/home/minghe/gemm_hls/include/MatrixMultiplication.h:116->../kernel/Memory.cpp:109]   --->   Operation 14 'zext' 'zext_ln116' <Predicate = true> <Delay = 0.00>
ST_1 : Operation 15 [1/1] (0.88ns)   --->   "%add_ln116 = add i33 %zext_ln116, i33 511" [/home/minghe/gemm_hls/include/MatrixMultiplication.h:116->../kernel/Memory.cpp:109]   --->   Operation 15 'add' 'add_ln116' <Predicate = true> <Delay = 0.88> <CoreInst = "Adder">   --->   Core 1 'Adder' <Latency = 0> <II = 1> <Delay = 0.88> <FuncUnit> <Opcode : 'add' 'sub'> <InPorts = 2> <OutPorts = 1>
ST_1 : Operation 16 [1/1] (0.00ns)   --->   "%lshr_ln1 = partselect i24 @_ssdm_op_PartSelect.i24.i33.i32.i32, i33 %add_ln116, i32 9, i32 32" [/home/minghe/gemm_hls/include/MatrixMultiplication.h:116->../kernel/Memory.cpp:109]   --->   Operation 16 'partselect' 'lshr_ln1' <Predicate = true> <Delay = 0.00>
ST_1 : Operation 17 [1/1] (0.00ns)   --->   "%lshr_ln2 = partselect i28 @_ssdm_op_PartSelect.i28.i32.i32.i32, i32 %size_k_read, i32 4, i32 31" [../kernel/Memory.cpp:109]   --->   Operation 17 'partselect' 'lshr_ln2' <Predicate = true> <Delay = 0.00>

State 2 <SV = 1> <Delay = 7.00>
ST_2 : Operation 18 [1/1] (0.00ns)   --->   "%a_read = read i64 @_ssdm_op_Read.ap_auto.i64, i64 %a"   --->   Operation 18 'read' 'a_read' <Predicate = true> <Delay = 0.00>
ST_2 : Operation 19 [1/1] (0.00ns)   --->   "%tmp_s = bitconcatenate i37 @_ssdm_op_BitConcatenate.i37.i28.i9, i28 %lshr_ln2, i9 0" [../kernel/Memory.cpp:109]   --->   Operation 19 'bitconcatenate' 'tmp_s' <Predicate = true> <Delay = 0.00>
ST_2 : Operation 20 [1/1] (0.00ns)   --->   "%lshr_ln1_cast = zext i24 %lshr_ln1" [/home/minghe/gemm_hls/include/MatrixMultiplication.h:116->../kernel/Memory.cpp:109]   --->   Operation 20 'zext' 'lshr_ln1_cast' <Predicate = true> <Delay = 0.00>
ST_2 : Operation 21 [1/1] (0.00ns)   --->   "%tmp_16_cast = zext i37 %tmp_s" [../kernel/Memory.cpp:109]   --->   Operation 21 'zext' 'tmp_16_cast' <Predicate = true> <Delay = 0.00>
ST_2 : Operation 22 [1/1] (3.15ns)   --->   "%bound17 = mul i60 %lshr_ln1_cast, i60 %tmp_16_cast" [/home/minghe/gemm_hls/include/MatrixMultiplication.h:116->../kernel/Memory.cpp:109]   --->   Operation 22 'mul' 'bound17' <Predicate = true> <Delay = 3.15> <CoreInst = "Multiplier">   --->   Core 3 'Multiplier' <Latency = 0> <II = 1> <Delay = 3.15> <FuncUnit> <Opcode : 'mul'> <InPorts = 2> <OutPorts = 1>
ST_2 : Operation 23 [1/1] (0.00ns)   --->   "%lshr_ln_cast = zext i24 %lshr_ln" [/home/minghe/gemm_hls/include/MatrixMultiplication.h:111->../kernel/Memory.cpp:109]   --->   Operation 23 'zext' 'lshr_ln_cast' <Predicate = true> <Delay = 0.00>
ST_2 : Operation 24 [1/1] (0.00ns)   --->   "%bound17_cast = zext i60 %bound17" [/home/minghe/gemm_hls/include/MatrixMultiplication.h:116->../kernel/Memory.cpp:109]   --->   Operation 24 'zext' 'bound17_cast' <Predicate = true> <Delay = 0.00>
ST_2 : Operation 25 [1/1] (3.85ns)   --->   "%bound40 = mul i83 %lshr_ln_cast, i83 %bound17_cast" [/home/minghe/gemm_hls/include/MatrixMultiplication.h:111->../kernel/Memory.cpp:109]   --->   Operation 25 'mul' 'bound40' <Predicate = true> <Delay = 3.85> <CoreInst = "Multiplier">   --->   Core 3 'Multiplier' <Latency = 0> <II = 1> <Delay = 3.85> <FuncUnit> <Opcode : 'mul'> <InPorts = 2> <OutPorts = 1>

State 3 <SV = 2> <Delay = 0.00>
ST_3 : Operation 26 [1/1] (0.00ns)   --->   "%empty = wait i32 @_ssdm_op_Wait"   --->   Operation 26 'wait' 'empty' <Predicate = true> <Delay = 0.00>
ST_3 : Operation 27 [2/2] (0.00ns)   --->   "%call_ln111 = call void @ReadA_Pipeline_ReadA_N0_ReadA_M0_ReadA_K0_ReadA_N1_ReadA_N2, i83 %bound40, i60 %bound17, i28 %lshr_ln2, i37 %tmp_s, i28 %lshr_ln2, i64 %a_read, i512 %gmem0, i32 %aSplit_0, i32 %aSplit_1, i32 %aSplit_2, i32 %aSplit_3, i32 %aSplit_4, i32 %aSplit_5, i32 %aSplit_6, i32 %aSplit_7, i32 %aSplit_8, i32 %aSplit_9, i32 %aSplit_10, i32 %aSplit_11, i32 %aSplit_12, i32 %aSplit_13, i32 %aSplit_14, i32 %aSplit_15" [/home/minghe/gemm_hls/include/MatrixMultiplication.h:111->../kernel/Memory.cpp:109]   --->   Operation 27 'call' 'call_ln111' <Predicate = true> <Delay = 0.00> <CoreType = "Generic">   --->   Core 0 '' <Latency = 0> <II = 1> <Delay = 1.00> <Generic> <Opcode : >

State 4 <SV = 3> <Delay = 0.00>
ST_4 : Operation 28 [1/1] (0.00ns)   --->   "%specinterface_ln0 = specinterface void @_ssdm_op_SpecInterface, i32 %size_m_c13, void @ap_fifo_str, i32 0, i32 0, void @p_str, i32 0, i32 0, void @p_str, void @p_str, void @p_str, i32 2, i32 2, i32 16, i32 16, void @p_str, void @ScalarProp_str, i32 4294967295, i32 0, i32 0"   --->   Operation 28 'specinterface' 'specinterface_ln0' <Predicate = true> <Delay = 0.00>
ST_4 : Operation 29 [1/1] (0.00ns)   --->   "%specinterface_ln0 = specinterface void @_ssdm_op_SpecInterface, i32 %size_k_c8, void @ap_fifo_str, i32 0, i32 0, void @p_str, i32 0, i32 0, void @p_str, void @p_str, void @p_str, i32 2, i32 2, i32 16, i32 16, void @p_str, void @ScalarProp_str, i32 4294967295, i32 0, i32 0"   --->   Operation 29 'specinterface' 'specinterface_ln0' <Predicate = true> <Delay = 0.00>
ST_4 : Operation 30 [1/1] (0.00ns)   --->   "%specinterface_ln0 = specinterface void @_ssdm_op_SpecInterface, i32 %size_n_c5, void @ap_fifo_str, i32 0, i32 0, void @p_str, i32 0, i32 0, void @p_str, void @p_str, void @p_str, i32 2, i32 2, i32 16, i32 16, void @p_str, void @ScalarProp_str, i32 4294967295, i32 0, i32 0"   --->   Operation 30 'specinterface' 'specinterface_ln0' <Predicate = true> <Delay = 0.00>
ST_4 : Operation 31 [1/1] (0.00ns)   --->   "%specinterface_ln0 = specinterface void @_ssdm_op_SpecInterface, i32 %aSplit_15, void @empty_16, i32 0, i32 0, void @empty_24, i32 0, i32 0, void @empty_24, void @empty_24, void @empty_24, i32 0, i32 0, i32 0, i32 0, void @empty_24, void @empty_24, i32 4294967295, i32 0, i32 0"   --->   Operation 31 'specinterface' 'specinterface_ln0' <Predicate = true> <Delay = 0.00>
ST_4 : Operation 32 [1/1] (0.00ns)   --->   "%specinterface_ln0 = specinterface void @_ssdm_op_SpecInterface, i32 %aSplit_14, void @empty_16, i32 0, i32 0, void @empty_24, i32 0, i32 0, void @empty_24, void @empty_24, void @empty_24, i32 0, i32 0, i32 0, i32 0, void @empty_24, void @empty_24, i32 4294967295, i32 0, i32 0"   --->   Operation 32 'specinterface' 'specinterface_ln0' <Predicate = true> <Delay = 0.00>
ST_4 : Operation 33 [1/1] (0.00ns)   --->   "%specinterface_ln0 = specinterface void @_ssdm_op_SpecInterface, i32 %aSplit_13, void @empty_16, i32 0, i32 0, void @empty_24, i32 0, i32 0, void @empty_24, void @empty_24, void @empty_24, i32 0, i32 0, i32 0, i32 0, void @empty_24, void @empty_24, i32 4294967295, i32 0, i32 0"   --->   Operation 33 'specinterface' 'specinterface_ln0' <Predicate = true> <Delay = 0.00>
ST_4 : Operation 34 [1/1] (0.00ns)   --->   "%specinterface_ln0 = specinterface void @_ssdm_op_SpecInterface, i32 %aSplit_12, void @empty_16, i32 0, i32 0, void @empty_24, i32 0, i32 0, void @empty_24, void @empty_24, void @empty_24, i32 0, i32 0, i32 0, i32 0, void @empty_24, void @empty_24, i32 4294967295, i32 0, i32 0"   --->   Operation 34 'specinterface' 'specinterface_ln0' <Predicate = true> <Delay = 0.00>
ST_4 : Operation 35 [1/1] (0.00ns)   --->   "%specinterface_ln0 = specinterface void @_ssdm_op_SpecInterface, i32 %aSplit_11, void @empty_16, i32 0, i32 0, void @empty_24, i32 0, i32 0, void @empty_24, void @empty_24, void @empty_24, i32 0, i32 0, i32 0, i32 0, void @empty_24, void @empty_24, i32 4294967295, i32 0, i32 0"   --->   Operation 35 'specinterface' 'specinterface_ln0' <Predicate = true> <Delay = 0.00>
ST_4 : Operation 36 [1/1] (0.00ns)   --->   "%specinterface_ln0 = specinterface void @_ssdm_op_SpecInterface, i32 %aSplit_10, void @empty_16, i32 0, i32 0, void @empty_24, i32 0, i32 0, void @empty_24, void @empty_24, void @empty_24, i32 0, i32 0, i32 0, i32 0, void @empty_24, void @empty_24, i32 4294967295, i32 0, i32 0"   --->   Operation 36 'specinterface' 'specinterface_ln0' <Predicate = true> <Delay = 0.00>
ST_4 : Operation 37 [1/1] (0.00ns)   --->   "%specinterface_ln0 = specinterface void @_ssdm_op_SpecInterface, i32 %aSplit_9, void @empty_16, i32 0, i32 0, void @empty_24, i32 0, i32 0, void @empty_24, void @empty_24, void @empty_24, i32 0, i32 0, i32 0, i32 0, void @empty_24, void @empty_24, i32 4294967295, i32 0, i32 0"   --->   Operation 37 'specinterface' 'specinterface_ln0' <Predicate = true> <Delay = 0.00>
ST_4 : Operation 38 [1/1] (0.00ns)   --->   "%specinterface_ln0 = specinterface void @_ssdm_op_SpecInterface, i32 %aSplit_8, void @empty_16, i32 0, i32 0, void @empty_24, i32 0, i32 0, void @empty_24, void @empty_24, void @empty_24, i32 0, i32 0, i32 0, i32 0, void @empty_24, void @empty_24, i32 4294967295, i32 0, i32 0"   --->   Operation 38 'specinterface' 'specinterface_ln0' <Predicate = true> <Delay = 0.00>
ST_4 : Operation 39 [1/1] (0.00ns)   --->   "%specinterface_ln0 = specinterface void @_ssdm_op_SpecInterface, i32 %aSplit_7, void @empty_16, i32 0, i32 0, void @empty_24, i32 0, i32 0, void @empty_24, void @empty_24, void @empty_24, i32 0, i32 0, i32 0, i32 0, void @empty_24, void @empty_24, i32 4294967295, i32 0, i32 0"   --->   Operation 39 'specinterface' 'specinterface_ln0' <Predicate = true> <Delay = 0.00>
ST_4 : Operation 40 [1/1] (0.00ns)   --->   "%specinterface_ln0 = specinterface void @_ssdm_op_SpecInterface, i32 %aSplit_6, void @empty_16, i32 0, i32 0, void @empty_24, i32 0, i32 0, void @empty_24, void @empty_24, void @empty_24, i32 0, i32 0, i32 0, i32 0, void @empty_24, void @empty_24, i32 4294967295, i32 0, i32 0"   --->   Operation 40 'specinterface' 'specinterface_ln0' <Predicate = true> <Delay = 0.00>
ST_4 : Operation 41 [1/1] (0.00ns)   --->   "%specinterface_ln0 = specinterface void @_ssdm_op_SpecInterface, i32 %aSplit_5, void @empty_16, i32 0, i32 0, void @empty_24, i32 0, i32 0, void @empty_24, void @empty_24, void @empty_24, i32 0, i32 0, i32 0, i32 0, void @empty_24, void @empty_24, i32 4294967295, i32 0, i32 0"   --->   Operation 41 'specinterface' 'specinterface_ln0' <Predicate = true> <Delay = 0.00>
ST_4 : Operation 42 [1/1] (0.00ns)   --->   "%specinterface_ln0 = specinterface void @_ssdm_op_SpecInterface, i32 %aSplit_4, void @empty_16, i32 0, i32 0, void @empty_24, i32 0, i32 0, void @empty_24, void @empty_24, void @empty_24, i32 0, i32 0, i32 0, i32 0, void @empty_24, void @empty_24, i32 4294967295, i32 0, i32 0"   --->   Operation 42 'specinterface' 'specinterface_ln0' <Predicate = true> <Delay = 0.00>
ST_4 : Operation 43 [1/1] (0.00ns)   --->   "%specinterface_ln0 = specinterface void @_ssdm_op_SpecInterface, i32 %aSplit_3, void @empty_16, i32 0, i32 0, void @empty_24, i32 0, i32 0, void @empty_24, void @empty_24, void @empty_24, i32 0, i32 0, i32 0, i32 0, void @empty_24, void @empty_24, i32 4294967295, i32 0, i32 0"   --->   Operation 43 'specinterface' 'specinterface_ln0' <Predicate = true> <Delay = 0.00>
ST_4 : Operation 44 [1/1] (0.00ns)   --->   "%specinterface_ln0 = specinterface void @_ssdm_op_SpecInterface, i32 %aSplit_2, void @empty_16, i32 0, i32 0, void @empty_24, i32 0, i32 0, void @empty_24, void @empty_24, void @empty_24, i32 0, i32 0, i32 0, i32 0, void @empty_24, void @empty_24, i32 4294967295, i32 0, i32 0"   --->   Operation 44 'specinterface' 'specinterface_ln0' <Predicate = true> <Delay = 0.00>
ST_4 : Operation 45 [1/1] (0.00ns)   --->   "%specinterface_ln0 = specinterface void @_ssdm_op_SpecInterface, i32 %aSplit_1, void @empty_16, i32 0, i32 0, void @empty_24, i32 0, i32 0, void @empty_24, void @empty_24, void @empty_24, i32 0, i32 0, i32 0, i32 0, void @empty_24, void @empty_24, i32 4294967295, i32 0, i32 0"   --->   Operation 45 'specinterface' 'specinterface_ln0' <Predicate = true> <Delay = 0.00>
ST_4 : Operation 46 [1/1] (0.00ns)   --->   "%specinterface_ln0 = specinterface void @_ssdm_op_SpecInterface, i32 %aSplit_0, void @empty_16, i32 0, i32 0, void @empty_24, i32 0, i32 0, void @empty_24, void @empty_24, void @empty_24, i32 0, i32 0, i32 0, i32 0, void @empty_24, void @empty_24, i32 4294967295, i32 0, i32 0"   --->   Operation 46 'specinterface' 'specinterface_ln0' <Predicate = true> <Delay = 0.00>
ST_4 : Operation 47 [1/1] (0.00ns)   --->   "%specinterface_ln0 = specinterface void @_ssdm_op_SpecInterface, i512 %gmem0, void @empty_23, i32 0, i32 0, void @empty_24, i32 64, i32 0, void @empty_14, void @empty_13, void @empty_24, i32 16, i32 16, i32 16, i32 16, void @empty_24, void @empty_24, i32 4294967295, i32 0, i32 0"   --->   Operation 47 'specinterface' 'specinterface_ln0' <Predicate = true> <Delay = 0.00>
ST_4 : Operation 48 [1/2] (0.00ns)   --->   "%call_ln111 = call void @ReadA_Pipeline_ReadA_N0_ReadA_M0_ReadA_K0_ReadA_N1_ReadA_N2, i83 %bound40, i60 %bound17, i28 %lshr_ln2, i37 %tmp_s, i28 %lshr_ln2, i64 %a_read, i512 %gmem0, i32 %aSplit_0, i32 %aSplit_1, i32 %aSplit_2, i32 %aSplit_3, i32 %aSplit_4, i32 %aSplit_5, i32 %aSplit_6, i32 %aSplit_7, i32 %aSplit_8, i32 %aSplit_9, i32 %aSplit_10, i32 %aSplit_11, i32 %aSplit_12, i32 %aSplit_13, i32 %aSplit_14, i32 %aSplit_15" [/home/minghe/gemm_hls/include/MatrixMultiplication.h:111->../kernel/Memory.cpp:109]   --->   Operation 48 'call' 'call_ln111' <Predicate = true> <Delay = 0.00> <CoreType = "Generic">   --->   Core 0 '' <Latency = 0> <II = 1> <Delay = 1.00> <Generic> <Opcode : >
ST_4 : Operation 49 [1/1] (0.00ns)   --->   "%ret_ln128 = ret" [../kernel/Memory.cpp:128]   --->   Operation 49 'ret' 'ret_ln128' <Predicate = true> <Delay = 0.00>


============================================================
+ Verbose Summary: Timing violations
============================================================
Target clock period: 10.000ns, clock uncertainty: 2.700ns.

 <State 1>: 1.398ns
The critical path consists of the following:
	wire read operation ('size_m_read') on port 'size_m' [26]  (0.000 ns)
	fifo write operation ('write_ln0') on port 'size_m_c13' [30]  (1.398 ns)

 <State 2>: 7.005ns
The critical path consists of the following:
	'mul' operation 60 bit ('bound17', /home/minghe/gemm_hls/include/MatrixMultiplication.h:116->../kernel/Memory.cpp:109) [62]  (3.155 ns)
	'mul' operation 83 bit ('bound40', /home/minghe/gemm_hls/include/MatrixMultiplication.h:111->../kernel/Memory.cpp:109) [65]  (3.850 ns)

 <State 3>: 0.000ns
The critical path consists of the following:

 <State 4>: 0.000ns
The critical path consists of the following:


============================================================
+ Verbose Summary: Binding
============================================================
N/A
* FSMD analyzer results:
  - Output states:
 - Input state : 
  - Chain level:
	State 1
	State 2
	State 3
	State 4


============================================================
+ Verbose Summary: Datapath Resource usage 
============================================================
N/A
