INFO: [v++ 60-1306] Additional information associated with this v++ compile can be found at:
	Reports: /home/minghe/gemm_hls/build/_x/reports/MatrixMultiplicationKernel_hw
	Log files: /home/minghe/gemm_hls/build/_x/logs/MatrixMultiplicationKernel_hw
INFO: [v++ 60-1548] Creating build summary session with primary output /home/minghe/gemm_hls/build/MatrixMultiplicationKernel_hw.xo.compile_summary, at Mon Nov 11 15:51:03 2024
INFO: [v++ 60-1315] Creating rulecheck session with output '/home/minghe/gemm_hls/build/_x/reports/MatrixMultiplicationKernel_hw/v++_compile_MatrixMultiplicationKernel_hw_guidance.html', at Mon Nov 11 15:51:03 2024
INFO: [v++ 60-895]   Target platform: /opt/xilinx/platforms/xilinx_u250_gen3x16_xdma_4_1_202210_1/xilinx_u250_gen3x16_xdma_4_1_202210_1.xpfm
INFO: [v++ 60-1578]   This platform contains Xilinx Shell Archive '/opt/xilinx/platforms/xilinx_u250_gen3x16_xdma_4_1_202210_1/hw/hw.xsa'
INFO: [v++ 74-78] Compiler Version string: 2024.1
INFO: [v++ 60-1302] Platform 'xilinx_u250_gen3x16_xdma_4_1_202210_1.xpfm' has been explicitly enabled for this release.
INFO: [v++ 60-585] Compiling for hardware target
INFO: [v++ 60-423]   Target device: xilinx_u250_gen3x16_xdma_4_1_202210_1
INFO: [v++ 60-242] Creating kernel: 'MatrixMultiplicationKernel'

===>The following messages were generated while  performing high-level synthesis for kernel: MatrixMultiplicationKernel Log file: /home/minghe/gemm_hls/build/_x/MatrixMultiplicationKernel_hw/MatrixMultiplicationKernel/vitis_hls.log :
INFO: [v++ 204-61] Pipelining loop 'ReadA_N0_ReadA_M0_ReadA_K0_ReadA_N1_ReadA_N2'.
INFO: [v++ 200-1470] Pipelining result : Target II = 1, Final II = 1, Depth = 80, loop 'ReadA_N0_ReadA_M0_ReadA_K0_ReadA_N1_ReadA_N2'
INFO: [v++ 204-61] Pipelining loop 'TransposeA_N0_TransposeA_M0_TransposeA_K_VITIS_LOOP_153_1'.
INFO: [v++ 200-1470] Pipelining result : Target II = 1, Final II = 1, Depth = 6, loop 'TransposeA_N0_TransposeA_M0_TransposeA_K_VITIS_LOOP_153_1'
INFO: [v++ 204-61] Pipelining loop 'ReadB_OuterTile_N_ReadB_OuterTile_M_ReadB_K_ReadB_BufferB_M1'.
INFO: [v++ 200-1470] Pipelining result : Target II = 1, Final II = 1, Depth = 80, loop 'ReadB_OuterTile_N_ReadB_OuterTile_M_ReadB_K_ReadB_BufferB_M1'
INFO: [v++ 204-61] Pipelining loop 'ConvertWidthB_Outer_ConvertWidthB_Memory'.
INFO: [v++ 200-1470] Pipelining result : Target II = 1, Final II = 1, Depth = 5, loop 'ConvertWidthB_Outer_ConvertWidthB_Memory'
INFO: [v++ 204-61] Pipelining loop 'Loop 1'.
INFO: [v++ 200-1470] Pipelining result : Target II = NA, Final II = 1, Depth = 1, loop 'Loop 1'
INFO: [v++ 204-61] Pipelining loop 'FeedB_Pipeline_N_FeedB_Pipeline_M'.
INFO: [v++ 200-1470] Pipelining result : Target II = 1, Final II = 1, Depth = 4, loop 'FeedB_Pipeline_N_FeedB_Pipeline_M'
INFO: [v++ 204-61] Pipelining loop 'Loop 1'.
INFO: [v++ 200-1470] Pipelining result : Target II = NA, Final II = 1, Depth = 1, loop 'Loop 1'
INFO: [v++ 204-61] Pipelining loop 'Loop 1'.
INFO: [v++ 200-1470] Pipelining result : Target II = NA, Final II = 1, Depth = 1, loop 'Loop 1'
INFO: [v++ 204-61] Pipelining loop 'InitializeABuffer_Inner_InitializeABuffer_Outer'.
INFO: [v++ 200-1470] Pipelining result : Target II = 1, Final II = 1, Depth = 3, loop 'InitializeABuffer_Inner_InitializeABuffer_Outer'
INFO: [v++ 204-61] Pipelining loop 'Pipeline_N_Pipeline_M'.
INFO: [v++ 200-1470] Pipelining result : Target II = 1, Final II = 1, Depth = 17, loop 'Pipeline_N_Pipeline_M'
INFO: [v++ 204-61] Pipelining loop 'WriteC_Flattened'.
INFO: [v++ 200-1470] Pipelining result : Target II = 1, Final II = 1, Depth = 3, loop 'WriteC_Flattened'
INFO: [v++ 204-61] Pipelining loop 'Loop 1'.
INFO: [v++ 200-1470] Pipelining result : Target II = NA, Final II = 1, Depth = 1, loop 'Loop 1'
INFO: [v++ 204-61] Pipelining loop 'Loop 1'.
INFO: [v++ 200-1470] Pipelining result : Target II = NA, Final II = 1, Depth = 1, loop 'Loop 1'
INFO: [v++ 204-61] Pipelining loop 'InitializeABuffer_Inner_InitializeABuffer_Outer'.
INFO: [v++ 200-1470] Pipelining result : Target II = 1, Final II = 1, Depth = 3, loop 'InitializeABuffer_Inner_InitializeABuffer_Outer'
INFO: [v++ 204-61] Pipelining loop 'Pipeline_N_Pipeline_M'.
INFO: [v++ 200-1470] Pipelining result : Target II = 1, Final II = 1, Depth = 17, loop 'Pipeline_N_Pipeline_M'
INFO: [v++ 204-61] Pipelining loop 'WriteC_Flattened'.
INFO: [v++ 200-1470] Pipelining result : Target II = 1, Final II = 1, Depth = 3, loop 'WriteC_Flattened'
INFO: [v++ 204-61] Pipelining loop 'Loop 1'.
INFO: [v++ 200-1470] Pipelining result : Target II = NA, Final II = 1, Depth = 1, loop 'Loop 1'
INFO: [v++ 204-61] Pipelining loop 'Loop 1'.
INFO: [v++ 200-1470] Pipelining result : Target II = NA, Final II = 1, Depth = 1, loop 'Loop 1'
INFO: [v++ 204-61] Pipelining loop 'InitializeABuffer_Inner_InitializeABuffer_Outer'.
INFO: [v++ 200-1470] Pipelining result : Target II = 1, Final II = 1, Depth = 3, loop 'InitializeABuffer_Inner_InitializeABuffer_Outer'
INFO: [v++ 204-61] Pipelining loop 'Pipeline_N_Pipeline_M'.
INFO: [v++ 200-1470] Pipelining result : Target II = 1, Final II = 1, Depth = 17, loop 'Pipeline_N_Pipeline_M'
INFO: [v++ 204-61] Pipelining loop 'WriteC_Flattened'.
INFO: [v++ 200-1470] Pipelining result : Target II = 1, Final II = 1, Depth = 3, loop 'WriteC_Flattened'
INFO: [v++ 204-61] Pipelining loop 'Loop 1'.
INFO: [v++ 200-1470] Pipelining result : Target II = NA, Final II = 1, Depth = 1, loop 'Loop 1'
INFO: [v++ 204-61] Pipelining loop 'Loop 1'.
INFO: [v++ 200-1470] Pipelining result : Target II = NA, Final II = 1, Depth = 1, loop 'Loop 1'
INFO: [v++ 204-61] Pipelining loop 'InitializeABuffer_Inner_InitializeABuffer_Outer'.
INFO: [v++ 200-1470] Pipelining result : Target II = 1, Final II = 1, Depth = 3, loop 'InitializeABuffer_Inner_InitializeABuffer_Outer'
INFO: [v++ 204-61] Pipelining loop 'Pipeline_N_Pipeline_M'.
INFO: [v++ 200-1470] Pipelining result : Target II = 1, Final II = 1, Depth = 17, loop 'Pipeline_N_Pipeline_M'
INFO: [v++ 204-61] Pipelining loop 'WriteC_Flattened'.
INFO: [v++ 200-1470] Pipelining result : Target II = 1, Final II = 1, Depth = 3, loop 'WriteC_Flattened'
INFO: [v++ 204-61] Pipelining loop 'Loop 1'.
INFO: [v++ 200-1470] Pipelining result : Target II = NA, Final II = 1, Depth = 1, loop 'Loop 1'
INFO: [v++ 204-61] Pipelining loop 'Loop 1'.
INFO: [v++ 200-1470] Pipelining result : Target II = NA, Final II = 1, Depth = 1, loop 'Loop 1'
INFO: [v++ 204-61] Pipelining loop 'InitializeABuffer_Inner_InitializeABuffer_Outer'.
INFO: [v++ 200-1470] Pipelining result : Target II = 1, Final II = 1, Depth = 3, loop 'InitializeABuffer_Inner_InitializeABuffer_Outer'
INFO: [v++ 204-61] Pipelining loop 'Pipeline_N_Pipeline_M'.
INFO: [v++ 200-1470] Pipelining result : Target II = 1, Final II = 1, Depth = 17, loop 'Pipeline_N_Pipeline_M'
INFO: [v++ 204-61] Pipelining loop 'WriteC_Flattened'.
INFO: [v++ 200-1470] Pipelining result : Target II = 1, Final II = 1, Depth = 3, loop 'WriteC_Flattened'
INFO: [v++ 204-61] Pipelining loop 'Loop 1'.
INFO: [v++ 200-1470] Pipelining result : Target II = NA, Final II = 1, Depth = 1, loop 'Loop 1'
INFO: [v++ 204-61] Pipelining loop 'Loop 1'.
INFO: [v++ 200-1470] Pipelining result : Target II = NA, Final II = 1, Depth = 1, loop 'Loop 1'
INFO: [v++ 204-61] Pipelining loop 'InitializeABuffer_Inner_InitializeABuffer_Outer'.
INFO: [v++ 200-1470] Pipelining result : Target II = 1, Final II = 1, Depth = 3, loop 'InitializeABuffer_Inner_InitializeABuffer_Outer'
INFO: [v++ 204-61] Pipelining loop 'Pipeline_N_Pipeline_M'.
INFO: [v++ 200-1470] Pipelining result : Target II = 1, Final II = 1, Depth = 17, loop 'Pipeline_N_Pipeline_M'
INFO: [v++ 204-61] Pipelining loop 'WriteC_Flattened'.
INFO: [v++ 200-1470] Pipelining result : Target II = 1, Final II = 1, Depth = 3, loop 'WriteC_Flattened'
INFO: [v++ 204-61] Pipelining loop 'Loop 1'.
INFO: [v++ 200-1470] Pipelining result : Target II = NA, Final II = 1, Depth = 1, loop 'Loop 1'
INFO: [v++ 204-61] Pipelining loop 'Loop 1'.
INFO: [v++ 200-1470] Pipelining result : Target II = NA, Final II = 1, Depth = 1, loop 'Loop 1'
INFO: [v++ 204-61] Pipelining loop 'InitializeABuffer_Inner_InitializeABuffer_Outer'.
INFO: [v++ 200-1470] Pipelining result : Target II = 1, Final II = 1, Depth = 3, loop 'InitializeABuffer_Inner_InitializeABuffer_Outer'
INFO: [v++ 204-61] Pipelining loop 'Pipeline_N_Pipeline_M'.
INFO: [v++ 200-1470] Pipelining result : Target II = 1, Final II = 1, Depth = 17, loop 'Pipeline_N_Pipeline_M'
INFO: [v++ 204-61] Pipelining loop 'WriteC_Flattened'.
INFO: [v++ 200-1470] Pipelining result : Target II = 1, Final II = 1, Depth = 3, loop 'WriteC_Flattened'
INFO: [v++ 204-61] Pipelining loop 'Loop 1'.
INFO: [v++ 200-1470] Pipelining result : Target II = NA, Final II = 1, Depth = 1, loop 'Loop 1'
INFO: [v++ 204-61] Pipelining loop 'Loop 1'.
INFO: [v++ 200-1470] Pipelining result : Target II = NA, Final II = 1, Depth = 1, loop 'Loop 1'
INFO: [v++ 204-61] Pipelining loop 'InitializeABuffer_Inner_InitializeABuffer_Outer'.
INFO: [v++ 200-1470] Pipelining result : Target II = 1, Final II = 1, Depth = 3, loop 'InitializeABuffer_Inner_InitializeABuffer_Outer'
INFO: [v++ 204-61] Pipelining loop 'Pipeline_N_Pipeline_M'.
INFO: [v++ 200-1470] Pipelining result : Target II = 1, Final II = 1, Depth = 17, loop 'Pipeline_N_Pipeline_M'
INFO: [v++ 204-61] Pipelining loop 'WriteC_Flattened'.
INFO: [v++ 200-1470] Pipelining result : Target II = 1, Final II = 1, Depth = 3, loop 'WriteC_Flattened'
INFO: [v++ 204-61] Pipelining loop 'Loop 1'.
INFO: [v++ 200-1470] Pipelining result : Target II = NA, Final II = 1, Depth = 1, loop 'Loop 1'
INFO: [v++ 204-61] Pipelining loop 'Loop 1'.
INFO: [v++ 200-1470] Pipelining result : Target II = NA, Final II = 1, Depth = 1, loop 'Loop 1'
INFO: [v++ 204-61] Pipelining loop 'InitializeABuffer_Inner_InitializeABuffer_Outer'.
INFO: [v++ 200-1470] Pipelining result : Target II = 1, Final II = 1, Depth = 3, loop 'InitializeABuffer_Inner_InitializeABuffer_Outer'
INFO: [v++ 204-61] Pipelining loop 'Pipeline_N_Pipeline_M'.
INFO: [v++ 200-1470] Pipelining result : Target II = 1, Final II = 1, Depth = 17, loop 'Pipeline_N_Pipeline_M'
INFO: [v++ 204-61] Pipelining loop 'WriteC_Flattened'.
INFO: [v++ 200-1470] Pipelining result : Target II = 1, Final II = 1, Depth = 3, loop 'WriteC_Flattened'
INFO: [v++ 204-61] Pipelining loop 'Loop 1'.
INFO: [v++ 200-1470] Pipelining result : Target II = NA, Final II = 1, Depth = 1, loop 'Loop 1'
INFO: [v++ 204-61] Pipelining loop 'Loop 1'.
INFO: [v++ 200-1470] Pipelining result : Target II = NA, Final II = 1, Depth = 1, loop 'Loop 1'
INFO: [v++ 204-61] Pipelining loop 'InitializeABuffer_Inner_InitializeABuffer_Outer'.
INFO: [v++ 200-1470] Pipelining result : Target II = 1, Final II = 1, Depth = 3, loop 'InitializeABuffer_Inner_InitializeABuffer_Outer'
INFO: [v++ 204-61] Pipelining loop 'Pipeline_N_Pipeline_M'.
INFO: [v++ 200-1470] Pipelining result : Target II = 1, Final II = 1, Depth = 17, loop 'Pipeline_N_Pipeline_M'
INFO: [v++ 204-61] Pipelining loop 'WriteC_Flattened'.
INFO: [v++ 200-1470] Pipelining result : Target II = 1, Final II = 1, Depth = 3, loop 'WriteC_Flattened'
INFO: [v++ 204-61] Pipelining loop 'Loop 1'.
INFO: [v++ 200-1470] Pipelining result : Target II = NA, Final II = 1, Depth = 1, loop 'Loop 1'
INFO: [v++ 204-61] Pipelining loop 'Loop 1'.
INFO: [v++ 200-1470] Pipelining result : Target II = NA, Final II = 1, Depth = 1, loop 'Loop 1'
INFO: [v++ 204-61] Pipelining loop 'InitializeABuffer_Inner_InitializeABuffer_Outer'.
INFO: [v++ 200-1470] Pipelining result : Target II = 1, Final II = 1, Depth = 3, loop 'InitializeABuffer_Inner_InitializeABuffer_Outer'
INFO: [v++ 204-61] Pipelining loop 'Pipeline_N_Pipeline_M'.
INFO: [v++ 200-1470] Pipelining result : Target II = 1, Final II = 1, Depth = 17, loop 'Pipeline_N_Pipeline_M'
INFO: [v++ 204-61] Pipelining loop 'WriteC_Flattened'.
INFO: [v++ 200-1470] Pipelining result : Target II = 1, Final II = 1, Depth = 3, loop 'WriteC_Flattened'
INFO: [v++ 204-61] Pipelining loop 'Loop 1'.
INFO: [v++ 200-1470] Pipelining result : Target II = NA, Final II = 1, Depth = 1, loop 'Loop 1'
INFO: [v++ 204-61] Pipelining loop 'Loop 1'.
INFO: [v++ 200-1470] Pipelining result : Target II = NA, Final II = 1, Depth = 1, loop 'Loop 1'
INFO: [v++ 204-61] Pipelining loop 'InitializeABuffer_Inner_InitializeABuffer_Outer'.
INFO: [v++ 200-1470] Pipelining result : Target II = 1, Final II = 1, Depth = 3, loop 'InitializeABuffer_Inner_InitializeABuffer_Outer'
INFO: [v++ 204-61] Pipelining loop 'Pipeline_N_Pipeline_M'.
INFO: [v++ 200-1470] Pipelining result : Target II = 1, Final II = 1, Depth = 17, loop 'Pipeline_N_Pipeline_M'
INFO: [v++ 204-61] Pipelining loop 'WriteC_Flattened'.
INFO: [v++ 200-1470] Pipelining result : Target II = 1, Final II = 1, Depth = 3, loop 'WriteC_Flattened'
INFO: [v++ 204-61] Pipelining loop 'Loop 1'.
INFO: [v++ 200-1470] Pipelining result : Target II = NA, Final II = 1, Depth = 1, loop 'Loop 1'
INFO: [v++ 204-61] Pipelining loop 'Loop 1'.
INFO: [v++ 200-1470] Pipelining result : Target II = NA, Final II = 1, Depth = 1, loop 'Loop 1'
INFO: [v++ 204-61] Pipelining loop 'InitializeABuffer_Inner_InitializeABuffer_Outer'.
INFO: [v++ 200-1470] Pipelining result : Target II = 1, Final II = 1, Depth = 3, loop 'InitializeABuffer_Inner_InitializeABuffer_Outer'
INFO: [v++ 204-61] Pipelining loop 'Pipeline_N_Pipeline_M'.
INFO: [v++ 200-1470] Pipelining result : Target II = 1, Final II = 1, Depth = 17, loop 'Pipeline_N_Pipeline_M'
INFO: [v++ 204-61] Pipelining loop 'WriteC_Flattened'.
INFO: [v++ 200-1470] Pipelining result : Target II = 1, Final II = 1, Depth = 3, loop 'WriteC_Flattened'
INFO: [v++ 204-61] Pipelining loop 'Loop 1'.
INFO: [v++ 200-1470] Pipelining result : Target II = NA, Final II = 1, Depth = 1, loop 'Loop 1'
INFO: [v++ 204-61] Pipelining loop 'Loop 1'.
INFO: [v++ 200-1470] Pipelining result : Target II = NA, Final II = 1, Depth = 1, loop 'Loop 1'
INFO: [v++ 204-61] Pipelining loop 'InitializeABuffer_Inner_InitializeABuffer_Outer'.
INFO: [v++ 200-1470] Pipelining result : Target II = 1, Final II = 1, Depth = 3, loop 'InitializeABuffer_Inner_InitializeABuffer_Outer'
INFO: [v++ 204-61] Pipelining loop 'Pipeline_N_Pipeline_M'.
INFO: [v++ 200-1470] Pipelining result : Target II = 1, Final II = 1, Depth = 17, loop 'Pipeline_N_Pipeline_M'
INFO: [v++ 204-61] Pipelining loop 'WriteC_Flattened'.
INFO: [v++ 200-1470] Pipelining result : Target II = 1, Final II = 1, Depth = 3, loop 'WriteC_Flattened'
INFO: [v++ 204-61] Pipelining loop 'Loop 1'.
INFO: [v++ 200-1470] Pipelining result : Target II = NA, Final II = 1, Depth = 1, loop 'Loop 1'
INFO: [v++ 204-61] Pipelining loop 'Loop 1'.
INFO: [v++ 200-1470] Pipelining result : Target II = NA, Final II = 1, Depth = 1, loop 'Loop 1'
INFO: [v++ 204-61] Pipelining loop 'InitializeABuffer_Inner_InitializeABuffer_Outer'.
INFO: [v++ 200-1470] Pipelining result : Target II = 1, Final II = 1, Depth = 3, loop 'InitializeABuffer_Inner_InitializeABuffer_Outer'
INFO: [v++ 204-61] Pipelining loop 'Pipeline_N_Pipeline_M'.
INFO: [v++ 200-1470] Pipelining result : Target II = 1, Final II = 1, Depth = 17, loop 'Pipeline_N_Pipeline_M'
INFO: [v++ 204-61] Pipelining loop 'WriteC_Flattened'.
INFO: [v++ 200-1470] Pipelining result : Target II = 1, Final II = 1, Depth = 3, loop 'WriteC_Flattened'
INFO: [v++ 204-61] Pipelining loop 'Loop 1'.
INFO: [v++ 200-1470] Pipelining result : Target II = NA, Final II = 1, Depth = 1, loop 'Loop 1'
INFO: [v++ 204-61] Pipelining loop 'Loop 1'.
INFO: [v++ 200-1470] Pipelining result : Target II = NA, Final II = 1, Depth = 1, loop 'Loop 1'
INFO: [v++ 204-61] Pipelining loop 'InitializeABuffer_Inner_InitializeABuffer_Outer'.
INFO: [v++ 200-1470] Pipelining result : Target II = 1, Final II = 1, Depth = 3, loop 'InitializeABuffer_Inner_InitializeABuffer_Outer'
INFO: [v++ 204-61] Pipelining loop 'Pipeline_N_Pipeline_M'.
INFO: [v++ 200-1470] Pipelining result : Target II = 1, Final II = 1, Depth = 17, loop 'Pipeline_N_Pipeline_M'
INFO: [v++ 204-61] Pipelining loop 'WriteC_Flattened'.
INFO: [v++ 200-1470] Pipelining result : Target II = 1, Final II = 1, Depth = 3, loop 'WriteC_Flattened'
INFO: [v++ 204-61] Pipelining loop 'Loop 1'.
INFO: [v++ 200-1470] Pipelining result : Target II = NA, Final II = 1, Depth = 1, loop 'Loop 1'
INFO: [v++ 204-61] Pipelining loop 'Loop 1'.
INFO: [v++ 200-1470] Pipelining result : Target II = NA, Final II = 1, Depth = 1, loop 'Loop 1'
INFO: [v++ 204-61] Pipelining loop 'InitializeABuffer_Inner_InitializeABuffer_Outer'.
INFO: [v++ 200-1470] Pipelining result : Target II = 1, Final II = 1, Depth = 3, loop 'InitializeABuffer_Inner_InitializeABuffer_Outer'
INFO: [v++ 204-61] Pipelining loop 'Pipeline_N_Pipeline_M'.
INFO: [v++ 200-1470] Pipelining result : Target II = 1, Final II = 1, Depth = 17, loop 'Pipeline_N_Pipeline_M'
INFO: [v++ 204-61] Pipelining loop 'WriteC_Flattened'.
INFO: [v++ 200-1470] Pipelining result : Target II = 1, Final II = 1, Depth = 3, loop 'WriteC_Flattened'
INFO: [v++ 204-61] Pipelining loop 'Loop 1'.
INFO: [v++ 200-1470] Pipelining result : Target II = NA, Final II = 1, Depth = 1, loop 'Loop 1'
INFO: [v++ 204-61] Pipelining loop 'Loop 1'.
INFO: [v++ 200-1470] Pipelining result : Target II = NA, Final II = 1, Depth = 1, loop 'Loop 1'
INFO: [v++ 204-61] Pipelining loop 'InitializeABuffer_Inner_InitializeABuffer_Outer'.
INFO: [v++ 200-1470] Pipelining result : Target II = 1, Final II = 1, Depth = 3, loop 'InitializeABuffer_Inner_InitializeABuffer_Outer'
INFO: [v++ 204-61] Pipelining loop 'Pipeline_N_Pipeline_M'.
INFO: [v++ 200-1470] Pipelining result : Target II = 1, Final II = 1, Depth = 17, loop 'Pipeline_N_Pipeline_M'
INFO: [v++ 204-61] Pipelining loop 'WriteC_Flattened'.
INFO: [v++ 200-1470] Pipelining result : Target II = 1, Final II = 1, Depth = 3, loop 'WriteC_Flattened'
INFO: [v++ 204-61] Pipelining loop 'Loop 1'.
INFO: [v++ 200-1470] Pipelining result : Target II = NA, Final II = 1, Depth = 1, loop 'Loop 1'
INFO: [v++ 204-61] Pipelining loop 'Loop 1'.
INFO: [v++ 200-1470] Pipelining result : Target II = NA, Final II = 1, Depth = 1, loop 'Loop 1'
INFO: [v++ 204-61] Pipelining loop 'InitializeABuffer_Inner_InitializeABuffer_Outer'.
INFO: [v++ 200-1470] Pipelining result : Target II = 1, Final II = 1, Depth = 3, loop 'InitializeABuffer_Inner_InitializeABuffer_Outer'
INFO: [v++ 204-61] Pipelining loop 'Pipeline_N_Pipeline_M'.
INFO: [v++ 17-14] Message 'v++ 204-61' appears 100 times and further instances of the messages will be disabled.
INFO: [v++ 200-1470] Pipelining result : Target II = 1, Final II = 1, Depth = 17, loop 'Pipeline_N_Pipeline_M'
INFO: [v++ 17-14] Message 'v++ 200-1470' appears 100 times and further instances of the messages will be disabled.
INFO: [v++ 200-790] **** Loop Constraint Status: All loop constraints were satisfied.
INFO: [v++ 200-789] **** Estimated Fmax: 411.00 MHz
INFO: [v++ 60-594] Finished kernel compilation
INFO: [v++ 60-244] Generating system estimate report...
INFO: [v++ 60-1092] Generated system estimate report: /home/minghe/gemm_hls/build/_x/reports/MatrixMultiplicationKernel_hw/system_estimate_MatrixMultiplicationKernel_hw.xtxt
INFO: [v++ 60-586] Created /home/minghe/gemm_hls/build/MatrixMultiplicationKernel_hw.xo
INFO: [v++ 60-2343] Use the Vitis Unified IDE to visualize and navigate the reports. Run the following command. 
    vitis -a/ --analyze /home/minghe/gemm_hls/build/MatrixMultiplicationKernel_hw.xo.compile_summary 
INFO: [v++ 60-791] Total elapsed time: 0h 8m 21s
INFO: [v++ 60-1653] Closing dispatch client.
