INFO: [v++ 60-1306] Additional information associated with this v++ link can be found at:
	Reports: /home/minghe/gemm_hls/build/_x/reports/link
	Log files: /home/minghe/gemm_hls/build/_x/logs/link
INFO: [v++ 60-1548] Creating build summary session with primary output /home/minghe/gemm_hls/build/MatrixMultiplication_hw.xclbin.link_summary, at Mon Nov 11 15:59:26 2024
INFO: [v++ 60-1315] Creating rulecheck session with output '/home/minghe/gemm_hls/build/_x/reports/link/v++_link_MatrixMultiplication_hw_guidance.html', at Mon Nov 11 15:59:26 2024
INFO: [v++ 60-895]   Target platform: /opt/xilinx/platforms/xilinx_u250_gen3x16_xdma_4_1_202210_1/xilinx_u250_gen3x16_xdma_4_1_202210_1.xpfm
INFO: [v++ 60-1578]   This platform contains Xilinx Shell Archive '/opt/xilinx/platforms/xilinx_u250_gen3x16_xdma_4_1_202210_1/hw/hw.xsa'
INFO: [v++ 74-78] Compiler Version string: 2024.1
INFO: [v++ 60-1302] Platform 'xilinx_u250_gen3x16_xdma_4_1_202210_1.xpfm' has been explicitly enabled for this release.
INFO: [v++ 60-629] Linking for hardware target
INFO: [v++ 60-423]   Target device: xilinx_u250_gen3x16_xdma_4_1_202210_1
INFO: [v++ 60-1332] Run 'run_link' status: Not started
INFO: [v++ 60-1443] [15:59:30] Run run_link: Step system_link: Started
INFO: [v++ 60-1453] Command Line: system_link --xo /home/minghe/gemm_hls/build/MatrixMultiplicationKernel_hw.xo --config /home/minghe/gemm_hls/build/_x/link/int/syslinkConfig.ini --xpfm /opt/xilinx/platforms/xilinx_u250_gen3x16_xdma_4_1_202210_1/xilinx_u250_gen3x16_xdma_4_1_202210_1.xpfm --target hw --output_dir /home/minghe/gemm_hls/build/_x/link/int --temp_dir /home/minghe/gemm_hls/build/_x/link/sys_link
INFO: [v++ 60-1454] Run Directory: /home/minghe/gemm_hls/build/_x/link/run_link
INFO: [SYSTEM_LINK 82-70] Extracting xo v3 file /home/minghe/gemm_hls/build/MatrixMultiplicationKernel_hw.xo
INFO: [SYSTEM_LINK 82-53] Creating IP database /home/minghe/gemm_hls/build/_x/link/sys_link/_sysl/.cdb/xd_ip_db.xml
INFO: [SYSTEM_LINK 82-38] [15:59:32] build_xd_ip_db started: /home/minghe/Xilinx/Vitis/2024.1/bin/build_xd_ip_db -ip_search 0  -sds-pf /home/minghe/gemm_hls/build/_x/link/sys_link/hw.hpfm -clkid 0 -ip /home/minghe/gemm_hls/build/_x/link/sys_link/iprepo/xilinx_com_hls_MatrixMultiplicationKernel_1_0,MatrixMultiplicationKernel -o /home/minghe/gemm_hls/build/_x/link/sys_link/_sysl/.cdb/xd_ip_db.xml
INFO: [SYSTEM_LINK 82-37] [15:59:35] build_xd_ip_db finished successfully
Time (s): cpu = 00:00:03 ; elapsed = 00:00:03 . Memory (MB): peak = 475.871 ; gain = 0.000 ; free physical = 7528 ; free virtual = 12464
INFO: [SYSTEM_LINK 82-51] Create system connectivity graph
INFO: [SYSTEM_LINK 82-102] Applying explicit connections to the system connectivity graph: /home/minghe/gemm_hls/build/_x/link/sys_link/cfgraph/cfgen_cfgraph.xml
INFO: [SYSTEM_LINK 82-38] [15:59:35] cfgen started: /home/minghe/Xilinx/Vitis/2024.1/bin/cfgen  -sp MatrixMultiplicationKernel_1.m_axi_gmem0:DDR[1] -sp MatrixMultiplicationKernel_1.m_axi_gmem1:DDR[1] -sp MatrixMultiplicationKernel_1.m_axi_gmem2:DDR[1] -dpa_mem_offload false -dpa_aie_mem_offload false -dmclkid 0 -r /home/minghe/gemm_hls/build/_x/link/sys_link/_sysl/.cdb/xd_ip_db.xml -o /home/minghe/gemm_hls/build/_x/link/sys_link/cfgraph/cfgen_cfgraph.xml
INFO: [CFGEN 83-0] Kernel Specs: 
INFO: [CFGEN 83-0]   kernel: MatrixMultiplicationKernel, num: 1  {MatrixMultiplicationKernel_1}
INFO: [CFGEN 83-0] Port Specs: 
INFO: [CFGEN 83-0]   kernel: MatrixMultiplicationKernel_1, k_port: m_axi_gmem0, sptag: DDR[1]
INFO: [CFGEN 83-0]   kernel: MatrixMultiplicationKernel_1, k_port: m_axi_gmem1, sptag: DDR[1]
INFO: [CFGEN 83-0]   kernel: MatrixMultiplicationKernel_1, k_port: m_axi_gmem2, sptag: DDR[1]
INFO: [SYSTEM_LINK 82-37] [15:59:39] cfgen finished successfully
Time (s): cpu = 00:00:04 ; elapsed = 00:00:04 . Memory (MB): peak = 475.871 ; gain = 0.000 ; free physical = 7520 ; free virtual = 12472
INFO: [SYSTEM_LINK 82-52] Create top-level block diagram
INFO: [SYSTEM_LINK 82-38] [15:59:39] cf2bd started: /home/minghe/Xilinx/Vitis/2024.1/bin/cf2bd  --linux --trace_buffer 1024 --input_file /home/minghe/gemm_hls/build/_x/link/sys_link/cfgraph/cfgen_cfgraph.xml --ip_db /home/minghe/gemm_hls/build/_x/link/sys_link/_sysl/.cdb/xd_ip_db.xml --cf_name dr --working_dir /home/minghe/gemm_hls/build/_x/link/sys_link/_sysl/.xsd --temp_dir /home/minghe/gemm_hls/build/_x/link/sys_link --output_dir /home/minghe/gemm_hls/build/_x/link/int --target_bd ulp.bd
INFO: [CF2BD 82-31] Launching cf2xd: cf2xd -linux -trace-buffer 1024 -i /home/minghe/gemm_hls/build/_x/link/sys_link/cfgraph/cfgen_cfgraph.xml -r /home/minghe/gemm_hls/build/_x/link/sys_link/_sysl/.cdb/xd_ip_db.xml -o dr.xml
INFO: [CF2BD 82-28] cf2xd finished successfully
INFO: [CF2BD 82-31] Launching cf_xsd: cf_xsd -disable-address-gen -bd ulp.bd -dn dr -dp /home/minghe/gemm_hls/build/_x/link/sys_link/_sysl/.xsd
INFO: [CF2BD 82-28] cf_xsd finished successfully
INFO: [SYSTEM_LINK 82-37] [15:59:42] cf2bd finished successfully
Time (s): cpu = 00:00:03 ; elapsed = 00:00:03 . Memory (MB): peak = 475.871 ; gain = 0.000 ; free physical = 7536 ; free virtual = 12491
INFO: [v++ 60-1441] [15:59:42] Run run_link: Step system_link: Completed
Time (s): cpu = 00:00:12 ; elapsed = 00:00:12 . Memory (MB): peak = 488.738 ; gain = 0.000 ; free physical = 7671 ; free virtual = 12584
INFO: [v++ 60-1443] [15:59:42] Run run_link: Step cf2sw: Started
INFO: [v++ 60-1453] Command Line: cf2sw -sdsl /home/minghe/gemm_hls/build/_x/link/int/sdsl.dat -rtd /home/minghe/gemm_hls/build/_x/link/int/cf2sw.rtd -nofilter /home/minghe/gemm_hls/build/_x/link/int/cf2sw_full.rtd -xclbin /home/minghe/gemm_hls/build/_x/link/int/xclbin_orig.xml -o /home/minghe/gemm_hls/build/_x/link/int/xclbin_orig.1.xml
INFO: [v++ 60-1454] Run Directory: /home/minghe/gemm_hls/build/_x/link/run_link
INFO: [v++ 60-1441] [15:59:46] Run run_link: Step cf2sw: Completed
Time (s): cpu = 00:00:03 ; elapsed = 00:00:04 . Memory (MB): peak = 488.738 ; gain = 0.000 ; free physical = 7680 ; free virtual = 12594
INFO: [v++ 60-1443] [15:59:46] Run run_link: Step rtd2_system_diagram: Started
INFO: [v++ 60-1453] Command Line: rtd2SystemDiagram
INFO: [v++ 60-1454] Run Directory: /home/minghe/gemm_hls/build/_x/link/run_link
INFO: [v++ 60-1441] [15:59:46] Run run_link: Step rtd2_system_diagram: Completed
Time (s): cpu = 00:00:00 ; elapsed = 00:00:00.3 . Memory (MB): peak = 488.738 ; gain = 0.000 ; free physical = 7681 ; free virtual = 12596
INFO: [v++ 60-1443] [15:59:46] Run run_link: Step vpl: Started
INFO: [v++ 60-1453] Command Line: vpl -t hw -f xilinx_u250_gen3x16_xdma_4_1_202210_1 --remote_ip_cache /home/minghe/gemm_hls/build/.ipcache --output_dir /home/minghe/gemm_hls/build/_x/link/int --log_dir /home/minghe/gemm_hls/build/_x/logs/link --report_dir /home/minghe/gemm_hls/build/_x/reports/link --config /home/minghe/gemm_hls/build/_x/link/int/vplConfig.ini -k /home/minghe/gemm_hls/build/_x/link/int/kernel_info.dat --webtalk_flag Vitis --temp_dir /home/minghe/gemm_hls/build/_x/link --no-info --iprepo /home/minghe/gemm_hls/build/_x/link/int/xo/ip_repo/xilinx_com_hls_MatrixMultiplicationKernel_1_0 --messageDb /home/minghe/gemm_hls/build/_x/link/run_link/vpl.pb /home/minghe/gemm_hls/build/_x/link/int/dr.bd.tcl
INFO: [v++ 60-1454] Run Directory: /home/minghe/gemm_hls/build/_x/link/run_link

****** vpl v2024.1 (64-bit)
  **** SW Build 5074859 on 2024-05-20-23:21:20
  **** Start of session at: Mon Nov 11 15:59:47 2024
    ** Copyright 1986-2022 Xilinx, Inc. All Rights Reserved.
    ** Copyright 2022-2024 Advanced Micro Devices, Inc. All Rights Reserved.

INFO: [VPL 60-839] Read in kernel information from file '/home/minghe/gemm_hls/build/_x/link/int/kernel_info.dat'.
INFO: [VPL 74-78] Compiler Version string: 2024.1
INFO: [VPL 60-423]   Target device: xilinx_u250_gen3x16_xdma_4_1_202210_1
INFO: [VPL 60-1032] Extracting hardware platform to /home/minghe/gemm_hls/build/_x/link/vivado/vpl/.local/hw_platform
[15:59:56] Run vpl: Step create_project: Started
Creating Vivado project.
[16:00:02] Run vpl: Step create_project: Completed
[16:00:02] Run vpl: Step create_bd: Started
[16:00:31] Run vpl: Step create_bd: Completed
[16:00:31] Run vpl: Step update_bd: Started
[16:00:32] Run vpl: Step update_bd: Completed
[16:00:32] Run vpl: Step generate_target: Started
[16:01:14] Run vpl: Step generate_target: Completed
[16:01:14] Run vpl: Step config_hw_runs: Started
[16:02:05] Run vpl: Step config_hw_runs: Completed
[16:02:05] Run vpl: Step synth: Started
