================================================================
== Design Size Report
================================================================

* Total Instructions per Compilation Phase
+---------------+-----------------------------+--------------+----------------------------------------------------------------------------------------+
| Phase         | Step                        | Instructions | Description                                                                            |
+---------------+-----------------------------+--------------+----------------------------------------------------------------------------------------+
| Compile/Link  |                             |  3,343       | After all functions are compiled and linked into a single design                       |
|               |                             |              |                                                                                        |
| Unroll/Inline |                             |              | After user unroll and inline pragmas are applied                                       |
|               | (1) unroll                  | 28,365       | user unroll pragmas are applied                                                        |
|               | (2) simplification          | 22,654       | simplification of applied user unroll pragmas                                          |
|               | (3) inline                  | 19,717       | user inline pragmas are applied                                                        |
|               | (4) simplification          | 14,674       | simplification of applied user inline pragmas                                          |
|               |                             |              |                                                                                        |
| Array/Struct  |                             |              | After user array partition and struct aggregate/disaggregate pragmas are applied       |
|               | (1) array partition         | 10,214       | user array partition pragmas are applied                                               |
|               | (2) simplification          |  9,844       | simplification of applied user array partition & struct aggregate/disaggregate pragmas |
|               | (3) aggregate/disaggregate  | 10,168       | user struct aggregate/disaggregate pragmas are applied                                 |
|               | (4) array reshape           | 10,874       | apply array reshape pragmas                                                            |
|               | (5) access patterns         | 10,891       | array access pattern optmizations                                                      |
|               |                             |              |                                                                                        |
| Performance   |                             |              | After transformations are applied to meet performance pragma targets                   |
|               | (1) loop simplification     | 11,148       | loop and instruction simplification                                                    |
|               | (2) parallelization         | 10,795       | loops are unrolled or pipelined to meet performance targets                            |
|               | (3) array partition         | 10,585       | arrays are partitioned to meet performance targets                                     |
|               | (4) simplification          | 10,579       | simplification of design after performance transformations                             |
|               |                             |              |                                                                                        |
| HW Transforms |                             |              | After hardware transfomations                                                          |
|               | (1) lowering                |  9,925       | initial conversion to HW specific instructions                                         |
|               | (2) optimizations           | 10,514       | high level synthesis optimizations                                                     |
+---------------+-----------------------------+--------------+----------------------------------------------------------------------------------------+

* Instructions per Function for each Compilation Phase
+-------------------------------------+----------------------------+----------------+-------------------+------------------+------------------+------------------+
| Function                            | Location                   | Compile/Link   | Unroll/Inline     | Array/Struct     | Performance      | HW Transforms    |
+-------------------------------------+----------------------------+----------------+-------------------+------------------+------------------+------------------+
| + MatrixMultiplicationKernel        | Top.cpp:10                 | 3,343          | 14,674            | 10,891           | 10,579           | 10,514           |
|  + Stream                           | Stream.h:83                |   32 (4 calls) |                   |                  |                  |                  |
|   + Stream                          | Stream.h:91                |   24 (4 calls) |                   |                  |                  |                  |
|      Stream                         | Stream.h:112               |   16 (4 calls) |                   |                  |                  |                  |
|  + Stream                           | Stream.h:91                |   24 (4 calls) |                   |                  |                  |                  |
|     Stream                          | Stream.h:112               |   16 (4 calls) |                   |                  |                  |                  |
|  + ReadA                            | Memory.cpp:106             |  261           |   165             |   163            |   160            |   142            |
|     OuterTilesN                     | MatrixMultiplication.h:109 |   12 (2 calls) |                   |                  |                  |                  |
|     OuterTilesM                     | MatrixMultiplication.h:114 |   12 (2 calls) |                   |                  |                  |                  |
|   + TotalReadsFromA                 | MatrixMultiplication.h:119 |   21           |                   |                  |                  |                  |
|      OuterTilesN                    | MatrixMultiplication.h:109 |    6           |                   |                  |                  |                  |
|      OuterTilesM                    | MatrixMultiplication.h:114 |    6           |                   |                  |                  |                  |
|   + _ReadAInnerLoop<1>              | Memory.cpp:92              |  159           |                   |                  |                  |                  |
|    + _ReadAInner                    | Memory.cpp:58              |  147           |                   |                  |                  |                  |
|     + IndexA                        | Memory.cpp:11              |   18           |                   |                  |                  |                  |
|        SizeKMemory                  | MatrixMultiplication.h:99  |    2           |                   |                  |                  |                  |
|     + operator[]                    | DataPack.h:329             |    8           |                   |                  |                  |                  |
|        DataPackProxy                | DataPack.h:283             |    5           |                   |                  |                  |                  |
|     + operator float                | DataPack.h:314             |   70           |                   |                  |                  |                  |
|      + Get                          | DataPack.h:161             |   64           |                   |                  |                  |                  |
|         from_range                  | DataPack.h:31              |    3           |                   |                  |                  |                  |
|     + Push                          | Stream.h:144               |   14           |                   |                  |                  |                  |
|      + WriteBlocking                | Stream.h:272               |   12           |                   |                  |                  |                  |
|         max                         | limits:1002                |    1           |                   |                  |                  |                  |
|         WriteBlocking               | Stream.h:404               |    7           |                   |                  |                  |                  |
|       ~DataPackProxy                | DataPack.h:292             |    1           |                   |                  |                  |                  |
|  + TransposeA                       | Memory.cpp:164             |  228           |    60             |   142            |   139            |   124            |
|     OuterTilesN                     | MatrixMultiplication.h:109 |   12 (2 calls) |                   |                  |                  |                  |
|     OuterTilesM                     | MatrixMultiplication.h:114 |   12 (2 calls) |                   |                  |                  |                  |
|   + TotalReadsFromA                 | MatrixMultiplication.h:119 |   21           |                   |                  |                  |                  |
|      OuterTilesN                    | MatrixMultiplication.h:109 |    6           |                   |                  |                  |                  |
|      OuterTilesM                    | MatrixMultiplication.h:114 |    6           |                   |                  |                  |                  |
|   + _TransposeAInner<1>             | Memory.cpp:150             |  141           |                   |                  |                  |                  |
|      DataPack                       | DataPack.h:126             |    4           |                   |                  |                  |                  |
|    + Pop                            | Stream.h:151               |   17           |                   |                  |                  |                  |
|       ReadBlocking                  | Stream.h:196               |   15           |                   |                  |                  |                  |
|    + operator[]                     | DataPack.h:329             |    8           |                   |                  |                  |                  |
|       DataPackProxy                 | DataPack.h:283             |    5           |                   |                  |                  |                  |
|    + operator=                      | DataPack.h:299             |   65           |                   |                  |                  |                  |
|     + Set                           | DataPack.h:174             |   58           |                   |                  |                  |                  |
|        to_range                     | DataPack.h:35              |    4           |                   |                  |                  |                  |
|      ~DataPackProxy                 | DataPack.h:292             |    1           |                   |                  |                  |                  |
|    + Push                           | Stream.h:144               |   14           |                   |                  |                  |                  |
|     + WriteBlocking                 | Stream.h:272               |   12           |                   |                  |                  |                  |
|        max                          | limits:1002                |    1           |                   |                  |                  |                  |
|        WriteBlocking                | Stream.h:404               |    7           |                   |                  |                  |                  |
|  + ReadB                            | Memory.cpp:265             |  127           |    59             |    60            |    58            |    69            |
|     OuterTilesN                     | MatrixMultiplication.h:109 |   12 (2 calls) |                   |                  |                  |                  |
|     OuterTilesM                     | MatrixMultiplication.h:114 |   12 (2 calls) |                   |                  |                  |                  |
|   + TotalReadsFromB                 | MatrixMultiplication.h:127 |   21           |                   |                  |                  |                  |
|      OuterTilesN                    | MatrixMultiplication.h:109 |    6           |                   |                  |                  |                  |
|      OuterTilesM                    | MatrixMultiplication.h:114 |    6           |                   |                  |                  |                  |
|   + IndexB                          | Memory.cpp:36              |   12           |                   |                  |                  |                  |
|      SizeMMemory                    | MatrixMultiplication.h:104 |    2           |                   |                  |                  |                  |
|   + Push                            | Stream.h:144               |   14           |                   |                  |                  |                  |
|    + WriteBlocking                  | Stream.h:272               |   12           |                   |                  |                  |                  |
|       max                           | limits:1002                |    1           |                   |                  |                  |                  |
|       WriteBlocking                 | Stream.h:404               |    7           |                   |                  |                  |                  |
|  + ConvertWidthB                    | Memory.cpp:289             |  403           |    98             |    62            |    61            |    70            |
|   + TotalReadsFromB                 | MatrixMultiplication.h:127 |  105 (5 calls) |                   |                  |                  |                  |
|      OuterTilesN                    | MatrixMultiplication.h:109 |   30 (5 calls) |                   |                  |                  |                  |
|      OuterTilesM                    | MatrixMultiplication.h:114 |   30 (5 calls) |                   |                  |                  |                  |
|     DataPack                        | DataPack.h:126             |    8 (2 calls) |                   |                  |                  |                  |
|   + Pop                             | Stream.h:151               |   16           |                   |                  |                  |                  |
|      ReadBlocking                   | Stream.h:196               |   14           |                   |                  |                  |                  |
|     operator=                       | DataPack.h:142             |    5           |                   |                  |                  |                  |
|   + operator[]                      | DataPack.h:329             |   16 (2 calls) |                   |                  |                  |                  |
|      DataPackProxy                  | DataPack.h:283             |   10 (2 calls) |                   |                  |                  |                  |
|   + operator float                  | DataPack.h:314             |   70           |                   |                  |                  |                  |
|    + Get                            | DataPack.h:161             |   64           |                   |                  |                  |                  |
|       from_range                    | DataPack.h:31              |    3           |                   |                  |                  |                  |
|   + operator=                       | DataPack.h:299             |   81           |                   |                  |                  |                  |
|    + Set                            | DataPack.h:174             |   74           |                   |                  |                  |                  |
|       to_range                      | DataPack.h:35              |    4           |                   |                  |                  |                  |
|     ~DataPackProxy                  | DataPack.h:292             |    2 (2 calls) |                   |                  |                  |                  |
|   + Push                            | Stream.h:144               |   14           |                   |                  |                  |                  |
|    + WriteBlocking                  | Stream.h:272               |   12           |                   |                  |                  |                  |
|       max                           | limits:1002                |    1           |                   |                  |                  |                  |
|       WriteBlocking                 | Stream.h:404               |    7           |                   |                  |                  |                  |
|  + FeedB                            | Memory.cpp:399             |  198           |    78             |    86            |    83            |    89            |
|     OuterTilesN                     | MatrixMultiplication.h:109 |   12 (2 calls) |                   |                  |                  |                  |
|     OuterTilesM                     | MatrixMultiplication.h:114 |   12 (2 calls) |                   |                  |                  |                  |
|   + TotalReadsFromB                 | MatrixMultiplication.h:127 |   21           |                   |                  |                  |                  |
|      OuterTilesN                    | MatrixMultiplication.h:109 |    6           |                   |                  |                  |                  |
|      OuterTilesM                    | MatrixMultiplication.h:114 |    6           |                   |                  |                  |                  |
|     DataPack                        | DataPack.h:126             |    8 (2 calls) |                   |                  |                  |                  |
|   + Pop                             | Stream.h:151               |   16           |                   |                  |                  |                  |
|      ReadBlocking                   | Stream.h:196               |   14           |                   |                  |                  |                  |
|     operator=                       | DataPack.h:142             |    5           |                   |                  |                  |                  |
|     operator=                       | DataPack.h:148             |   10 (2 calls) |                   |                  |                  |                  |
|   + Push                            | Stream.h:144               |   14           |                   |                  |                  |                  |
|    + WriteBlocking                  | Stream.h:272               |   12           |                   |                  |                  |                  |
|       max                           | limits:1002                |    1           |                   |                  |                  |                  |
|       WriteBlocking                 | Stream.h:404               |    7           |                   |                  |                  |                  |
|  + ProcessingElement                | Compute.cpp:11             | 1,455          | 13,824 (32 calls) | 9,535 (32 calls) | 9,247 (32 calls) | 9,470 (32 calls) |
|     DataPack                        | DataPack.h:126             |   12 (3 calls) |                   |                  |                  |                  |
|   + Pop                             | Stream.h:151               |   80 (5 calls) |                   |                  |                  |                  |
|      ReadBlocking                   | Stream.h:196               |   70 (5 calls) |                   |                  |                  |                  |
|     operator=                       | DataPack.h:148             |   15 (3 calls) |                   |                  |                  |                  |
|   + Push                            | Stream.h:144               |   70 (5 calls) |                   |                  |                  |                  |
|    + WriteBlocking                  | Stream.h:272               |   60 (5 calls) |                   |                  |                  |                  |
|       max                           | limits:1002                |    5 (5 calls) |                   |                  |                  |                  |
|       WriteBlocking                 | Stream.h:404               |   35 (5 calls) |                   |                  |                  |                  |
|     operator=                       | DataPack.h:142             |    5           |                   |                  |                  |                  |
|     OuterTilesN                     | MatrixMultiplication.h:109 |   12 (2 calls) |                   |                  |                  |                  |
|     OuterTilesM                     | MatrixMultiplication.h:114 |   12 (2 calls) |                   |                  |                  |                  |
|   + DataPack                        | DataPack.h:132             |   91           |                   |                  |                  |                  |
|    + Fill                           | DataPack.h:188             |   86           |                   |                  |                  |                  |
|     + Set                           | DataPack.h:174             |   74           |                   |                  |                  |                  |
|        to_range                     | DataPack.h:35              |    4           |                   |                  |                  |                  |
|   + operator[]                      | DataPack.h:237             |  200 (3 calls) |                   |                  |                  |                  |
|    + Get                            | DataPack.h:161             |  191 (3 calls) |                   |                  |                  |                  |
|       from_range                    | DataPack.h:31              |    9 (3 calls) |                   |                  |                  |                  |
|     Apply<float, float>             | Operators.h:48             |    4           |                   |                  |                  |                  |
|     Apply<const float &, const f... | Operators.h:23             |    4           |                   |                  |                  |                  |
|   + operator[]                      | DataPack.h:329             |    8           |                   |                  |                  |                  |
|      DataPackProxy                  | DataPack.h:283             |    5           |                   |                  |                  |                  |
|   + operator=                       | DataPack.h:294             |   81           |                   |                  |                  |                  |
|    + Set                            | DataPack.h:174             |   74           |                   |                  |                  |                  |
|       to_range                      | DataPack.h:35              |    4           |                   |                  |                  |                  |
|     ~DataPackProxy                  | DataPack.h:292             |    1           |                   |                  |                  |                  |
|  + ConvertWidthC                    | Memory.cpp:323             |  281           |   105             |    73            |    69            |    74            |
|     OuterTilesN                     | MatrixMultiplication.h:109 |    6           |                   |                  |                  |                  |
|     OuterTilesM                     | MatrixMultiplication.h:114 |    6           |                   |                  |                  |                  |
|     DataPack                        | DataPack.h:126             |    4           |                   |                  |                  |                  |
|   + Pop                             | Stream.h:151               |   16           |                   |                  |                  |                  |
|      ReadBlocking                   | Stream.h:196               |   14           |                   |                  |                  |                  |
|   + operator[]                      | DataPack.h:237             |   67           |                   |                  |                  |                  |
|    + Get                            | DataPack.h:161             |   64           |                   |                  |                  |                  |
|       from_range                    | DataPack.h:31              |    3           |                   |                  |                  |                  |
|   + operator[]                      | DataPack.h:329             |    8           |                   |                  |                  |                  |
|      DataPackProxy                  | DataPack.h:283             |    5           |                   |                  |                  |                  |
|   + operator=                       | DataPack.h:299             |   81           |                   |                  |                  |                  |
|    + Set                            | DataPack.h:174             |   74           |                   |                  |                  |                  |
|       to_range                      | DataPack.h:35              |    4           |                   |                  |                  |                  |
|     ~DataPackProxy                  | DataPack.h:292             |    1           |                   |                  |                  |                  |
|   + Push                            | Stream.h:144               |   14           |                   |                  |                  |                  |
|    + WriteBlocking                  | Stream.h:272               |   12           |                   |                  |                  |                  |
|       max                           | limits:1002                |    1           |                   |                  |                  |                  |
|       WriteBlocking                 | Stream.h:404               |    7           |                   |                  |                  |                  |
|  + WriteC                           | Memory.cpp:361             |  118           |    56             |    56            |    54            |    65            |
|     OuterTilesN                     | MatrixMultiplication.h:109 |    6           |                   |                  |                  |                  |
|     OuterTilesM                     | MatrixMultiplication.h:114 |    6           |                   |                  |                  |                  |
|   + Pop                             | Stream.h:151               |   16           |                   |                  |                  |                  |
|      ReadBlocking                   | Stream.h:196               |   14           |                   |                  |                  |                  |
|     SizeMMemory                     | MatrixMultiplication.h:104 |    2           |                   |                  |                  |                  |
|   + IndexC                          | Memory.cpp:46              |   16           |                   |                  |                  |                  |
|      SizeMMemory                    | MatrixMultiplication.h:104 |    2           |                   |                  |                  |                  |
|     operator=                       | DataPack.h:148             |    5           |                   |                  |                  |                  |
|    ~Stream                          | Stream.h:130               |    8 (8 calls) |                   |                  |                  |                  |
+-------------------------------------+----------------------------+----------------+-------------------+------------------+------------------+------------------+

* Design Size Message Settings
+---------------------------------------------+--------+------------------------------------------------------------------+
| Message Setting                             | Value  | Description                                                      |
+---------------------------------------------+--------+------------------------------------------------------------------+
| config_compile -design_size_maximum_warning | 100000 | Show a warning when total design instructions exceeds this value |
+---------------------------------------------+--------+------------------------------------------------------------------+


