

================================================================
== Vitis HLS Report for 'FeedB'
================================================================
* Date:           Mon Nov 11 16:40:34 2024

* Version:        2024.1 (Build 5069499 on May 21 2024)
* Project:        MatrixMultiplication
* Solution:       xcu250-figd2104-2L-e (Vitis Kernel Flow Target)
* Product family: virtexuplus
* Target device:  xcu250-figd2104-2L-e


================================================================
== Performance Estimates
================================================================
+ Timing: 
    * Summary: 
    +--------+----------+----------+------------+
    |  Clock |  Target  | Estimated| Uncertainty|
    +--------+----------+----------+------------+
    |ap_clk  |  10.00 ns|  2.803 ns|     2.70 ns|
    +--------+----------+----------+------------+

+ Latency: 
    * Summary: 
    +---------+---------+----------+----------+-----+-----+---------+
    |  Latency (cycles) |  Latency (absolute) |  Interval | Pipeline|
    |   min   |   max   |    min   |    max   | min | max |   Type  |
    +---------+---------+----------+----------+-----+-----+---------+
    |        ?|        ?|         ?|         ?|    ?|    ?|       no|
    +---------+---------+----------+----------+-----+-----+---------+

    + Detail: 
        * Instance: 
        +-------------------------------------------------------------+--------------------------------------------------+---------+---------+-----------+-----------+------+------+-----------------------------------------------+
        |                                                             |                                                  |  Latency (cycles) |   Latency (absolute)  |   Interval  |                    Pipeline                   |
        |                           Instance                          |                      Module                      |   min   |   max   |    min    |    max    |  min |  max |                      Type                     |
        +-------------------------------------------------------------+--------------------------------------------------+---------+---------+-----------+-----------+------+------+-----------------------------------------------+
        |grp_FeedB_Pipeline_1_fu_118                                  |FeedB_Pipeline_1                                  |       65|       65|   0.650 us|   0.650 us|    64|    64|  loop auto-rewind stp(delay=0 clock cycles(s))|
        |grp_FeedB_Pipeline_FeedB_Pipeline_N_FeedB_Pipeline_M_fu_123  |FeedB_Pipeline_FeedB_Pipeline_N_FeedB_Pipeline_M  |     1026|     1026|  10.260 us|  10.260 us|  1025|  1025|  loop auto-rewind stp(delay=0 clock cycles(s))|
        +-------------------------------------------------------------+--------------------------------------------------+---------+---------+-----------+-----------+------+------+-----------------------------------------------+

        * Loop: 
        +----------------------+---------+---------+----------+-----------+-----------+-------------+----------+
        |                      |  Latency (cycles) | Iteration|  Initiation Interval  |     Trip    |          |
        |       Loop Name      |   min   |   max   |  Latency |  achieved |   target  |    Count    | Pipelined|
        +----------------------+---------+---------+----------+-----------+-----------+-------------+----------+
        |- FeedB_OuterTile_N   |        ?|        ?|         ?|          -|          -|  0 ~ 8388608|        no|
        | + FeedB_OuterTile_M  |        ?|        ?|         ?|          -|          -|  0 ~ 8388608|        no|
        |  ++ FeedB_K          |        ?|        ?|      1095|          -|          -|            ?|        no|
        +----------------------+---------+---------+----------+-----------+-----------+-------------+----------+



================================================================
== Utilization Estimates
================================================================
* Summary: 
+---------------------+---------+-------+---------+---------+------+
|         Name        | BRAM_18K|  DSP  |    FF   |   LUT   | URAM |
+---------------------+---------+-------+---------+---------+------+
|DSP                  |        -|      -|        -|        -|     -|
|Expression           |        -|      -|        0|      284|     -|
|FIFO                 |        -|      -|        -|        -|     -|
|Instance             |        -|      -|       43|      267|     -|
|Memory               |        8|      -|        0|        0|     0|
|Multiplexer          |        -|      -|        0|      189|     -|
|Register             |        -|      -|      250|        -|     -|
+---------------------+---------+-------+---------+---------+------+
|Total                |        8|      0|      293|      740|     0|
+---------------------+---------+-------+---------+---------+------+
|Available SLR        |     1344|   3072|   864000|   432000|   320|
+---------------------+---------+-------+---------+---------+------+
|Utilization SLR (%)  |       ~0|      0|       ~0|       ~0|     0|
+---------------------+---------+-------+---------+---------+------+
|Available            |     5376|  12288|  3456000|  1728000|  1280|
+---------------------+---------+-------+---------+---------+------+
|Utilization (%)      |       ~0|      0|       ~0|       ~0|     0|
+---------------------+---------+-------+---------+---------+------+

+ Detail: 
    * Instance: 
    +-------------------------------------------------------------+--------------------------------------------------+---------+----+----+-----+-----+
    |                           Instance                          |                      Module                      | BRAM_18K| DSP| FF | LUT | URAM|
    +-------------------------------------------------------------+--------------------------------------------------+---------+----+----+-----+-----+
    |grp_FeedB_Pipeline_1_fu_118                                  |FeedB_Pipeline_1                                  |        0|   0|   8|   53|    0|
    |grp_FeedB_Pipeline_FeedB_Pipeline_N_FeedB_Pipeline_M_fu_123  |FeedB_Pipeline_FeedB_Pipeline_N_FeedB_Pipeline_M  |        0|   0|  35|  214|    0|
    +-------------------------------------------------------------+--------------------------------------------------+---------+----+----+-----+-----+
    |Total                                                        |                                                  |        0|   0|  43|  267|    0|
    +-------------------------------------------------------------+--------------------------------------------------+---------+----+----+-----+-----+

    * DSP: 
    N/A

    * Memory: 
    +----------+----------------------------+---------+---+----+-----+------+-----+------+-------------+
    |  Memory  |           Module           | BRAM_18K| FF| LUT| URAM| Words| Bits| Banks| W*Bits*Banks|
    +----------+----------------------------+---------+---+----+-----+------+-----+------+-------------+
    |buffer_U  |FeedB_buffer_RAM_AUTO_1R1W  |        8|  0|   0|    0|    64|  256|     1|        16384|
    +----------+----------------------------+---------+---+----+-----+------+-----+------+-------------+
    |Total     |                            |        8|  0|   0|    0|    64|  256|     1|        16384|
    +----------+----------------------------+---------+---+----+-----+------+-----+------+-------------+

    * FIFO: 
    N/A

    * Expression: 
    +----------------------+----------+----+---+----+------------+------------+
    |     Variable Name    | Operation| DSP| FF| LUT| Bitwidth P0| Bitwidth P1|
    +----------------------+----------+----+---+----+------------+------------+
    |add_ln111_fu_136_p2   |         +|   0|  0|  40|          33|           9|
    |add_ln116_fu_156_p2   |         +|   0|  0|  40|          33|           9|
    |k_fu_211_p2           |         +|   0|  0|  39|          32|           1|
    |m0_1_fu_196_p2        |         +|   0|  0|  31|          24|           1|
    |n0_34_fu_185_p2       |         +|   0|  0|  31|          24|           1|
    |icmp_ln412_fu_180_p2  |      icmp|   0|  0|  31|          24|          24|
    |icmp_ln414_fu_191_p2  |      icmp|   0|  0|  31|          24|          24|
    |icmp_ln416_fu_206_p2  |      icmp|   0|  0|  39|          32|          32|
    |ap_block_state1       |        or|   0|  0|   2|           1|           1|
    +----------------------+----------+----+---+----+------------+------------+
    |Total                 |          |   0|  0| 284|         227|         102|
    +----------------------+----------+----+---+----+------------+------------+

    * Multiplexer: 
    +-----------------+----+-----------+-----+-----------+
    |       Name      | LUT| Input Size| Bits| Total Bits|
    +-----------------+----+-----------+-----+-----------+
    |ap_NS_fsm        |  43|          8|    1|          8|
    |ap_done          |   9|          2|    1|          2|
    |bFeed_read       |   9|          2|    1|          2|
    |bPipes_0_write   |   9|          2|    1|          2|
    |buffer_address0  |  14|          3|    6|         18|
    |buffer_ce0       |  14|          3|    1|          3|
    |buffer_ce1       |   9|          2|    1|          2|
    |buffer_d0        |  14|          3|  256|        768|
    |buffer_we0       |  14|          3|    1|          3|
    |k_04_reg_107     |   9|          2|   32|         64|
    |m0_reg_96        |   9|          2|   24|         48|
    |n0_fu_70         |   9|          2|   24|         48|
    |size_k_blk_n     |   9|          2|    1|          2|
    |size_m_blk_n     |   9|          2|    1|          2|
    |size_n_blk_n     |   9|          2|    1|          2|
    +-----------------+----+-----------+-----+-----------+
    |Total            | 189|         40|  352|        974|
    +-----------------+----+-----------+-----+-----------+

    * Register: 
    +--------------------------------------------------------------------------+----+----+-----+-----------+
    |                                   Name                                   | FF | LUT| Bits| Const Bits|
    +--------------------------------------------------------------------------+----+----+-----+-----------+
    |ap_CS_fsm                                                                 |   7|   0|    7|          0|
    |ap_done_reg                                                               |   1|   0|    1|          0|
    |grp_FeedB_Pipeline_1_fu_118_ap_start_reg                                  |   1|   0|    1|          0|
    |grp_FeedB_Pipeline_FeedB_Pipeline_N_FeedB_Pipeline_M_fu_123_ap_start_reg  |   1|   0|    1|          0|
    |k_04_reg_107                                                              |  32|   0|   32|          0|
    |k_reg_258                                                                 |  32|   0|   32|          0|
    |m0_1_reg_250                                                              |  24|   0|   24|          0|
    |m0_reg_96                                                                 |  24|   0|   24|          0|
    |n0_34_reg_242                                                             |  24|   0|   24|          0|
    |n0_fu_70                                                                  |  24|   0|   24|          0|
    |size_k_2_reg_224                                                          |  32|   0|   32|          0|
    |trunc_ln9_reg_234                                                         |  24|   0|   24|          0|
    |trunc_ln_reg_229                                                          |  24|   0|   24|          0|
    +--------------------------------------------------------------------------+----+----+-----+-----------+
    |Total                                                                     | 250|   0|  250|          0|
    +--------------------------------------------------------------------------+----+----+-----+-----------+



================================================================
== Interface
================================================================
* Summary: 
+-------------------------+-----+-----+------------+--------------+--------------+
|        RTL Ports        | Dir | Bits|  Protocol  | Source Object|    C Type    |
+-------------------------+-----+-----+------------+--------------+--------------+
|ap_clk                   |   in|    1|  ap_ctrl_hs|         FeedB|  return value|
|ap_rst                   |   in|    1|  ap_ctrl_hs|         FeedB|  return value|
|ap_start                 |   in|    1|  ap_ctrl_hs|         FeedB|  return value|
|ap_done                  |  out|    1|  ap_ctrl_hs|         FeedB|  return value|
|ap_continue              |   in|    1|  ap_ctrl_hs|         FeedB|  return value|
|ap_idle                  |  out|    1|  ap_ctrl_hs|         FeedB|  return value|
|ap_ready                 |  out|    1|  ap_ctrl_hs|         FeedB|  return value|
|bFeed_dout               |   in|  256|     ap_fifo|         bFeed|       pointer|
|bFeed_num_data_valid     |   in|    3|     ap_fifo|         bFeed|       pointer|
|bFeed_fifo_cap           |   in|    3|     ap_fifo|         bFeed|       pointer|
|bFeed_empty_n            |   in|    1|     ap_fifo|         bFeed|       pointer|
|bFeed_read               |  out|    1|     ap_fifo|         bFeed|       pointer|
|bPipes_0_din             |  out|  256|     ap_fifo|      bPipes_0|       pointer|
|bPipes_0_num_data_valid  |   in|    3|     ap_fifo|      bPipes_0|       pointer|
|bPipes_0_fifo_cap        |   in|    3|     ap_fifo|      bPipes_0|       pointer|
|bPipes_0_full_n          |   in|    1|     ap_fifo|      bPipes_0|       pointer|
|bPipes_0_write           |  out|    1|     ap_fifo|      bPipes_0|       pointer|
|size_n_dout              |   in|   32|     ap_fifo|        size_n|       pointer|
|size_n_num_data_valid    |   in|    3|     ap_fifo|        size_n|       pointer|
|size_n_fifo_cap          |   in|    3|     ap_fifo|        size_n|       pointer|
|size_n_empty_n           |   in|    1|     ap_fifo|        size_n|       pointer|
|size_n_read              |  out|    1|     ap_fifo|        size_n|       pointer|
|size_k_dout              |   in|   32|     ap_fifo|        size_k|       pointer|
|size_k_num_data_valid    |   in|    3|     ap_fifo|        size_k|       pointer|
|size_k_fifo_cap          |   in|    3|     ap_fifo|        size_k|       pointer|
|size_k_empty_n           |   in|    1|     ap_fifo|        size_k|       pointer|
|size_k_read              |  out|    1|     ap_fifo|        size_k|       pointer|
|size_m_dout              |   in|   32|     ap_fifo|        size_m|       pointer|
|size_m_num_data_valid    |   in|    3|     ap_fifo|        size_m|       pointer|
|size_m_fifo_cap          |   in|    3|     ap_fifo|        size_m|       pointer|
|size_m_empty_n           |   in|    1|     ap_fifo|        size_m|       pointer|
|size_m_read              |  out|    1|     ap_fifo|        size_m|       pointer|
+-------------------------+-----+-----+------------+--------------+--------------+

