

================================================================
== Vitis HLS Report for 'ProcessingElement_28_Pipeline_InitializeABuffer_Inner_InitializeABuffer_Outer'
================================================================
* Date:           Mon Nov 11 16:41:32 2024

* Version:        2024.1 (Build 5069499 on May 21 2024)
* Project:        MatrixMultiplication
* Solution:       xcu250-figd2104-2L-e (Vitis Kernel Flow Target)
* Product family: virtexuplus
* Target device:  xcu250-figd2104-2L-e


================================================================
== Performance Estimates
================================================================
+ Timing: 
    * Summary: 
    +--------+----------+----------+------------+
    |  Clock |  Target  | Estimated| Uncertainty|
    +--------+----------+----------+------------+
    |ap_clk  |  10.00 ns|  2.930 ns|     2.70 ns|
    +--------+----------+----------+------------+

+ Latency: 
    * Summary: 
    +---------+---------+----------+----------+-----+-----+-----------------------------------------------+
    |  Latency (cycles) |  Latency (absolute) |  Interval |                    Pipeline                   |
    |   min   |   max   |    min   |    max   | min | max |                      Type                     |
    +---------+---------+----------+----------+-----+-----+-----------------------------------------------+
    |       82|       82|  0.820 us|  0.820 us|   81|   81|  loop auto-rewind stp(delay=0 clock cycles(s))|
    +---------+---------+----------+----------+-----+-----+-----------------------------------------------+

    + Detail: 
        * Instance: 
        N/A

        * Loop: 
        +---------------------------------------------------+---------+---------+----------+-----------+-----------+------+----------+
        |                                                   |  Latency (cycles) | Iteration|  Initiation Interval  | Trip |          |
        |                     Loop Name                     |   min   |   max   |  Latency |  achieved |   target  | Count| Pipelined|
        +---------------------------------------------------+---------+---------+----------+-----------+-----------+------+----------+
        |- InitializeABuffer_Inner_InitializeABuffer_Outer  |       80|       80|         2|          1|          1|    80|       yes|
        +---------------------------------------------------+---------+---------+----------+-----------+-----------+------+----------+



================================================================
== Utilization Estimates
================================================================
* Summary: 
+---------------------+---------+-------+---------+---------+------+
|         Name        | BRAM_18K|  DSP  |    FF   |   LUT   | URAM |
+---------------------+---------+-------+---------+---------+------+
|DSP                  |        -|      -|        -|        -|     -|
|Expression           |        -|      -|        0|       84|     -|
|FIFO                 |        -|      -|        -|        -|     -|
|Instance             |        -|      -|        -|        -|     -|
|Memory               |        -|      -|        -|        -|     -|
|Multiplexer          |        -|      -|        0|       81|     -|
|Register             |        -|      -|       20|        -|     -|
+---------------------+---------+-------+---------+---------+------+
|Total                |        0|      0|       20|      165|     0|
+---------------------+---------+-------+---------+---------+------+
|Available SLR        |     1344|   3072|   864000|   432000|   320|
+---------------------+---------+-------+---------+---------+------+
|Utilization SLR (%)  |        0|      0|       ~0|       ~0|     0|
+---------------------+---------+-------+---------+---------+------+
|Available            |     5376|  12288|  3456000|  1728000|  1280|
+---------------------+---------+-------+---------+---------+------+
|Utilization (%)      |        0|      0|       ~0|       ~0|     0|
+---------------------+---------+-------+---------+---------+------+

+ Detail: 
    * Instance: 
    N/A

    * DSP: 
    N/A

    * Memory: 
    N/A

    * FIFO: 
    N/A

    * Expression: 
    +----------------------------------+----------+----+---+----+------------+------------+
    |           Variable Name          | Operation| DSP| FF| LUT| Bitwidth P0| Bitwidth P1|
    +----------------------------------+----------+----+---+----+------------+------------+
    |add_ln3147_fu_162_p2              |         +|   0|  0|  12|           5|           1|
    |add_ln31_fu_114_p2                |         +|   0|  0|  14|           7|           1|
    |add_ln35_fu_143_p2                |         +|   0|  0|  10|           3|           1|
    |ap_block_pp0_stage0_01001         |       and|   0|  0|   2|           1|           1|
    |first_iter_0_fu_137_p2            |      icmp|   0|  0|  10|           3|           1|
    |icmp_ln31_fu_108_p2               |      icmp|   0|  0|  14|           7|           7|
    |icmp_ln35_fu_123_p2               |      icmp|   0|  0|  10|           3|           3|
    |ap_block_state2_pp0_stage0_iter1  |        or|   0|  0|   2|           1|           1|
    |select_ln31_11_fu_168_p3          |    select|   0|  0|   5|           1|           5|
    |select_ln31_fu_129_p3             |    select|   0|  0|   3|           1|           1|
    |ap_enable_pp0                     |       xor|   0|  0|   2|           1|           2|
    +----------------------------------+----------+----+---+----+------------+------------+
    |Total                             |          |   0|  0|  84|          33|          24|
    +----------------------------------+----------+----+---+----+------------+------------+

    * Multiplexer: 
    +--------------------------------------+----+-----------+-----+-----------+
    |                 Name                 | LUT| Input Size| Bits| Total Bits|
    +--------------------------------------+----+-----------+-----+-----------+
    |aPipes_27_blk_n                       |   9|          2|    1|          2|
    |aPipes_28_blk_n                       |   9|          2|    1|          2|
    |ap_done_int                           |   9|          2|    1|          2|
    |ap_enable_reg_pp0_iter1               |   9|          2|    1|          2|
    |ap_sig_allocacmp_indvar_flatten_load  |   9|          2|    7|         14|
    |ap_sig_allocacmp_n1_load              |   9|          2|    3|          6|
    |indvar_flatten_fu_58                  |   9|          2|    7|         14|
    |n1_fu_50                              |   9|          2|    3|          6|
    |n2_fu_54                              |   9|          2|    5|         10|
    +--------------------------------------+----+-----------+-----+-----------+
    |Total                                 |  81|         18|   29|         58|
    +--------------------------------------+----+-----------+-----+-----------+

    * Register: 
    +-------------------------+---+----+-----+-----------+
    |           Name          | FF| LUT| Bits| Const Bits|
    +-------------------------+---+----+-----+-----------+
    |ap_CS_fsm                |  1|   0|    1|          0|
    |ap_done_reg              |  1|   0|    1|          0|
    |ap_enable_reg_pp0_iter1  |  1|   0|    1|          0|
    |first_iter_0_reg_214     |  1|   0|    1|          0|
    |icmp_ln35_reg_209        |  1|   0|    1|          0|
    |indvar_flatten_fu_58     |  7|   0|    7|          0|
    |n1_fu_50                 |  3|   0|    3|          0|
    |n2_fu_54                 |  5|   0|    5|          0|
    +-------------------------+---+----+-----+-----------+
    |Total                    | 20|   0|   20|          0|
    +-------------------------+---+----+-----+-----------+



================================================================
== Interface
================================================================
* Summary: 
+--------------------------+-----+-----+------------+-------------------------------------------------------------------------------+--------------+
|         RTL Ports        | Dir | Bits|  Protocol  |                                 Source Object                                 |    C Type    |
+--------------------------+-----+-----+------------+-------------------------------------------------------------------------------+--------------+
|ap_clk                    |   in|    1|  ap_ctrl_hs|  ProcessingElement.28_Pipeline_InitializeABuffer_Inner_InitializeABuffer_Outer|  return value|
|ap_rst                    |   in|    1|  ap_ctrl_hs|  ProcessingElement.28_Pipeline_InitializeABuffer_Inner_InitializeABuffer_Outer|  return value|
|ap_start                  |   in|    1|  ap_ctrl_hs|  ProcessingElement.28_Pipeline_InitializeABuffer_Inner_InitializeABuffer_Outer|  return value|
|ap_done                   |  out|    1|  ap_ctrl_hs|  ProcessingElement.28_Pipeline_InitializeABuffer_Inner_InitializeABuffer_Outer|  return value|
|ap_idle                   |  out|    1|  ap_ctrl_hs|  ProcessingElement.28_Pipeline_InitializeABuffer_Inner_InitializeABuffer_Outer|  return value|
|ap_ready                  |  out|    1|  ap_ctrl_hs|  ProcessingElement.28_Pipeline_InitializeABuffer_Inner_InitializeABuffer_Outer|  return value|
|aPipes_27_dout            |   in|   32|     ap_fifo|                                                                      aPipes_27|       pointer|
|aPipes_27_num_data_valid  |   in|    3|     ap_fifo|                                                                      aPipes_27|       pointer|
|aPipes_27_fifo_cap        |   in|    3|     ap_fifo|                                                                      aPipes_27|       pointer|
|aPipes_27_empty_n         |   in|    1|     ap_fifo|                                                                      aPipes_27|       pointer|
|aPipes_27_read            |  out|    1|     ap_fifo|                                                                      aPipes_27|       pointer|
|aPipes_28_din             |  out|   32|     ap_fifo|                                                                      aPipes_28|       pointer|
|aPipes_28_num_data_valid  |   in|    3|     ap_fifo|                                                                      aPipes_28|       pointer|
|aPipes_28_fifo_cap        |   in|    3|     ap_fifo|                                                                      aPipes_28|       pointer|
|aPipes_28_full_n          |   in|    1|     ap_fifo|                                                                      aPipes_28|       pointer|
|aPipes_28_write           |  out|    1|     ap_fifo|                                                                      aPipes_28|       pointer|
|aBuffer_address0          |  out|    5|   ap_memory|                                                                        aBuffer|         array|
|aBuffer_ce0               |  out|    1|   ap_memory|                                                                        aBuffer|         array|
|aBuffer_we0               |  out|    1|   ap_memory|                                                                        aBuffer|         array|
|aBuffer_d0                |  out|   32|   ap_memory|                                                                        aBuffer|         array|
+--------------------------+-----+-----+------------+-------------------------------------------------------------------------------+--------------+

