

================================================================
== Vitis HLS Report for 'ProcessingElement_3_Pipeline_Pipeline_N_Pipeline_M'
================================================================
* Date:           Mon Nov 11 16:40:39 2024

* Version:        2024.1 (Build 5069499 on May 21 2024)
* Project:        MatrixMultiplication
* Solution:       xcu250-figd2104-2L-e (Vitis Kernel Flow Target)
* Product family: virtexuplus
* Target device:  xcu250-figd2104-2L-e


================================================================
== Performance Estimates
================================================================
+ Timing: 
    * Summary: 
    +--------+----------+----------+------------+
    |  Clock |  Target  | Estimated| Uncertainty|
    +--------+----------+----------+------------+
    |ap_clk  |  10.00 ns|  6.376 ns|     2.70 ns|
    +--------+----------+----------+------------+

+ Latency: 
    * Summary: 
    +---------+---------+-----------+-----------+------+------+-----------------------------------------------+
    |  Latency (cycles) |   Latency (absolute)  |   Interval  |                    Pipeline                   |
    |   min   |   max   |    min    |    max    |  min |  max |                      Type                     |
    +---------+---------+-----------+-----------+------+------+-----------------------------------------------+
    |     1033|     1033|  10.330 us|  10.330 us|  1025|  1025|  loop auto-rewind stp(delay=0 clock cycles(s))|
    +---------+---------+-----------+-----------+------+------+-----------------------------------------------+

    + Detail: 
        * Instance: 
        N/A

        * Loop: 
        +-------------------------+---------+---------+----------+-----------+-----------+------+----------+
        |                         |  Latency (cycles) | Iteration|  Initiation Interval  | Trip |          |
        |        Loop Name        |   min   |   max   |  Latency |  achieved |   target  | Count| Pipelined|
        +-------------------------+---------+---------+----------+-----------+-----------+------+----------+
        |- Pipeline_N_Pipeline_M  |     1031|     1031|         9|          1|          1|  1024|       yes|
        +-------------------------+---------+---------+----------+-----------+-----------+------+----------+



================================================================
== Utilization Estimates
================================================================
* Summary: 
+---------------------+---------+-------+---------+---------+------+
|         Name        | BRAM_18K|  DSP  |    FF   |   LUT   | URAM |
+---------------------+---------+-------+---------+---------+------+
|DSP                  |        -|      -|        -|        -|     -|
|Expression           |        -|      -|        0|     1069|     -|
|FIFO                 |        -|      -|        -|        -|     -|
|Instance             |        -|     40|     2440|     2424|     -|
|Memory               |        -|      -|        -|        -|     -|
|Multiplexer          |        -|      -|        0|       99|     -|
|Register             |        -|      -|     2066|      352|     -|
+---------------------+---------+-------+---------+---------+------+
|Total                |        0|     40|     4506|     3944|     0|
+---------------------+---------+-------+---------+---------+------+
|Available SLR        |     1344|   3072|   864000|   432000|   320|
+---------------------+---------+-------+---------+---------+------+
|Utilization SLR (%)  |        0|      1|       ~0|       ~0|     0|
+---------------------+---------+-------+---------+---------+------+
|Available            |     5376|  12288|  3456000|  1728000|  1280|
+---------------------+---------+-------+---------+---------+------+
|Utilization (%)      |        0|     ~0|       ~0|       ~0|     0|
+---------------------+---------+-------+---------+---------+------+

+ Detail: 
    * Instance: 
    +-------------------------------------+--------------------------------+---------+----+-----+-----+-----+
    |               Instance              |             Module             | BRAM_18K| DSP|  FF | LUT | URAM|
    +-------------------------------------+--------------------------------+---------+----+-----+-----+-----+
    |fadd_32ns_32ns_32_3_full_dsp_1_U253  |fadd_32ns_32ns_32_3_full_dsp_1  |        0|   2|  177|  226|    0|
    |fadd_32ns_32ns_32_3_full_dsp_1_U254  |fadd_32ns_32ns_32_3_full_dsp_1  |        0|   2|  177|  226|    0|
    |fadd_32ns_32ns_32_3_full_dsp_1_U255  |fadd_32ns_32ns_32_3_full_dsp_1  |        0|   2|  177|  226|    0|
    |fadd_32ns_32ns_32_3_full_dsp_1_U256  |fadd_32ns_32ns_32_3_full_dsp_1  |        0|   2|  177|  226|    0|
    |fadd_32ns_32ns_32_3_full_dsp_1_U257  |fadd_32ns_32ns_32_3_full_dsp_1  |        0|   2|  177|  226|    0|
    |fadd_32ns_32ns_32_3_full_dsp_1_U258  |fadd_32ns_32ns_32_3_full_dsp_1  |        0|   2|  177|  226|    0|
    |fadd_32ns_32ns_32_3_full_dsp_1_U259  |fadd_32ns_32ns_32_3_full_dsp_1  |        0|   2|  177|  226|    0|
    |fadd_32ns_32ns_32_3_full_dsp_1_U260  |fadd_32ns_32ns_32_3_full_dsp_1  |        0|   2|  177|  226|    0|
    |fmul_32ns_32ns_32_2_max_dsp_1_U261   |fmul_32ns_32ns_32_2_max_dsp_1   |        0|   3|  128|   77|    0|
    |fmul_32ns_32ns_32_2_max_dsp_1_U262   |fmul_32ns_32ns_32_2_max_dsp_1   |        0|   3|  128|   77|    0|
    |fmul_32ns_32ns_32_2_max_dsp_1_U263   |fmul_32ns_32ns_32_2_max_dsp_1   |        0|   3|  128|   77|    0|
    |fmul_32ns_32ns_32_2_max_dsp_1_U264   |fmul_32ns_32ns_32_2_max_dsp_1   |        0|   3|  128|   77|    0|
    |fmul_32ns_32ns_32_2_max_dsp_1_U265   |fmul_32ns_32ns_32_2_max_dsp_1   |        0|   3|  128|   77|    0|
    |fmul_32ns_32ns_32_2_max_dsp_1_U266   |fmul_32ns_32ns_32_2_max_dsp_1   |        0|   3|  128|   77|    0|
    |fmul_32ns_32ns_32_2_max_dsp_1_U267   |fmul_32ns_32ns_32_2_max_dsp_1   |        0|   3|  128|   77|    0|
    |fmul_32ns_32ns_32_2_max_dsp_1_U268   |fmul_32ns_32ns_32_2_max_dsp_1   |        0|   3|  128|   77|    0|
    +-------------------------------------+--------------------------------+---------+----+-----+-----+-----+
    |Total                                |                                |        0|  40| 2440| 2424|    0|
    +-------------------------------------+--------------------------------+---------+----+-----+-----+-----+

    * DSP: 
    N/A

    * Memory: 
    N/A

    * FIFO: 
    N/A

    * Expression: 
    +-----------------------------------+----------+----+---+-----+------------+------------+
    |           Variable Name           | Operation| DSP| FF| LUT | Bitwidth P0| Bitwidth P1|
    +-----------------------------------+----------+----+---+-----+------------+------------+
    |add106_fu_487_p2                   |         +|   0|  0|   34|          27|          27|
    |add115_fu_534_p2                   |         +|   0|  0|   17|          10|          10|
    |add91_fu_482_p2                    |         +|   0|  0|   12|           5|           5|
    |add_fu_500_p2                      |         +|   0|  0|   12|           5|           5|
    |add_ln64_7_fu_465_p2               |         +|   0|  0|   12|           5|           1|
    |add_ln64_fu_373_p2                 |         +|   0|  0|   18|          11|           1|
    |add_ln67_fu_446_p2                 |         +|   0|  0|   14|           7|           1|
    |and_ln80_7_fu_434_p2               |       and|   0|  0|    2|           1|           1|
    |and_ln80_fu_428_p2                 |       and|   0|  0|    2|           1|           1|
    |ap_block_pp0                       |       and|   0|  0|    2|           1|           1|
    |ap_enable_state2_pp0_iter1_stage0  |       and|   0|  0|    2|           1|           1|
    |ap_enable_state3_pp0_iter2_stage0  |       and|   0|  0|    2|           1|           1|
    |ap_enable_state4_pp0_iter3_stage0  |       and|   0|  0|    2|           1|           1|
    |ap_predicate_op64_write_state2     |       and|   0|  0|    2|           1|           1|
    |ap_predicate_op66_store_state2     |       and|   0|  0|    2|           1|           1|
    |inBounds_50_fu_910_p2              |       and|   0|  0|    2|           1|           1|
    |inBounds_51_fu_921_p2              |       and|   0|  0|    2|           1|           1|
    |inBounds_52_fu_932_p2              |       and|   0|  0|    2|           1|           1|
    |inBounds_53_fu_943_p2              |       and|   0|  0|    2|           1|           1|
    |inBounds_54_fu_954_p2              |       and|   0|  0|    2|           1|           1|
    |inBounds_55_fu_965_p2              |       and|   0|  0|    2|           1|           1|
    |inBounds_56_fu_976_p2              |       and|   0|  0|    2|           1|           1|
    |inBounds_fu_899_p2                 |       and|   0|  0|    2|           1|           1|
    |icmp_ln64_fu_367_p2                |      icmp|   0|  0|   19|          11|          12|
    |icmp_ln67_fu_382_p2                |      icmp|   0|  0|   15|           7|           8|
    |icmp_ln82_fu_406_p2                |      icmp|   0|  0|   13|           6|           1|
    |icmp_ln83_fu_422_p2                |      icmp|   0|  0|    9|           2|           1|
    |icmp_ln85_fu_440_p2                |      icmp|   0|  0|   14|           7|           2|
    |inBoundsM_50_fu_592_p2             |      icmp|   0|  0|   39|          32|          32|
    |inBoundsM_51_fu_621_p2             |      icmp|   0|  0|   39|          32|          32|
    |inBoundsM_52_fu_650_p2             |      icmp|   0|  0|   39|          32|          32|
    |inBoundsM_53_fu_679_p2             |      icmp|   0|  0|   39|          32|          32|
    |inBoundsM_54_fu_708_p2             |      icmp|   0|  0|   39|          32|          32|
    |inBoundsM_55_fu_737_p2             |      icmp|   0|  0|   39|          32|          32|
    |inBoundsM_56_fu_766_p2             |      icmp|   0|  0|   39|          32|          32|
    |inBoundsM_fu_557_p2                |      icmp|   0|  0|   39|          32|          32|
    |inBoundsN_fu_510_p2                |      icmp|   0|  0|   39|          32|          32|
    |ap_block_pp0_stage0_01001          |        or|   0|  0|    2|           1|           1|
    |ap_block_state2_pp0_stage0_iter1   |        or|   0|  0|    2|           1|           1|
    |ap_block_state4_pp0_stage0_iter3   |        or|   0|  0|    2|           1|           1|
    |cPrev_2_fu_786_p3                  |    select|   0|  0|  221|           1|           1|
    |select_ln296_43_fu_914_p3          |    select|   0|  0|   32|           1|          32|
    |select_ln296_44_fu_925_p3          |    select|   0|  0|   32|           1|          32|
    |select_ln296_45_fu_936_p3          |    select|   0|  0|   32|           1|          32|
    |select_ln296_46_fu_947_p3          |    select|   0|  0|   32|           1|          32|
    |select_ln296_47_fu_958_p3          |    select|   0|  0|   32|           1|          32|
    |select_ln296_48_fu_969_p3          |    select|   0|  0|   32|           1|          32|
    |select_ln296_49_fu_980_p3          |    select|   0|  0|   32|           1|          32|
    |select_ln296_fu_903_p3             |    select|   0|  0|   32|           1|          32|
    |select_ln64_7_fu_471_p3            |    select|   0|  0|    5|           1|           5|
    |select_ln64_fu_388_p3              |    select|   0|  0|    7|           1|           1|
    |ap_enable_pp0                      |       xor|   0|  0|    2|           1|           2|
    +-----------------------------------+----------+----+---+-----+------------+------------+
    |Total                              |          |   0|  0| 1069|         422|         646|
    +-----------------------------------+----------+----+---+-----+------------+------------+

    * Multiplexer: 
    +---------------------------------------+----+-----------+-----+-----------+
    |                  Name                 | LUT| Input Size| Bits| Total Bits|
    +---------------------------------------+----+-----------+-----+-----------+
    |aPipes_2_blk_n                         |   9|          2|    1|          2|
    |aPipes_3_blk_n                         |   9|          2|    1|          2|
    |ap_done_int                            |   9|          2|    1|          2|
    |ap_enable_reg_pp0_iter1                |   9|          2|    1|          2|
    |ap_sig_allocacmp_indvar_flatten6_load  |   9|          2|   11|         22|
    |ap_sig_allocacmp_m1_load               |   9|          2|    7|         14|
    |bPipes_2_blk_n                         |   9|          2|    1|          2|
    |bPipes_3_blk_n                         |   9|          2|    1|          2|
    |indvar_flatten6_fu_162                 |   9|          2|   11|         22|
    |m1_fu_154                              |   9|          2|    7|         14|
    |n1_fu_158                              |   9|          2|    5|         10|
    +---------------------------------------+----+-----------+-----+-----------+
    |Total                                  |  99|         22|   47|         94|
    +---------------------------------------+----+-----------+-----+-----------+

    * Register: 
    +-----------------------------------------+----+----+-----+-----------+
    |                   Name                  | FF | LUT| Bits| Const Bits|
    +-----------------------------------------+----+----+-----+-----------+
    |add91_reg_1125                           |   5|   0|    5|          0|
    |and_ln80_7_reg_1117                      |   1|   0|    1|          0|
    |ap_CS_fsm                                |   1|   0|    1|          0|
    |ap_done_reg                              |   1|   0|    1|          0|
    |ap_enable_reg_pp0_iter1                  |   1|   0|    1|          0|
    |ap_enable_reg_pp0_iter2                  |   1|   0|    1|          0|
    |ap_enable_reg_pp0_iter3                  |   1|   0|    1|          0|
    |ap_enable_reg_pp0_iter4                  |   1|   0|    1|          0|
    |ap_enable_reg_pp0_iter5                  |   1|   0|    1|          0|
    |ap_enable_reg_pp0_iter6                  |   1|   0|    1|          0|
    |ap_enable_reg_pp0_iter7                  |   1|   0|    1|          0|
    |ap_enable_reg_pp0_iter8                  |   1|   0|    1|          0|
    |ap_loop_exit_ready_pp0_iter1_reg         |   1|   0|    1|          0|
    |ap_loop_exit_ready_pp0_iter2_reg         |   1|   0|    1|          0|
    |ap_loop_exit_ready_pp0_iter3_reg         |   1|   0|    1|          0|
    |ap_loop_exit_ready_pp0_iter4_reg         |   1|   0|    1|          0|
    |ap_loop_exit_ready_pp0_iter5_reg         |   1|   0|    1|          0|
    |ap_loop_exit_ready_pp0_iter6_reg         |   1|   0|    1|          0|
    |ap_loop_exit_ready_pp0_iter7_reg         |   1|   0|    1|          0|
    |bitcast_ln32_100_reg_1336                |  32|   0|   32|          0|
    |bitcast_ln32_100_reg_1336_pp0_iter6_reg  |  32|   0|   32|          0|
    |bitcast_ln32_102_reg_1342                |  32|   0|   32|          0|
    |bitcast_ln32_102_reg_1342_pp0_iter6_reg  |  32|   0|   32|          0|
    |bitcast_ln32_104_reg_1348                |  32|   0|   32|          0|
    |bitcast_ln32_104_reg_1348_pp0_iter6_reg  |  32|   0|   32|          0|
    |bitcast_ln32_106_reg_1354                |  32|   0|   32|          0|
    |bitcast_ln32_106_reg_1354_pp0_iter6_reg  |  32|   0|   32|          0|
    |bitcast_ln32_108_reg_1360                |  32|   0|   32|          0|
    |bitcast_ln32_108_reg_1360_pp0_iter6_reg  |  32|   0|   32|          0|
    |bitcast_ln32_110_reg_1366                |  32|   0|   32|          0|
    |bitcast_ln32_110_reg_1366_pp0_iter6_reg  |  32|   0|   32|          0|
    |bitcast_ln32_112_reg_1372                |  32|   0|   32|          0|
    |bitcast_ln32_112_reg_1372_pp0_iter6_reg  |  32|   0|   32|          0|
    |bitcast_ln32_98_reg_1330                 |  32|   0|   32|          0|
    |bitcast_ln32_98_reg_1330_pp0_iter6_reg   |  32|   0|   32|          0|
    |cBuffer_addr_reg_1152                    |  10|   0|   10|          0|
    |empty_190_reg_1130                       |   4|   0|    4|          0|
    |empty_190_reg_1130_pp0_iter2_reg         |   4|   0|    4|          0|
    |icmp_ln67_reg_1106                       |   1|   0|    1|          0|
    |icmp_ln85_reg_1121                       |   1|   0|    1|          0|
    |inBoundsM_50_reg_1180                    |   1|   0|    1|          0|
    |inBoundsM_51_reg_1190                    |   1|   0|    1|          0|
    |inBoundsM_52_reg_1200                    |   1|   0|    1|          0|
    |inBoundsM_53_reg_1210                    |   1|   0|    1|          0|
    |inBoundsM_54_reg_1220                    |   1|   0|    1|          0|
    |inBoundsM_55_reg_1230                    |   1|   0|    1|          0|
    |inBoundsM_56_reg_1240                    |   1|   0|    1|          0|
    |inBoundsM_reg_1158                       |   1|   0|    1|          0|
    |inBoundsN_reg_1135                       |   1|   0|    1|          0|
    |indvar_flatten6_fu_162                   |  11|   0|   11|          0|
    |m1_fu_154                                |   7|   0|    7|          0|
    |n1_fu_158                                |   5|   0|    5|          0|
    |res_177_reg_1250                         |  32|   0|   32|          0|
    |res_178_reg_1260                         |  32|   0|   32|          0|
    |res_179_reg_1270                         |  32|   0|   32|          0|
    |res_180_reg_1280                         |  32|   0|   32|          0|
    |res_181_reg_1290                         |  32|   0|   32|          0|
    |res_182_reg_1300                         |  32|   0|   32|          0|
    |res_183_reg_1310                         |  32|   0|   32|          0|
    |res_184_reg_1320                         |  32|   0|   32|          0|
    |select_ln296_43_reg_1383                 |  32|   0|   32|          0|
    |select_ln296_44_reg_1388                 |  32|   0|   32|          0|
    |select_ln296_45_reg_1393                 |  32|   0|   32|          0|
    |select_ln296_46_reg_1398                 |  32|   0|   32|          0|
    |select_ln296_47_reg_1403                 |  32|   0|   32|          0|
    |select_ln296_48_reg_1408                 |  32|   0|   32|          0|
    |select_ln296_49_reg_1413                 |  32|   0|   32|          0|
    |select_ln296_reg_1378                    |  32|   0|   32|          0|
    |select_ln64_reg_1111                     |   7|   0|    7|          0|
    |tmp_101_reg_1275                         |  32|   0|   32|          0|
    |tmp_103_reg_1285                         |  32|   0|   32|          0|
    |tmp_105_reg_1295                         |  32|   0|   32|          0|
    |tmp_107_reg_1305                         |  32|   0|   32|          0|
    |tmp_109_reg_1315                         |  32|   0|   32|          0|
    |tmp_111_reg_1325                         |  32|   0|   32|          0|
    |tmp_99_reg_1265                          |  32|   0|   32|          0|
    |trunc_ln170_8_reg_1255                   |  32|   0|   32|          0|
    |cBuffer_addr_reg_1152                    |  64|  32|   10|          0|
    |inBoundsM_50_reg_1180                    |  64|  32|    1|          0|
    |inBoundsM_51_reg_1190                    |  64|  32|    1|          0|
    |inBoundsM_52_reg_1200                    |  64|  32|    1|          0|
    |inBoundsM_53_reg_1210                    |  64|  32|    1|          0|
    |inBoundsM_54_reg_1220                    |  64|  32|    1|          0|
    |inBoundsM_55_reg_1230                    |  64|  32|    1|          0|
    |inBoundsM_56_reg_1240                    |  64|  32|    1|          0|
    |inBoundsM_reg_1158                       |  64|  32|    1|          0|
    |inBoundsN_reg_1135                       |  64|  32|    1|          0|
    |select_ln64_reg_1111                     |  64|  32|    7|          0|
    +-----------------------------------------+----+----+-----+-----------+
    |Total                                    |2066| 352| 1388|          0|
    +-----------------------------------------+----+----+-----+-----------+



================================================================
== Interface
================================================================
* Summary: 
+-------------------------+-----+-----+------------+----------------------------------------------------+--------------+
|        RTL Ports        | Dir | Bits|  Protocol  |                    Source Object                   |    C Type    |
+-------------------------+-----+-----+------------+----------------------------------------------------+--------------+
|ap_clk                   |   in|    1|  ap_ctrl_hs|  ProcessingElement.3_Pipeline_Pipeline_N_Pipeline_M|  return value|
|ap_rst                   |   in|    1|  ap_ctrl_hs|  ProcessingElement.3_Pipeline_Pipeline_N_Pipeline_M|  return value|
|ap_start                 |   in|    1|  ap_ctrl_hs|  ProcessingElement.3_Pipeline_Pipeline_N_Pipeline_M|  return value|
|ap_done                  |  out|    1|  ap_ctrl_hs|  ProcessingElement.3_Pipeline_Pipeline_N_Pipeline_M|  return value|
|ap_idle                  |  out|    1|  ap_ctrl_hs|  ProcessingElement.3_Pipeline_Pipeline_N_Pipeline_M|  return value|
|ap_ready                 |  out|    1|  ap_ctrl_hs|  ProcessingElement.3_Pipeline_Pipeline_N_Pipeline_M|  return value|
|aPipes_2_dout            |   in|   32|     ap_fifo|                                            aPipes_2|       pointer|
|aPipes_2_num_data_valid  |   in|    3|     ap_fifo|                                            aPipes_2|       pointer|
|aPipes_2_fifo_cap        |   in|    3|     ap_fifo|                                            aPipes_2|       pointer|
|aPipes_2_empty_n         |   in|    1|     ap_fifo|                                            aPipes_2|       pointer|
|aPipes_2_read            |  out|    1|     ap_fifo|                                            aPipes_2|       pointer|
|aPipes_3_din             |  out|   32|     ap_fifo|                                            aPipes_3|       pointer|
|aPipes_3_num_data_valid  |   in|    3|     ap_fifo|                                            aPipes_3|       pointer|
|aPipes_3_fifo_cap        |   in|    3|     ap_fifo|                                            aPipes_3|       pointer|
|aPipes_3_full_n          |   in|    1|     ap_fifo|                                            aPipes_3|       pointer|
|aPipes_3_write           |  out|    1|     ap_fifo|                                            aPipes_3|       pointer|
|bPipes_2_dout            |   in|  256|     ap_fifo|                                            bPipes_2|       pointer|
|bPipes_2_num_data_valid  |   in|    3|     ap_fifo|                                            bPipes_2|       pointer|
|bPipes_2_fifo_cap        |   in|    3|     ap_fifo|                                            bPipes_2|       pointer|
|bPipes_2_empty_n         |   in|    1|     ap_fifo|                                            bPipes_2|       pointer|
|bPipes_2_read            |  out|    1|     ap_fifo|                                            bPipes_2|       pointer|
|bPipes_3_din             |  out|  256|     ap_fifo|                                            bPipes_3|       pointer|
|bPipes_3_num_data_valid  |   in|    3|     ap_fifo|                                            bPipes_3|       pointer|
|bPipes_3_fifo_cap        |   in|    3|     ap_fifo|                                            bPipes_3|       pointer|
|bPipes_3_full_n          |   in|    1|     ap_fifo|                                            bPipes_3|       pointer|
|bPipes_3_write           |  out|    1|     ap_fifo|                                            bPipes_3|       pointer|
|m0                       |   in|   23|     ap_none|                                                  m0|        scalar|
|cBuffer_address0         |  out|   10|   ap_memory|                                             cBuffer|         array|
|cBuffer_ce0              |  out|    1|   ap_memory|                                             cBuffer|         array|
|cBuffer_we0              |  out|    1|   ap_memory|                                             cBuffer|         array|
|cBuffer_d0               |  out|  256|   ap_memory|                                             cBuffer|         array|
|cBuffer_address1         |  out|   10|   ap_memory|                                             cBuffer|         array|
|cBuffer_ce1              |  out|    1|   ap_memory|                                             cBuffer|         array|
|cBuffer_q1               |   in|  256|   ap_memory|                                             cBuffer|         array|
|cmp111                   |   in|    1|     ap_none|                                              cmp111|        scalar|
|size_m                   |   in|   32|     ap_none|                                              size_m|        scalar|
|cond90                   |   in|    5|     ap_none|                                              cond90|        scalar|
|aBuffer_address0         |  out|    5|   ap_memory|                                             aBuffer|         array|
|aBuffer_ce0              |  out|    1|   ap_memory|                                             aBuffer|         array|
|aBuffer_we0              |  out|    1|   ap_memory|                                             aBuffer|         array|
|aBuffer_d0               |  out|   32|   ap_memory|                                             aBuffer|         array|
|aBuffer_address1         |  out|    5|   ap_memory|                                             aBuffer|         array|
|aBuffer_ce1              |  out|    1|   ap_memory|                                             aBuffer|         array|
|aBuffer_q1               |   in|   32|   ap_memory|                                             aBuffer|         array|
|mul                      |   in|   27|     ap_none|                                                 mul|        scalar|
|cond                     |   in|    5|     ap_none|                                                cond|        scalar|
|size_n                   |   in|   32|     ap_none|                                              size_n|        scalar|
|brmerge282               |   in|    1|     ap_none|                                          brmerge282|        scalar|
+-------------------------+-----+-----+------------+----------------------------------------------------+--------------+

