

================================================================
== Vitis HLS Report for 'ProcessingElement_Pipeline_1'
================================================================
* Date:           Mon Nov 11 16:41:43 2024

* Version:        2024.1 (Build 5069499 on May 21 2024)
* Project:        MatrixMultiplication
* Solution:       xcu250-figd2104-2L-e (Vitis Kernel Flow Target)
* Product family: virtexuplus
* Target device:  xcu250-figd2104-2L-e


================================================================
== Performance Estimates
================================================================
+ Timing: 
    * Summary: 
    +--------+----------+----------+------------+
    |  Clock |  Target  | Estimated| Uncertainty|
    +--------+----------+----------+------------+
    |ap_clk  |  10.00 ns|  1.481 ns|     2.70 ns|
    +--------+----------+----------+------------+

+ Latency: 
    * Summary: 
    +---------+---------+----------+----------+-----+-----+-----------------------------------------------+
    |  Latency (cycles) |  Latency (absolute) |  Interval |                    Pipeline                   |
    |   min   |   max   |    min   |    max   | min | max |                      Type                     |
    +---------+---------+----------+----------+-----+-----+-----------------------------------------------+
    |       33|       33|  0.330 us|  0.330 us|   32|   32|  loop auto-rewind stp(delay=0 clock cycles(s))|
    +---------+---------+----------+----------+-----+-----+-----------------------------------------------+

    + Detail: 
        * Instance: 
        N/A

        * Loop: 
        +----------+---------+---------+----------+-----------+-----------+------+----------+
        |          |  Latency (cycles) | Iteration|  Initiation Interval  | Trip |          |
        | Loop Name|   min   |   max   |  Latency |  achieved |   target  | Count| Pipelined|
        +----------+---------+---------+----------+-----------+-----------+------+----------+
        |- Loop 1  |       31|       31|         1|          1|          1|    32|       yes|
        +----------+---------+---------+----------+-----------+-----------+------+----------+



================================================================
== Utilization Estimates
================================================================
* Summary: 
+---------------------+---------+-------+---------+---------+------+
|         Name        | BRAM_18K|  DSP  |    FF   |   LUT   | URAM |
+---------------------+---------+-------+---------+---------+------+
|DSP                  |        -|      -|        -|        -|     -|
|Expression           |        -|      -|        0|       24|     -|
|FIFO                 |        -|      -|        -|        -|     -|
|Instance             |        -|      -|        -|        -|     -|
|Memory               |        -|      -|        -|        -|     -|
|Multiplexer          |        -|      -|        0|       27|     -|
|Register             |        -|      -|        7|        -|     -|
+---------------------+---------+-------+---------+---------+------+
|Total                |        0|      0|        7|       51|     0|
+---------------------+---------+-------+---------+---------+------+
|Available SLR        |     1344|   3072|   864000|   432000|   320|
+---------------------+---------+-------+---------+---------+------+
|Utilization SLR (%)  |        0|      0|       ~0|       ~0|     0|
+---------------------+---------+-------+---------+---------+------+
|Available            |     5376|  12288|  3456000|  1728000|  1280|
+---------------------+---------+-------+---------+---------+------+
|Utilization (%)      |        0|      0|       ~0|       ~0|     0|
+---------------------+---------+-------+---------+---------+------+

+ Detail: 
    * Instance: 
    N/A

    * DSP: 
    N/A

    * Memory: 
    N/A

    * FIFO: 
    N/A

    * Expression: 
    +--------------------+----------+----+---+----+------------+------------+
    |    Variable Name   | Operation| DSP| FF| LUT| Bitwidth P0| Bitwidth P1|
    +--------------------+----------+----+---+----+------------+------------+
    |add_ln23_fu_55_p2   |         +|   0|  0|  12|           5|           1|
    |icmp_ln23_fu_61_p2  |      icmp|   0|  0|  12|           5|           2|
    +--------------------+----------+----+---+----+------------+------------+
    |Total               |          |   0|  0|  24|          10|           3|
    +--------------------+----------+----+---+----+------------+------------+

    * Multiplexer: 
    +-------------------------------------+----+-----------+-----+-----------+
    |                 Name                | LUT| Input Size| Bits| Total Bits|
    +-------------------------------------+----+-----------+-----+-----------+
    |ap_done_int                          |   9|          2|    1|          2|
    |ap_sig_allocacmp_indvars_iv308_load  |   9|          2|    5|         10|
    |indvars_iv308_fu_24                  |   9|          2|    5|         10|
    +-------------------------------------+----+-----------+-----+-----------+
    |Total                                |  27|          6|   11|         22|
    +-------------------------------------+----+-----------+-----+-----------+

    * Register: 
    +---------------------+---+----+-----+-----------+
    |         Name        | FF| LUT| Bits| Const Bits|
    +---------------------+---+----+-----+-----------+
    |ap_CS_fsm            |  1|   0|    1|          0|
    |ap_done_reg          |  1|   0|    1|          0|
    |indvars_iv308_fu_24  |  5|   0|    5|          0|
    +---------------------+---+----+-----+-----------+
    |Total                |  7|   0|    7|          0|
    +---------------------+---+----+-----+-----------+



================================================================
== Interface
================================================================
* Summary: 
+------------------+-----+-----+------------+------------------------------+--------------+
|     RTL Ports    | Dir | Bits|  Protocol  |         Source Object        |    C Type    |
+------------------+-----+-----+------------+------------------------------+--------------+
|ap_clk            |   in|    1|  ap_ctrl_hs|  ProcessingElement_Pipeline_1|  return value|
|ap_rst            |   in|    1|  ap_ctrl_hs|  ProcessingElement_Pipeline_1|  return value|
|ap_start          |   in|    1|  ap_ctrl_hs|  ProcessingElement_Pipeline_1|  return value|
|ap_done           |  out|    1|  ap_ctrl_hs|  ProcessingElement_Pipeline_1|  return value|
|ap_idle           |  out|    1|  ap_ctrl_hs|  ProcessingElement_Pipeline_1|  return value|
|ap_ready          |  out|    1|  ap_ctrl_hs|  ProcessingElement_Pipeline_1|  return value|
|aBuffer_address0  |  out|    5|   ap_memory|                       aBuffer|         array|
|aBuffer_ce0       |  out|    1|   ap_memory|                       aBuffer|         array|
|aBuffer_we0       |  out|    1|   ap_memory|                       aBuffer|         array|
|aBuffer_d0        |  out|   32|   ap_memory|                       aBuffer|         array|
+------------------+-----+-----+------------+------------------------------+--------------+

