

================================================================
== Vitis HLS Report for 'ProcessingElement_9_Pipeline_Pipeline_N_Pipeline_M'
================================================================
* Date:           Mon Nov 11 16:40:47 2024

* Version:        2024.1 (Build 5069499 on May 21 2024)
* Project:        MatrixMultiplication
* Solution:       xcu250-figd2104-2L-e (Vitis Kernel Flow Target)
* Product family: virtexuplus
* Target device:  xcu250-figd2104-2L-e


================================================================
== Performance Estimates
================================================================
+ Timing: 
    * Summary: 
    +--------+----------+----------+------------+
    |  Clock |  Target  | Estimated| Uncertainty|
    +--------+----------+----------+------------+
    |ap_clk  |  10.00 ns|  6.376 ns|     2.70 ns|
    +--------+----------+----------+------------+

+ Latency: 
    * Summary: 
    +---------+---------+-----------+-----------+------+------+-----------------------------------------------+
    |  Latency (cycles) |   Latency (absolute)  |   Interval  |                    Pipeline                   |
    |   min   |   max   |    min    |    max    |  min |  max |                      Type                     |
    +---------+---------+-----------+-----------+------+------+-----------------------------------------------+
    |     1033|     1033|  10.330 us|  10.330 us|  1025|  1025|  loop auto-rewind stp(delay=0 clock cycles(s))|
    +---------+---------+-----------+-----------+------+------+-----------------------------------------------+

    + Detail: 
        * Instance: 
        N/A

        * Loop: 
        +-------------------------+---------+---------+----------+-----------+-----------+------+----------+
        |                         |  Latency (cycles) | Iteration|  Initiation Interval  | Trip |          |
        |        Loop Name        |   min   |   max   |  Latency |  achieved |   target  | Count| Pipelined|
        +-------------------------+---------+---------+----------+-----------+-----------+------+----------+
        |- Pipeline_N_Pipeline_M  |     1031|     1031|         9|          1|          1|  1024|       yes|
        +-------------------------+---------+---------+----------+-----------+-----------+------+----------+



================================================================
== Utilization Estimates
================================================================
* Summary: 
+---------------------+---------+-------+---------+---------+------+
|         Name        | BRAM_18K|  DSP  |    FF   |   LUT   | URAM |
+---------------------+---------+-------+---------+---------+------+
|DSP                  |        -|      -|        -|        -|     -|
|Expression           |        -|      -|        0|     1068|     -|
|FIFO                 |        -|      -|        -|        -|     -|
|Instance             |        -|     40|     2440|     2424|     -|
|Memory               |        -|      -|        -|        -|     -|
|Multiplexer          |        -|      -|        0|       99|     -|
|Register             |        -|      -|     2066|      352|     -|
+---------------------+---------+-------+---------+---------+------+
|Total                |        0|     40|     4506|     3943|     0|
+---------------------+---------+-------+---------+---------+------+
|Available SLR        |     1344|   3072|   864000|   432000|   320|
+---------------------+---------+-------+---------+---------+------+
|Utilization SLR (%)  |        0|      1|       ~0|       ~0|     0|
+---------------------+---------+-------+---------+---------+------+
|Available            |     5376|  12288|  3456000|  1728000|  1280|
+---------------------+---------+-------+---------+---------+------+
|Utilization (%)      |        0|     ~0|       ~0|       ~0|     0|
+---------------------+---------+-------+---------+---------+------+

+ Detail: 
    * Instance: 
    +-------------------------------------+--------------------------------+---------+----+-----+-----+-----+
    |               Instance              |             Module             | BRAM_18K| DSP|  FF | LUT | URAM|
    +-------------------------------------+--------------------------------+---------+----+-----+-----+-----+
    |fadd_32ns_32ns_32_3_full_dsp_1_U547  |fadd_32ns_32ns_32_3_full_dsp_1  |        0|   2|  177|  226|    0|
    |fadd_32ns_32ns_32_3_full_dsp_1_U548  |fadd_32ns_32ns_32_3_full_dsp_1  |        0|   2|  177|  226|    0|
    |fadd_32ns_32ns_32_3_full_dsp_1_U549  |fadd_32ns_32ns_32_3_full_dsp_1  |        0|   2|  177|  226|    0|
    |fadd_32ns_32ns_32_3_full_dsp_1_U550  |fadd_32ns_32ns_32_3_full_dsp_1  |        0|   2|  177|  226|    0|
    |fadd_32ns_32ns_32_3_full_dsp_1_U551  |fadd_32ns_32ns_32_3_full_dsp_1  |        0|   2|  177|  226|    0|
    |fadd_32ns_32ns_32_3_full_dsp_1_U552  |fadd_32ns_32ns_32_3_full_dsp_1  |        0|   2|  177|  226|    0|
    |fadd_32ns_32ns_32_3_full_dsp_1_U553  |fadd_32ns_32ns_32_3_full_dsp_1  |        0|   2|  177|  226|    0|
    |fadd_32ns_32ns_32_3_full_dsp_1_U554  |fadd_32ns_32ns_32_3_full_dsp_1  |        0|   2|  177|  226|    0|
    |fmul_32ns_32ns_32_2_max_dsp_1_U555   |fmul_32ns_32ns_32_2_max_dsp_1   |        0|   3|  128|   77|    0|
    |fmul_32ns_32ns_32_2_max_dsp_1_U556   |fmul_32ns_32ns_32_2_max_dsp_1   |        0|   3|  128|   77|    0|
    |fmul_32ns_32ns_32_2_max_dsp_1_U557   |fmul_32ns_32ns_32_2_max_dsp_1   |        0|   3|  128|   77|    0|
    |fmul_32ns_32ns_32_2_max_dsp_1_U558   |fmul_32ns_32ns_32_2_max_dsp_1   |        0|   3|  128|   77|    0|
    |fmul_32ns_32ns_32_2_max_dsp_1_U559   |fmul_32ns_32ns_32_2_max_dsp_1   |        0|   3|  128|   77|    0|
    |fmul_32ns_32ns_32_2_max_dsp_1_U560   |fmul_32ns_32ns_32_2_max_dsp_1   |        0|   3|  128|   77|    0|
    |fmul_32ns_32ns_32_2_max_dsp_1_U561   |fmul_32ns_32ns_32_2_max_dsp_1   |        0|   3|  128|   77|    0|
    |fmul_32ns_32ns_32_2_max_dsp_1_U562   |fmul_32ns_32ns_32_2_max_dsp_1   |        0|   3|  128|   77|    0|
    +-------------------------------------+--------------------------------+---------+----+-----+-----+-----+
    |Total                                |                                |        0|  40| 2440| 2424|    0|
    +-------------------------------------+--------------------------------+---------+----+-----+-----+-----+

    * DSP: 
    N/A

    * Memory: 
    N/A

    * FIFO: 
    N/A

    * Expression: 
    +-----------------------------------+----------+----+---+-----+------------+------------+
    |           Variable Name           | Operation| DSP| FF| LUT | Bitwidth P0| Bitwidth P1|
    +-----------------------------------+----------+----+---+-----+------------+------------+
    |add106_fu_491_p2                   |         +|   0|  0|   34|          27|          27|
    |add115_fu_538_p2                   |         +|   0|  0|   17|          10|          10|
    |add91_fu_486_p2                    |         +|   0|  0|   12|           5|           5|
    |add_fu_504_p2                      |         +|   0|  0|   12|           5|           5|
    |add_ln64_1_fu_377_p2               |         +|   0|  0|   18|          11|           1|
    |add_ln64_fu_469_p2                 |         +|   0|  0|   12|           5|           1|
    |add_ln67_fu_450_p2                 |         +|   0|  0|   14|           7|           1|
    |and_ln80_1_fu_438_p2               |       and|   0|  0|    2|           1|           1|
    |and_ln80_fu_432_p2                 |       and|   0|  0|    2|           1|           1|
    |ap_block_pp0                       |       and|   0|  0|    2|           1|           1|
    |ap_enable_state2_pp0_iter1_stage0  |       and|   0|  0|    2|           1|           1|
    |ap_enable_state3_pp0_iter2_stage0  |       and|   0|  0|    2|           1|           1|
    |ap_enable_state4_pp0_iter3_stage0  |       and|   0|  0|    2|           1|           1|
    |ap_predicate_op64_write_state2     |       and|   0|  0|    2|           1|           1|
    |ap_predicate_op66_store_state2     |       and|   0|  0|    2|           1|           1|
    |inBounds_10_fu_936_p2              |       and|   0|  0|    2|           1|           1|
    |inBounds_11_fu_947_p2              |       and|   0|  0|    2|           1|           1|
    |inBounds_12_fu_958_p2              |       and|   0|  0|    2|           1|           1|
    |inBounds_13_fu_969_p2              |       and|   0|  0|    2|           1|           1|
    |inBounds_14_fu_980_p2              |       and|   0|  0|    2|           1|           1|
    |inBounds_8_fu_914_p2               |       and|   0|  0|    2|           1|           1|
    |inBounds_9_fu_925_p2               |       and|   0|  0|    2|           1|           1|
    |inBounds_fu_903_p2                 |       and|   0|  0|    2|           1|           1|
    |icmp_ln64_fu_371_p2                |      icmp|   0|  0|   19|          11|          12|
    |icmp_ln67_fu_386_p2                |      icmp|   0|  0|   15|           7|           8|
    |icmp_ln82_fu_410_p2                |      icmp|   0|  0|   12|           4|           1|
    |icmp_ln83_fu_426_p2                |      icmp|   0|  0|    9|           2|           1|
    |icmp_ln85_fu_444_p2                |      icmp|   0|  0|   14|           7|           4|
    |inBoundsM_10_fu_654_p2             |      icmp|   0|  0|   39|          32|          32|
    |inBoundsM_11_fu_683_p2             |      icmp|   0|  0|   39|          32|          32|
    |inBoundsM_12_fu_712_p2             |      icmp|   0|  0|   39|          32|          32|
    |inBoundsM_13_fu_741_p2             |      icmp|   0|  0|   39|          32|          32|
    |inBoundsM_14_fu_770_p2             |      icmp|   0|  0|   39|          32|          32|
    |inBoundsM_8_fu_596_p2              |      icmp|   0|  0|   39|          32|          32|
    |inBoundsM_9_fu_625_p2              |      icmp|   0|  0|   39|          32|          32|
    |inBoundsM_fu_561_p2                |      icmp|   0|  0|   39|          32|          32|
    |inBoundsN_fu_514_p2                |      icmp|   0|  0|   39|          32|          32|
    |ap_block_pp0_stage0_01001          |        or|   0|  0|    2|           1|           1|
    |ap_block_state2_pp0_stage0_iter1   |        or|   0|  0|    2|           1|           1|
    |ap_block_state4_pp0_stage0_iter3   |        or|   0|  0|    2|           1|           1|
    |cPrev_1_fu_790_p3                  |    select|   0|  0|  221|           1|           1|
    |select_ln296_1_fu_918_p3           |    select|   0|  0|   32|           1|          32|
    |select_ln296_2_fu_929_p3           |    select|   0|  0|   32|           1|          32|
    |select_ln296_3_fu_940_p3           |    select|   0|  0|   32|           1|          32|
    |select_ln296_4_fu_951_p3           |    select|   0|  0|   32|           1|          32|
    |select_ln296_5_fu_962_p3           |    select|   0|  0|   32|           1|          32|
    |select_ln296_6_fu_973_p3           |    select|   0|  0|   32|           1|          32|
    |select_ln296_7_fu_984_p3           |    select|   0|  0|   32|           1|          32|
    |select_ln296_fu_907_p3             |    select|   0|  0|   32|           1|          32|
    |select_ln64_1_fu_475_p3            |    select|   0|  0|    5|           1|           5|
    |select_ln64_fu_392_p3              |    select|   0|  0|    7|           1|           1|
    |ap_enable_pp0                      |       xor|   0|  0|    2|           1|           2|
    +-----------------------------------+----------+----+---+-----+------------+------------+
    |Total                              |          |   0|  0| 1068|         420|         648|
    +-----------------------------------+----------+----+---+-----+------------+------------+

    * Multiplexer: 
    +---------------------------------------+----+-----------+-----+-----------+
    |                  Name                 | LUT| Input Size| Bits| Total Bits|
    +---------------------------------------+----+-----------+-----+-----------+
    |aPipes_8_blk_n                         |   9|          2|    1|          2|
    |aPipes_9_blk_n                         |   9|          2|    1|          2|
    |ap_done_int                            |   9|          2|    1|          2|
    |ap_enable_reg_pp0_iter1                |   9|          2|    1|          2|
    |ap_sig_allocacmp_indvar_flatten6_load  |   9|          2|   11|         22|
    |ap_sig_allocacmp_m1_load               |   9|          2|    7|         14|
    |bPipes_8_blk_n                         |   9|          2|    1|          2|
    |bPipes_9_blk_n                         |   9|          2|    1|          2|
    |indvar_flatten6_fu_166                 |   9|          2|   11|         22|
    |m1_fu_158                              |   9|          2|    7|         14|
    |n1_3_fu_162                            |   9|          2|    5|         10|
    +---------------------------------------+----+-----------+-----+-----------+
    |Total                                  |  99|         22|   47|         94|
    +---------------------------------------+----+-----------+-----+-----------+

    * Register: 
    +----------------------------------------+----+----+-----+-----------+
    |                  Name                  | FF | LUT| Bits| Const Bits|
    +----------------------------------------+----+----+-----+-----------+
    |add91_reg_1129                          |   5|   0|    5|          0|
    |and_ln80_1_reg_1121                     |   1|   0|    1|          0|
    |ap_CS_fsm                               |   1|   0|    1|          0|
    |ap_done_reg                             |   1|   0|    1|          0|
    |ap_enable_reg_pp0_iter1                 |   1|   0|    1|          0|
    |ap_enable_reg_pp0_iter2                 |   1|   0|    1|          0|
    |ap_enable_reg_pp0_iter3                 |   1|   0|    1|          0|
    |ap_enable_reg_pp0_iter4                 |   1|   0|    1|          0|
    |ap_enable_reg_pp0_iter5                 |   1|   0|    1|          0|
    |ap_enable_reg_pp0_iter6                 |   1|   0|    1|          0|
    |ap_enable_reg_pp0_iter7                 |   1|   0|    1|          0|
    |ap_enable_reg_pp0_iter8                 |   1|   0|    1|          0|
    |ap_loop_exit_ready_pp0_iter1_reg        |   1|   0|    1|          0|
    |ap_loop_exit_ready_pp0_iter2_reg        |   1|   0|    1|          0|
    |ap_loop_exit_ready_pp0_iter3_reg        |   1|   0|    1|          0|
    |ap_loop_exit_ready_pp0_iter4_reg        |   1|   0|    1|          0|
    |ap_loop_exit_ready_pp0_iter5_reg        |   1|   0|    1|          0|
    |ap_loop_exit_ready_pp0_iter6_reg        |   1|   0|    1|          0|
    |ap_loop_exit_ready_pp0_iter7_reg        |   1|   0|    1|          0|
    |bitcast_ln32_10_reg_1358                |  32|   0|   32|          0|
    |bitcast_ln32_10_reg_1358_pp0_iter6_reg  |  32|   0|   32|          0|
    |bitcast_ln32_12_reg_1364                |  32|   0|   32|          0|
    |bitcast_ln32_12_reg_1364_pp0_iter6_reg  |  32|   0|   32|          0|
    |bitcast_ln32_14_reg_1370                |  32|   0|   32|          0|
    |bitcast_ln32_14_reg_1370_pp0_iter6_reg  |  32|   0|   32|          0|
    |bitcast_ln32_16_reg_1376                |  32|   0|   32|          0|
    |bitcast_ln32_16_reg_1376_pp0_iter6_reg  |  32|   0|   32|          0|
    |bitcast_ln32_2_reg_1334                 |  32|   0|   32|          0|
    |bitcast_ln32_2_reg_1334_pp0_iter6_reg   |  32|   0|   32|          0|
    |bitcast_ln32_4_reg_1340                 |  32|   0|   32|          0|
    |bitcast_ln32_4_reg_1340_pp0_iter6_reg   |  32|   0|   32|          0|
    |bitcast_ln32_6_reg_1346                 |  32|   0|   32|          0|
    |bitcast_ln32_6_reg_1346_pp0_iter6_reg   |  32|   0|   32|          0|
    |bitcast_ln32_8_reg_1352                 |  32|   0|   32|          0|
    |bitcast_ln32_8_reg_1352_pp0_iter6_reg   |  32|   0|   32|          0|
    |cBuffer_addr_reg_1156                   |  10|   0|   10|          0|
    |empty_160_reg_1134                      |   4|   0|    4|          0|
    |empty_160_reg_1134_pp0_iter2_reg        |   4|   0|    4|          0|
    |icmp_ln67_reg_1110                      |   1|   0|    1|          0|
    |icmp_ln85_reg_1125                      |   1|   0|    1|          0|
    |inBoundsM_10_reg_1204                   |   1|   0|    1|          0|
    |inBoundsM_11_reg_1214                   |   1|   0|    1|          0|
    |inBoundsM_12_reg_1224                   |   1|   0|    1|          0|
    |inBoundsM_13_reg_1234                   |   1|   0|    1|          0|
    |inBoundsM_14_reg_1244                   |   1|   0|    1|          0|
    |inBoundsM_8_reg_1184                    |   1|   0|    1|          0|
    |inBoundsM_9_reg_1194                    |   1|   0|    1|          0|
    |inBoundsM_reg_1162                      |   1|   0|    1|          0|
    |inBoundsN_reg_1139                      |   1|   0|    1|          0|
    |indvar_flatten6_fu_166                  |  11|   0|   11|          0|
    |m1_fu_158                               |   7|   0|    7|          0|
    |n1_3_fu_162                             |   5|   0|    5|          0|
    |res_35_reg_1254                         |  32|   0|   32|          0|
    |res_36_reg_1264                         |  32|   0|   32|          0|
    |res_37_reg_1274                         |  32|   0|   32|          0|
    |res_38_reg_1284                         |  32|   0|   32|          0|
    |res_39_reg_1294                         |  32|   0|   32|          0|
    |res_40_reg_1304                         |  32|   0|   32|          0|
    |res_41_reg_1314                         |  32|   0|   32|          0|
    |res_42_reg_1324                         |  32|   0|   32|          0|
    |select_ln296_1_reg_1387                 |  32|   0|   32|          0|
    |select_ln296_2_reg_1392                 |  32|   0|   32|          0|
    |select_ln296_3_reg_1397                 |  32|   0|   32|          0|
    |select_ln296_4_reg_1402                 |  32|   0|   32|          0|
    |select_ln296_5_reg_1407                 |  32|   0|   32|          0|
    |select_ln296_6_reg_1412                 |  32|   0|   32|          0|
    |select_ln296_7_reg_1417                 |  32|   0|   32|          0|
    |select_ln296_reg_1382                   |  32|   0|   32|          0|
    |select_ln64_reg_1115                    |   7|   0|    7|          0|
    |tmp_15_reg_1269                         |  32|   0|   32|          0|
    |tmp_17_reg_1279                         |  32|   0|   32|          0|
    |tmp_19_reg_1289                         |  32|   0|   32|          0|
    |tmp_21_reg_1299                         |  32|   0|   32|          0|
    |tmp_23_reg_1309                         |  32|   0|   32|          0|
    |tmp_25_reg_1319                         |  32|   0|   32|          0|
    |tmp_27_reg_1329                         |  32|   0|   32|          0|
    |trunc_ln170_2_reg_1259                  |  32|   0|   32|          0|
    |cBuffer_addr_reg_1156                   |  64|  32|   10|          0|
    |inBoundsM_10_reg_1204                   |  64|  32|    1|          0|
    |inBoundsM_11_reg_1214                   |  64|  32|    1|          0|
    |inBoundsM_12_reg_1224                   |  64|  32|    1|          0|
    |inBoundsM_13_reg_1234                   |  64|  32|    1|          0|
    |inBoundsM_14_reg_1244                   |  64|  32|    1|          0|
    |inBoundsM_8_reg_1184                    |  64|  32|    1|          0|
    |inBoundsM_9_reg_1194                    |  64|  32|    1|          0|
    |inBoundsM_reg_1162                      |  64|  32|    1|          0|
    |inBoundsN_reg_1139                      |  64|  32|    1|          0|
    |select_ln64_reg_1115                    |  64|  32|    7|          0|
    +----------------------------------------+----+----+-----+-----------+
    |Total                                   |2066| 352| 1388|          0|
    +----------------------------------------+----+----+-----+-----------+



================================================================
== Interface
================================================================
* Summary: 
+-------------------------+-----+-----+------------+----------------------------------------------------+--------------+
|        RTL Ports        | Dir | Bits|  Protocol  |                    Source Object                   |    C Type    |
+-------------------------+-----+-----+------------+----------------------------------------------------+--------------+
|ap_clk                   |   in|    1|  ap_ctrl_hs|  ProcessingElement.9_Pipeline_Pipeline_N_Pipeline_M|  return value|
|ap_rst                   |   in|    1|  ap_ctrl_hs|  ProcessingElement.9_Pipeline_Pipeline_N_Pipeline_M|  return value|
|ap_start                 |   in|    1|  ap_ctrl_hs|  ProcessingElement.9_Pipeline_Pipeline_N_Pipeline_M|  return value|
|ap_done                  |  out|    1|  ap_ctrl_hs|  ProcessingElement.9_Pipeline_Pipeline_N_Pipeline_M|  return value|
|ap_idle                  |  out|    1|  ap_ctrl_hs|  ProcessingElement.9_Pipeline_Pipeline_N_Pipeline_M|  return value|
|ap_ready                 |  out|    1|  ap_ctrl_hs|  ProcessingElement.9_Pipeline_Pipeline_N_Pipeline_M|  return value|
|aPipes_8_dout            |   in|   32|     ap_fifo|                                            aPipes_8|       pointer|
|aPipes_8_num_data_valid  |   in|    3|     ap_fifo|                                            aPipes_8|       pointer|
|aPipes_8_fifo_cap        |   in|    3|     ap_fifo|                                            aPipes_8|       pointer|
|aPipes_8_empty_n         |   in|    1|     ap_fifo|                                            aPipes_8|       pointer|
|aPipes_8_read            |  out|    1|     ap_fifo|                                            aPipes_8|       pointer|
|aPipes_9_din             |  out|   32|     ap_fifo|                                            aPipes_9|       pointer|
|aPipes_9_num_data_valid  |   in|    3|     ap_fifo|                                            aPipes_9|       pointer|
|aPipes_9_fifo_cap        |   in|    3|     ap_fifo|                                            aPipes_9|       pointer|
|aPipes_9_full_n          |   in|    1|     ap_fifo|                                            aPipes_9|       pointer|
|aPipes_9_write           |  out|    1|     ap_fifo|                                            aPipes_9|       pointer|
|bPipes_8_dout            |   in|  256|     ap_fifo|                                            bPipes_8|       pointer|
|bPipes_8_num_data_valid  |   in|    3|     ap_fifo|                                            bPipes_8|       pointer|
|bPipes_8_fifo_cap        |   in|    3|     ap_fifo|                                            bPipes_8|       pointer|
|bPipes_8_empty_n         |   in|    1|     ap_fifo|                                            bPipes_8|       pointer|
|bPipes_8_read            |  out|    1|     ap_fifo|                                            bPipes_8|       pointer|
|bPipes_9_din             |  out|  256|     ap_fifo|                                            bPipes_9|       pointer|
|bPipes_9_num_data_valid  |   in|    3|     ap_fifo|                                            bPipes_9|       pointer|
|bPipes_9_fifo_cap        |   in|    3|     ap_fifo|                                            bPipes_9|       pointer|
|bPipes_9_full_n          |   in|    1|     ap_fifo|                                            bPipes_9|       pointer|
|bPipes_9_write           |  out|    1|     ap_fifo|                                            bPipes_9|       pointer|
|m0                       |   in|   23|     ap_none|                                                  m0|        scalar|
|cBuffer_address0         |  out|   10|   ap_memory|                                             cBuffer|         array|
|cBuffer_ce0              |  out|    1|   ap_memory|                                             cBuffer|         array|
|cBuffer_we0              |  out|    1|   ap_memory|                                             cBuffer|         array|
|cBuffer_d0               |  out|  256|   ap_memory|                                             cBuffer|         array|
|cBuffer_address1         |  out|   10|   ap_memory|                                             cBuffer|         array|
|cBuffer_ce1              |  out|    1|   ap_memory|                                             cBuffer|         array|
|cBuffer_q1               |   in|  256|   ap_memory|                                             cBuffer|         array|
|cmp111                   |   in|    1|     ap_none|                                              cmp111|        scalar|
|size_m                   |   in|   32|     ap_none|                                              size_m|        scalar|
|cond90                   |   in|    5|     ap_none|                                              cond90|        scalar|
|aBuffer_address0         |  out|    5|   ap_memory|                                             aBuffer|         array|
|aBuffer_ce0              |  out|    1|   ap_memory|                                             aBuffer|         array|
|aBuffer_we0              |  out|    1|   ap_memory|                                             aBuffer|         array|
|aBuffer_d0               |  out|   32|   ap_memory|                                             aBuffer|         array|
|aBuffer_address1         |  out|    5|   ap_memory|                                             aBuffer|         array|
|aBuffer_ce1              |  out|    1|   ap_memory|                                             aBuffer|         array|
|aBuffer_q1               |   in|   32|   ap_memory|                                             aBuffer|         array|
|mul                      |   in|   27|     ap_none|                                                 mul|        scalar|
|cond                     |   in|    5|     ap_none|                                                cond|        scalar|
|size_n                   |   in|   32|     ap_none|                                              size_n|        scalar|
|brmerge282               |   in|    1|     ap_none|                                          brmerge282|        scalar|
+-------------------------+-----+-----+------------+----------------------------------------------------+--------------+

