

================================================================
== Vitis HLS Report for 'ProcessingElement_2_Pipeline_Pipeline_N_Pipeline_M'
================================================================
* Date:           Mon Nov 11 16:40:37 2024

* Version:        2024.1 (Build 5069499 on May 21 2024)
* Project:        MatrixMultiplication
* Solution:       xcu250-figd2104-2L-e (Vitis Kernel Flow Target)
* Product family: virtexuplus
* Target device:  xcu250-figd2104-2L-e


================================================================
== Performance Estimates
================================================================
+ Timing: 
    * Summary: 
    +--------+----------+----------+------------+
    |  Clock |  Target  | Estimated| Uncertainty|
    +--------+----------+----------+------------+
    |ap_clk  |  10.00 ns|  6.376 ns|     2.70 ns|
    +--------+----------+----------+------------+

+ Latency: 
    * Summary: 
    +---------+---------+-----------+-----------+------+------+-----------------------------------------------+
    |  Latency (cycles) |   Latency (absolute)  |   Interval  |                    Pipeline                   |
    |   min   |   max   |    min    |    max    |  min |  max |                      Type                     |
    +---------+---------+-----------+-----------+------+------+-----------------------------------------------+
    |     1033|     1033|  10.330 us|  10.330 us|  1025|  1025|  loop auto-rewind stp(delay=0 clock cycles(s))|
    +---------+---------+-----------+-----------+------+------+-----------------------------------------------+

    + Detail: 
        * Instance: 
        N/A

        * Loop: 
        +-------------------------+---------+---------+----------+-----------+-----------+------+----------+
        |                         |  Latency (cycles) | Iteration|  Initiation Interval  | Trip |          |
        |        Loop Name        |   min   |   max   |  Latency |  achieved |   target  | Count| Pipelined|
        +-------------------------+---------+---------+----------+-----------+-----------+------+----------+
        |- Pipeline_N_Pipeline_M  |     1031|     1031|         9|          1|          1|  1024|       yes|
        +-------------------------+---------+---------+----------+-----------+-----------+------+----------+



================================================================
== Utilization Estimates
================================================================
* Summary: 
+---------------------+---------+-------+---------+---------+------+
|         Name        | BRAM_18K|  DSP  |    FF   |   LUT   | URAM |
+---------------------+---------+-------+---------+---------+------+
|DSP                  |        -|      -|        -|        -|     -|
|Expression           |        -|      -|        0|     1070|     -|
|FIFO                 |        -|      -|        -|        -|     -|
|Instance             |        -|     40|     2440|     2424|     -|
|Memory               |        -|      -|        -|        -|     -|
|Multiplexer          |        -|      -|        0|       99|     -|
|Register             |        -|      -|     2066|      352|     -|
+---------------------+---------+-------+---------+---------+------+
|Total                |        0|     40|     4506|     3945|     0|
+---------------------+---------+-------+---------+---------+------+
|Available SLR        |     1344|   3072|   864000|   432000|   320|
+---------------------+---------+-------+---------+---------+------+
|Utilization SLR (%)  |        0|      1|       ~0|       ~0|     0|
+---------------------+---------+-------+---------+---------+------+
|Available            |     5376|  12288|  3456000|  1728000|  1280|
+---------------------+---------+-------+---------+---------+------+
|Utilization (%)      |        0|     ~0|       ~0|       ~0|     0|
+---------------------+---------+-------+---------+---------+------+

+ Detail: 
    * Instance: 
    +-------------------------------------+--------------------------------+---------+----+-----+-----+-----+
    |               Instance              |             Module             | BRAM_18K| DSP|  FF | LUT | URAM|
    +-------------------------------------+--------------------------------+---------+----+-----+-----+-----+
    |fadd_32ns_32ns_32_3_full_dsp_1_U204  |fadd_32ns_32ns_32_3_full_dsp_1  |        0|   2|  177|  226|    0|
    |fadd_32ns_32ns_32_3_full_dsp_1_U205  |fadd_32ns_32ns_32_3_full_dsp_1  |        0|   2|  177|  226|    0|
    |fadd_32ns_32ns_32_3_full_dsp_1_U206  |fadd_32ns_32ns_32_3_full_dsp_1  |        0|   2|  177|  226|    0|
    |fadd_32ns_32ns_32_3_full_dsp_1_U207  |fadd_32ns_32ns_32_3_full_dsp_1  |        0|   2|  177|  226|    0|
    |fadd_32ns_32ns_32_3_full_dsp_1_U208  |fadd_32ns_32ns_32_3_full_dsp_1  |        0|   2|  177|  226|    0|
    |fadd_32ns_32ns_32_3_full_dsp_1_U209  |fadd_32ns_32ns_32_3_full_dsp_1  |        0|   2|  177|  226|    0|
    |fadd_32ns_32ns_32_3_full_dsp_1_U210  |fadd_32ns_32ns_32_3_full_dsp_1  |        0|   2|  177|  226|    0|
    |fadd_32ns_32ns_32_3_full_dsp_1_U211  |fadd_32ns_32ns_32_3_full_dsp_1  |        0|   2|  177|  226|    0|
    |fmul_32ns_32ns_32_2_max_dsp_1_U212   |fmul_32ns_32ns_32_2_max_dsp_1   |        0|   3|  128|   77|    0|
    |fmul_32ns_32ns_32_2_max_dsp_1_U213   |fmul_32ns_32ns_32_2_max_dsp_1   |        0|   3|  128|   77|    0|
    |fmul_32ns_32ns_32_2_max_dsp_1_U214   |fmul_32ns_32ns_32_2_max_dsp_1   |        0|   3|  128|   77|    0|
    |fmul_32ns_32ns_32_2_max_dsp_1_U215   |fmul_32ns_32ns_32_2_max_dsp_1   |        0|   3|  128|   77|    0|
    |fmul_32ns_32ns_32_2_max_dsp_1_U216   |fmul_32ns_32ns_32_2_max_dsp_1   |        0|   3|  128|   77|    0|
    |fmul_32ns_32ns_32_2_max_dsp_1_U217   |fmul_32ns_32ns_32_2_max_dsp_1   |        0|   3|  128|   77|    0|
    |fmul_32ns_32ns_32_2_max_dsp_1_U218   |fmul_32ns_32ns_32_2_max_dsp_1   |        0|   3|  128|   77|    0|
    |fmul_32ns_32ns_32_2_max_dsp_1_U219   |fmul_32ns_32ns_32_2_max_dsp_1   |        0|   3|  128|   77|    0|
    +-------------------------------------+--------------------------------+---------+----+-----+-----+-----+
    |Total                                |                                |        0|  40| 2440| 2424|    0|
    +-------------------------------------+--------------------------------+---------+----+-----+-----+-----+

    * DSP: 
    N/A

    * Memory: 
    N/A

    * FIFO: 
    N/A

    * Expression: 
    +-----------------------------------+----------+----+---+-----+------------+------------+
    |           Variable Name           | Operation| DSP| FF| LUT | Bitwidth P0| Bitwidth P1|
    +-----------------------------------+----------+----+---+-----+------------+------------+
    |add106_fu_473_p2                   |         +|   0|  0|   34|          27|          27|
    |add115_fu_520_p2                   |         +|   0|  0|   17|          10|          10|
    |add91_fu_468_p2                    |         +|   0|  0|   12|           5|           5|
    |add_fu_486_p2                      |         +|   0|  0|   12|           5|           5|
    |add_ln64_9_fu_451_p2               |         +|   0|  0|   12|           5|           1|
    |add_ln64_fu_369_p2                 |         +|   0|  0|   18|          11|           1|
    |add_ln67_fu_432_p2                 |         +|   0|  0|   14|           7|           1|
    |and_ln80_9_fu_420_p2               |       and|   0|  0|    2|           1|           1|
    |and_ln80_fu_414_p2                 |       and|   0|  0|    2|           1|           1|
    |ap_block_pp0                       |       and|   0|  0|    2|           1|           1|
    |ap_enable_state2_pp0_iter1_stage0  |       and|   0|  0|    2|           1|           1|
    |ap_enable_state3_pp0_iter2_stage0  |       and|   0|  0|    2|           1|           1|
    |ap_enable_state4_pp0_iter3_stage0  |       and|   0|  0|    2|           1|           1|
    |ap_predicate_op63_write_state2     |       and|   0|  0|    2|           1|           1|
    |ap_predicate_op65_store_state2     |       and|   0|  0|    2|           1|           1|
    |inBounds_71_fu_896_p2              |       and|   0|  0|    2|           1|           1|
    |inBounds_72_fu_907_p2              |       and|   0|  0|    2|           1|           1|
    |inBounds_73_fu_918_p2              |       and|   0|  0|    2|           1|           1|
    |inBounds_74_fu_929_p2              |       and|   0|  0|    2|           1|           1|
    |inBounds_75_fu_940_p2              |       and|   0|  0|    2|           1|           1|
    |inBounds_76_fu_951_p2              |       and|   0|  0|    2|           1|           1|
    |inBounds_77_fu_962_p2              |       and|   0|  0|    2|           1|           1|
    |inBounds_fu_885_p2                 |       and|   0|  0|    2|           1|           1|
    |icmp_ln64_fu_363_p2                |      icmp|   0|  0|   19|          11|          12|
    |icmp_ln67_fu_378_p2                |      icmp|   0|  0|   15|           7|           8|
    |icmp_ln82_fu_392_p2                |      icmp|   0|  0|   14|           7|           1|
    |icmp_ln83_fu_408_p2                |      icmp|   0|  0|    9|           2|           1|
    |icmp_ln85_fu_426_p2                |      icmp|   0|  0|   14|           7|           1|
    |inBoundsM_71_fu_578_p2             |      icmp|   0|  0|   39|          32|          32|
    |inBoundsM_72_fu_607_p2             |      icmp|   0|  0|   39|          32|          32|
    |inBoundsM_73_fu_636_p2             |      icmp|   0|  0|   39|          32|          32|
    |inBoundsM_74_fu_665_p2             |      icmp|   0|  0|   39|          32|          32|
    |inBoundsM_75_fu_694_p2             |      icmp|   0|  0|   39|          32|          32|
    |inBoundsM_76_fu_723_p2             |      icmp|   0|  0|   39|          32|          32|
    |inBoundsM_77_fu_752_p2             |      icmp|   0|  0|   39|          32|          32|
    |inBoundsM_fu_543_p2                |      icmp|   0|  0|   39|          32|          32|
    |inBoundsN_fu_496_p2                |      icmp|   0|  0|   39|          32|          32|
    |ap_block_pp0_stage0_01001          |        or|   0|  0|    2|           1|           1|
    |ap_block_state2_pp0_stage0_iter1   |        or|   0|  0|    2|           1|           1|
    |ap_block_state4_pp0_stage0_iter3   |        or|   0|  0|    2|           1|           1|
    |cPrev_2_fu_772_p3                  |    select|   0|  0|  221|           1|           1|
    |select_ln296_57_fu_900_p3          |    select|   0|  0|   32|           1|          32|
    |select_ln296_58_fu_911_p3          |    select|   0|  0|   32|           1|          32|
    |select_ln296_59_fu_922_p3          |    select|   0|  0|   32|           1|          32|
    |select_ln296_60_fu_933_p3          |    select|   0|  0|   32|           1|          32|
    |select_ln296_61_fu_944_p3          |    select|   0|  0|   32|           1|          32|
    |select_ln296_62_fu_955_p3          |    select|   0|  0|   32|           1|          32|
    |select_ln296_63_fu_966_p3          |    select|   0|  0|   32|           1|          32|
    |select_ln296_fu_889_p3             |    select|   0|  0|   32|           1|          32|
    |select_ln64_9_fu_457_p3            |    select|   0|  0|    5|           1|           5|
    |select_ln64_fu_384_p3              |    select|   0|  0|    7|           1|           1|
    |ap_enable_pp0                      |       xor|   0|  0|    2|           1|           2|
    +-----------------------------------+----------+----+---+-----+------------+------------+
    |Total                              |          |   0|  0| 1070|         423|         645|
    +-----------------------------------+----------+----+---+-----+------------+------------+

    * Multiplexer: 
    +---------------------------------------+----+-----------+-----+-----------+
    |                  Name                 | LUT| Input Size| Bits| Total Bits|
    +---------------------------------------+----+-----------+-----+-----------+
    |aPipes_1_blk_n                         |   9|          2|    1|          2|
    |aPipes_2_blk_n                         |   9|          2|    1|          2|
    |ap_done_int                            |   9|          2|    1|          2|
    |ap_enable_reg_pp0_iter1                |   9|          2|    1|          2|
    |ap_sig_allocacmp_indvar_flatten6_load  |   9|          2|   11|         22|
    |ap_sig_allocacmp_m1_load               |   9|          2|    7|         14|
    |bPipes_1_blk_n                         |   9|          2|    1|          2|
    |bPipes_2_blk_n                         |   9|          2|    1|          2|
    |indvar_flatten6_fu_158                 |   9|          2|   11|         22|
    |m1_fu_150                              |   9|          2|    7|         14|
    |n1_fu_154                              |   9|          2|    5|         10|
    +---------------------------------------+----+-----------+-----+-----------+
    |Total                                  |  99|         22|   47|         94|
    +---------------------------------------+----+-----------+-----+-----------+

    * Register: 
    +-----------------------------------------+----+----+-----+-----------+
    |                   Name                  | FF | LUT| Bits| Const Bits|
    +-----------------------------------------+----+----+-----+-----------+
    |add91_reg_1111                           |   5|   0|    5|          0|
    |and_ln80_9_reg_1103                      |   1|   0|    1|          0|
    |ap_CS_fsm                                |   1|   0|    1|          0|
    |ap_done_reg                              |   1|   0|    1|          0|
    |ap_enable_reg_pp0_iter1                  |   1|   0|    1|          0|
    |ap_enable_reg_pp0_iter2                  |   1|   0|    1|          0|
    |ap_enable_reg_pp0_iter3                  |   1|   0|    1|          0|
    |ap_enable_reg_pp0_iter4                  |   1|   0|    1|          0|
    |ap_enable_reg_pp0_iter5                  |   1|   0|    1|          0|
    |ap_enable_reg_pp0_iter6                  |   1|   0|    1|          0|
    |ap_enable_reg_pp0_iter7                  |   1|   0|    1|          0|
    |ap_enable_reg_pp0_iter8                  |   1|   0|    1|          0|
    |ap_loop_exit_ready_pp0_iter1_reg         |   1|   0|    1|          0|
    |ap_loop_exit_ready_pp0_iter2_reg         |   1|   0|    1|          0|
    |ap_loop_exit_ready_pp0_iter3_reg         |   1|   0|    1|          0|
    |ap_loop_exit_ready_pp0_iter4_reg         |   1|   0|    1|          0|
    |ap_loop_exit_ready_pp0_iter5_reg         |   1|   0|    1|          0|
    |ap_loop_exit_ready_pp0_iter6_reg         |   1|   0|    1|          0|
    |ap_loop_exit_ready_pp0_iter7_reg         |   1|   0|    1|          0|
    |bitcast_ln32_130_reg_1316                |  32|   0|   32|          0|
    |bitcast_ln32_130_reg_1316_pp0_iter6_reg  |  32|   0|   32|          0|
    |bitcast_ln32_132_reg_1322                |  32|   0|   32|          0|
    |bitcast_ln32_132_reg_1322_pp0_iter6_reg  |  32|   0|   32|          0|
    |bitcast_ln32_134_reg_1328                |  32|   0|   32|          0|
    |bitcast_ln32_134_reg_1328_pp0_iter6_reg  |  32|   0|   32|          0|
    |bitcast_ln32_136_reg_1334                |  32|   0|   32|          0|
    |bitcast_ln32_136_reg_1334_pp0_iter6_reg  |  32|   0|   32|          0|
    |bitcast_ln32_138_reg_1340                |  32|   0|   32|          0|
    |bitcast_ln32_138_reg_1340_pp0_iter6_reg  |  32|   0|   32|          0|
    |bitcast_ln32_140_reg_1346                |  32|   0|   32|          0|
    |bitcast_ln32_140_reg_1346_pp0_iter6_reg  |  32|   0|   32|          0|
    |bitcast_ln32_142_reg_1352                |  32|   0|   32|          0|
    |bitcast_ln32_142_reg_1352_pp0_iter6_reg  |  32|   0|   32|          0|
    |bitcast_ln32_144_reg_1358                |  32|   0|   32|          0|
    |bitcast_ln32_144_reg_1358_pp0_iter6_reg  |  32|   0|   32|          0|
    |cBuffer_addr_reg_1138                    |  10|   0|   10|          0|
    |empty_205_reg_1116                       |   4|   0|    4|          0|
    |empty_205_reg_1116_pp0_iter2_reg         |   4|   0|    4|          0|
    |icmp_ln67_reg_1092                       |   1|   0|    1|          0|
    |icmp_ln85_reg_1107                       |   1|   0|    1|          0|
    |inBoundsM_71_reg_1166                    |   1|   0|    1|          0|
    |inBoundsM_72_reg_1176                    |   1|   0|    1|          0|
    |inBoundsM_73_reg_1186                    |   1|   0|    1|          0|
    |inBoundsM_74_reg_1196                    |   1|   0|    1|          0|
    |inBoundsM_75_reg_1206                    |   1|   0|    1|          0|
    |inBoundsM_76_reg_1216                    |   1|   0|    1|          0|
    |inBoundsM_77_reg_1226                    |   1|   0|    1|          0|
    |inBoundsM_reg_1144                       |   1|   0|    1|          0|
    |inBoundsN_reg_1121                       |   1|   0|    1|          0|
    |indvar_flatten6_fu_158                   |  11|   0|   11|          0|
    |m1_fu_150                                |   7|   0|    7|          0|
    |n1_fu_154                                |   5|   0|    5|          0|
    |res_246_reg_1236                         |  32|   0|   32|          0|
    |res_247_reg_1246                         |  32|   0|   32|          0|
    |res_248_reg_1256                         |  32|   0|   32|          0|
    |res_249_reg_1266                         |  32|   0|   32|          0|
    |res_250_reg_1276                         |  32|   0|   32|          0|
    |res_251_reg_1286                         |  32|   0|   32|          0|
    |res_252_reg_1296                         |  32|   0|   32|          0|
    |res_253_reg_1306                         |  32|   0|   32|          0|
    |select_ln296_57_reg_1369                 |  32|   0|   32|          0|
    |select_ln296_58_reg_1374                 |  32|   0|   32|          0|
    |select_ln296_59_reg_1379                 |  32|   0|   32|          0|
    |select_ln296_60_reg_1384                 |  32|   0|   32|          0|
    |select_ln296_61_reg_1389                 |  32|   0|   32|          0|
    |select_ln296_62_reg_1394                 |  32|   0|   32|          0|
    |select_ln296_63_reg_1399                 |  32|   0|   32|          0|
    |select_ln296_reg_1364                    |  32|   0|   32|          0|
    |select_ln64_reg_1097                     |   7|   0|    7|          0|
    |tmp_141_reg_1251                         |  32|   0|   32|          0|
    |tmp_143_reg_1261                         |  32|   0|   32|          0|
    |tmp_145_reg_1271                         |  32|   0|   32|          0|
    |tmp_147_reg_1281                         |  32|   0|   32|          0|
    |tmp_149_reg_1291                         |  32|   0|   32|          0|
    |tmp_151_reg_1301                         |  32|   0|   32|          0|
    |tmp_153_reg_1311                         |  32|   0|   32|          0|
    |trunc_ln170_11_reg_1241                  |  32|   0|   32|          0|
    |cBuffer_addr_reg_1138                    |  64|  32|   10|          0|
    |inBoundsM_71_reg_1166                    |  64|  32|    1|          0|
    |inBoundsM_72_reg_1176                    |  64|  32|    1|          0|
    |inBoundsM_73_reg_1186                    |  64|  32|    1|          0|
    |inBoundsM_74_reg_1196                    |  64|  32|    1|          0|
    |inBoundsM_75_reg_1206                    |  64|  32|    1|          0|
    |inBoundsM_76_reg_1216                    |  64|  32|    1|          0|
    |inBoundsM_77_reg_1226                    |  64|  32|    1|          0|
    |inBoundsM_reg_1144                       |  64|  32|    1|          0|
    |inBoundsN_reg_1121                       |  64|  32|    1|          0|
    |select_ln64_reg_1097                     |  64|  32|    7|          0|
    +-----------------------------------------+----+----+-----+-----------+
    |Total                                    |2066| 352| 1388|          0|
    +-----------------------------------------+----+----+-----+-----------+



================================================================
== Interface
================================================================
* Summary: 
+-------------------------+-----+-----+------------+----------------------------------------------------+--------------+
|        RTL Ports        | Dir | Bits|  Protocol  |                    Source Object                   |    C Type    |
+-------------------------+-----+-----+------------+----------------------------------------------------+--------------+
|ap_clk                   |   in|    1|  ap_ctrl_hs|  ProcessingElement.2_Pipeline_Pipeline_N_Pipeline_M|  return value|
|ap_rst                   |   in|    1|  ap_ctrl_hs|  ProcessingElement.2_Pipeline_Pipeline_N_Pipeline_M|  return value|
|ap_start                 |   in|    1|  ap_ctrl_hs|  ProcessingElement.2_Pipeline_Pipeline_N_Pipeline_M|  return value|
|ap_done                  |  out|    1|  ap_ctrl_hs|  ProcessingElement.2_Pipeline_Pipeline_N_Pipeline_M|  return value|
|ap_idle                  |  out|    1|  ap_ctrl_hs|  ProcessingElement.2_Pipeline_Pipeline_N_Pipeline_M|  return value|
|ap_ready                 |  out|    1|  ap_ctrl_hs|  ProcessingElement.2_Pipeline_Pipeline_N_Pipeline_M|  return value|
|aPipes_1_dout            |   in|   32|     ap_fifo|                                            aPipes_1|       pointer|
|aPipes_1_num_data_valid  |   in|    3|     ap_fifo|                                            aPipes_1|       pointer|
|aPipes_1_fifo_cap        |   in|    3|     ap_fifo|                                            aPipes_1|       pointer|
|aPipes_1_empty_n         |   in|    1|     ap_fifo|                                            aPipes_1|       pointer|
|aPipes_1_read            |  out|    1|     ap_fifo|                                            aPipes_1|       pointer|
|aPipes_2_din             |  out|   32|     ap_fifo|                                            aPipes_2|       pointer|
|aPipes_2_num_data_valid  |   in|    3|     ap_fifo|                                            aPipes_2|       pointer|
|aPipes_2_fifo_cap        |   in|    3|     ap_fifo|                                            aPipes_2|       pointer|
|aPipes_2_full_n          |   in|    1|     ap_fifo|                                            aPipes_2|       pointer|
|aPipes_2_write           |  out|    1|     ap_fifo|                                            aPipes_2|       pointer|
|bPipes_1_dout            |   in|  256|     ap_fifo|                                            bPipes_1|       pointer|
|bPipes_1_num_data_valid  |   in|    3|     ap_fifo|                                            bPipes_1|       pointer|
|bPipes_1_fifo_cap        |   in|    3|     ap_fifo|                                            bPipes_1|       pointer|
|bPipes_1_empty_n         |   in|    1|     ap_fifo|                                            bPipes_1|       pointer|
|bPipes_1_read            |  out|    1|     ap_fifo|                                            bPipes_1|       pointer|
|bPipes_2_din             |  out|  256|     ap_fifo|                                            bPipes_2|       pointer|
|bPipes_2_num_data_valid  |   in|    3|     ap_fifo|                                            bPipes_2|       pointer|
|bPipes_2_fifo_cap        |   in|    3|     ap_fifo|                                            bPipes_2|       pointer|
|bPipes_2_full_n          |   in|    1|     ap_fifo|                                            bPipes_2|       pointer|
|bPipes_2_write           |  out|    1|     ap_fifo|                                            bPipes_2|       pointer|
|m0                       |   in|   23|     ap_none|                                                  m0|        scalar|
|cBuffer_address0         |  out|   10|   ap_memory|                                             cBuffer|         array|
|cBuffer_ce0              |  out|    1|   ap_memory|                                             cBuffer|         array|
|cBuffer_we0              |  out|    1|   ap_memory|                                             cBuffer|         array|
|cBuffer_d0               |  out|  256|   ap_memory|                                             cBuffer|         array|
|cBuffer_address1         |  out|   10|   ap_memory|                                             cBuffer|         array|
|cBuffer_ce1              |  out|    1|   ap_memory|                                             cBuffer|         array|
|cBuffer_q1               |   in|  256|   ap_memory|                                             cBuffer|         array|
|cmp111                   |   in|    1|     ap_none|                                              cmp111|        scalar|
|size_m                   |   in|   32|     ap_none|                                              size_m|        scalar|
|cond90                   |   in|    5|     ap_none|                                              cond90|        scalar|
|aBuffer_address0         |  out|    5|   ap_memory|                                             aBuffer|         array|
|aBuffer_ce0              |  out|    1|   ap_memory|                                             aBuffer|         array|
|aBuffer_we0              |  out|    1|   ap_memory|                                             aBuffer|         array|
|aBuffer_d0               |  out|   32|   ap_memory|                                             aBuffer|         array|
|aBuffer_address1         |  out|    5|   ap_memory|                                             aBuffer|         array|
|aBuffer_ce1              |  out|    1|   ap_memory|                                             aBuffer|         array|
|aBuffer_q1               |   in|   32|   ap_memory|                                             aBuffer|         array|
|mul                      |   in|   27|     ap_none|                                                 mul|        scalar|
|cond                     |   in|    5|     ap_none|                                                cond|        scalar|
|size_n                   |   in|   32|     ap_none|                                              size_n|        scalar|
|brmerge282               |   in|    1|     ap_none|                                          brmerge282|        scalar|
+-------------------------+-----+-----+------------+----------------------------------------------------+--------------+

