

================================================================
== Vitis HLS Report for 'ProcessingElement_5_Pipeline_Pipeline_N_Pipeline_M'
================================================================
* Date:           Mon Nov 11 16:40:42 2024

* Version:        2024.1 (Build 5069499 on May 21 2024)
* Project:        MatrixMultiplication
* Solution:       xcu250-figd2104-2L-e (Vitis Kernel Flow Target)
* Product family: virtexuplus
* Target device:  xcu250-figd2104-2L-e


================================================================
== Performance Estimates
================================================================
+ Timing: 
    * Summary: 
    +--------+----------+----------+------------+
    |  Clock |  Target  | Estimated| Uncertainty|
    +--------+----------+----------+------------+
    |ap_clk  |  10.00 ns|  6.376 ns|     2.70 ns|
    +--------+----------+----------+------------+

+ Latency: 
    * Summary: 
    +---------+---------+-----------+-----------+------+------+-----------------------------------------------+
    |  Latency (cycles) |   Latency (absolute)  |   Interval  |                    Pipeline                   |
    |   min   |   max   |    min    |    max    |  min |  max |                      Type                     |
    +---------+---------+-----------+-----------+------+------+-----------------------------------------------+
    |     1033|     1033|  10.330 us|  10.330 us|  1025|  1025|  loop auto-rewind stp(delay=0 clock cycles(s))|
    +---------+---------+-----------+-----------+------+------+-----------------------------------------------+

    + Detail: 
        * Instance: 
        N/A

        * Loop: 
        +-------------------------+---------+---------+----------+-----------+-----------+------+----------+
        |                         |  Latency (cycles) | Iteration|  Initiation Interval  | Trip |          |
        |        Loop Name        |   min   |   max   |  Latency |  achieved |   target  | Count| Pipelined|
        +-------------------------+---------+---------+----------+-----------+-----------+------+----------+
        |- Pipeline_N_Pipeline_M  |     1031|     1031|         9|          1|          1|  1024|       yes|
        +-------------------------+---------+---------+----------+-----------+-----------+------+----------+



================================================================
== Utilization Estimates
================================================================
* Summary: 
+---------------------+---------+-------+---------+---------+------+
|         Name        | BRAM_18K|  DSP  |    FF   |   LUT   | URAM |
+---------------------+---------+-------+---------+---------+------+
|DSP                  |        -|      -|        -|        -|     -|
|Expression           |        -|      -|        0|     1068|     -|
|FIFO                 |        -|      -|        -|        -|     -|
|Instance             |        -|     40|     2440|     2424|     -|
|Memory               |        -|      -|        -|        -|     -|
|Multiplexer          |        -|      -|        0|       99|     -|
|Register             |        -|      -|     2066|      352|     -|
+---------------------+---------+-------+---------+---------+------+
|Total                |        0|     40|     4506|     3943|     0|
+---------------------+---------+-------+---------+---------+------+
|Available SLR        |     1344|   3072|   864000|   432000|   320|
+---------------------+---------+-------+---------+---------+------+
|Utilization SLR (%)  |        0|      1|       ~0|       ~0|     0|
+---------------------+---------+-------+---------+---------+------+
|Available            |     5376|  12288|  3456000|  1728000|  1280|
+---------------------+---------+-------+---------+---------+------+
|Utilization (%)      |        0|     ~0|       ~0|       ~0|     0|
+---------------------+---------+-------+---------+---------+------+

+ Detail: 
    * Instance: 
    +-------------------------------------+--------------------------------+---------+----+-----+-----+-----+
    |               Instance              |             Module             | BRAM_18K| DSP|  FF | LUT | URAM|
    +-------------------------------------+--------------------------------+---------+----+-----+-----+-----+
    |fadd_32ns_32ns_32_3_full_dsp_1_U351  |fadd_32ns_32ns_32_3_full_dsp_1  |        0|   2|  177|  226|    0|
    |fadd_32ns_32ns_32_3_full_dsp_1_U352  |fadd_32ns_32ns_32_3_full_dsp_1  |        0|   2|  177|  226|    0|
    |fadd_32ns_32ns_32_3_full_dsp_1_U353  |fadd_32ns_32ns_32_3_full_dsp_1  |        0|   2|  177|  226|    0|
    |fadd_32ns_32ns_32_3_full_dsp_1_U354  |fadd_32ns_32ns_32_3_full_dsp_1  |        0|   2|  177|  226|    0|
    |fadd_32ns_32ns_32_3_full_dsp_1_U355  |fadd_32ns_32ns_32_3_full_dsp_1  |        0|   2|  177|  226|    0|
    |fadd_32ns_32ns_32_3_full_dsp_1_U356  |fadd_32ns_32ns_32_3_full_dsp_1  |        0|   2|  177|  226|    0|
    |fadd_32ns_32ns_32_3_full_dsp_1_U357  |fadd_32ns_32ns_32_3_full_dsp_1  |        0|   2|  177|  226|    0|
    |fadd_32ns_32ns_32_3_full_dsp_1_U358  |fadd_32ns_32ns_32_3_full_dsp_1  |        0|   2|  177|  226|    0|
    |fmul_32ns_32ns_32_2_max_dsp_1_U359   |fmul_32ns_32ns_32_2_max_dsp_1   |        0|   3|  128|   77|    0|
    |fmul_32ns_32ns_32_2_max_dsp_1_U360   |fmul_32ns_32ns_32_2_max_dsp_1   |        0|   3|  128|   77|    0|
    |fmul_32ns_32ns_32_2_max_dsp_1_U361   |fmul_32ns_32ns_32_2_max_dsp_1   |        0|   3|  128|   77|    0|
    |fmul_32ns_32ns_32_2_max_dsp_1_U362   |fmul_32ns_32ns_32_2_max_dsp_1   |        0|   3|  128|   77|    0|
    |fmul_32ns_32ns_32_2_max_dsp_1_U363   |fmul_32ns_32ns_32_2_max_dsp_1   |        0|   3|  128|   77|    0|
    |fmul_32ns_32ns_32_2_max_dsp_1_U364   |fmul_32ns_32ns_32_2_max_dsp_1   |        0|   3|  128|   77|    0|
    |fmul_32ns_32ns_32_2_max_dsp_1_U365   |fmul_32ns_32ns_32_2_max_dsp_1   |        0|   3|  128|   77|    0|
    |fmul_32ns_32ns_32_2_max_dsp_1_U366   |fmul_32ns_32ns_32_2_max_dsp_1   |        0|   3|  128|   77|    0|
    +-------------------------------------+--------------------------------+---------+----+-----+-----+-----+
    |Total                                |                                |        0|  40| 2440| 2424|    0|
    +-------------------------------------+--------------------------------+---------+----+-----+-----+-----+

    * DSP: 
    N/A

    * Memory: 
    N/A

    * FIFO: 
    N/A

    * Expression: 
    +-----------------------------------+----------+----+---+-----+------------+------------+
    |           Variable Name           | Operation| DSP| FF| LUT | Bitwidth P0| Bitwidth P1|
    +-----------------------------------+----------+----+---+-----+------------+------------+
    |add106_fu_489_p2                   |         +|   0|  0|   34|          27|          27|
    |add115_fu_536_p2                   |         +|   0|  0|   17|          10|          10|
    |add91_fu_484_p2                    |         +|   0|  0|   12|           5|           5|
    |add_fu_502_p2                      |         +|   0|  0|   12|           5|           5|
    |add_ln64_5_fu_467_p2               |         +|   0|  0|   12|           5|           1|
    |add_ln64_fu_375_p2                 |         +|   0|  0|   18|          11|           1|
    |add_ln67_fu_448_p2                 |         +|   0|  0|   14|           7|           1|
    |and_ln80_5_fu_436_p2               |       and|   0|  0|    2|           1|           1|
    |and_ln80_fu_430_p2                 |       and|   0|  0|    2|           1|           1|
    |ap_block_pp0                       |       and|   0|  0|    2|           1|           1|
    |ap_enable_state2_pp0_iter1_stage0  |       and|   0|  0|    2|           1|           1|
    |ap_enable_state3_pp0_iter2_stage0  |       and|   0|  0|    2|           1|           1|
    |ap_enable_state4_pp0_iter3_stage0  |       and|   0|  0|    2|           1|           1|
    |ap_predicate_op64_write_state2     |       and|   0|  0|    2|           1|           1|
    |ap_predicate_op66_store_state2     |       and|   0|  0|    2|           1|           1|
    |inBounds_36_fu_912_p2              |       and|   0|  0|    2|           1|           1|
    |inBounds_37_fu_923_p2              |       and|   0|  0|    2|           1|           1|
    |inBounds_38_fu_934_p2              |       and|   0|  0|    2|           1|           1|
    |inBounds_39_fu_945_p2              |       and|   0|  0|    2|           1|           1|
    |inBounds_40_fu_956_p2              |       and|   0|  0|    2|           1|           1|
    |inBounds_41_fu_967_p2              |       and|   0|  0|    2|           1|           1|
    |inBounds_42_fu_978_p2              |       and|   0|  0|    2|           1|           1|
    |inBounds_fu_901_p2                 |       and|   0|  0|    2|           1|           1|
    |icmp_ln64_fu_369_p2                |      icmp|   0|  0|   19|          11|          12|
    |icmp_ln67_fu_384_p2                |      icmp|   0|  0|   15|           7|           8|
    |icmp_ln82_fu_408_p2                |      icmp|   0|  0|   12|           5|           1|
    |icmp_ln83_fu_424_p2                |      icmp|   0|  0|    9|           2|           1|
    |icmp_ln85_fu_442_p2                |      icmp|   0|  0|   14|           7|           3|
    |inBoundsM_36_fu_594_p2             |      icmp|   0|  0|   39|          32|          32|
    |inBoundsM_37_fu_623_p2             |      icmp|   0|  0|   39|          32|          32|
    |inBoundsM_38_fu_652_p2             |      icmp|   0|  0|   39|          32|          32|
    |inBoundsM_39_fu_681_p2             |      icmp|   0|  0|   39|          32|          32|
    |inBoundsM_40_fu_710_p2             |      icmp|   0|  0|   39|          32|          32|
    |inBoundsM_41_fu_739_p2             |      icmp|   0|  0|   39|          32|          32|
    |inBoundsM_42_fu_768_p2             |      icmp|   0|  0|   39|          32|          32|
    |inBoundsM_fu_559_p2                |      icmp|   0|  0|   39|          32|          32|
    |inBoundsN_fu_512_p2                |      icmp|   0|  0|   39|          32|          32|
    |ap_block_pp0_stage0_01001          |        or|   0|  0|    2|           1|           1|
    |ap_block_state2_pp0_stage0_iter1   |        or|   0|  0|    2|           1|           1|
    |ap_block_state4_pp0_stage0_iter3   |        or|   0|  0|    2|           1|           1|
    |cPrev_2_fu_788_p3                  |    select|   0|  0|  221|           1|           1|
    |select_ln296_29_fu_916_p3          |    select|   0|  0|   32|           1|          32|
    |select_ln296_30_fu_927_p3          |    select|   0|  0|   32|           1|          32|
    |select_ln296_31_fu_938_p3          |    select|   0|  0|   32|           1|          32|
    |select_ln296_32_fu_949_p3          |    select|   0|  0|   32|           1|          32|
    |select_ln296_33_fu_960_p3          |    select|   0|  0|   32|           1|          32|
    |select_ln296_34_fu_971_p3          |    select|   0|  0|   32|           1|          32|
    |select_ln296_35_fu_982_p3          |    select|   0|  0|   32|           1|          32|
    |select_ln296_fu_905_p3             |    select|   0|  0|   32|           1|          32|
    |select_ln64_5_fu_473_p3            |    select|   0|  0|    5|           1|           5|
    |select_ln64_fu_390_p3              |    select|   0|  0|    7|           1|           1|
    |ap_enable_pp0                      |       xor|   0|  0|    2|           1|           2|
    +-----------------------------------+----------+----+---+-----+------------+------------+
    |Total                              |          |   0|  0| 1068|         421|         647|
    +-----------------------------------+----------+----+---+-----+------------+------------+

    * Multiplexer: 
    +---------------------------------------+----+-----------+-----+-----------+
    |                  Name                 | LUT| Input Size| Bits| Total Bits|
    +---------------------------------------+----+-----------+-----+-----------+
    |aPipes_4_blk_n                         |   9|          2|    1|          2|
    |aPipes_5_blk_n                         |   9|          2|    1|          2|
    |ap_done_int                            |   9|          2|    1|          2|
    |ap_enable_reg_pp0_iter1                |   9|          2|    1|          2|
    |ap_sig_allocacmp_indvar_flatten6_load  |   9|          2|   11|         22|
    |ap_sig_allocacmp_m1_load               |   9|          2|    7|         14|
    |bPipes_4_blk_n                         |   9|          2|    1|          2|
    |bPipes_5_blk_n                         |   9|          2|    1|          2|
    |indvar_flatten6_fu_164                 |   9|          2|   11|         22|
    |m1_fu_156                              |   9|          2|    7|         14|
    |n1_fu_160                              |   9|          2|    5|         10|
    +---------------------------------------+----+-----------+-----+-----------+
    |Total                                  |  99|         22|   47|         94|
    +---------------------------------------+----+-----------+-----+-----------+

    * Register: 
    +----------------------------------------+----+----+-----+-----------+
    |                  Name                  | FF | LUT| Bits| Const Bits|
    +----------------------------------------+----+----+-----+-----------+
    |add91_reg_1127                          |   5|   0|    5|          0|
    |and_ln80_5_reg_1119                     |   1|   0|    1|          0|
    |ap_CS_fsm                               |   1|   0|    1|          0|
    |ap_done_reg                             |   1|   0|    1|          0|
    |ap_enable_reg_pp0_iter1                 |   1|   0|    1|          0|
    |ap_enable_reg_pp0_iter2                 |   1|   0|    1|          0|
    |ap_enable_reg_pp0_iter3                 |   1|   0|    1|          0|
    |ap_enable_reg_pp0_iter4                 |   1|   0|    1|          0|
    |ap_enable_reg_pp0_iter5                 |   1|   0|    1|          0|
    |ap_enable_reg_pp0_iter6                 |   1|   0|    1|          0|
    |ap_enable_reg_pp0_iter7                 |   1|   0|    1|          0|
    |ap_enable_reg_pp0_iter8                 |   1|   0|    1|          0|
    |ap_loop_exit_ready_pp0_iter1_reg        |   1|   0|    1|          0|
    |ap_loop_exit_ready_pp0_iter2_reg        |   1|   0|    1|          0|
    |ap_loop_exit_ready_pp0_iter3_reg        |   1|   0|    1|          0|
    |ap_loop_exit_ready_pp0_iter4_reg        |   1|   0|    1|          0|
    |ap_loop_exit_ready_pp0_iter5_reg        |   1|   0|    1|          0|
    |ap_loop_exit_ready_pp0_iter6_reg        |   1|   0|    1|          0|
    |ap_loop_exit_ready_pp0_iter7_reg        |   1|   0|    1|          0|
    |bitcast_ln32_66_reg_1332                |  32|   0|   32|          0|
    |bitcast_ln32_66_reg_1332_pp0_iter6_reg  |  32|   0|   32|          0|
    |bitcast_ln32_68_reg_1338                |  32|   0|   32|          0|
    |bitcast_ln32_68_reg_1338_pp0_iter6_reg  |  32|   0|   32|          0|
    |bitcast_ln32_70_reg_1344                |  32|   0|   32|          0|
    |bitcast_ln32_70_reg_1344_pp0_iter6_reg  |  32|   0|   32|          0|
    |bitcast_ln32_72_reg_1350                |  32|   0|   32|          0|
    |bitcast_ln32_72_reg_1350_pp0_iter6_reg  |  32|   0|   32|          0|
    |bitcast_ln32_74_reg_1356                |  32|   0|   32|          0|
    |bitcast_ln32_74_reg_1356_pp0_iter6_reg  |  32|   0|   32|          0|
    |bitcast_ln32_76_reg_1362                |  32|   0|   32|          0|
    |bitcast_ln32_76_reg_1362_pp0_iter6_reg  |  32|   0|   32|          0|
    |bitcast_ln32_78_reg_1368                |  32|   0|   32|          0|
    |bitcast_ln32_78_reg_1368_pp0_iter6_reg  |  32|   0|   32|          0|
    |bitcast_ln32_80_reg_1374                |  32|   0|   32|          0|
    |bitcast_ln32_80_reg_1374_pp0_iter6_reg  |  32|   0|   32|          0|
    |cBuffer_addr_reg_1154                   |  10|   0|   10|          0|
    |empty_180_reg_1132                      |   4|   0|    4|          0|
    |empty_180_reg_1132_pp0_iter2_reg        |   4|   0|    4|          0|
    |icmp_ln67_reg_1108                      |   1|   0|    1|          0|
    |icmp_ln85_reg_1123                      |   1|   0|    1|          0|
    |inBoundsM_36_reg_1182                   |   1|   0|    1|          0|
    |inBoundsM_37_reg_1192                   |   1|   0|    1|          0|
    |inBoundsM_38_reg_1202                   |   1|   0|    1|          0|
    |inBoundsM_39_reg_1212                   |   1|   0|    1|          0|
    |inBoundsM_40_reg_1222                   |   1|   0|    1|          0|
    |inBoundsM_41_reg_1232                   |   1|   0|    1|          0|
    |inBoundsM_42_reg_1242                   |   1|   0|    1|          0|
    |inBoundsM_reg_1160                      |   1|   0|    1|          0|
    |inBoundsN_reg_1137                      |   1|   0|    1|          0|
    |indvar_flatten6_fu_164                  |  11|   0|   11|          0|
    |m1_fu_156                               |   7|   0|    7|          0|
    |n1_fu_160                               |   5|   0|    5|          0|
    |res_131_reg_1252                        |  32|   0|   32|          0|
    |res_132_reg_1262                        |  32|   0|   32|          0|
    |res_133_reg_1272                        |  32|   0|   32|          0|
    |res_134_reg_1282                        |  32|   0|   32|          0|
    |res_135_reg_1292                        |  32|   0|   32|          0|
    |res_136_reg_1302                        |  32|   0|   32|          0|
    |res_137_reg_1312                        |  32|   0|   32|          0|
    |res_138_reg_1322                        |  32|   0|   32|          0|
    |select_ln296_29_reg_1385                |  32|   0|   32|          0|
    |select_ln296_30_reg_1390                |  32|   0|   32|          0|
    |select_ln296_31_reg_1395                |  32|   0|   32|          0|
    |select_ln296_32_reg_1400                |  32|   0|   32|          0|
    |select_ln296_33_reg_1405                |  32|   0|   32|          0|
    |select_ln296_34_reg_1410                |  32|   0|   32|          0|
    |select_ln296_35_reg_1415                |  32|   0|   32|          0|
    |select_ln296_reg_1380                   |  32|   0|   32|          0|
    |select_ln64_reg_1113                    |   7|   0|    7|          0|
    |tmp_71_reg_1267                         |  32|   0|   32|          0|
    |tmp_73_reg_1277                         |  32|   0|   32|          0|
    |tmp_75_reg_1287                         |  32|   0|   32|          0|
    |tmp_77_reg_1297                         |  32|   0|   32|          0|
    |tmp_79_reg_1307                         |  32|   0|   32|          0|
    |tmp_81_reg_1317                         |  32|   0|   32|          0|
    |tmp_83_reg_1327                         |  32|   0|   32|          0|
    |trunc_ln170_6_reg_1257                  |  32|   0|   32|          0|
    |cBuffer_addr_reg_1154                   |  64|  32|   10|          0|
    |inBoundsM_36_reg_1182                   |  64|  32|    1|          0|
    |inBoundsM_37_reg_1192                   |  64|  32|    1|          0|
    |inBoundsM_38_reg_1202                   |  64|  32|    1|          0|
    |inBoundsM_39_reg_1212                   |  64|  32|    1|          0|
    |inBoundsM_40_reg_1222                   |  64|  32|    1|          0|
    |inBoundsM_41_reg_1232                   |  64|  32|    1|          0|
    |inBoundsM_42_reg_1242                   |  64|  32|    1|          0|
    |inBoundsM_reg_1160                      |  64|  32|    1|          0|
    |inBoundsN_reg_1137                      |  64|  32|    1|          0|
    |select_ln64_reg_1113                    |  64|  32|    7|          0|
    +----------------------------------------+----+----+-----+-----------+
    |Total                                   |2066| 352| 1388|          0|
    +----------------------------------------+----+----+-----+-----------+



================================================================
== Interface
================================================================
* Summary: 
+-------------------------+-----+-----+------------+----------------------------------------------------+--------------+
|        RTL Ports        | Dir | Bits|  Protocol  |                    Source Object                   |    C Type    |
+-------------------------+-----+-----+------------+----------------------------------------------------+--------------+
|ap_clk                   |   in|    1|  ap_ctrl_hs|  ProcessingElement.5_Pipeline_Pipeline_N_Pipeline_M|  return value|
|ap_rst                   |   in|    1|  ap_ctrl_hs|  ProcessingElement.5_Pipeline_Pipeline_N_Pipeline_M|  return value|
|ap_start                 |   in|    1|  ap_ctrl_hs|  ProcessingElement.5_Pipeline_Pipeline_N_Pipeline_M|  return value|
|ap_done                  |  out|    1|  ap_ctrl_hs|  ProcessingElement.5_Pipeline_Pipeline_N_Pipeline_M|  return value|
|ap_idle                  |  out|    1|  ap_ctrl_hs|  ProcessingElement.5_Pipeline_Pipeline_N_Pipeline_M|  return value|
|ap_ready                 |  out|    1|  ap_ctrl_hs|  ProcessingElement.5_Pipeline_Pipeline_N_Pipeline_M|  return value|
|aPipes_4_dout            |   in|   32|     ap_fifo|                                            aPipes_4|       pointer|
|aPipes_4_num_data_valid  |   in|    3|     ap_fifo|                                            aPipes_4|       pointer|
|aPipes_4_fifo_cap        |   in|    3|     ap_fifo|                                            aPipes_4|       pointer|
|aPipes_4_empty_n         |   in|    1|     ap_fifo|                                            aPipes_4|       pointer|
|aPipes_4_read            |  out|    1|     ap_fifo|                                            aPipes_4|       pointer|
|aPipes_5_din             |  out|   32|     ap_fifo|                                            aPipes_5|       pointer|
|aPipes_5_num_data_valid  |   in|    3|     ap_fifo|                                            aPipes_5|       pointer|
|aPipes_5_fifo_cap        |   in|    3|     ap_fifo|                                            aPipes_5|       pointer|
|aPipes_5_full_n          |   in|    1|     ap_fifo|                                            aPipes_5|       pointer|
|aPipes_5_write           |  out|    1|     ap_fifo|                                            aPipes_5|       pointer|
|bPipes_4_dout            |   in|  256|     ap_fifo|                                            bPipes_4|       pointer|
|bPipes_4_num_data_valid  |   in|    3|     ap_fifo|                                            bPipes_4|       pointer|
|bPipes_4_fifo_cap        |   in|    3|     ap_fifo|                                            bPipes_4|       pointer|
|bPipes_4_empty_n         |   in|    1|     ap_fifo|                                            bPipes_4|       pointer|
|bPipes_4_read            |  out|    1|     ap_fifo|                                            bPipes_4|       pointer|
|bPipes_5_din             |  out|  256|     ap_fifo|                                            bPipes_5|       pointer|
|bPipes_5_num_data_valid  |   in|    3|     ap_fifo|                                            bPipes_5|       pointer|
|bPipes_5_fifo_cap        |   in|    3|     ap_fifo|                                            bPipes_5|       pointer|
|bPipes_5_full_n          |   in|    1|     ap_fifo|                                            bPipes_5|       pointer|
|bPipes_5_write           |  out|    1|     ap_fifo|                                            bPipes_5|       pointer|
|m0                       |   in|   23|     ap_none|                                                  m0|        scalar|
|cBuffer_address0         |  out|   10|   ap_memory|                                             cBuffer|         array|
|cBuffer_ce0              |  out|    1|   ap_memory|                                             cBuffer|         array|
|cBuffer_we0              |  out|    1|   ap_memory|                                             cBuffer|         array|
|cBuffer_d0               |  out|  256|   ap_memory|                                             cBuffer|         array|
|cBuffer_address1         |  out|   10|   ap_memory|                                             cBuffer|         array|
|cBuffer_ce1              |  out|    1|   ap_memory|                                             cBuffer|         array|
|cBuffer_q1               |   in|  256|   ap_memory|                                             cBuffer|         array|
|cmp111                   |   in|    1|     ap_none|                                              cmp111|        scalar|
|size_m                   |   in|   32|     ap_none|                                              size_m|        scalar|
|cond90                   |   in|    5|     ap_none|                                              cond90|        scalar|
|aBuffer_address0         |  out|    5|   ap_memory|                                             aBuffer|         array|
|aBuffer_ce0              |  out|    1|   ap_memory|                                             aBuffer|         array|
|aBuffer_we0              |  out|    1|   ap_memory|                                             aBuffer|         array|
|aBuffer_d0               |  out|   32|   ap_memory|                                             aBuffer|         array|
|aBuffer_address1         |  out|    5|   ap_memory|                                             aBuffer|         array|
|aBuffer_ce1              |  out|    1|   ap_memory|                                             aBuffer|         array|
|aBuffer_q1               |   in|   32|   ap_memory|                                             aBuffer|         array|
|mul                      |   in|   27|     ap_none|                                                 mul|        scalar|
|cond                     |   in|    5|     ap_none|                                                cond|        scalar|
|size_n                   |   in|   32|     ap_none|                                              size_n|        scalar|
|brmerge282               |   in|    1|     ap_none|                                          brmerge282|        scalar|
+-------------------------+-----+-----+------------+----------------------------------------------------+--------------+

