

================================================================
== Vitis HLS Report for 'ProcessingElement_14'
================================================================
* Date:           Mon Nov 11 16:40:57 2024

* Version:        2024.1 (Build 5069499 on May 21 2024)
* Project:        MatrixMultiplication
* Solution:       xcu250-figd2104-2L-e (Vitis Kernel Flow Target)
* Product family: virtexuplus
* Target device:  xcu250-figd2104-2L-e


================================================================
== Performance Estimates
================================================================
+ Timing: 
    * Summary: 
    +--------+----------+----------+------------+
    |  Clock |  Target  | Estimated| Uncertainty|
    +--------+----------+----------+------------+
    |ap_clk  |  10.00 ns|  6.376 ns|     2.70 ns|
    +--------+----------+----------+------------+

+ Latency: 
    * Summary: 
    +---------+---------+----------+----------+-----+-----+---------+
    |  Latency (cycles) |  Latency (absolute) |  Interval | Pipeline|
    |   min   |   max   |    min   |    max   | min | max |   Type  |
    +---------+---------+----------+----------+-----+-----+---------+
    |        ?|        ?|         ?|         ?|    ?|    ?|       no|
    +---------+---------+----------+----------+-----+-----+---------+

    + Detail: 
        * Instance: 
        +------------------------------------------------------------------------------------------+-------------------------------------------------------------------------------+---------+---------+-----------+-----------+-------+-------+-----------------------------------------------+
        |                                                                                          |                                                                               |  Latency (cycles) |   Latency (absolute)  |    Interval   |                    Pipeline                   |
        |                                         Instance                                         |                                     Module                                    |   min   |   max   |    min    |    max    |  min  |  max  |                      Type                     |
        +------------------------------------------------------------------------------------------+-------------------------------------------------------------------------------+---------+---------+-----------+-----------+-------+-------+-----------------------------------------------+
        |grp_ProcessingElement_14_Pipeline_1_fu_136                                                |ProcessingElement_14_Pipeline_1                                                |       33|       33|   0.330 us|   0.330 us|     32|     32|  loop auto-rewind stp(delay=0 clock cycles(s))|
        |grp_ProcessingElement_14_Pipeline_2_fu_142                                                |ProcessingElement_14_Pipeline_2                                                |     1025|     1025|  10.250 us|  10.250 us|   1024|   1024|  loop auto-rewind stp(delay=0 clock cycles(s))|
        |grp_ProcessingElement_14_Pipeline_InitializeABuffer_Inner_InitializeABuffer_Outer_fu_148  |ProcessingElement_14_Pipeline_InitializeABuffer_Inner_InitializeABuffer_Outer  |      306|      306|   3.060 us|   3.060 us|    305|    305|  loop auto-rewind stp(delay=0 clock cycles(s))|
        |grp_ProcessingElement_14_Pipeline_Pipeline_N_Pipeline_M_fu_157                            |ProcessingElement_14_Pipeline_Pipeline_N_Pipeline_M                            |     1033|     1033|  10.330 us|  10.330 us|   1025|   1025|  loop auto-rewind stp(delay=0 clock cycles(s))|
        |grp_ProcessingElement_14_Pipeline_WriteC_Flattened_fu_179                                 |ProcessingElement_14_Pipeline_WriteC_Flattened                                 |    19458|    19458|   0.195 ms|   0.195 ms|  19457|  19457|  loop auto-rewind stp(delay=0 clock cycles(s))|
        +------------------------------------------------------------------------------------------+-------------------------------------------------------------------------------+---------+---------+-----------+-----------+-------+-------+-----------------------------------------------+

        * Loop: 
        +-----------------+---------+---------+----------+-----------+-----------+-------------+----------+
        |                 |  Latency (cycles) | Iteration|  Initiation Interval  |     Trip    |          |
        |    Loop Name    |   min   |   max   |  Latency |  achieved |   target  |    Count    | Pipelined|
        +-----------------+---------+---------+----------+-----------+-----------+-------------+----------+
        |- OuterTile_N    |        ?|        ?|         ?|          -|          -|  0 ~ 8388608|        no|
        | + OuterTile_M   |        ?|        ?|         ?|          -|          -|  0 ~ 8388608|        no|
        |  ++ Collapse_K  |        ?|        ?|      1035|          -|          -|            ?|        no|
        +-----------------+---------+---------+----------+-----------+-----------+-------------+----------+



================================================================
== Utilization Estimates
================================================================
* Summary: 
+---------------------+---------+-------+---------+---------+------+
|         Name        | BRAM_18K|  DSP  |    FF   |   LUT   | URAM |
+---------------------+---------+-------+---------+---------+------+
|DSP                  |        -|      -|        -|        -|     -|
|Expression           |        -|      -|        0|      543|     -|
|FIFO                 |        -|      -|        -|        -|     -|
|Instance             |        -|     40|     4611|     4553|     -|
|Memory               |       15|      -|       32|       33|     0|
|Multiplexer          |        -|      -|        0|      334|     -|
|Register             |        -|      -|      356|        -|     -|
+---------------------+---------+-------+---------+---------+------+
|Total                |       15|     40|     4999|     5463|     0|
+---------------------+---------+-------+---------+---------+------+
|Available SLR        |     1344|   3072|   864000|   432000|   320|
+---------------------+---------+-------+---------+---------+------+
|Utilization SLR (%)  |        1|      1|       ~0|        1|     0|
+---------------------+---------+-------+---------+---------+------+
|Available            |     5376|  12288|  3456000|  1728000|  1280|
+---------------------+---------+-------+---------+---------+------+
|Utilization (%)      |       ~0|     ~0|       ~0|       ~0|     0|
+---------------------+---------+-------+---------+---------+------+

+ Detail: 
    * Instance: 
    +------------------------------------------------------------------------------------------+-------------------------------------------------------------------------------+---------+----+------+------+-----+
    |                                         Instance                                         |                                     Module                                    | BRAM_18K| DSP|  FF  |  LUT | URAM|
    +------------------------------------------------------------------------------------------+-------------------------------------------------------------------------------+---------+----+------+------+-----+
    |grp_ProcessingElement_14_Pipeline_1_fu_136                                                |ProcessingElement_14_Pipeline_1                                                |        0|   0|     7|    51|    0|
    |grp_ProcessingElement_14_Pipeline_2_fu_142                                                |ProcessingElement_14_Pipeline_2                                                |        0|   0|    12|    61|    0|
    |grp_ProcessingElement_14_Pipeline_InitializeABuffer_Inner_InitializeABuffer_Outer_fu_148  |ProcessingElement_14_Pipeline_InitializeABuffer_Inner_InitializeABuffer_Outer  |        0|   0|    24|   177|    0|
    |grp_ProcessingElement_14_Pipeline_Pipeline_N_Pipeline_M_fu_157                            |ProcessingElement_14_Pipeline_Pipeline_N_Pipeline_M                            |        0|  40|  4506|  3945|    0|
    |grp_ProcessingElement_14_Pipeline_WriteC_Flattened_fu_179                                 |ProcessingElement_14_Pipeline_WriteC_Flattened                                 |        0|   0|    62|   319|    0|
    +------------------------------------------------------------------------------------------+-------------------------------------------------------------------------------+---------+----+------+------+-----+
    |Total                                                                                     |                                                                               |        0|  40|  4611|  4553|    0|
    +------------------------------------------------------------------------------------------+-------------------------------------------------------------------------------+---------+----+------+------+-----+

    * DSP: 
    N/A

    * Memory: 
    +-----------+--------------------------------------------+---------+----+----+-----+------+-----+------+-------------+
    |   Memory  |                   Module                   | BRAM_18K| FF | LUT| URAM| Words| Bits| Banks| W*Bits*Banks|
    +-----------+--------------------------------------------+---------+----+----+-----+------+-----+------+-------------+
    |aBuffer_U  |ProcessingElement_14_aBuffer_RAM_AUTO_1R1W  |        0|  32|  33|    0|    32|   32|     1|         1024|
    |cBuffer_U  |ProcessingElement_14_cBuffer_RAM_AUTO_1R1W  |       15|   0|   0|    0|  1024|  256|     1|       262144|
    +-----------+--------------------------------------------+---------+----+----+-----+------+-----+------+-------------+
    |Total      |                                            |       15|  32|  33|    0|  1056|  288|     2|       263168|
    +-----------+--------------------------------------------+---------+----+----+-----+------+-----+------+-------------+

    * FIFO: 
    N/A

    * Expression: 
    +---------------------------------+----------+----+---+----+------------+------------+
    |          Variable Name          | Operation| DSP| FF| LUT| Bitwidth P0| Bitwidth P1|
    +---------------------------------+----------+----+---+----+------------+------------+
    |add_ln54_fu_256_p2               |         +|   0|  0|  31|          24|           1|
    |add_ln56_fu_284_p2               |         +|   0|  0|  31|          24|           1|
    |k_26_fu_308_p2                   |         +|   0|  0|  39|          32|           1|
    |sub60_fu_231_p2                  |         +|   0|  0|  31|          24|           2|
    |sub63_fu_237_p2                  |         +|   0|  0|  31|          24|           2|
    |sub66_fu_243_p2                  |         +|   0|  0|  39|          32|           2|
    |sub_i103_fu_215_p2               |         +|   0|  0|  40|          33|           9|
    |sub_i_fu_196_p2                  |         +|   0|  0|  40|          33|           9|
    |cmp111_fu_327_p2                 |      icmp|   0|  0|  39|          32|           1|
    |cmp61_fu_262_p2                  |      icmp|   0|  0|  31|          24|          24|
    |cmp64_fu_294_p2                  |      icmp|   0|  0|  31|          24|          24|
    |cmp67_fu_334_p2                  |      icmp|   0|  0|  39|          32|          32|
    |icmp_ln54_fu_251_p2              |      icmp|   0|  0|  31|          24|          24|
    |icmp_ln56_fu_279_p2              |      icmp|   0|  0|  31|          24|          24|
    |icmp_ln60_fu_303_p2              |      icmp|   0|  0|  39|          32|          32|
    |ap_block_state1                  |        or|   0|  0|   2|           1|           1|
    |ap_block_state2_on_subcall_done  |        or|   0|  0|   2|           1|           1|
    |brmerge282_fu_353_p2             |        or|   0|  0|   2|           1|           1|
    |tmp1_fu_348_p2                   |        or|   0|  0|   2|           1|           1|
    |cond90_fu_318_p3                 |    select|   0|  0|   6|           1|           6|
    |cond_fu_339_p3                   |    select|   0|  0|   6|           1|           1|
    +---------------------------------+----------+----+---+----+------------+------------+
    |Total                            |          |   0|  0| 543|         424|         199|
    +---------------------------------+----------+----+---+----+------------+------------+

    * Multiplexer: 
    +------------------+----+-----------+-----+-----------+
    |       Name       | LUT| Input Size| Bits| Total Bits|
    +------------------+----+-----------+-----+-----------+
    |aBuffer_address0  |  20|          4|    5|         20|
    |aBuffer_ce0       |  20|          4|    1|          4|
    |aBuffer_ce1       |   9|          2|    1|          2|
    |aBuffer_d0        |  20|          4|   32|        128|
    |aBuffer_we0       |  20|          4|    1|          4|
    |aPipes_13_read    |  14|          3|    1|          3|
    |aPipes_14_din     |   9|          2|   32|         64|
    |aPipes_14_write   |  14|          3|    1|          3|
    |ap_NS_fsm         |  59|         11|    1|         11|
    |ap_done           |   9|          2|    1|          2|
    |bPipes_13_read    |   9|          2|    1|          2|
    |bPipes_14_write   |   9|          2|    1|          2|
    |cBuffer_address0  |  20|          4|   10|         40|
    |cBuffer_ce0       |  20|          4|    1|          4|
    |cBuffer_ce1       |   9|          2|    1|          2|
    |cBuffer_d0        |  14|          3|  256|        768|
    |cBuffer_we0       |  14|          3|    1|          3|
    |cPipes_13_write   |   9|          2|    1|          2|
    |cPipes_14_read    |   9|          2|    1|          2|
    |k_reg_125         |   9|          2|   32|         64|
    |m0_reg_114        |   9|          2|   24|         48|
    |n0_fu_84          |   9|          2|   24|         48|
    +------------------+----+-----------+-----+-----------+
    |Total             | 334|         69|  429|       1226|
    +------------------+----+-----------+-----+-----------+

    * Register: 
    +-------------------------------------------------------------------------------------------------------+----+----+-----+-----------+
    |                                                  Name                                                 | FF | LUT| Bits| Const Bits|
    +-------------------------------------------------------------------------------------------------------+----+----+-----+-----------+
    |add_ln54_reg_412                                                                                       |  24|   0|   24|          0|
    |add_ln56_reg_430                                                                                       |  24|   0|   24|          0|
    |ap_CS_fsm                                                                                              |  10|   0|   10|          0|
    |ap_done_reg                                                                                            |   1|   0|    1|          0|
    |brmerge282_reg_468                                                                                     |   1|   0|    1|          0|
    |cmp111_reg_458                                                                                         |   1|   0|    1|          0|
    |cmp61_reg_417                                                                                          |   1|   0|    1|          0|
    |cmp64_reg_440                                                                                          |   1|   0|    1|          0|
    |cond90_reg_453                                                                                         |   1|   0|    5|          4|
    |cond_reg_463                                                                                           |   1|   0|    5|          4|
    |div_i104_cast3_reg_389                                                                                 |  24|   0|   24|          0|
    |div_i_cast1_reg_384                                                                                    |  24|   0|   24|          0|
    |grp_ProcessingElement_14_Pipeline_1_fu_136_ap_start_reg                                                |   1|   0|    1|          0|
    |grp_ProcessingElement_14_Pipeline_2_fu_142_ap_start_reg                                                |   1|   0|    1|          0|
    |grp_ProcessingElement_14_Pipeline_InitializeABuffer_Inner_InitializeABuffer_Outer_fu_148_ap_start_reg  |   1|   0|    1|          0|
    |grp_ProcessingElement_14_Pipeline_Pipeline_N_Pipeline_M_fu_157_ap_start_reg                            |   1|   0|    1|          0|
    |grp_ProcessingElement_14_Pipeline_WriteC_Flattened_fu_179_ap_start_reg                                 |   1|   0|    1|          0|
    |k_26_reg_448                                                                                           |  32|   0|   32|          0|
    |k_reg_125                                                                                              |  32|   0|   32|          0|
    |m0_reg_114                                                                                             |  24|   0|   24|          0|
    |mul_reg_422                                                                                            |  23|   0|   27|          4|
    |n0_fu_84                                                                                               |  24|   0|   24|          0|
    |sub60_reg_394                                                                                          |  24|   0|   24|          0|
    |sub63_reg_399                                                                                          |  24|   0|   24|          0|
    |sub66_reg_404                                                                                          |  32|   0|   32|          0|
    |trunc_ln56_reg_435                                                                                     |  23|   0|   23|          0|
    +-------------------------------------------------------------------------------------------------------+----+----+-----+-----------+
    |Total                                                                                                  | 356|   0|  368|         12|
    +-------------------------------------------------------------------------------------------------------+----+----+-----+-----------+



================================================================
== Interface
================================================================
* Summary: 
+--------------------------+-----+-----+------------+----------------------+--------------+
|         RTL Ports        | Dir | Bits|  Protocol  |     Source Object    |    C Type    |
+--------------------------+-----+-----+------------+----------------------+--------------+
|ap_clk                    |   in|    1|  ap_ctrl_hs|  ProcessingElement.14|  return value|
|ap_rst                    |   in|    1|  ap_ctrl_hs|  ProcessingElement.14|  return value|
|ap_start                  |   in|    1|  ap_ctrl_hs|  ProcessingElement.14|  return value|
|ap_done                   |  out|    1|  ap_ctrl_hs|  ProcessingElement.14|  return value|
|ap_continue               |   in|    1|  ap_ctrl_hs|  ProcessingElement.14|  return value|
|ap_idle                   |  out|    1|  ap_ctrl_hs|  ProcessingElement.14|  return value|
|ap_ready                  |  out|    1|  ap_ctrl_hs|  ProcessingElement.14|  return value|
|aPipes_13_dout            |   in|   32|     ap_fifo|             aPipes_13|       pointer|
|aPipes_13_num_data_valid  |   in|    3|     ap_fifo|             aPipes_13|       pointer|
|aPipes_13_fifo_cap        |   in|    3|     ap_fifo|             aPipes_13|       pointer|
|aPipes_13_empty_n         |   in|    1|     ap_fifo|             aPipes_13|       pointer|
|aPipes_13_read            |  out|    1|     ap_fifo|             aPipes_13|       pointer|
|aPipes_14_din             |  out|   32|     ap_fifo|             aPipes_14|       pointer|
|aPipes_14_num_data_valid  |   in|    3|     ap_fifo|             aPipes_14|       pointer|
|aPipes_14_fifo_cap        |   in|    3|     ap_fifo|             aPipes_14|       pointer|
|aPipes_14_full_n          |   in|    1|     ap_fifo|             aPipes_14|       pointer|
|aPipes_14_write           |  out|    1|     ap_fifo|             aPipes_14|       pointer|
|bPipes_13_dout            |   in|  256|     ap_fifo|             bPipes_13|       pointer|
|bPipes_13_num_data_valid  |   in|    3|     ap_fifo|             bPipes_13|       pointer|
|bPipes_13_fifo_cap        |   in|    3|     ap_fifo|             bPipes_13|       pointer|
|bPipes_13_empty_n         |   in|    1|     ap_fifo|             bPipes_13|       pointer|
|bPipes_13_read            |  out|    1|     ap_fifo|             bPipes_13|       pointer|
|bPipes_14_din             |  out|  256|     ap_fifo|             bPipes_14|       pointer|
|bPipes_14_num_data_valid  |   in|    3|     ap_fifo|             bPipes_14|       pointer|
|bPipes_14_fifo_cap        |   in|    3|     ap_fifo|             bPipes_14|       pointer|
|bPipes_14_full_n          |   in|    1|     ap_fifo|             bPipes_14|       pointer|
|bPipes_14_write           |  out|    1|     ap_fifo|             bPipes_14|       pointer|
|cPipes_13_din             |  out|  256|     ap_fifo|             cPipes_13|       pointer|
|cPipes_13_num_data_valid  |   in|    3|     ap_fifo|             cPipes_13|       pointer|
|cPipes_13_fifo_cap        |   in|    3|     ap_fifo|             cPipes_13|       pointer|
|cPipes_13_full_n          |   in|    1|     ap_fifo|             cPipes_13|       pointer|
|cPipes_13_write           |  out|    1|     ap_fifo|             cPipes_13|       pointer|
|cPipes_14_dout            |   in|  256|     ap_fifo|             cPipes_14|       pointer|
|cPipes_14_num_data_valid  |   in|    3|     ap_fifo|             cPipes_14|       pointer|
|cPipes_14_fifo_cap        |   in|    3|     ap_fifo|             cPipes_14|       pointer|
|cPipes_14_empty_n         |   in|    1|     ap_fifo|             cPipes_14|       pointer|
|cPipes_14_read            |  out|    1|     ap_fifo|             cPipes_14|       pointer|
|size_n                    |   in|   32|     ap_none|                size_n|        scalar|
|size_k                    |   in|   32|     ap_none|                size_k|        scalar|
|size_m                    |   in|   32|     ap_none|                size_m|        scalar|
+--------------------------+-----+-----+------------+----------------------+--------------+

