

================================================================
== Vitis HLS Report for 'ReadB_Pipeline_ReadB_OuterTile_N_ReadB_OuterTile_M_ReadB_K_ReadB_BufferB_M1'
================================================================
* Date:           Mon Nov 11 16:40:31 2024

* Version:        2024.1 (Build 5069499 on May 21 2024)
* Project:        MatrixMultiplication
* Solution:       xcu250-figd2104-2L-e (Vitis Kernel Flow Target)
* Product family: virtexuplus
* Target device:  xcu250-figd2104-2L-e


================================================================
== Performance Estimates
================================================================
+ Timing: 
    * Summary: 
    +--------+----------+----------+------------+
    |  Clock |  Target  | Estimated| Uncertainty|
    +--------+----------+----------+------------+
    |ap_clk  |  10.00 ns|  7.300 ns|     2.70 ns|
    +--------+----------+----------+------------+

+ Latency: 
    * Summary: 
    +---------+---------+----------+----------+-----+-----+-----------------------------------------------+
    |  Latency (cycles) |  Latency (absolute) |  Interval |                    Pipeline                   |
    |   min   |   max   |    min   |    max   | min | max |                      Type                     |
    +---------+---------+----------+----------+-----+-----+-----------------------------------------------+
    |        ?|        ?|         ?|         ?|    0|    0|  loop auto-rewind stp(delay=0 clock cycles(s))|
    +---------+---------+----------+----------+-----+-----+-----------------------------------------------+

    + Detail: 
        * Instance: 
        N/A

        * Loop: 
        +----------------------------------------------------------------+---------+---------+----------+-----------+-----------+------+----------+
        |                                                                |  Latency (cycles) | Iteration|  Initiation Interval  | Trip |          |
        |                            Loop Name                           |   min   |   max   |  Latency |  achieved |   target  | Count| Pipelined|
        +----------------------------------------------------------------+---------+---------+----------+-----------+-----------+------+----------+
        |- ReadB_OuterTile_N_ReadB_OuterTile_M_ReadB_K_ReadB_BufferB_M1  |        ?|        ?|        75|          1|          1|     ?|       yes|
        +----------------------------------------------------------------+---------+---------+----------+-----------+-----------+------+----------+



================================================================
== Utilization Estimates
================================================================
* Summary: 
+---------------------+---------+-------+---------+---------+------+
|         Name        | BRAM_18K|  DSP  |    FF   |   LUT   | URAM |
+---------------------+---------+-------+---------+---------+------+
|DSP                  |        -|      -|        -|        -|     -|
|Expression           |        -|      -|        0|      939|     -|
|FIFO                 |        -|      -|        -|        -|     -|
|Instance             |        -|      3|        0|       20|     -|
|Memory               |        -|      -|        -|        -|     -|
|Multiplexer          |        -|      -|        0|      117|     -|
|Register             |        -|      -|     1225|       64|     -|
+---------------------+---------+-------+---------+---------+------+
|Total                |        0|      3|     1225|     1140|     0|
+---------------------+---------+-------+---------+---------+------+
|Available SLR        |     1344|   3072|   864000|   432000|   320|
+---------------------+---------+-------+---------+---------+------+
|Utilization SLR (%)  |        0|     ~0|       ~0|       ~0|     0|
+---------------------+---------+-------+---------+---------+------+
|Available            |     5376|  12288|  3456000|  1728000|  1280|
+---------------------+---------+-------+---------+---------+------+
|Utilization (%)      |        0|     ~0|       ~0|       ~0|     0|
+---------------------+---------+-------+---------+---------+------+

+ Detail: 
    * Instance: 
    +--------------------------+---------------------+---------+----+---+----+-----+
    |         Instance         |        Module       | BRAM_18K| DSP| FF| LUT| URAM|
    +--------------------------+---------------------+---------+----+---+----+-----+
    |mul_32s_28ns_32_1_1_U101  |mul_32s_28ns_32_1_1  |        0|   3|  0|  20|    0|
    +--------------------------+---------------------+---------+----+---+----+-----+
    |Total                     |                     |        0|   3|  0|  20|    0|
    +--------------------------+---------------------+---------+----+---+----+-----+

    * DSP: 
    N/A

    * Memory: 
    N/A

    * FIFO: 
    N/A

    * Expression: 
    +------------------------------------+----------+----+---+-----+------------+------------+
    |            Variable Name           | Operation| DSP| FF| LUT | Bitwidth P0| Bitwidth P1|
    +------------------------------------+----------+----+---+-----+------------+------------+
    |add_ln273_fu_256_p2                 |         +|   0|  0|  107|          83|           1|
    |add_ln275_1_fu_379_p2               |         +|   0|  0|   69|          62|           1|
    |add_ln275_fu_426_p2                 |         +|   0|  0|   31|          24|           1|
    |add_ln277_1_fu_365_p2               |         +|   0|  0|   45|          38|           1|
    |add_ln277_fu_446_p2                 |         +|   0|  0|   39|          32|           1|
    |add_ln279_fu_339_p2                 |         +|   0|  0|   13|           6|           1|
    |empty_152_fu_476_p2                 |         +|   0|  0|   39|          32|          32|
    |empty_153_fu_494_p2                 |         +|   0|  0|   71|          64|          64|
    |and_ln273_fu_285_p2                 |       and|   0|  0|    2|           1|           1|
    |and_ln275_fu_327_p2                 |       and|   0|  0|    2|           1|           1|
    |ap_block_state4_io                  |       and|   0|  0|    2|           1|           1|
    |ap_block_state75_pp0_stage0_iter74  |       and|   0|  0|    2|           1|           1|
    |ap_block_state76_pp0_stage0_iter75  |       and|   0|  0|    2|           1|           1|
    |icmp_ln273_fu_251_p2                |      icmp|   0|  0|  107|          83|          83|
    |icmp_ln275_fu_262_p2                |      icmp|   0|  0|   69|          62|          62|
    |icmp_ln277_1_fu_296_p2              |      icmp|   0|  0|   45|          38|          38|
    |icmp_ln277_fu_291_p2                |      icmp|   0|  0|   39|          32|           1|
    |icmp_ln279_fu_279_p2                |      icmp|   0|  0|   14|           6|           7|
    |ap_block_pp0_stage0_01001           |        or|   0|  0|    2|           1|           1|
    |ap_block_pp0_stage0_11001           |        or|   0|  0|    2|           1|           1|
    |first_iter_0_mid2_fu_333_p2         |        or|   0|  0|    2|           1|           1|
    |or_ln273_fu_267_p2                  |        or|   0|  0|    2|           1|           1|
    |or_ln275_1_fu_315_p2                |        or|   0|  0|    2|           1|           1|
    |or_ln275_fu_309_p2                  |        or|   0|  0|    2|           1|           1|
    |or_ln279_1_fu_351_p2                |        or|   0|  0|    2|           1|           1|
    |or_ln279_fu_345_p2                  |        or|   0|  0|    2|           1|           1|
    |empty_151_fu_193_p0                 |    select|   0|  0|   32|           1|          32|
    |select_ln273_1_fu_301_p3            |    select|   0|  0|    2|           1|           1|
    |select_ln273_fu_419_p3              |    select|   0|  0|   24|           1|           1|
    |select_ln275_1_fu_439_p3            |    select|   0|  0|   24|           1|          24|
    |select_ln275_2_fu_385_p3            |    select|   0|  0|   61|           1|           1|
    |select_ln275_fu_432_p3              |    select|   0|  0|   32|           1|           1|
    |select_ln277_1_fu_371_p3            |    select|   0|  0|   38|           1|           1|
    |select_ln279_fu_357_p3              |    select|   0|  0|    6|           1|           1|
    |ap_enable_pp0                       |       xor|   0|  0|    2|           1|           2|
    |xor_ln273_fu_273_p2                 |       xor|   0|  0|    2|           1|           2|
    |xor_ln275_fu_321_p2                 |       xor|   0|  0|    2|           1|           2|
    +------------------------------------+----------+----+---+-----+------------+------------+
    |Total                               |          |   0|  0|  939|         586|         374|
    +------------------------------------+----------+----+---+-----+------------+------------+

    * Multiplexer: 
    +---------------------------------------+----+-----------+-----+-----------+
    |                  Name                 | LUT| Input Size| Bits| Total Bits|
    +---------------------------------------+----+-----------+-----+-----------+
    |ap_done_int                            |   9|          2|    1|          2|
    |ap_enable_reg_pp0_iter1                |   9|          2|    1|          2|
    |ap_enable_reg_pp0_iter2                |   9|          2|    1|          2|
    |ap_phi_mux_first_iter_0_phi_fu_185_p4  |   9|          2|    1|          2|
    |bMemory_blk_n                          |   9|          2|    1|          2|
    |gmem1_blk_n_AR                         |   9|          2|    1|          2|
    |gmem1_blk_n_R                          |   9|          2|    1|          2|
    |indvar_flatten13_fu_118                |   9|          2|   62|        124|
    |indvar_flatten35_fu_122                |   9|          2|   83|        166|
    |indvar_flatten_fu_110                  |   9|          2|   38|         76|
    |k_fu_106                               |   9|          2|   32|         64|
    |m0_fu_114                              |   9|          2|   24|         48|
    |m1m_fu_102                             |   9|          2|    6|         12|
    +---------------------------------------+----+-----------+-----+-----------+
    |Total                                  | 117|         26|  252|        504|
    +---------------------------------------+----+-----------+-----+-----------+

    * Register: 
    +-----------------------------------+-----+----+-----+-----------+
    |                Name               |  FF | LUT| Bits| Const Bits|
    +-----------------------------------+-----+----+-----+-----------+
    |and_ln275_reg_620                  |    1|   0|    1|          0|
    |ap_CS_fsm                          |    1|   0|    1|          0|
    |ap_done_reg                        |    1|   0|    1|          0|
    |ap_enable_reg_pp0_iter1            |    1|   0|    1|          0|
    |ap_enable_reg_pp0_iter10           |    1|   0|    1|          0|
    |ap_enable_reg_pp0_iter11           |    1|   0|    1|          0|
    |ap_enable_reg_pp0_iter12           |    1|   0|    1|          0|
    |ap_enable_reg_pp0_iter13           |    1|   0|    1|          0|
    |ap_enable_reg_pp0_iter14           |    1|   0|    1|          0|
    |ap_enable_reg_pp0_iter15           |    1|   0|    1|          0|
    |ap_enable_reg_pp0_iter16           |    1|   0|    1|          0|
    |ap_enable_reg_pp0_iter17           |    1|   0|    1|          0|
    |ap_enable_reg_pp0_iter18           |    1|   0|    1|          0|
    |ap_enable_reg_pp0_iter19           |    1|   0|    1|          0|
    |ap_enable_reg_pp0_iter2            |    1|   0|    1|          0|
    |ap_enable_reg_pp0_iter20           |    1|   0|    1|          0|
    |ap_enable_reg_pp0_iter21           |    1|   0|    1|          0|
    |ap_enable_reg_pp0_iter22           |    1|   0|    1|          0|
    |ap_enable_reg_pp0_iter23           |    1|   0|    1|          0|
    |ap_enable_reg_pp0_iter24           |    1|   0|    1|          0|
    |ap_enable_reg_pp0_iter25           |    1|   0|    1|          0|
    |ap_enable_reg_pp0_iter26           |    1|   0|    1|          0|
    |ap_enable_reg_pp0_iter27           |    1|   0|    1|          0|
    |ap_enable_reg_pp0_iter28           |    1|   0|    1|          0|
    |ap_enable_reg_pp0_iter29           |    1|   0|    1|          0|
    |ap_enable_reg_pp0_iter3            |    1|   0|    1|          0|
    |ap_enable_reg_pp0_iter30           |    1|   0|    1|          0|
    |ap_enable_reg_pp0_iter31           |    1|   0|    1|          0|
    |ap_enable_reg_pp0_iter32           |    1|   0|    1|          0|
    |ap_enable_reg_pp0_iter33           |    1|   0|    1|          0|
    |ap_enable_reg_pp0_iter34           |    1|   0|    1|          0|
    |ap_enable_reg_pp0_iter35           |    1|   0|    1|          0|
    |ap_enable_reg_pp0_iter36           |    1|   0|    1|          0|
    |ap_enable_reg_pp0_iter37           |    1|   0|    1|          0|
    |ap_enable_reg_pp0_iter38           |    1|   0|    1|          0|
    |ap_enable_reg_pp0_iter39           |    1|   0|    1|          0|
    |ap_enable_reg_pp0_iter4            |    1|   0|    1|          0|
    |ap_enable_reg_pp0_iter40           |    1|   0|    1|          0|
    |ap_enable_reg_pp0_iter41           |    1|   0|    1|          0|
    |ap_enable_reg_pp0_iter42           |    1|   0|    1|          0|
    |ap_enable_reg_pp0_iter43           |    1|   0|    1|          0|
    |ap_enable_reg_pp0_iter44           |    1|   0|    1|          0|
    |ap_enable_reg_pp0_iter45           |    1|   0|    1|          0|
    |ap_enable_reg_pp0_iter46           |    1|   0|    1|          0|
    |ap_enable_reg_pp0_iter47           |    1|   0|    1|          0|
    |ap_enable_reg_pp0_iter48           |    1|   0|    1|          0|
    |ap_enable_reg_pp0_iter49           |    1|   0|    1|          0|
    |ap_enable_reg_pp0_iter5            |    1|   0|    1|          0|
    |ap_enable_reg_pp0_iter50           |    1|   0|    1|          0|
    |ap_enable_reg_pp0_iter51           |    1|   0|    1|          0|
    |ap_enable_reg_pp0_iter52           |    1|   0|    1|          0|
    |ap_enable_reg_pp0_iter53           |    1|   0|    1|          0|
    |ap_enable_reg_pp0_iter54           |    1|   0|    1|          0|
    |ap_enable_reg_pp0_iter55           |    1|   0|    1|          0|
    |ap_enable_reg_pp0_iter56           |    1|   0|    1|          0|
    |ap_enable_reg_pp0_iter57           |    1|   0|    1|          0|
    |ap_enable_reg_pp0_iter58           |    1|   0|    1|          0|
    |ap_enable_reg_pp0_iter59           |    1|   0|    1|          0|
    |ap_enable_reg_pp0_iter6            |    1|   0|    1|          0|
    |ap_enable_reg_pp0_iter60           |    1|   0|    1|          0|
    |ap_enable_reg_pp0_iter61           |    1|   0|    1|          0|
    |ap_enable_reg_pp0_iter62           |    1|   0|    1|          0|
    |ap_enable_reg_pp0_iter63           |    1|   0|    1|          0|
    |ap_enable_reg_pp0_iter64           |    1|   0|    1|          0|
    |ap_enable_reg_pp0_iter65           |    1|   0|    1|          0|
    |ap_enable_reg_pp0_iter66           |    1|   0|    1|          0|
    |ap_enable_reg_pp0_iter67           |    1|   0|    1|          0|
    |ap_enable_reg_pp0_iter68           |    1|   0|    1|          0|
    |ap_enable_reg_pp0_iter69           |    1|   0|    1|          0|
    |ap_enable_reg_pp0_iter7            |    1|   0|    1|          0|
    |ap_enable_reg_pp0_iter70           |    1|   0|    1|          0|
    |ap_enable_reg_pp0_iter71           |    1|   0|    1|          0|
    |ap_enable_reg_pp0_iter72           |    1|   0|    1|          0|
    |ap_enable_reg_pp0_iter73           |    1|   0|    1|          0|
    |ap_enable_reg_pp0_iter74           |    1|   0|    1|          0|
    |ap_enable_reg_pp0_iter75           |    1|   0|    1|          0|
    |ap_enable_reg_pp0_iter8            |    1|   0|    1|          0|
    |ap_enable_reg_pp0_iter9            |    1|   0|    1|          0|
    |ap_loop_exit_ready_pp0_iter10_reg  |    1|   0|    1|          0|
    |ap_loop_exit_ready_pp0_iter11_reg  |    1|   0|    1|          0|
    |ap_loop_exit_ready_pp0_iter12_reg  |    1|   0|    1|          0|
    |ap_loop_exit_ready_pp0_iter13_reg  |    1|   0|    1|          0|
    |ap_loop_exit_ready_pp0_iter14_reg  |    1|   0|    1|          0|
    |ap_loop_exit_ready_pp0_iter15_reg  |    1|   0|    1|          0|
    |ap_loop_exit_ready_pp0_iter16_reg  |    1|   0|    1|          0|
    |ap_loop_exit_ready_pp0_iter17_reg  |    1|   0|    1|          0|
    |ap_loop_exit_ready_pp0_iter18_reg  |    1|   0|    1|          0|
    |ap_loop_exit_ready_pp0_iter19_reg  |    1|   0|    1|          0|
    |ap_loop_exit_ready_pp0_iter20_reg  |    1|   0|    1|          0|
    |ap_loop_exit_ready_pp0_iter21_reg  |    1|   0|    1|          0|
    |ap_loop_exit_ready_pp0_iter22_reg  |    1|   0|    1|          0|
    |ap_loop_exit_ready_pp0_iter23_reg  |    1|   0|    1|          0|
    |ap_loop_exit_ready_pp0_iter24_reg  |    1|   0|    1|          0|
    |ap_loop_exit_ready_pp0_iter25_reg  |    1|   0|    1|          0|
    |ap_loop_exit_ready_pp0_iter26_reg  |    1|   0|    1|          0|
    |ap_loop_exit_ready_pp0_iter27_reg  |    1|   0|    1|          0|
    |ap_loop_exit_ready_pp0_iter28_reg  |    1|   0|    1|          0|
    |ap_loop_exit_ready_pp0_iter29_reg  |    1|   0|    1|          0|
    |ap_loop_exit_ready_pp0_iter2_reg   |    1|   0|    1|          0|
    |ap_loop_exit_ready_pp0_iter30_reg  |    1|   0|    1|          0|
    |ap_loop_exit_ready_pp0_iter31_reg  |    1|   0|    1|          0|
    |ap_loop_exit_ready_pp0_iter32_reg  |    1|   0|    1|          0|
    |ap_loop_exit_ready_pp0_iter33_reg  |    1|   0|    1|          0|
    |ap_loop_exit_ready_pp0_iter34_reg  |    1|   0|    1|          0|
    |ap_loop_exit_ready_pp0_iter35_reg  |    1|   0|    1|          0|
    |ap_loop_exit_ready_pp0_iter36_reg  |    1|   0|    1|          0|
    |ap_loop_exit_ready_pp0_iter37_reg  |    1|   0|    1|          0|
    |ap_loop_exit_ready_pp0_iter38_reg  |    1|   0|    1|          0|
    |ap_loop_exit_ready_pp0_iter39_reg  |    1|   0|    1|          0|
    |ap_loop_exit_ready_pp0_iter3_reg   |    1|   0|    1|          0|
    |ap_loop_exit_ready_pp0_iter40_reg  |    1|   0|    1|          0|
    |ap_loop_exit_ready_pp0_iter41_reg  |    1|   0|    1|          0|
    |ap_loop_exit_ready_pp0_iter42_reg  |    1|   0|    1|          0|
    |ap_loop_exit_ready_pp0_iter43_reg  |    1|   0|    1|          0|
    |ap_loop_exit_ready_pp0_iter44_reg  |    1|   0|    1|          0|
    |ap_loop_exit_ready_pp0_iter45_reg  |    1|   0|    1|          0|
    |ap_loop_exit_ready_pp0_iter46_reg  |    1|   0|    1|          0|
    |ap_loop_exit_ready_pp0_iter47_reg  |    1|   0|    1|          0|
    |ap_loop_exit_ready_pp0_iter48_reg  |    1|   0|    1|          0|
    |ap_loop_exit_ready_pp0_iter49_reg  |    1|   0|    1|          0|
    |ap_loop_exit_ready_pp0_iter4_reg   |    1|   0|    1|          0|
    |ap_loop_exit_ready_pp0_iter50_reg  |    1|   0|    1|          0|
    |ap_loop_exit_ready_pp0_iter51_reg  |    1|   0|    1|          0|
    |ap_loop_exit_ready_pp0_iter52_reg  |    1|   0|    1|          0|
    |ap_loop_exit_ready_pp0_iter53_reg  |    1|   0|    1|          0|
    |ap_loop_exit_ready_pp0_iter54_reg  |    1|   0|    1|          0|
    |ap_loop_exit_ready_pp0_iter55_reg  |    1|   0|    1|          0|
    |ap_loop_exit_ready_pp0_iter56_reg  |    1|   0|    1|          0|
    |ap_loop_exit_ready_pp0_iter57_reg  |    1|   0|    1|          0|
    |ap_loop_exit_ready_pp0_iter58_reg  |    1|   0|    1|          0|
    |ap_loop_exit_ready_pp0_iter59_reg  |    1|   0|    1|          0|
    |ap_loop_exit_ready_pp0_iter5_reg   |    1|   0|    1|          0|
    |ap_loop_exit_ready_pp0_iter60_reg  |    1|   0|    1|          0|
    |ap_loop_exit_ready_pp0_iter61_reg  |    1|   0|    1|          0|
    |ap_loop_exit_ready_pp0_iter62_reg  |    1|   0|    1|          0|
    |ap_loop_exit_ready_pp0_iter63_reg  |    1|   0|    1|          0|
    |ap_loop_exit_ready_pp0_iter64_reg  |    1|   0|    1|          0|
    |ap_loop_exit_ready_pp0_iter65_reg  |    1|   0|    1|          0|
    |ap_loop_exit_ready_pp0_iter66_reg  |    1|   0|    1|          0|
    |ap_loop_exit_ready_pp0_iter67_reg  |    1|   0|    1|          0|
    |ap_loop_exit_ready_pp0_iter68_reg  |    1|   0|    1|          0|
    |ap_loop_exit_ready_pp0_iter69_reg  |    1|   0|    1|          0|
    |ap_loop_exit_ready_pp0_iter6_reg   |    1|   0|    1|          0|
    |ap_loop_exit_ready_pp0_iter70_reg  |    1|   0|    1|          0|
    |ap_loop_exit_ready_pp0_iter71_reg  |    1|   0|    1|          0|
    |ap_loop_exit_ready_pp0_iter72_reg  |    1|   0|    1|          0|
    |ap_loop_exit_ready_pp0_iter73_reg  |    1|   0|    1|          0|
    |ap_loop_exit_ready_pp0_iter74_reg  |    1|   0|    1|          0|
    |ap_loop_exit_ready_pp0_iter7_reg   |    1|   0|    1|          0|
    |ap_loop_exit_ready_pp0_iter8_reg   |    1|   0|    1|          0|
    |ap_loop_exit_ready_pp0_iter9_reg   |    1|   0|    1|          0|
    |bound4_cast_reg_596                |   60|   0|   62|          2|
    |bound_cast_reg_591                 |   37|   0|   38|          1|
    |first_iter_0_mid2_reg_625          |    1|   0|    1|          0|
    |first_iter_0_reg_181               |    1|   0|    1|          0|
    |gmem1_addr_read_reg_640            |  512|   0|  512|          0|
    |icmp_ln273_reg_601                 |    1|   0|    1|          0|
    |icmp_ln275_reg_605                 |    1|   0|    1|          0|
    |indvar_flatten13_fu_118            |   62|   0|   62|          0|
    |indvar_flatten35_fu_122            |   83|   0|   83|          0|
    |indvar_flatten_fu_110              |   38|   0|   38|          0|
    |k_fu_106                           |   32|   0|   32|          0|
    |m0_fu_114                          |   24|   0|   24|          0|
    |m1m_fu_102                         |    6|   0|    6|          0|
    |or_ln275_reg_615                   |    1|   0|    1|          0|
    |p_cast_reg_586                     |   28|   0|   32|          4|
    |select_ln273_1_reg_610             |    1|   0|    1|          0|
    |trunc_ln5_reg_629                  |   58|   0|   58|          0|
    |first_iter_0_mid2_reg_625          |   64|  32|    1|          0|
    |icmp_ln273_reg_601                 |   64|  32|    1|          0|
    +-----------------------------------+-----+----+-----+-----------+
    |Total                              | 1225|  64| 1106|          7|
    +-----------------------------------+-----+----+-----+-----------+



================================================================
== Interface
================================================================
* Summary: 
+------------------------+-----+-----+------------+-----------------------------------------------------------------------------+--------------+
|        RTL Ports       | Dir | Bits|  Protocol  |                                Source Object                                |    C Type    |
+------------------------+-----+-----+------------+-----------------------------------------------------------------------------+--------------+
|ap_clk                  |   in|    1|  ap_ctrl_hs|  ReadB_Pipeline_ReadB_OuterTile_N_ReadB_OuterTile_M_ReadB_K_ReadB_BufferB_M1|  return value|
|ap_rst                  |   in|    1|  ap_ctrl_hs|  ReadB_Pipeline_ReadB_OuterTile_N_ReadB_OuterTile_M_ReadB_K_ReadB_BufferB_M1|  return value|
|ap_start                |   in|    1|  ap_ctrl_hs|  ReadB_Pipeline_ReadB_OuterTile_N_ReadB_OuterTile_M_ReadB_K_ReadB_BufferB_M1|  return value|
|ap_done                 |  out|    1|  ap_ctrl_hs|  ReadB_Pipeline_ReadB_OuterTile_N_ReadB_OuterTile_M_ReadB_K_ReadB_BufferB_M1|  return value|
|ap_idle                 |  out|    1|  ap_ctrl_hs|  ReadB_Pipeline_ReadB_OuterTile_N_ReadB_OuterTile_M_ReadB_K_ReadB_BufferB_M1|  return value|
|ap_ready                |  out|    1|  ap_ctrl_hs|  ReadB_Pipeline_ReadB_OuterTile_N_ReadB_OuterTile_M_ReadB_K_ReadB_BufferB_M1|  return value|
|m_axi_gmem1_AWVALID     |  out|    1|       m_axi|                                                                        gmem1|       pointer|
|m_axi_gmem1_AWREADY     |   in|    1|       m_axi|                                                                        gmem1|       pointer|
|m_axi_gmem1_AWADDR      |  out|   64|       m_axi|                                                                        gmem1|       pointer|
|m_axi_gmem1_AWID        |  out|    1|       m_axi|                                                                        gmem1|       pointer|
|m_axi_gmem1_AWLEN       |  out|   32|       m_axi|                                                                        gmem1|       pointer|
|m_axi_gmem1_AWSIZE      |  out|    3|       m_axi|                                                                        gmem1|       pointer|
|m_axi_gmem1_AWBURST     |  out|    2|       m_axi|                                                                        gmem1|       pointer|
|m_axi_gmem1_AWLOCK      |  out|    2|       m_axi|                                                                        gmem1|       pointer|
|m_axi_gmem1_AWCACHE     |  out|    4|       m_axi|                                                                        gmem1|       pointer|
|m_axi_gmem1_AWPROT      |  out|    3|       m_axi|                                                                        gmem1|       pointer|
|m_axi_gmem1_AWQOS       |  out|    4|       m_axi|                                                                        gmem1|       pointer|
|m_axi_gmem1_AWREGION    |  out|    4|       m_axi|                                                                        gmem1|       pointer|
|m_axi_gmem1_AWUSER      |  out|    1|       m_axi|                                                                        gmem1|       pointer|
|m_axi_gmem1_WVALID      |  out|    1|       m_axi|                                                                        gmem1|       pointer|
|m_axi_gmem1_WREADY      |   in|    1|       m_axi|                                                                        gmem1|       pointer|
|m_axi_gmem1_WDATA       |  out|  512|       m_axi|                                                                        gmem1|       pointer|
|m_axi_gmem1_WSTRB       |  out|   64|       m_axi|                                                                        gmem1|       pointer|
|m_axi_gmem1_WLAST       |  out|    1|       m_axi|                                                                        gmem1|       pointer|
|m_axi_gmem1_WID         |  out|    1|       m_axi|                                                                        gmem1|       pointer|
|m_axi_gmem1_WUSER       |  out|    1|       m_axi|                                                                        gmem1|       pointer|
|m_axi_gmem1_ARVALID     |  out|    1|       m_axi|                                                                        gmem1|       pointer|
|m_axi_gmem1_ARREADY     |   in|    1|       m_axi|                                                                        gmem1|       pointer|
|m_axi_gmem1_ARADDR      |  out|   64|       m_axi|                                                                        gmem1|       pointer|
|m_axi_gmem1_ARID        |  out|    1|       m_axi|                                                                        gmem1|       pointer|
|m_axi_gmem1_ARLEN       |  out|   32|       m_axi|                                                                        gmem1|       pointer|
|m_axi_gmem1_ARSIZE      |  out|    3|       m_axi|                                                                        gmem1|       pointer|
|m_axi_gmem1_ARBURST     |  out|    2|       m_axi|                                                                        gmem1|       pointer|
|m_axi_gmem1_ARLOCK      |  out|    2|       m_axi|                                                                        gmem1|       pointer|
|m_axi_gmem1_ARCACHE     |  out|    4|       m_axi|                                                                        gmem1|       pointer|
|m_axi_gmem1_ARPROT      |  out|    3|       m_axi|                                                                        gmem1|       pointer|
|m_axi_gmem1_ARQOS       |  out|    4|       m_axi|                                                                        gmem1|       pointer|
|m_axi_gmem1_ARREGION    |  out|    4|       m_axi|                                                                        gmem1|       pointer|
|m_axi_gmem1_ARUSER      |  out|    1|       m_axi|                                                                        gmem1|       pointer|
|m_axi_gmem1_RVALID      |   in|    1|       m_axi|                                                                        gmem1|       pointer|
|m_axi_gmem1_RREADY      |  out|    1|       m_axi|                                                                        gmem1|       pointer|
|m_axi_gmem1_RDATA       |   in|  512|       m_axi|                                                                        gmem1|       pointer|
|m_axi_gmem1_RLAST       |   in|    1|       m_axi|                                                                        gmem1|       pointer|
|m_axi_gmem1_RID         |   in|    1|       m_axi|                                                                        gmem1|       pointer|
|m_axi_gmem1_RFIFONUM    |   in|    9|       m_axi|                                                                        gmem1|       pointer|
|m_axi_gmem1_RUSER       |   in|    1|       m_axi|                                                                        gmem1|       pointer|
|m_axi_gmem1_RRESP       |   in|    2|       m_axi|                                                                        gmem1|       pointer|
|m_axi_gmem1_BVALID      |   in|    1|       m_axi|                                                                        gmem1|       pointer|
|m_axi_gmem1_BREADY      |  out|    1|       m_axi|                                                                        gmem1|       pointer|
|m_axi_gmem1_BRESP       |   in|    2|       m_axi|                                                                        gmem1|       pointer|
|m_axi_gmem1_BID         |   in|    1|       m_axi|                                                                        gmem1|       pointer|
|m_axi_gmem1_BUSER       |   in|    1|       m_axi|                                                                        gmem1|       pointer|
|bMemory_din             |  out|  512|     ap_fifo|                                                                      bMemory|       pointer|
|bMemory_num_data_valid  |   in|    7|     ap_fifo|                                                                      bMemory|       pointer|
|bMemory_fifo_cap        |   in|    7|     ap_fifo|                                                                      bMemory|       pointer|
|bMemory_full_n          |   in|    1|     ap_fifo|                                                                      bMemory|       pointer|
|bMemory_write           |  out|    1|     ap_fifo|                                                                      bMemory|       pointer|
|bound18                 |   in|   83|     ap_none|                                                                      bound18|        scalar|
|bound4                  |   in|   60|     ap_none|                                                                       bound4|        scalar|
|size_k                  |   in|   32|     ap_none|                                                                       size_k|        scalar|
|bound                   |   in|   37|     ap_none|                                                                        bound|        scalar|
|empty                   |   in|   28|     ap_none|                                                                        empty|        scalar|
|memory                  |   in|   64|     ap_none|                                                                       memory|        scalar|
+------------------------+-----+-----+------------+-----------------------------------------------------------------------------+--------------+

