

================================================================
== Vitis HLS Report for 'TransposeA'
================================================================
* Date:           Mon Nov 11 16:40:31 2024

* Version:        2024.1 (Build 5069499 on May 21 2024)
* Project:        MatrixMultiplication
* Solution:       xcu250-figd2104-2L-e (Vitis Kernel Flow Target)
* Product family: virtexuplus
* Target device:  xcu250-figd2104-2L-e


================================================================
== Performance Estimates
================================================================
+ Timing: 
    * Summary: 
    +--------+----------+----------+------------+
    |  Clock |  Target  | Estimated| Uncertainty|
    +--------+----------+----------+------------+
    |ap_clk  |  10.00 ns|  5.734 ns|     2.70 ns|
    +--------+----------+----------+------------+

+ Latency: 
    * Summary: 
    +---------+---------+----------+----------+-----+-----+---------+
    |  Latency (cycles) |  Latency (absolute) |  Interval | Pipeline|
    |   min   |   max   |    min   |    max   | min | max |   Type  |
    +---------+---------+----------+----------+-----+-----+---------+
    |        ?|        ?|         ?|         ?|    ?|    ?|       no|
    +---------+---------+----------+----------+-----+-----+---------+

    + Detail: 
        * Instance: 
        +-----------------------------------------------------------------------------------------+-------------------------------------------------------------------------------+---------+---------+----------+----------+-----+-----+-----------------------------------------------+
        |                                                                                         |                                                                               |  Latency (cycles) |  Latency (absolute) |  Interval |                    Pipeline                   |
        |                                         Instance                                        |                                     Module                                    |   min   |   max   |    min   |    max   | min | max |                      Type                     |
        +-----------------------------------------------------------------------------------------+-------------------------------------------------------------------------------+---------+---------+----------+----------+-----+-----+-----------------------------------------------+
        |grp_TransposeA_Pipeline_TransposeA_N0_TransposeA_M0_TransposeA_K_VITIS_LOOP_153_1_fu_96  |TransposeA_Pipeline_TransposeA_N0_TransposeA_M0_TransposeA_K_VITIS_LOOP_153_1  |        ?|        ?|         ?|         ?|    0|    0|  loop auto-rewind stp(delay=0 clock cycles(s))|
        +-----------------------------------------------------------------------------------------+-------------------------------------------------------------------------------+---------+---------+----------+----------+-----+-----+-----------------------------------------------+

        * Loop: 
        N/A



================================================================
== Utilization Estimates
================================================================
* Summary: 
+---------------------+---------+-------+---------+---------+------+
|         Name        | BRAM_18K|  DSP  |    FF   |   LUT   | URAM |
+---------------------+---------+-------+---------+---------+------+
|DSP                  |        -|      -|        -|        -|     -|
|Expression           |        -|      -|        0|       82|     -|
|FIFO                 |        -|      -|        -|        -|     -|
|Instance             |        -|      7|      351|     1181|     -|
|Memory               |        -|      -|        -|        -|     -|
|Multiplexer          |        -|      -|        0|      209|     -|
|Register             |        -|      -|      244|        -|     -|
+---------------------+---------+-------+---------+---------+------+
|Total                |        0|      7|      595|     1472|     0|
+---------------------+---------+-------+---------+---------+------+
|Available SLR        |     1344|   3072|   864000|   432000|   320|
+---------------------+---------+-------+---------+---------+------+
|Utilization SLR (%)  |        0|     ~0|       ~0|       ~0|     0|
+---------------------+---------+-------+---------+---------+------+
|Available            |     5376|  12288|  3456000|  1728000|  1280|
+---------------------+---------+-------+---------+---------+------+
|Utilization (%)      |        0|     ~0|       ~0|       ~0|     0|
+---------------------+---------+-------+---------+---------+------+

+ Detail: 
    * Instance: 
    +-----------------------------------------------------------------------------------------+-------------------------------------------------------------------------------+---------+----+-----+------+-----+
    |                                         Instance                                        |                                     Module                                    | BRAM_18K| DSP|  FF |  LUT | URAM|
    +-----------------------------------------------------------------------------------------+-------------------------------------------------------------------------------+---------+----+-----+------+-----+
    |grp_TransposeA_Pipeline_TransposeA_N0_TransposeA_M0_TransposeA_K_VITIS_LOOP_153_1_fu_96  |TransposeA_Pipeline_TransposeA_N0_TransposeA_M0_TransposeA_K_VITIS_LOOP_153_1  |        0|   0|  351|  1111|    0|
    |mul_24ns_41ns_64_1_1_U77                                                                 |mul_24ns_41ns_64_1_1                                                           |        0|   3|    0|    25|    0|
    |mul_24ns_64ns_87_1_1_U78                                                                 |mul_24ns_64ns_87_1_1                                                           |        0|   4|    0|    45|    0|
    +-----------------------------------------------------------------------------------------+-------------------------------------------------------------------------------+---------+----+-----+------+-----+
    |Total                                                                                    |                                                                               |        0|   7|  351|  1181|    0|
    +-----------------------------------------------------------------------------------------+-------------------------------------------------------------------------------+---------+----+-----+------+-----+

    * DSP: 
    N/A

    * Memory: 
    N/A

    * FIFO: 
    N/A

    * Expression: 
    +---------------------+----------+----+---+----+------------+------------+
    |    Variable Name    | Operation| DSP| FF| LUT| Bitwidth P0| Bitwidth P1|
    +---------------------+----------+----+---+----+------------+------------+
    |add_ln111_fu_151_p2  |         +|   0|  0|  40|          33|           9|
    |add_ln116_fu_171_p2  |         +|   0|  0|  40|          33|           9|
    |ap_block_state1      |        or|   0|  0|   2|           1|           1|
    +---------------------+----------+----+---+----+------------+------------+
    |Total                |          |   0|  0|  82|          67|          19|
    +---------------------+----------+----+---+----+------------+------------+

    * Multiplexer: 
    +----------------+----+-----------+-----+-----------+
    |      Name      | LUT| Input Size| Bits| Total Bits|
    +----------------+----+-----------+-----+-----------+
    |aPipes_0_write  |   9|          2|    1|          2|
    |aSplit_0_read   |   9|          2|    1|          2|
    |aSplit_10_read  |   9|          2|    1|          2|
    |aSplit_11_read  |   9|          2|    1|          2|
    |aSplit_12_read  |   9|          2|    1|          2|
    |aSplit_13_read  |   9|          2|    1|          2|
    |aSplit_14_read  |   9|          2|    1|          2|
    |aSplit_15_read  |   9|          2|    1|          2|
    |aSplit_1_read   |   9|          2|    1|          2|
    |aSplit_2_read   |   9|          2|    1|          2|
    |aSplit_3_read   |   9|          2|    1|          2|
    |aSplit_4_read   |   9|          2|    1|          2|
    |aSplit_5_read   |   9|          2|    1|          2|
    |aSplit_6_read   |   9|          2|    1|          2|
    |aSplit_7_read   |   9|          2|    1|          2|
    |aSplit_8_read   |   9|          2|    1|          2|
    |aSplit_9_read   |   9|          2|    1|          2|
    |ap_NS_fsm       |  20|          4|    1|          4|
    |ap_done         |   9|          2|    1|          2|
    |size_k_blk_n    |   9|          2|    1|          2|
    |size_m_blk_n    |   9|          2|    1|          2|
    |size_n_blk_n    |   9|          2|    1|          2|
    +----------------+----+-----------+-----+-----------+
    |Total           | 209|         46|   22|         46|
    +----------------+----+-----------+-----+-----------+

    * Register: 
    +------------------------------------------------------------------------------------------------------+----+----+-----+-----------+
    |                                                 Name                                                 | FF | LUT| Bits| Const Bits|
    +------------------------------------------------------------------------------------------------------+----+----+-----+-----------+
    |ap_CS_fsm                                                                                             |   3|   0|    3|          0|
    |ap_done_reg                                                                                           |   1|   0|    1|          0|
    |bound16_reg_234                                                                                       |  87|   0|   87|          0|
    |bound4_reg_228                                                                                        |  64|   0|   64|          0|
    |grp_TransposeA_Pipeline_TransposeA_N0_TransposeA_M0_TransposeA_K_VITIS_LOOP_153_1_fu_96_ap_start_reg  |   1|   0|    1|          0|
    |size_k_1_reg_213                                                                                      |  32|   0|   32|          0|
    |tmp_reg_223                                                                                           |  32|   0|   41|          9|
    |trunc_ln_reg_218                                                                                      |  24|   0|   24|          0|
    +------------------------------------------------------------------------------------------------------+----+----+-----+-----------+
    |Total                                                                                                 | 244|   0|  253|          9|
    +------------------------------------------------------------------------------------------------------+----+----+-----+-----------+



================================================================
== Interface
================================================================
* Summary: 
+--------------------------+-----+-----+------------+--------------+--------------+
|         RTL Ports        | Dir | Bits|  Protocol  | Source Object|    C Type    |
+--------------------------+-----+-----+------------+--------------+--------------+
|ap_clk                    |   in|    1|  ap_ctrl_hs|    TransposeA|  return value|
|ap_rst                    |   in|    1|  ap_ctrl_hs|    TransposeA|  return value|
|ap_start                  |   in|    1|  ap_ctrl_hs|    TransposeA|  return value|
|ap_done                   |  out|    1|  ap_ctrl_hs|    TransposeA|  return value|
|ap_continue               |   in|    1|  ap_ctrl_hs|    TransposeA|  return value|
|ap_idle                   |  out|    1|  ap_ctrl_hs|    TransposeA|  return value|
|ap_ready                  |  out|    1|  ap_ctrl_hs|    TransposeA|  return value|
|aSplit_0_dout             |   in|   32|     ap_fifo|      aSplit_0|       pointer|
|aSplit_0_num_data_valid   |   in|   11|     ap_fifo|      aSplit_0|       pointer|
|aSplit_0_fifo_cap         |   in|   11|     ap_fifo|      aSplit_0|       pointer|
|aSplit_0_empty_n          |   in|    1|     ap_fifo|      aSplit_0|       pointer|
|aSplit_0_read             |  out|    1|     ap_fifo|      aSplit_0|       pointer|
|aSplit_1_dout             |   in|   32|     ap_fifo|      aSplit_1|       pointer|
|aSplit_1_num_data_valid   |   in|   11|     ap_fifo|      aSplit_1|       pointer|
|aSplit_1_fifo_cap         |   in|   11|     ap_fifo|      aSplit_1|       pointer|
|aSplit_1_empty_n          |   in|    1|     ap_fifo|      aSplit_1|       pointer|
|aSplit_1_read             |  out|    1|     ap_fifo|      aSplit_1|       pointer|
|aSplit_2_dout             |   in|   32|     ap_fifo|      aSplit_2|       pointer|
|aSplit_2_num_data_valid   |   in|   11|     ap_fifo|      aSplit_2|       pointer|
|aSplit_2_fifo_cap         |   in|   11|     ap_fifo|      aSplit_2|       pointer|
|aSplit_2_empty_n          |   in|    1|     ap_fifo|      aSplit_2|       pointer|
|aSplit_2_read             |  out|    1|     ap_fifo|      aSplit_2|       pointer|
|aSplit_3_dout             |   in|   32|     ap_fifo|      aSplit_3|       pointer|
|aSplit_3_num_data_valid   |   in|   11|     ap_fifo|      aSplit_3|       pointer|
|aSplit_3_fifo_cap         |   in|   11|     ap_fifo|      aSplit_3|       pointer|
|aSplit_3_empty_n          |   in|    1|     ap_fifo|      aSplit_3|       pointer|
|aSplit_3_read             |  out|    1|     ap_fifo|      aSplit_3|       pointer|
|aSplit_4_dout             |   in|   32|     ap_fifo|      aSplit_4|       pointer|
|aSplit_4_num_data_valid   |   in|   11|     ap_fifo|      aSplit_4|       pointer|
|aSplit_4_fifo_cap         |   in|   11|     ap_fifo|      aSplit_4|       pointer|
|aSplit_4_empty_n          |   in|    1|     ap_fifo|      aSplit_4|       pointer|
|aSplit_4_read             |  out|    1|     ap_fifo|      aSplit_4|       pointer|
|aSplit_5_dout             |   in|   32|     ap_fifo|      aSplit_5|       pointer|
|aSplit_5_num_data_valid   |   in|   11|     ap_fifo|      aSplit_5|       pointer|
|aSplit_5_fifo_cap         |   in|   11|     ap_fifo|      aSplit_5|       pointer|
|aSplit_5_empty_n          |   in|    1|     ap_fifo|      aSplit_5|       pointer|
|aSplit_5_read             |  out|    1|     ap_fifo|      aSplit_5|       pointer|
|aSplit_6_dout             |   in|   32|     ap_fifo|      aSplit_6|       pointer|
|aSplit_6_num_data_valid   |   in|   11|     ap_fifo|      aSplit_6|       pointer|
|aSplit_6_fifo_cap         |   in|   11|     ap_fifo|      aSplit_6|       pointer|
|aSplit_6_empty_n          |   in|    1|     ap_fifo|      aSplit_6|       pointer|
|aSplit_6_read             |  out|    1|     ap_fifo|      aSplit_6|       pointer|
|aSplit_7_dout             |   in|   32|     ap_fifo|      aSplit_7|       pointer|
|aSplit_7_num_data_valid   |   in|   11|     ap_fifo|      aSplit_7|       pointer|
|aSplit_7_fifo_cap         |   in|   11|     ap_fifo|      aSplit_7|       pointer|
|aSplit_7_empty_n          |   in|    1|     ap_fifo|      aSplit_7|       pointer|
|aSplit_7_read             |  out|    1|     ap_fifo|      aSplit_7|       pointer|
|aSplit_8_dout             |   in|   32|     ap_fifo|      aSplit_8|       pointer|
|aSplit_8_num_data_valid   |   in|   11|     ap_fifo|      aSplit_8|       pointer|
|aSplit_8_fifo_cap         |   in|   11|     ap_fifo|      aSplit_8|       pointer|
|aSplit_8_empty_n          |   in|    1|     ap_fifo|      aSplit_8|       pointer|
|aSplit_8_read             |  out|    1|     ap_fifo|      aSplit_8|       pointer|
|aSplit_9_dout             |   in|   32|     ap_fifo|      aSplit_9|       pointer|
|aSplit_9_num_data_valid   |   in|   11|     ap_fifo|      aSplit_9|       pointer|
|aSplit_9_fifo_cap         |   in|   11|     ap_fifo|      aSplit_9|       pointer|
|aSplit_9_empty_n          |   in|    1|     ap_fifo|      aSplit_9|       pointer|
|aSplit_9_read             |  out|    1|     ap_fifo|      aSplit_9|       pointer|
|aSplit_10_dout            |   in|   32|     ap_fifo|     aSplit_10|       pointer|
|aSplit_10_num_data_valid  |   in|   11|     ap_fifo|     aSplit_10|       pointer|
|aSplit_10_fifo_cap        |   in|   11|     ap_fifo|     aSplit_10|       pointer|
|aSplit_10_empty_n         |   in|    1|     ap_fifo|     aSplit_10|       pointer|
|aSplit_10_read            |  out|    1|     ap_fifo|     aSplit_10|       pointer|
|aSplit_11_dout            |   in|   32|     ap_fifo|     aSplit_11|       pointer|
|aSplit_11_num_data_valid  |   in|   11|     ap_fifo|     aSplit_11|       pointer|
|aSplit_11_fifo_cap        |   in|   11|     ap_fifo|     aSplit_11|       pointer|
|aSplit_11_empty_n         |   in|    1|     ap_fifo|     aSplit_11|       pointer|
|aSplit_11_read            |  out|    1|     ap_fifo|     aSplit_11|       pointer|
|aSplit_12_dout            |   in|   32|     ap_fifo|     aSplit_12|       pointer|
|aSplit_12_num_data_valid  |   in|   11|     ap_fifo|     aSplit_12|       pointer|
|aSplit_12_fifo_cap        |   in|   11|     ap_fifo|     aSplit_12|       pointer|
|aSplit_12_empty_n         |   in|    1|     ap_fifo|     aSplit_12|       pointer|
|aSplit_12_read            |  out|    1|     ap_fifo|     aSplit_12|       pointer|
|aSplit_13_dout            |   in|   32|     ap_fifo|     aSplit_13|       pointer|
|aSplit_13_num_data_valid  |   in|   11|     ap_fifo|     aSplit_13|       pointer|
|aSplit_13_fifo_cap        |   in|   11|     ap_fifo|     aSplit_13|       pointer|
|aSplit_13_empty_n         |   in|    1|     ap_fifo|     aSplit_13|       pointer|
|aSplit_13_read            |  out|    1|     ap_fifo|     aSplit_13|       pointer|
|aSplit_14_dout            |   in|   32|     ap_fifo|     aSplit_14|       pointer|
|aSplit_14_num_data_valid  |   in|   11|     ap_fifo|     aSplit_14|       pointer|
|aSplit_14_fifo_cap        |   in|   11|     ap_fifo|     aSplit_14|       pointer|
|aSplit_14_empty_n         |   in|    1|     ap_fifo|     aSplit_14|       pointer|
|aSplit_14_read            |  out|    1|     ap_fifo|     aSplit_14|       pointer|
|aSplit_15_dout            |   in|   32|     ap_fifo|     aSplit_15|       pointer|
|aSplit_15_num_data_valid  |   in|   11|     ap_fifo|     aSplit_15|       pointer|
|aSplit_15_fifo_cap        |   in|   11|     ap_fifo|     aSplit_15|       pointer|
|aSplit_15_empty_n         |   in|    1|     ap_fifo|     aSplit_15|       pointer|
|aSplit_15_read            |  out|    1|     ap_fifo|     aSplit_15|       pointer|
|aPipes_0_din              |  out|   32|     ap_fifo|      aPipes_0|       pointer|
|aPipes_0_num_data_valid   |   in|    3|     ap_fifo|      aPipes_0|       pointer|
|aPipes_0_fifo_cap         |   in|    3|     ap_fifo|      aPipes_0|       pointer|
|aPipes_0_full_n           |   in|    1|     ap_fifo|      aPipes_0|       pointer|
|aPipes_0_write            |  out|    1|     ap_fifo|      aPipes_0|       pointer|
|size_n_dout               |   in|   32|     ap_fifo|        size_n|       pointer|
|size_n_num_data_valid     |   in|    3|     ap_fifo|        size_n|       pointer|
|size_n_fifo_cap           |   in|    3|     ap_fifo|        size_n|       pointer|
|size_n_empty_n            |   in|    1|     ap_fifo|        size_n|       pointer|
|size_n_read               |  out|    1|     ap_fifo|        size_n|       pointer|
|size_k_dout               |   in|   32|     ap_fifo|        size_k|       pointer|
|size_k_num_data_valid     |   in|    3|     ap_fifo|        size_k|       pointer|
|size_k_fifo_cap           |   in|    3|     ap_fifo|        size_k|       pointer|
|size_k_empty_n            |   in|    1|     ap_fifo|        size_k|       pointer|
|size_k_read               |  out|    1|     ap_fifo|        size_k|       pointer|
|size_m_dout               |   in|   32|     ap_fifo|        size_m|       pointer|
|size_m_num_data_valid     |   in|    3|     ap_fifo|        size_m|       pointer|
|size_m_fifo_cap           |   in|    3|     ap_fifo|        size_m|       pointer|
|size_m_empty_n            |   in|    1|     ap_fifo|        size_m|       pointer|
|size_m_read               |  out|    1|     ap_fifo|        size_m|       pointer|
+--------------------------+-----+-----+------------+--------------+--------------+

